ARM GAS  /tmp/ccR5VwDU.s 			page 1


   1              		.syntax unified
   2              		.cpu cortex-m4
   3              		.fpu softvfp
   4              		.eabi_attribute 20, 1
   5              		.eabi_attribute 21, 1
   6              		.eabi_attribute 23, 3
   7              		.eabi_attribute 24, 1
   8              		.eabi_attribute 25, 1
   9              		.eabi_attribute 26, 1
  10              		.eabi_attribute 30, 2
  11              		.eabi_attribute 34, 1
  12              		.eabi_attribute 18, 4
  13              		.thumb
  14              		.file	"chheap.c"
  15              		.text
  16              	.Ltext0:
  17              		.cfi_sections	.debug_frame
  18              		.section	.text._heap_init,"ax",%progbits
  19              		.align	2
  20              		.p2align 4,,15
  21              		.global	_heap_init
  22              		.thumb
  23              		.thumb_func
  24              		.type	_heap_init, %function
  25              	_heap_init:
  26              	.LFB7:
  27              		.file 1 "../../os/kernel/src/chheap.c"
  28              		.loc 1 68 0
  29              		.cfi_startproc
  30              		@ args = 0, pretend = 0, frame = 0
  31              		@ frame_needed = 0, uses_anonymous_args = 0
  32              		@ link register save eliminated.
  33              		.loc 1 69 0
  34 0000 044B     		ldr	r3, .L2
  35 0002 054A     		ldr	r2, .L2+4
  36 0004 1A60     		str	r2, [r3]
  37              		.loc 1 73 0
  38 0006 03F11000 		add	r0, r3, #16
  39              		.loc 1 70 0
  40 000a 0022     		movs	r2, #0
  41 000c 9A60     		str	r2, [r3, #8]
  42              		.loc 1 71 0
  43 000e DA60     		str	r2, [r3, #12]
  44              		.loc 1 73 0
  45 0010 FFF7FEBF 		b	chMtxInit
  46              	.LVL0:
  47              	.L3:
  48              		.align	2
  49              	.L2:
  50 0014 00000000 		.word	.LANCHOR0
  51 0018 00000000 		.word	chCoreAlloc
  52              		.cfi_endproc
  53              	.LFE7:
  54              		.size	_heap_init, .-_heap_init
  55 001c AFF30080 		.section	.text.chHeapInit,"ax",%progbits
  56              		.align	2
  57              		.p2align 4,,15
ARM GAS  /tmp/ccR5VwDU.s 			page 2


  58              		.global	chHeapInit
  59              		.thumb
  60              		.thumb_func
  61              		.type	chHeapInit, %function
  62              	chHeapInit:
  63              	.LFB8:
  64              		.loc 1 92 0
  65              		.cfi_startproc
  66              		@ args = 0, pretend = 0, frame = 0
  67              		@ frame_needed = 0, uses_anonymous_args = 0
  68              		@ link register save eliminated.
  69              	.LVL1:
  70              		.loc 1 97 0
  71 0000 0023     		movs	r3, #0
  72              		.loc 1 101 0
  73 0002 083A     		subs	r2, r2, #8
  74              	.LVL2:
  75              		.loc 1 98 0
  76 0004 8160     		str	r1, [r0, #8]
  77              		.loc 1 97 0
  78 0006 0360     		str	r3, [r0]
  79              	.LVL3:
  80              		.loc 1 99 0
  81 0008 C360     		str	r3, [r0, #12]
  82              		.loc 1 103 0
  83 000a 1030     		adds	r0, r0, #16
  84              	.LVL4:
  85              		.loc 1 101 0
  86 000c 4A60     		str	r2, [r1, #4]
  87              		.loc 1 100 0
  88 000e 0B60     		str	r3, [r1]
  89              		.loc 1 103 0
  90 0010 FFF7FEBF 		b	chMtxInit
  91              	.LVL5:
  92              		.cfi_endproc
  93              	.LFE8:
  94              		.size	chHeapInit, .-chHeapInit
  95 0014 AFF30080 		.section	.text.chHeapAlloc,"ax",%progbits
  95      AFF30080 
  95      AFF30080 
  96              		.align	2
  97              		.p2align 4,,15
  98              		.global	chHeapAlloc
  99              		.thumb
 100              		.thumb_func
 101              		.type	chHeapAlloc, %function
 102              	chHeapAlloc:
 103              	.LFB9:
 104              		.loc 1 125 0
 105              		.cfi_startproc
 106              		@ args = 0, pretend = 0, frame = 0
 107              		@ frame_needed = 0, uses_anonymous_args = 0
 108              	.LVL6:
 109 0000 F8B5     		push	{r3, r4, r5, r6, r7, lr}
 110              		.cfi_def_cfa_offset 24
 111              		.cfi_offset 3, -24
 112              		.cfi_offset 4, -20
ARM GAS  /tmp/ccR5VwDU.s 			page 3


 113              		.cfi_offset 5, -16
 114              		.cfi_offset 6, -12
 115              		.cfi_offset 7, -8
 116              		.cfi_offset 14, -4
 117              		.loc 1 129 0
 118 0002 1E4E     		ldr	r6, .L21
 119 0004 0028     		cmp	r0, #0
 120 0006 18BF     		it	ne
 121 0008 0646     		movne	r6, r0
 122              	.LVL7:
 123              		.loc 1 131 0
 124 000a 0731     		adds	r1, r1, #7
 125              	.LVL8:
 126              		.loc 1 133 0
 127 000c 06F11000 		add	r0, r6, #16
 128              		.loc 1 131 0
 129 0010 21F00705 		bic	r5, r1, #7
 130              	.LVL9:
 131              		.loc 1 132 0
 132 0014 06F10804 		add	r4, r6, #8
 133              	.LVL10:
 134              		.loc 1 133 0
 135 0018 FFF7FEFF 		bl	chMtxLock
 136              	.LVL11:
 137              		.loc 1 135 0
 138 001c 03E0     		b	.L7
 139              	.LVL12:
 140              	.L12:
 141              		.loc 1 137 0
 142 001e 5A68     		ldr	r2, [r3, #4]
 143 0020 9542     		cmp	r5, r2
 144 0022 11D9     		bls	.L20
 145 0024 1C46     		mov	r4, r3
 146              	.LVL13:
 147              	.L7:
 148              		.loc 1 135 0 discriminator 1
 149 0026 2368     		ldr	r3, [r4]
 150              	.LVL14:
 151 0028 002B     		cmp	r3, #0
 152 002a F8D1     		bne	.L12
 153              		.loc 1 160 0
 154 002c FFF7FEFF 		bl	chMtxUnlock
 155              	.LVL15:
 156              		.loc 1 164 0
 157 0030 3368     		ldr	r3, [r6]
 158 0032 0BB3     		cbz	r3, .L14
 159              		.loc 1 165 0
 160 0034 05F10800 		add	r0, r5, #8
 161 0038 9847     		blx	r3
 162              	.LVL16:
 163              		.loc 1 166 0
 164 003a E8B1     		cbz	r0, .L14
 165              		.loc 1 167 0
 166 003c 0660     		str	r6, [r0]
 167              		.loc 1 168 0
 168 003e 4560     		str	r5, [r0, #4]
 169              	.LVL17:
ARM GAS  /tmp/ccR5VwDU.s 			page 4


 170              		.loc 1 170 0
 171 0040 00F10804 		add	r4, r0, #8
 172              	.LVL18:
 173              	.L11:
 174              		.loc 1 174 0
 175 0044 2046     		mov	r0, r4
 176 0046 F8BD     		pop	{r3, r4, r5, r6, r7, pc}
 177              	.LVL19:
 178              	.L20:
 179              		.loc 1 138 0
 180 0048 05F10801 		add	r1, r5, #8
 181 004c 9142     		cmp	r1, r2
 182 004e 08D9     		bls	.L9
 183              		.loc 1 142 0
 184 0050 1A68     		ldr	r2, [r3]
 185 0052 2260     		str	r2, [r4]
 186              	.L10:
 187              		.loc 1 152 0
 188 0054 1C46     		mov	r4, r3
 189              	.LVL20:
 190 0056 44F8086B 		str	r6, [r4], #8
 191              		.loc 1 154 0
 192 005a FFF7FEFF 		bl	chMtxUnlock
 193              	.LVL21:
 194              		.loc 1 174 0
 195 005e 2046     		mov	r0, r4
 196 0060 F8BD     		pop	{r3, r4, r5, r6, r7, pc}
 197              	.LVL22:
 198              	.L9:
 199              		.loc 1 148 0
 200 0062 6FF00700 		mvn	r0, #7
 201 0066 401B     		subs	r0, r0, r5
 202              		.loc 1 146 0
 203 0068 5F18     		adds	r7, r3, r1
 204              	.LVL23:
 205              		.loc 1 148 0
 206 006a 0244     		add	r2, r2, r0
 207              		.loc 1 147 0
 208 006c 1868     		ldr	r0, [r3]
 209 006e 5850     		str	r0, [r3, r1]
 210              		.loc 1 148 0
 211 0070 7A60     		str	r2, [r7, #4]
 212              		.loc 1 149 0
 213 0072 2760     		str	r7, [r4]
 214              		.loc 1 150 0
 215 0074 5D60     		str	r5, [r3, #4]
 216 0076 EDE7     		b	.L10
 217              	.LVL24:
 218              	.L14:
 219              		.loc 1 173 0
 220 0078 0024     		movs	r4, #0
 221              	.LVL25:
 222 007a E3E7     		b	.L11
 223              	.L22:
 224              		.align	2
 225              	.L21:
 226 007c 00000000 		.word	.LANCHOR0
ARM GAS  /tmp/ccR5VwDU.s 			page 5


 227              		.cfi_endproc
 228              	.LFE9:
 229              		.size	chHeapAlloc, .-chHeapAlloc
 230              		.section	.text.chHeapFree,"ax",%progbits
 231              		.align	2
 232              		.p2align 4,,15
 233              		.global	chHeapFree
 234              		.thumb
 235              		.thumb_func
 236              		.type	chHeapFree, %function
 237              	chHeapFree:
 238              	.LFB10:
 239              		.loc 1 187 0
 240              		.cfi_startproc
 241              		@ args = 0, pretend = 0, frame = 0
 242              		@ frame_needed = 0, uses_anonymous_args = 0
 243              	.LVL26:
 244 0000 70B5     		push	{r4, r5, r6, lr}
 245              		.cfi_def_cfa_offset 16
 246              		.cfi_offset 4, -16
 247              		.cfi_offset 5, -12
 248              		.cfi_offset 6, -8
 249              		.cfi_offset 14, -4
 250              		.loc 1 187 0
 251 0002 0646     		mov	r6, r0
 252              		.loc 1 193 0
 253 0004 A0F10804 		sub	r4, r0, #8
 254              	.LVL27:
 255              		.loc 1 194 0
 256 0008 50F8080C 		ldr	r0, [r0, #-8]
 257              	.LVL28:
 258              		.loc 1 195 0
 259 000c 00F10805 		add	r5, r0, #8
 260              	.LVL29:
 261              		.loc 1 196 0
 262 0010 1030     		adds	r0, r0, #16
 263              	.LVL30:
 264 0012 FFF7FEFF 		bl	chMtxLock
 265              	.LVL31:
 266              		.loc 1 195 0
 267 0016 2B46     		mov	r3, r5
 268              	.LVL32:
 269              	.L30:
 270              		.loc 1 203 0
 271 0018 AB42     		cmp	r3, r5
 272 001a 04D0     		beq	.L24
 273              	.L35:
 274              		.loc 1 203 0 is_stmt 0 discriminator 2
 275 001c A342     		cmp	r3, r4
 276 001e 02D3     		bcc	.L24
 277 0020 1B68     		ldr	r3, [r3]
 278              	.LVL33:
 279              		.loc 1 203 0
 280 0022 AB42     		cmp	r3, r5
 281 0024 FAD1     		bne	.L35
 282              	.L24:
 283              		.loc 1 204 0 is_stmt 1 discriminator 1
ARM GAS  /tmp/ccR5VwDU.s 			page 6


 284 0026 1A68     		ldr	r2, [r3]
 285              		.loc 1 203 0 discriminator 1
 286 0028 1AB1     		cbz	r2, .L26
 287              		.loc 1 204 0
 288 002a 9442     		cmp	r4, r2
 289 002c 01D3     		bcc	.L26
 290 002e 1346     		mov	r3, r2
 291              	.LVL34:
 292              		.loc 1 222 0
 293 0030 F2E7     		b	.L30
 294              	.LVL35:
 295              	.L26:
 296              		.loc 1 209 0
 297 0032 56F8041C 		ldr	r1, [r6, #-4]
 298              		.loc 1 206 0
 299 0036 46F8082C 		str	r2, [r6, #-8]
 300              		.loc 1 207 0
 301 003a 1C60     		str	r4, [r3]
 302              		.loc 1 209 0
 303 003c 01F10802 		add	r2, r1, #8
 304 0040 56F8085C 		ldr	r5, [r6, #-8]
 305              	.LVL36:
 306 0044 A018     		adds	r0, r4, r2
 307 0046 A842     		cmp	r0, r5
 308 0048 09D0     		beq	.L36
 309              		.loc 1 214 0
 310 004a 5A68     		ldr	r2, [r3, #4]
 311 004c 02F10801 		add	r1, r2, #8
 312 0050 1944     		add	r1, r1, r3
 313 0052 8C42     		cmp	r4, r1
 314 0054 11D0     		beq	.L37
 315              	.L29:
 316              		.loc 1 226 0
 317 0056 BDE87040 		pop	{r4, r5, r6, lr}
 318              	.LVL37:
 319              		.loc 1 224 0
 320 005a FFF7FEBF 		b	chMtxUnlock
 321              	.LVL38:
 322              	.L36:
 323              		.loc 1 211 0
 324 005e 4068     		ldr	r0, [r0, #4]
 325              		.loc 1 212 0
 326 0060 A258     		ldr	r2, [r4, r2]
 327 0062 46F8082C 		str	r2, [r6, #-8]
 328              		.loc 1 211 0
 329 0066 0A18     		adds	r2, r1, r0
 330 0068 0832     		adds	r2, r2, #8
 331 006a 46F8042C 		str	r2, [r6, #-4]
 332              		.loc 1 214 0
 333 006e 5A68     		ldr	r2, [r3, #4]
 334 0070 02F10801 		add	r1, r2, #8
 335 0074 1944     		add	r1, r1, r3
 336 0076 8C42     		cmp	r4, r1
 337 0078 EDD1     		bne	.L29
 338              	.L37:
 339              		.loc 1 216 0
 340 007a 56F8040C 		ldr	r0, [r6, #-4]
ARM GAS  /tmp/ccR5VwDU.s 			page 7


 341              		.loc 1 217 0
 342 007e 56F8081C 		ldr	r1, [r6, #-8]
 343 0082 1960     		str	r1, [r3]
 344              		.loc 1 216 0
 345 0084 0244     		add	r2, r2, r0
 346 0086 0832     		adds	r2, r2, #8
 347 0088 5A60     		str	r2, [r3, #4]
 348              		.loc 1 226 0
 349 008a BDE87040 		pop	{r4, r5, r6, lr}
 350              	.LVL39:
 351              		.loc 1 224 0
 352 008e FFF7FEBF 		b	chMtxUnlock
 353              	.LVL40:
 354              		.cfi_endproc
 355              	.LFE10:
 356              		.size	chHeapFree, .-chHeapFree
 357 0092 00BFAFF3 		.section	.text.chHeapStatus,"ax",%progbits
 357      0080AFF3 
 357      0080AFF3 
 357      0080
 358              		.align	2
 359              		.p2align 4,,15
 360              		.global	chHeapStatus
 361              		.thumb
 362              		.thumb_func
 363              		.type	chHeapStatus, %function
 364              	chHeapStatus:
 365              	.LFB11:
 366              		.loc 1 243 0
 367              		.cfi_startproc
 368              		@ args = 0, pretend = 0, frame = 0
 369              		@ frame_needed = 0, uses_anonymous_args = 0
 370              	.LVL41:
 371 0000 38B5     		push	{r3, r4, r5, lr}
 372              		.cfi_def_cfa_offset 16
 373              		.cfi_offset 3, -16
 374              		.cfi_offset 4, -12
 375              		.cfi_offset 5, -8
 376              		.cfi_offset 14, -4
 377              		.loc 1 248 0
 378 0002 0E4C     		ldr	r4, .L51
 379 0004 0028     		cmp	r0, #0
 380 0006 18BF     		it	ne
 381 0008 0446     		movne	r4, r0
 382              	.LVL42:
 383              		.loc 1 250 0
 384 000a 04F11000 		add	r0, r4, #16
 385              		.loc 1 243 0
 386 000e 0D46     		mov	r5, r1
 387              		.loc 1 250 0
 388 0010 FFF7FEFF 		bl	chMtxLock
 389              	.LVL43:
 390              		.loc 1 253 0
 391 0014 A368     		ldr	r3, [r4, #8]
 392 0016 6BB1     		cbz	r3, .L44
 393              		.loc 1 252 0
 394 0018 0022     		movs	r2, #0
ARM GAS  /tmp/ccR5VwDU.s 			page 8


 395              		.loc 1 253 0
 396 001a 1446     		mov	r4, r2
 397              	.LVL44:
 398              	.L41:
 399              		.loc 1 254 0 discriminator 2
 400 001c 5868     		ldr	r0, [r3, #4]
 401              		.loc 1 253 0 discriminator 2
 402 001e 1B68     		ldr	r3, [r3]
 403 0020 0134     		adds	r4, r4, #1
 404              	.LVL45:
 405              		.loc 1 254 0 discriminator 2
 406 0022 0244     		add	r2, r2, r0
 407              	.LVL46:
 408              		.loc 1 253 0 discriminator 2
 409 0024 002B     		cmp	r3, #0
 410 0026 F9D1     		bne	.L41
 411              	.LVL47:
 412              	.L40:
 413              		.loc 1 255 0
 414 0028 05B1     		cbz	r5, .L42
 415              		.loc 1 256 0
 416 002a 2A60     		str	r2, [r5]
 417              	.L42:
 418              		.loc 1 258 0
 419 002c FFF7FEFF 		bl	chMtxUnlock
 420              	.LVL48:
 421              		.loc 1 260 0
 422 0030 2046     		mov	r0, r4
 423 0032 38BD     		pop	{r3, r4, r5, pc}
 424              	.LVL49:
 425              	.L44:
 426              		.loc 1 252 0
 427 0034 1A46     		mov	r2, r3
 428              		.loc 1 253 0
 429 0036 1C46     		mov	r4, r3
 430              	.LVL50:
 431 0038 F6E7     		b	.L40
 432              	.L52:
 433 003a 00BF     		.align	2
 434              	.L51:
 435 003c 00000000 		.word	.LANCHOR0
 436              		.cfi_endproc
 437              	.LFE11:
 438              		.size	chHeapStatus, .-chHeapStatus
 439              		.section	.bss.default_heap,"aw",%nobits
 440              		.align	3
 441              		.set	.LANCHOR0,. + 0
 442              		.type	default_heap, %object
 443              		.size	default_heap, 32
 444              	default_heap:
 445 0000 00000000 		.space	32
 445      00000000 
 445      00000000 
 445      00000000 
 445      00000000 
 446              		.text
 447              	.Letext0:
ARM GAS  /tmp/ccR5VwDU.s 			page 9


 448              		.file 2 "/usr/lib/gcc/arm-none-eabi/4.8.3/include/stddef.h"
 449              		.file 3 "/usr/arm-none-eabi/include/stdint.h"
 450              		.file 4 "../../os/ports/GCC/ARMCMx/chtypes.h"
 451              		.file 5 "../../os/kernel/include/chlists.h"
 452              		.file 6 "../../os/kernel/include/chthreads.h"
 453              		.file 7 "../../os/ports/GCC/ARMCMx/chcore_v7m.h"
 454              		.file 8 "../../os/kernel/include/chmtx.h"
 455              		.file 9 "../../os/kernel/include/chmemcore.h"
 456              		.file 10 "../../os/kernel/include/chheap.h"
 457              		.section	.debug_info,"",%progbits
 458              	.Ldebug_info0:
 459 0000 CA060000 		.4byte	0x6ca
 460 0004 0400     		.2byte	0x4
 461 0006 00000000 		.4byte	.Ldebug_abbrev0
 462 000a 04       		.byte	0x4
 463 000b 01       		.uleb128 0x1
 464 000c 00020000 		.4byte	.LASF79
 465 0010 01       		.byte	0x1
 466 0011 C8000000 		.4byte	.LASF80
 467 0015 4A010000 		.4byte	.LASF81
 468 0019 00000000 		.4byte	.Ldebug_ranges0+0
 469 001d 00000000 		.4byte	0
 470 0021 00000000 		.4byte	.Ldebug_line0
 471 0025 02       		.uleb128 0x2
 472 0026 04       		.byte	0x4
 473 0027 05       		.byte	0x5
 474 0028 696E7400 		.ascii	"int\000"
 475 002c 03       		.uleb128 0x3
 476 002d 06000000 		.4byte	.LASF2
 477 0031 02       		.byte	0x2
 478 0032 D4       		.byte	0xd4
 479 0033 37000000 		.4byte	0x37
 480 0037 04       		.uleb128 0x4
 481 0038 04       		.byte	0x4
 482 0039 07       		.byte	0x7
 483 003a 05010000 		.4byte	.LASF0
 484 003e 04       		.uleb128 0x4
 485 003f 01       		.byte	0x1
 486 0040 06       		.byte	0x6
 487 0041 88000000 		.4byte	.LASF1
 488 0045 03       		.uleb128 0x3
 489 0046 DA030000 		.4byte	.LASF3
 490 004a 03       		.byte	0x3
 491 004b 2A       		.byte	0x2a
 492 004c 50000000 		.4byte	0x50
 493 0050 04       		.uleb128 0x4
 494 0051 01       		.byte	0x1
 495 0052 08       		.byte	0x8
 496 0053 E8020000 		.4byte	.LASF4
 497 0057 04       		.uleb128 0x4
 498 0058 02       		.byte	0x2
 499 0059 05       		.byte	0x5
 500 005a 0B030000 		.4byte	.LASF5
 501 005e 04       		.uleb128 0x4
 502 005f 02       		.byte	0x2
 503 0060 07       		.byte	0x7
 504 0061 31010000 		.4byte	.LASF6
ARM GAS  /tmp/ccR5VwDU.s 			page 10


 505 0065 03       		.uleb128 0x3
 506 0066 E0020000 		.4byte	.LASF7
 507 006a 03       		.byte	0x3
 508 006b 4F       		.byte	0x4f
 509 006c 70000000 		.4byte	0x70
 510 0070 04       		.uleb128 0x4
 511 0071 04       		.byte	0x4
 512 0072 05       		.byte	0x5
 513 0073 BF000000 		.4byte	.LASF8
 514 0077 03       		.uleb128 0x3
 515 0078 67030000 		.4byte	.LASF9
 516 007c 03       		.byte	0x3
 517 007d 50       		.byte	0x50
 518 007e 82000000 		.4byte	0x82
 519 0082 04       		.uleb128 0x4
 520 0083 04       		.byte	0x4
 521 0084 07       		.byte	0x7
 522 0085 12010000 		.4byte	.LASF10
 523 0089 04       		.uleb128 0x4
 524 008a 08       		.byte	0x8
 525 008b 05       		.byte	0x5
 526 008c 7A000000 		.4byte	.LASF11
 527 0090 03       		.uleb128 0x3
 528 0091 14000000 		.4byte	.LASF12
 529 0095 03       		.byte	0x3
 530 0096 78       		.byte	0x78
 531 0097 9B000000 		.4byte	0x9b
 532 009b 04       		.uleb128 0x4
 533 009c 08       		.byte	0x8
 534 009d 07       		.byte	0x7
 535 009e 2A000000 		.4byte	.LASF13
 536 00a2 04       		.uleb128 0x4
 537 00a3 01       		.byte	0x1
 538 00a4 02       		.byte	0x2
 539 00a5 DA020000 		.4byte	.LASF14
 540 00a9 03       		.uleb128 0x3
 541 00aa 85010000 		.4byte	.LASF15
 542 00ae 04       		.byte	0x4
 543 00af 25       		.byte	0x25
 544 00b0 45000000 		.4byte	0x45
 545 00b4 03       		.uleb128 0x3
 546 00b5 E5000000 		.4byte	.LASF16
 547 00b9 04       		.byte	0x4
 548 00ba 26       		.byte	0x26
 549 00bb 45000000 		.4byte	0x45
 550 00bf 03       		.uleb128 0x3
 551 00c0 E9010000 		.4byte	.LASF17
 552 00c4 04       		.byte	0x4
 553 00c5 27       		.byte	0x27
 554 00c6 45000000 		.4byte	0x45
 555 00ca 03       		.uleb128 0x3
 556 00cb B5000000 		.4byte	.LASF18
 557 00cf 04       		.byte	0x4
 558 00d0 28       		.byte	0x28
 559 00d1 45000000 		.4byte	0x45
 560 00d5 03       		.uleb128 0x3
 561 00d6 F8010000 		.4byte	.LASF19
ARM GAS  /tmp/ccR5VwDU.s 			page 11


 562 00da 04       		.byte	0x4
 563 00db 29       		.byte	0x29
 564 00dc 77000000 		.4byte	0x77
 565 00e0 03       		.uleb128 0x3
 566 00e1 44010000 		.4byte	.LASF20
 567 00e5 04       		.byte	0x4
 568 00e6 2A       		.byte	0x2a
 569 00e7 65000000 		.4byte	0x65
 570 00eb 03       		.uleb128 0x3
 571 00ec 99010000 		.4byte	.LASF21
 572 00f0 04       		.byte	0x4
 573 00f1 2C       		.byte	0x2c
 574 00f2 77000000 		.4byte	0x77
 575 00f6 03       		.uleb128 0x3
 576 00f7 9B030000 		.4byte	.LASF22
 577 00fb 04       		.byte	0x4
 578 00fc 2E       		.byte	0x2e
 579 00fd 77000000 		.4byte	0x77
 580 0101 03       		.uleb128 0x3
 581 0102 49030000 		.4byte	.LASF23
 582 0106 05       		.byte	0x5
 583 0107 23       		.byte	0x23
 584 0108 0C010000 		.4byte	0x10c
 585 010c 05       		.uleb128 0x5
 586 010d 49030000 		.4byte	.LASF23
 587 0111 48       		.byte	0x48
 588 0112 06       		.byte	0x6
 589 0113 57       		.byte	0x57
 590 0114 09020000 		.4byte	0x209
 591 0118 06       		.uleb128 0x6
 592 0119 3A030000 		.4byte	.LASF24
 593 011d 06       		.byte	0x6
 594 011e 58       		.byte	0x58
 595 011f 2A020000 		.4byte	0x22a
 596 0123 00       		.byte	0
 597 0124 06       		.uleb128 0x6
 598 0125 F1010000 		.4byte	.LASF25
 599 0129 06       		.byte	0x6
 600 012a 5A       		.byte	0x5a
 601 012b 2A020000 		.4byte	0x22a
 602 012f 04       		.byte	0x4
 603 0130 06       		.uleb128 0x6
 604 0131 73000000 		.4byte	.LASF26
 605 0135 06       		.byte	0x6
 606 0136 5C       		.byte	0x5c
 607 0137 D5000000 		.4byte	0xd5
 608 013b 08       		.byte	0x8
 609 013c 06       		.uleb128 0x6
 610 013d 09040000 		.4byte	.LASF27
 611 0141 06       		.byte	0x6
 612 0142 5D       		.byte	0x5d
 613 0143 EF020000 		.4byte	0x2ef
 614 0147 0C       		.byte	0xc
 615 0148 06       		.uleb128 0x6
 616 0149 EE000000 		.4byte	.LASF28
 617 014d 06       		.byte	0x6
 618 014e 5F       		.byte	0x5f
ARM GAS  /tmp/ccR5VwDU.s 			page 12


 619 014f 2A020000 		.4byte	0x22a
 620 0153 10       		.byte	0x10
 621 0154 06       		.uleb128 0x6
 622 0155 C9010000 		.4byte	.LASF29
 623 0159 06       		.byte	0x6
 624 015a 60       		.byte	0x60
 625 015b 2A020000 		.4byte	0x22a
 626 015f 14       		.byte	0x14
 627 0160 06       		.uleb128 0x6
 628 0161 EF030000 		.4byte	.LASF30
 629 0165 06       		.byte	0x6
 630 0166 67       		.byte	0x67
 631 0167 5A040000 		.4byte	0x45a
 632 016b 18       		.byte	0x18
 633 016c 06       		.uleb128 0x6
 634 016d 15030000 		.4byte	.LASF31
 635 0171 06       		.byte	0x6
 636 0172 72       		.byte	0x72
 637 0173 B4000000 		.4byte	0xb4
 638 0177 1C       		.byte	0x1c
 639 0178 06       		.uleb128 0x6
 640 0179 41030000 		.4byte	.LASF32
 641 017d 06       		.byte	0x6
 642 017e 76       		.byte	0x76
 643 017f A9000000 		.4byte	0xa9
 644 0183 1D       		.byte	0x1d
 645 0184 06       		.uleb128 0x6
 646 0185 D3030000 		.4byte	.LASF33
 647 0189 06       		.byte	0x6
 648 018a 7B       		.byte	0x7b
 649 018b BF000000 		.4byte	0xbf
 650 018f 1E       		.byte	0x1e
 651 0190 06       		.uleb128 0x6
 652 0191 1D030000 		.4byte	.LASF34
 653 0195 06       		.byte	0x6
 654 0196 81       		.byte	0x81
 655 0197 CA000000 		.4byte	0xca
 656 019b 1F       		.byte	0x1f
 657 019c 06       		.uleb128 0x6
 658 019d B0030000 		.4byte	.LASF35
 659 01a1 06       		.byte	0x6
 660 01a2 88       		.byte	0x88
 661 01a3 17030000 		.4byte	0x317
 662 01a7 20       		.byte	0x20
 663 01a8 07       		.uleb128 0x7
 664 01a9 705F7500 		.ascii	"p_u\000"
 665 01ad 06       		.byte	0x6
 666 01ae AD       		.byte	0xad
 667 01af 25040000 		.4byte	0x425
 668 01b3 24       		.byte	0x24
 669 01b4 06       		.uleb128 0x6
 670 01b5 0F040000 		.4byte	.LASF36
 671 01b9 06       		.byte	0x6
 672 01ba B2       		.byte	0xb2
 673 01bb 50020000 		.4byte	0x250
 674 01bf 28       		.byte	0x28
 675 01c0 06       		.uleb128 0x6
ARM GAS  /tmp/ccR5VwDU.s 			page 13


 676 01c1 BE030000 		.4byte	.LASF37
 677 01c5 06       		.byte	0x6
 678 01c6 B8       		.byte	0xb8
 679 01c7 30020000 		.4byte	0x230
 680 01cb 2C       		.byte	0x2c
 681 01cc 06       		.uleb128 0x6
 682 01cd 00000000 		.4byte	.LASF38
 683 01d1 06       		.byte	0x6
 684 01d2 BC       		.byte	0xbc
 685 01d3 E0000000 		.4byte	0xe0
 686 01d7 34       		.byte	0x34
 687 01d8 06       		.uleb128 0x6
 688 01d9 5C030000 		.4byte	.LASF39
 689 01dd 06       		.byte	0x6
 690 01de C2       		.byte	0xc2
 691 01df EB000000 		.4byte	0xeb
 692 01e3 38       		.byte	0x38
 693 01e4 06       		.uleb128 0x6
 694 01e5 01030000 		.4byte	.LASF40
 695 01e9 06       		.byte	0x6
 696 01ea C9       		.byte	0xc9
 697 01eb 6C040000 		.4byte	0x46c
 698 01ef 3C       		.byte	0x3c
 699 01f0 06       		.uleb128 0x6
 700 01f1 A5030000 		.4byte	.LASF41
 701 01f5 06       		.byte	0x6
 702 01f6 CD       		.byte	0xcd
 703 01f7 D5000000 		.4byte	0xd5
 704 01fb 40       		.byte	0x40
 705 01fc 06       		.uleb128 0x6
 706 01fd 9A000000 		.4byte	.LASF42
 707 0201 06       		.byte	0x6
 708 0202 D3       		.byte	0xd3
 709 0203 66020000 		.4byte	0x266
 710 0207 44       		.byte	0x44
 711 0208 00       		.byte	0
 712 0209 08       		.uleb128 0x8
 713 020a 08       		.byte	0x8
 714 020b 05       		.byte	0x5
 715 020c 5A       		.byte	0x5a
 716 020d 2A020000 		.4byte	0x22a
 717 0211 06       		.uleb128 0x6
 718 0212 3A030000 		.4byte	.LASF24
 719 0216 05       		.byte	0x5
 720 0217 5B       		.byte	0x5b
 721 0218 2A020000 		.4byte	0x22a
 722 021c 00       		.byte	0
 723 021d 06       		.uleb128 0x6
 724 021e F1010000 		.4byte	.LASF25
 725 0222 05       		.byte	0x5
 726 0223 5D       		.byte	0x5d
 727 0224 2A020000 		.4byte	0x22a
 728 0228 04       		.byte	0x4
 729 0229 00       		.byte	0
 730 022a 09       		.uleb128 0x9
 731 022b 04       		.byte	0x4
 732 022c 01010000 		.4byte	0x101
ARM GAS  /tmp/ccR5VwDU.s 			page 14


 733 0230 03       		.uleb128 0x3
 734 0231 D1010000 		.4byte	.LASF43
 735 0235 05       		.byte	0x5
 736 0236 5F       		.byte	0x5f
 737 0237 09020000 		.4byte	0x209
 738 023b 08       		.uleb128 0x8
 739 023c 04       		.byte	0x4
 740 023d 05       		.byte	0x5
 741 023e 64       		.byte	0x64
 742 023f 50020000 		.4byte	0x250
 743 0243 06       		.uleb128 0x6
 744 0244 3A030000 		.4byte	.LASF24
 745 0248 05       		.byte	0x5
 746 0249 66       		.byte	0x66
 747 024a 2A020000 		.4byte	0x22a
 748 024e 00       		.byte	0
 749 024f 00       		.byte	0
 750 0250 03       		.uleb128 0x3
 751 0251 8D010000 		.4byte	.LASF44
 752 0255 05       		.byte	0x5
 753 0256 69       		.byte	0x69
 754 0257 3B020000 		.4byte	0x23b
 755 025b 03       		.uleb128 0x3
 756 025c F6000000 		.4byte	.LASF45
 757 0260 07       		.byte	0x7
 758 0261 DE       		.byte	0xde
 759 0262 66020000 		.4byte	0x266
 760 0266 0A       		.uleb128 0xa
 761 0267 04       		.byte	0x4
 762 0268 03       		.uleb128 0x3
 763 0269 AB010000 		.4byte	.LASF46
 764 026d 07       		.byte	0x7
 765 026e E4       		.byte	0xe4
 766 026f 90000000 		.4byte	0x90
 767 0273 0B       		.uleb128 0xb
 768 0274 B7030000 		.4byte	.LASF47
 769 0278 24       		.byte	0x24
 770 0279 07       		.byte	0x7
 771 027a 0501     		.2byte	0x105
 772 027c EF020000 		.4byte	0x2ef
 773 0280 0C       		.uleb128 0xc
 774 0281 723400   		.ascii	"r4\000"
 775 0284 07       		.byte	0x7
 776 0285 1801     		.2byte	0x118
 777 0287 5B020000 		.4byte	0x25b
 778 028b 00       		.byte	0
 779 028c 0C       		.uleb128 0xc
 780 028d 723500   		.ascii	"r5\000"
 781 0290 07       		.byte	0x7
 782 0291 1901     		.2byte	0x119
 783 0293 5B020000 		.4byte	0x25b
 784 0297 04       		.byte	0x4
 785 0298 0C       		.uleb128 0xc
 786 0299 723600   		.ascii	"r6\000"
 787 029c 07       		.byte	0x7
 788 029d 1A01     		.2byte	0x11a
 789 029f 5B020000 		.4byte	0x25b
ARM GAS  /tmp/ccR5VwDU.s 			page 15


 790 02a3 08       		.byte	0x8
 791 02a4 0C       		.uleb128 0xc
 792 02a5 723700   		.ascii	"r7\000"
 793 02a8 07       		.byte	0x7
 794 02a9 1B01     		.2byte	0x11b
 795 02ab 5B020000 		.4byte	0x25b
 796 02af 0C       		.byte	0xc
 797 02b0 0C       		.uleb128 0xc
 798 02b1 723800   		.ascii	"r8\000"
 799 02b4 07       		.byte	0x7
 800 02b5 1C01     		.2byte	0x11c
 801 02b7 5B020000 		.4byte	0x25b
 802 02bb 10       		.byte	0x10
 803 02bc 0C       		.uleb128 0xc
 804 02bd 723900   		.ascii	"r9\000"
 805 02c0 07       		.byte	0x7
 806 02c1 1D01     		.2byte	0x11d
 807 02c3 5B020000 		.4byte	0x25b
 808 02c7 14       		.byte	0x14
 809 02c8 0C       		.uleb128 0xc
 810 02c9 72313000 		.ascii	"r10\000"
 811 02cd 07       		.byte	0x7
 812 02ce 1E01     		.2byte	0x11e
 813 02d0 5B020000 		.4byte	0x25b
 814 02d4 18       		.byte	0x18
 815 02d5 0C       		.uleb128 0xc
 816 02d6 72313100 		.ascii	"r11\000"
 817 02da 07       		.byte	0x7
 818 02db 1F01     		.2byte	0x11f
 819 02dd 5B020000 		.4byte	0x25b
 820 02e1 1C       		.byte	0x1c
 821 02e2 0C       		.uleb128 0xc
 822 02e3 6C7200   		.ascii	"lr\000"
 823 02e6 07       		.byte	0x7
 824 02e7 2001     		.2byte	0x120
 825 02e9 5B020000 		.4byte	0x25b
 826 02ed 20       		.byte	0x20
 827 02ee 00       		.byte	0
 828 02ef 0B       		.uleb128 0xb
 829 02f0 24010000 		.4byte	.LASF48
 830 02f4 04       		.byte	0x4
 831 02f5 07       		.byte	0x7
 832 02f6 2A01     		.2byte	0x12a
 833 02f8 0A030000 		.4byte	0x30a
 834 02fc 0C       		.uleb128 0xc
 835 02fd 72313300 		.ascii	"r13\000"
 836 0301 07       		.byte	0x7
 837 0302 2B01     		.2byte	0x12b
 838 0304 0A030000 		.4byte	0x30a
 839 0308 00       		.byte	0
 840 0309 00       		.byte	0
 841 030a 09       		.uleb128 0x9
 842 030b 04       		.byte	0x4
 843 030c 73020000 		.4byte	0x273
 844 0310 04       		.uleb128 0x4
 845 0311 04       		.byte	0x4
 846 0312 07       		.byte	0x7
ARM GAS  /tmp/ccR5VwDU.s 			page 16


 847 0313 B6010000 		.4byte	.LASF49
 848 0317 0D       		.uleb128 0xd
 849 0318 F6000000 		.4byte	0xf6
 850 031c 05       		.uleb128 0x5
 851 031d A5010000 		.4byte	.LASF50
 852 0321 10       		.byte	0x10
 853 0322 08       		.byte	0x8
 854 0323 25       		.byte	0x25
 855 0324 4D030000 		.4byte	0x34d
 856 0328 06       		.uleb128 0x6
 857 0329 A2000000 		.4byte	.LASF51
 858 032d 08       		.byte	0x8
 859 032e 26       		.byte	0x26
 860 032f 30020000 		.4byte	0x230
 861 0333 00       		.byte	0
 862 0334 06       		.uleb128 0x6
 863 0335 01040000 		.4byte	.LASF52
 864 0339 08       		.byte	0x8
 865 033a 28       		.byte	0x28
 866 033b 2A020000 		.4byte	0x22a
 867 033f 08       		.byte	0x8
 868 0340 06       		.uleb128 0x6
 869 0341 94030000 		.4byte	.LASF53
 870 0345 08       		.byte	0x8
 871 0346 2A       		.byte	0x2a
 872 0347 4D030000 		.4byte	0x34d
 873 034b 0C       		.byte	0xc
 874 034c 00       		.byte	0
 875 034d 09       		.uleb128 0x9
 876 034e 04       		.byte	0x4
 877 034f 1C030000 		.4byte	0x31c
 878 0353 03       		.uleb128 0x3
 879 0354 A5010000 		.4byte	.LASF50
 880 0358 08       		.byte	0x8
 881 0359 2C       		.byte	0x2c
 882 035a 1C030000 		.4byte	0x31c
 883 035e 03       		.uleb128 0x3
 884 035f 1D000000 		.4byte	.LASF54
 885 0363 09       		.byte	0x9
 886 0364 25       		.byte	0x25
 887 0365 69030000 		.4byte	0x369
 888 0369 09       		.uleb128 0x9
 889 036a 04       		.byte	0x4
 890 036b 6F030000 		.4byte	0x36f
 891 036f 0E       		.uleb128 0xe
 892 0370 66020000 		.4byte	0x266
 893 0374 7E030000 		.4byte	0x37e
 894 0378 0F       		.uleb128 0xf
 895 0379 2C000000 		.4byte	0x2c
 896 037d 00       		.byte	0
 897 037e 03       		.uleb128 0x3
 898 037f DE010000 		.4byte	.LASF55
 899 0383 0A       		.byte	0xa
 900 0384 2D       		.byte	0x2d
 901 0385 89030000 		.4byte	0x389
 902 0389 05       		.uleb128 0x5
 903 038a 19040000 		.4byte	.LASF56
ARM GAS  /tmp/ccR5VwDU.s 			page 17


 904 038e 20       		.byte	0x20
 905 038f 0A       		.byte	0xa
 906 0390 40       		.byte	0x40
 907 0391 BA030000 		.4byte	0x3ba
 908 0395 06       		.uleb128 0x6
 909 0396 F6020000 		.4byte	.LASF57
 910 039a 0A       		.byte	0xa
 911 039b 41       		.byte	0x41
 912 039c 5E030000 		.4byte	0x35e
 913 03a0 00       		.byte	0
 914 03a1 06       		.uleb128 0x6
 915 03a2 4A000000 		.4byte	.LASF58
 916 03a6 0A       		.byte	0xa
 917 03a7 43       		.byte	0x43
 918 03a8 D9030000 		.4byte	0x3d9
 919 03ac 08       		.byte	0x8
 920 03ad 06       		.uleb128 0x6
 921 03ae 94000000 		.4byte	.LASF59
 922 03b2 0A       		.byte	0xa
 923 03b3 45       		.byte	0x45
 924 03b4 53030000 		.4byte	0x353
 925 03b8 10       		.byte	0x10
 926 03b9 00       		.byte	0
 927 03ba 10       		.uleb128 0x10
 928 03bb 04       		.byte	0x4
 929 03bc 0A       		.byte	0xa
 930 03bd 35       		.byte	0x35
 931 03be D9030000 		.4byte	0x3d9
 932 03c2 11       		.uleb128 0x11
 933 03c3 6E000000 		.4byte	.LASF60
 934 03c7 0A       		.byte	0xa
 935 03c8 36       		.byte	0x36
 936 03c9 FA030000 		.4byte	0x3fa
 937 03cd 11       		.uleb128 0x11
 938 03ce 70030000 		.4byte	.LASF61
 939 03d2 0A       		.byte	0xa
 940 03d3 37       		.byte	0x37
 941 03d4 00040000 		.4byte	0x400
 942 03d8 00       		.byte	0
 943 03d9 12       		.uleb128 0x12
 944 03da 27030000 		.4byte	.LASF82
 945 03de 08       		.byte	0x8
 946 03df 0A       		.byte	0xa
 947 03e0 32       		.byte	0x32
 948 03e1 FA030000 		.4byte	0x3fa
 949 03e5 11       		.uleb128 0x11
 950 03e6 FF000000 		.4byte	.LASF62
 951 03ea 0A       		.byte	0xa
 952 03eb 33       		.byte	0x33
 953 03ec 68020000 		.4byte	0x268
 954 03f0 13       		.uleb128 0x13
 955 03f1 6800     		.ascii	"h\000"
 956 03f3 0A       		.byte	0xa
 957 03f4 3A       		.byte	0x3a
 958 03f5 06040000 		.4byte	0x406
 959 03f9 00       		.byte	0
 960 03fa 09       		.uleb128 0x9
ARM GAS  /tmp/ccR5VwDU.s 			page 18


 961 03fb 04       		.byte	0x4
 962 03fc D9030000 		.4byte	0x3d9
 963 0400 09       		.uleb128 0x9
 964 0401 04       		.byte	0x4
 965 0402 7E030000 		.4byte	0x37e
 966 0406 08       		.uleb128 0x8
 967 0407 08       		.byte	0x8
 968 0408 0A       		.byte	0xa
 969 0409 34       		.byte	0x34
 970 040a 25040000 		.4byte	0x425
 971 040e 07       		.uleb128 0x7
 972 040f 7500     		.ascii	"u\000"
 973 0411 0A       		.byte	0xa
 974 0412 38       		.byte	0x38
 975 0413 BA030000 		.4byte	0x3ba
 976 0417 00       		.byte	0
 977 0418 06       		.uleb128 0x6
 978 0419 2C010000 		.4byte	.LASF63
 979 041d 0A       		.byte	0xa
 980 041e 39       		.byte	0x39
 981 041f 2C000000 		.4byte	0x2c
 982 0423 04       		.byte	0x4
 983 0424 00       		.byte	0
 984 0425 10       		.uleb128 0x10
 985 0426 04       		.byte	0x4
 986 0427 06       		.byte	0x6
 987 0428 8F       		.byte	0x8f
 988 0429 5A040000 		.4byte	0x45a
 989 042d 11       		.uleb128 0x11
 990 042e 0D000000 		.4byte	.LASF64
 991 0432 06       		.byte	0x6
 992 0433 96       		.byte	0x96
 993 0434 E0000000 		.4byte	0xe0
 994 0438 11       		.uleb128 0x11
 995 0439 41000000 		.4byte	.LASF65
 996 043d 06       		.byte	0x6
 997 043e 9D       		.byte	0x9d
 998 043f E0000000 		.4byte	0xe0
 999 0443 11       		.uleb128 0x11
 1000 0444 E2030000 		.4byte	.LASF66
 1001 0448 06       		.byte	0x6
 1002 0449 A4       		.byte	0xa4
 1003 044a 66020000 		.4byte	0x266
 1004 044e 11       		.uleb128 0x11
 1005 044f 33030000 		.4byte	.LASF67
 1006 0453 06       		.byte	0x6
 1007 0454 AB       		.byte	0xab
 1008 0455 EB000000 		.4byte	0xeb
 1009 0459 00       		.byte	0
 1010 045a 09       		.uleb128 0x9
 1011 045b 04       		.byte	0x4
 1012 045c 60040000 		.4byte	0x460
 1013 0460 14       		.uleb128 0x14
 1014 0461 65040000 		.4byte	0x465
 1015 0465 04       		.uleb128 0x4
 1016 0466 01       		.byte	0x1
 1017 0467 08       		.byte	0x8
ARM GAS  /tmp/ccR5VwDU.s 			page 19


 1018 0468 82030000 		.4byte	.LASF68
 1019 046c 09       		.uleb128 0x9
 1020 046d 04       		.byte	0x4
 1021 046e 53030000 		.4byte	0x353
 1022 0472 15       		.uleb128 0x15
 1023 0473 F6030000 		.4byte	.LASF69
 1024 0477 01       		.byte	0x1
 1025 0478 44       		.byte	0x44
 1026 0479 00000000 		.4byte	.LFB7
 1027 047d 1C000000 		.4byte	.LFE7-.LFB7
 1028 0481 01       		.uleb128 0x1
 1029 0482 9C       		.byte	0x9c
 1030 0483 9B040000 		.4byte	0x49b
 1031 0487 16       		.uleb128 0x16
 1032 0488 14000000 		.4byte	.LVL0
 1033 048c A0060000 		.4byte	0x6a0
 1034 0490 17       		.uleb128 0x17
 1035 0491 01       		.uleb128 0x1
 1036 0492 50       		.byte	0x50
 1037 0493 05       		.uleb128 0x5
 1038 0494 03       		.byte	0x3
 1039 0495 10000000 		.4byte	.LANCHOR0+16
 1040 0499 00       		.byte	0
 1041 049a 00       		.byte	0
 1042 049b 15       		.uleb128 0x15
 1043 049c 63000000 		.4byte	.LASF70
 1044 04a0 01       		.byte	0x1
 1045 04a1 5C       		.byte	0x5c
 1046 04a2 00000000 		.4byte	.LFB8
 1047 04a6 14000000 		.4byte	.LFE8-.LFB8
 1048 04aa 01       		.uleb128 0x1
 1049 04ab 9C       		.byte	0x9c
 1050 04ac FF040000 		.4byte	0x4ff
 1051 04b0 18       		.uleb128 0x18
 1052 04b1 51000000 		.4byte	.LASF71
 1053 04b5 01       		.byte	0x1
 1054 04b6 5C       		.byte	0x5c
 1055 04b7 00040000 		.4byte	0x400
 1056 04bb 00000000 		.4byte	.LLST0
 1057 04bf 19       		.uleb128 0x19
 1058 04c0 62756600 		.ascii	"buf\000"
 1059 04c4 01       		.byte	0x1
 1060 04c5 5C       		.byte	0x5c
 1061 04c6 66020000 		.4byte	0x266
 1062 04ca 2E000000 		.4byte	.LLST1
 1063 04ce 18       		.uleb128 0x18
 1064 04cf 2C010000 		.4byte	.LASF63
 1065 04d3 01       		.byte	0x1
 1066 04d4 5C       		.byte	0x5c
 1067 04d5 2C000000 		.4byte	0x2c
 1068 04d9 4F000000 		.4byte	.LLST2
 1069 04dd 1A       		.uleb128 0x1a
 1070 04de 687000   		.ascii	"hp\000"
 1071 04e1 01       		.byte	0x1
 1072 04e2 5D       		.byte	0x5d
 1073 04e3 FA030000 		.4byte	0x3fa
 1074 04e7 7D000000 		.4byte	.LLST3
ARM GAS  /tmp/ccR5VwDU.s 			page 20


 1075 04eb 16       		.uleb128 0x16
 1076 04ec 14000000 		.4byte	.LVL5
 1077 04f0 A0060000 		.4byte	0x6a0
 1078 04f4 17       		.uleb128 0x17
 1079 04f5 01       		.uleb128 0x1
 1080 04f6 50       		.byte	0x50
 1081 04f7 05       		.uleb128 0x5
 1082 04f8 F3       		.byte	0xf3
 1083 04f9 01       		.uleb128 0x1
 1084 04fa 50       		.byte	0x50
 1085 04fb 23       		.byte	0x23
 1086 04fc 10       		.uleb128 0x10
 1087 04fd 00       		.byte	0
 1088 04fe 00       		.byte	0
 1089 04ff 1B       		.uleb128 0x1b
 1090 0500 50030000 		.4byte	.LASF73
 1091 0504 01       		.byte	0x1
 1092 0505 7D       		.byte	0x7d
 1093 0506 66020000 		.4byte	0x266
 1094 050a 00000000 		.4byte	.LFB9
 1095 050e 80000000 		.4byte	.LFE9-.LFB9
 1096 0512 01       		.uleb128 0x1
 1097 0513 9C       		.byte	0x9c
 1098 0514 97050000 		.4byte	0x597
 1099 0518 18       		.uleb128 0x18
 1100 0519 51000000 		.4byte	.LASF71
 1101 051d 01       		.byte	0x1
 1102 051e 7D       		.byte	0x7d
 1103 051f 00040000 		.4byte	0x400
 1104 0523 9E000000 		.4byte	.LLST4
 1105 0527 18       		.uleb128 0x18
 1106 0528 2C010000 		.4byte	.LASF63
 1107 052c 01       		.byte	0x1
 1108 052d 7D       		.byte	0x7d
 1109 052e 2C000000 		.4byte	0x2c
 1110 0532 BC000000 		.4byte	.LLST5
 1111 0536 1A       		.uleb128 0x1a
 1112 0537 717000   		.ascii	"qp\000"
 1113 053a 01       		.byte	0x1
 1114 053b 7E       		.byte	0x7e
 1115 053c FA030000 		.4byte	0x3fa
 1116 0540 E7000000 		.4byte	.LLST6
 1117 0544 1A       		.uleb128 0x1a
 1118 0545 687000   		.ascii	"hp\000"
 1119 0548 01       		.byte	0x1
 1120 0549 7E       		.byte	0x7e
 1121 054a FA030000 		.4byte	0x3fa
 1122 054e 10010000 		.4byte	.LLST7
 1123 0552 1A       		.uleb128 0x1a
 1124 0553 667000   		.ascii	"fp\000"
 1125 0556 01       		.byte	0x1
 1126 0557 7E       		.byte	0x7e
 1127 0558 FA030000 		.4byte	0x3fa
 1128 055c 69010000 		.4byte	.LLST8
 1129 0560 1C       		.uleb128 0x1c
 1130 0561 1C000000 		.4byte	.LVL11
 1131 0565 B1060000 		.4byte	0x6b1
ARM GAS  /tmp/ccR5VwDU.s 			page 21


 1132 0569 74050000 		.4byte	0x574
 1133 056d 17       		.uleb128 0x17
 1134 056e 01       		.uleb128 0x1
 1135 056f 50       		.byte	0x50
 1136 0570 02       		.uleb128 0x2
 1137 0571 76       		.byte	0x76
 1138 0572 10       		.sleb128 16
 1139 0573 00       		.byte	0
 1140 0574 1D       		.uleb128 0x1d
 1141 0575 30000000 		.4byte	.LVL15
 1142 0579 C2060000 		.4byte	0x6c2
 1143 057d 1E       		.uleb128 0x1e
 1144 057e 3A000000 		.4byte	.LVL16
 1145 0582 8D050000 		.4byte	0x58d
 1146 0586 17       		.uleb128 0x17
 1147 0587 01       		.uleb128 0x1
 1148 0588 50       		.byte	0x50
 1149 0589 02       		.uleb128 0x2
 1150 058a 75       		.byte	0x75
 1151 058b 08       		.sleb128 8
 1152 058c 00       		.byte	0
 1153 058d 1D       		.uleb128 0x1d
 1154 058e 5E000000 		.4byte	.LVL21
 1155 0592 C2060000 		.4byte	0x6c2
 1156 0596 00       		.byte	0
 1157 0597 15       		.uleb128 0x15
 1158 0598 AA000000 		.4byte	.LASF72
 1159 059c 01       		.byte	0x1
 1160 059d BB       		.byte	0xbb
 1161 059e 00000000 		.4byte	.LFB10
 1162 05a2 92000000 		.4byte	.LFE10-.LFB10
 1163 05a6 01       		.uleb128 0x1
 1164 05a7 9C       		.byte	0x9c
 1165 05a8 0B060000 		.4byte	0x60b
 1166 05ac 19       		.uleb128 0x19
 1167 05ad 7000     		.ascii	"p\000"
 1168 05af 01       		.byte	0x1
 1169 05b0 BB       		.byte	0xbb
 1170 05b1 66020000 		.4byte	0x266
 1171 05b5 7C010000 		.4byte	.LLST9
 1172 05b9 1A       		.uleb128 0x1a
 1173 05ba 717000   		.ascii	"qp\000"
 1174 05bd 01       		.byte	0x1
 1175 05be BC       		.byte	0xbc
 1176 05bf FA030000 		.4byte	0x3fa
 1177 05c3 C1010000 		.4byte	.LLST10
 1178 05c7 1A       		.uleb128 0x1a
 1179 05c8 687000   		.ascii	"hp\000"
 1180 05cb 01       		.byte	0x1
 1181 05cc BC       		.byte	0xbc
 1182 05cd FA030000 		.4byte	0x3fa
 1183 05d1 F5010000 		.4byte	.LLST11
 1184 05d5 1F       		.uleb128 0x1f
 1185 05d6 51000000 		.4byte	.LASF71
 1186 05da 01       		.byte	0x1
 1187 05db BD       		.byte	0xbd
 1188 05dc 00040000 		.4byte	0x400
ARM GAS  /tmp/ccR5VwDU.s 			page 22


 1189 05e0 33020000 		.4byte	.LLST12
 1190 05e4 1C       		.uleb128 0x1c
 1191 05e5 16000000 		.4byte	.LVL31
 1192 05e9 B1060000 		.4byte	0x6b1
 1193 05ed F8050000 		.4byte	0x5f8
 1194 05f1 17       		.uleb128 0x17
 1195 05f2 01       		.uleb128 0x1
 1196 05f3 50       		.byte	0x50
 1197 05f4 02       		.uleb128 0x2
 1198 05f5 75       		.byte	0x75
 1199 05f6 08       		.sleb128 8
 1200 05f7 00       		.byte	0
 1201 05f8 20       		.uleb128 0x20
 1202 05f9 5E000000 		.4byte	.LVL38
 1203 05fd C2060000 		.4byte	0x6c2
 1204 0601 20       		.uleb128 0x20
 1205 0602 92000000 		.4byte	.LVL40
 1206 0606 C2060000 		.4byte	0x6c2
 1207 060a 00       		.byte	0
 1208 060b 1B       		.uleb128 0x1b
 1209 060c 87030000 		.4byte	.LASF74
 1210 0610 01       		.byte	0x1
 1211 0611 F3       		.byte	0xf3
 1212 0612 2C000000 		.4byte	0x2c
 1213 0616 00000000 		.4byte	.LFB11
 1214 061a 40000000 		.4byte	.LFE11-.LFB11
 1215 061e 01       		.uleb128 0x1
 1216 061f 9C       		.byte	0x9c
 1217 0620 89060000 		.4byte	0x689
 1218 0624 18       		.uleb128 0x18
 1219 0625 51000000 		.4byte	.LASF71
 1220 0629 01       		.byte	0x1
 1221 062a F3       		.byte	0xf3
 1222 062b 00040000 		.4byte	0x400
 1223 062f 5F020000 		.4byte	.LLST13
 1224 0633 18       		.uleb128 0x18
 1225 0634 E9030000 		.4byte	.LASF75
 1226 0638 01       		.byte	0x1
 1227 0639 F3       		.byte	0xf3
 1228 063a 89060000 		.4byte	0x689
 1229 063e C2020000 		.4byte	.LLST14
 1230 0642 1A       		.uleb128 0x1a
 1231 0643 717000   		.ascii	"qp\000"
 1232 0646 01       		.byte	0x1
 1233 0647 F4       		.byte	0xf4
 1234 0648 FA030000 		.4byte	0x3fa
 1235 064c E0020000 		.4byte	.LLST15
 1236 0650 1A       		.uleb128 0x1a
 1237 0651 6E00     		.ascii	"n\000"
 1238 0653 01       		.byte	0x1
 1239 0654 F5       		.byte	0xf5
 1240 0655 2C000000 		.4byte	0x2c
 1241 0659 40030000 		.4byte	.LLST16
 1242 065d 1A       		.uleb128 0x1a
 1243 065e 737A00   		.ascii	"sz\000"
 1244 0661 01       		.byte	0x1
 1245 0662 F5       		.byte	0xf5
ARM GAS  /tmp/ccR5VwDU.s 			page 23


 1246 0663 2C000000 		.4byte	0x2c
 1247 0667 83030000 		.4byte	.LLST17
 1248 066b 1C       		.uleb128 0x1c
 1249 066c 14000000 		.4byte	.LVL43
 1250 0670 B1060000 		.4byte	0x6b1
 1251 0674 7F060000 		.4byte	0x67f
 1252 0678 17       		.uleb128 0x17
 1253 0679 01       		.uleb128 0x1
 1254 067a 50       		.byte	0x50
 1255 067b 02       		.uleb128 0x2
 1256 067c 74       		.byte	0x74
 1257 067d 10       		.sleb128 16
 1258 067e 00       		.byte	0
 1259 067f 1D       		.uleb128 0x1d
 1260 0680 30000000 		.4byte	.LVL48
 1261 0684 C2060000 		.4byte	0x6c2
 1262 0688 00       		.byte	0
 1263 0689 09       		.uleb128 0x9
 1264 068a 04       		.byte	0x4
 1265 068b 2C000000 		.4byte	0x2c
 1266 068f 21       		.uleb128 0x21
 1267 0690 75030000 		.4byte	.LASF76
 1268 0694 01       		.byte	0x1
 1269 0695 3D       		.byte	0x3d
 1270 0696 7E030000 		.4byte	0x37e
 1271 069a 05       		.uleb128 0x5
 1272 069b 03       		.byte	0x3
 1273 069c 00000000 		.4byte	default_heap
 1274 06a0 22       		.uleb128 0x22
 1275 06a1 C9030000 		.4byte	.LASF77
 1276 06a5 08       		.byte	0x8
 1277 06a6 31       		.byte	0x31
 1278 06a7 B1060000 		.4byte	0x6b1
 1279 06ab 0F       		.uleb128 0xf
 1280 06ac 6C040000 		.4byte	0x46c
 1281 06b0 00       		.byte	0
 1282 06b1 22       		.uleb128 0x22
 1283 06b2 BF010000 		.4byte	.LASF78
 1284 06b6 08       		.byte	0x8
 1285 06b7 32       		.byte	0x32
 1286 06b8 C2060000 		.4byte	0x6c2
 1287 06bc 0F       		.uleb128 0xf
 1288 06bd 6C040000 		.4byte	0x46c
 1289 06c1 00       		.byte	0
 1290 06c2 23       		.uleb128 0x23
 1291 06c3 57000000 		.4byte	.LASF83
 1292 06c7 08       		.byte	0x8
 1293 06c8 36       		.byte	0x36
 1294 06c9 6C040000 		.4byte	0x46c
 1295 06cd 00       		.byte	0
 1296              		.section	.debug_abbrev,"",%progbits
 1297              	.Ldebug_abbrev0:
 1298 0000 01       		.uleb128 0x1
 1299 0001 11       		.uleb128 0x11
 1300 0002 01       		.byte	0x1
 1301 0003 25       		.uleb128 0x25
 1302 0004 0E       		.uleb128 0xe
ARM GAS  /tmp/ccR5VwDU.s 			page 24


 1303 0005 13       		.uleb128 0x13
 1304 0006 0B       		.uleb128 0xb
 1305 0007 03       		.uleb128 0x3
 1306 0008 0E       		.uleb128 0xe
 1307 0009 1B       		.uleb128 0x1b
 1308 000a 0E       		.uleb128 0xe
 1309 000b 55       		.uleb128 0x55
 1310 000c 17       		.uleb128 0x17
 1311 000d 11       		.uleb128 0x11
 1312 000e 01       		.uleb128 0x1
 1313 000f 10       		.uleb128 0x10
 1314 0010 17       		.uleb128 0x17
 1315 0011 00       		.byte	0
 1316 0012 00       		.byte	0
 1317 0013 02       		.uleb128 0x2
 1318 0014 24       		.uleb128 0x24
 1319 0015 00       		.byte	0
 1320 0016 0B       		.uleb128 0xb
 1321 0017 0B       		.uleb128 0xb
 1322 0018 3E       		.uleb128 0x3e
 1323 0019 0B       		.uleb128 0xb
 1324 001a 03       		.uleb128 0x3
 1325 001b 08       		.uleb128 0x8
 1326 001c 00       		.byte	0
 1327 001d 00       		.byte	0
 1328 001e 03       		.uleb128 0x3
 1329 001f 16       		.uleb128 0x16
 1330 0020 00       		.byte	0
 1331 0021 03       		.uleb128 0x3
 1332 0022 0E       		.uleb128 0xe
 1333 0023 3A       		.uleb128 0x3a
 1334 0024 0B       		.uleb128 0xb
 1335 0025 3B       		.uleb128 0x3b
 1336 0026 0B       		.uleb128 0xb
 1337 0027 49       		.uleb128 0x49
 1338 0028 13       		.uleb128 0x13
 1339 0029 00       		.byte	0
 1340 002a 00       		.byte	0
 1341 002b 04       		.uleb128 0x4
 1342 002c 24       		.uleb128 0x24
 1343 002d 00       		.byte	0
 1344 002e 0B       		.uleb128 0xb
 1345 002f 0B       		.uleb128 0xb
 1346 0030 3E       		.uleb128 0x3e
 1347 0031 0B       		.uleb128 0xb
 1348 0032 03       		.uleb128 0x3
 1349 0033 0E       		.uleb128 0xe
 1350 0034 00       		.byte	0
 1351 0035 00       		.byte	0
 1352 0036 05       		.uleb128 0x5
 1353 0037 13       		.uleb128 0x13
 1354 0038 01       		.byte	0x1
 1355 0039 03       		.uleb128 0x3
 1356 003a 0E       		.uleb128 0xe
 1357 003b 0B       		.uleb128 0xb
 1358 003c 0B       		.uleb128 0xb
 1359 003d 3A       		.uleb128 0x3a
ARM GAS  /tmp/ccR5VwDU.s 			page 25


 1360 003e 0B       		.uleb128 0xb
 1361 003f 3B       		.uleb128 0x3b
 1362 0040 0B       		.uleb128 0xb
 1363 0041 01       		.uleb128 0x1
 1364 0042 13       		.uleb128 0x13
 1365 0043 00       		.byte	0
 1366 0044 00       		.byte	0
 1367 0045 06       		.uleb128 0x6
 1368 0046 0D       		.uleb128 0xd
 1369 0047 00       		.byte	0
 1370 0048 03       		.uleb128 0x3
 1371 0049 0E       		.uleb128 0xe
 1372 004a 3A       		.uleb128 0x3a
 1373 004b 0B       		.uleb128 0xb
 1374 004c 3B       		.uleb128 0x3b
 1375 004d 0B       		.uleb128 0xb
 1376 004e 49       		.uleb128 0x49
 1377 004f 13       		.uleb128 0x13
 1378 0050 38       		.uleb128 0x38
 1379 0051 0B       		.uleb128 0xb
 1380 0052 00       		.byte	0
 1381 0053 00       		.byte	0
 1382 0054 07       		.uleb128 0x7
 1383 0055 0D       		.uleb128 0xd
 1384 0056 00       		.byte	0
 1385 0057 03       		.uleb128 0x3
 1386 0058 08       		.uleb128 0x8
 1387 0059 3A       		.uleb128 0x3a
 1388 005a 0B       		.uleb128 0xb
 1389 005b 3B       		.uleb128 0x3b
 1390 005c 0B       		.uleb128 0xb
 1391 005d 49       		.uleb128 0x49
 1392 005e 13       		.uleb128 0x13
 1393 005f 38       		.uleb128 0x38
 1394 0060 0B       		.uleb128 0xb
 1395 0061 00       		.byte	0
 1396 0062 00       		.byte	0
 1397 0063 08       		.uleb128 0x8
 1398 0064 13       		.uleb128 0x13
 1399 0065 01       		.byte	0x1
 1400 0066 0B       		.uleb128 0xb
 1401 0067 0B       		.uleb128 0xb
 1402 0068 3A       		.uleb128 0x3a
 1403 0069 0B       		.uleb128 0xb
 1404 006a 3B       		.uleb128 0x3b
 1405 006b 0B       		.uleb128 0xb
 1406 006c 01       		.uleb128 0x1
 1407 006d 13       		.uleb128 0x13
 1408 006e 00       		.byte	0
 1409 006f 00       		.byte	0
 1410 0070 09       		.uleb128 0x9
 1411 0071 0F       		.uleb128 0xf
 1412 0072 00       		.byte	0
 1413 0073 0B       		.uleb128 0xb
 1414 0074 0B       		.uleb128 0xb
 1415 0075 49       		.uleb128 0x49
 1416 0076 13       		.uleb128 0x13
ARM GAS  /tmp/ccR5VwDU.s 			page 26


 1417 0077 00       		.byte	0
 1418 0078 00       		.byte	0
 1419 0079 0A       		.uleb128 0xa
 1420 007a 0F       		.uleb128 0xf
 1421 007b 00       		.byte	0
 1422 007c 0B       		.uleb128 0xb
 1423 007d 0B       		.uleb128 0xb
 1424 007e 00       		.byte	0
 1425 007f 00       		.byte	0
 1426 0080 0B       		.uleb128 0xb
 1427 0081 13       		.uleb128 0x13
 1428 0082 01       		.byte	0x1
 1429 0083 03       		.uleb128 0x3
 1430 0084 0E       		.uleb128 0xe
 1431 0085 0B       		.uleb128 0xb
 1432 0086 0B       		.uleb128 0xb
 1433 0087 3A       		.uleb128 0x3a
 1434 0088 0B       		.uleb128 0xb
 1435 0089 3B       		.uleb128 0x3b
 1436 008a 05       		.uleb128 0x5
 1437 008b 01       		.uleb128 0x1
 1438 008c 13       		.uleb128 0x13
 1439 008d 00       		.byte	0
 1440 008e 00       		.byte	0
 1441 008f 0C       		.uleb128 0xc
 1442 0090 0D       		.uleb128 0xd
 1443 0091 00       		.byte	0
 1444 0092 03       		.uleb128 0x3
 1445 0093 08       		.uleb128 0x8
 1446 0094 3A       		.uleb128 0x3a
 1447 0095 0B       		.uleb128 0xb
 1448 0096 3B       		.uleb128 0x3b
 1449 0097 05       		.uleb128 0x5
 1450 0098 49       		.uleb128 0x49
 1451 0099 13       		.uleb128 0x13
 1452 009a 38       		.uleb128 0x38
 1453 009b 0B       		.uleb128 0xb
 1454 009c 00       		.byte	0
 1455 009d 00       		.byte	0
 1456 009e 0D       		.uleb128 0xd
 1457 009f 35       		.uleb128 0x35
 1458 00a0 00       		.byte	0
 1459 00a1 49       		.uleb128 0x49
 1460 00a2 13       		.uleb128 0x13
 1461 00a3 00       		.byte	0
 1462 00a4 00       		.byte	0
 1463 00a5 0E       		.uleb128 0xe
 1464 00a6 15       		.uleb128 0x15
 1465 00a7 01       		.byte	0x1
 1466 00a8 27       		.uleb128 0x27
 1467 00a9 19       		.uleb128 0x19
 1468 00aa 49       		.uleb128 0x49
 1469 00ab 13       		.uleb128 0x13
 1470 00ac 01       		.uleb128 0x1
 1471 00ad 13       		.uleb128 0x13
 1472 00ae 00       		.byte	0
 1473 00af 00       		.byte	0
ARM GAS  /tmp/ccR5VwDU.s 			page 27


 1474 00b0 0F       		.uleb128 0xf
 1475 00b1 05       		.uleb128 0x5
 1476 00b2 00       		.byte	0
 1477 00b3 49       		.uleb128 0x49
 1478 00b4 13       		.uleb128 0x13
 1479 00b5 00       		.byte	0
 1480 00b6 00       		.byte	0
 1481 00b7 10       		.uleb128 0x10
 1482 00b8 17       		.uleb128 0x17
 1483 00b9 01       		.byte	0x1
 1484 00ba 0B       		.uleb128 0xb
 1485 00bb 0B       		.uleb128 0xb
 1486 00bc 3A       		.uleb128 0x3a
 1487 00bd 0B       		.uleb128 0xb
 1488 00be 3B       		.uleb128 0x3b
 1489 00bf 0B       		.uleb128 0xb
 1490 00c0 01       		.uleb128 0x1
 1491 00c1 13       		.uleb128 0x13
 1492 00c2 00       		.byte	0
 1493 00c3 00       		.byte	0
 1494 00c4 11       		.uleb128 0x11
 1495 00c5 0D       		.uleb128 0xd
 1496 00c6 00       		.byte	0
 1497 00c7 03       		.uleb128 0x3
 1498 00c8 0E       		.uleb128 0xe
 1499 00c9 3A       		.uleb128 0x3a
 1500 00ca 0B       		.uleb128 0xb
 1501 00cb 3B       		.uleb128 0x3b
 1502 00cc 0B       		.uleb128 0xb
 1503 00cd 49       		.uleb128 0x49
 1504 00ce 13       		.uleb128 0x13
 1505 00cf 00       		.byte	0
 1506 00d0 00       		.byte	0
 1507 00d1 12       		.uleb128 0x12
 1508 00d2 17       		.uleb128 0x17
 1509 00d3 01       		.byte	0x1
 1510 00d4 03       		.uleb128 0x3
 1511 00d5 0E       		.uleb128 0xe
 1512 00d6 0B       		.uleb128 0xb
 1513 00d7 0B       		.uleb128 0xb
 1514 00d8 3A       		.uleb128 0x3a
 1515 00d9 0B       		.uleb128 0xb
 1516 00da 3B       		.uleb128 0x3b
 1517 00db 0B       		.uleb128 0xb
 1518 00dc 01       		.uleb128 0x1
 1519 00dd 13       		.uleb128 0x13
 1520 00de 00       		.byte	0
 1521 00df 00       		.byte	0
 1522 00e0 13       		.uleb128 0x13
 1523 00e1 0D       		.uleb128 0xd
 1524 00e2 00       		.byte	0
 1525 00e3 03       		.uleb128 0x3
 1526 00e4 08       		.uleb128 0x8
 1527 00e5 3A       		.uleb128 0x3a
 1528 00e6 0B       		.uleb128 0xb
 1529 00e7 3B       		.uleb128 0x3b
 1530 00e8 0B       		.uleb128 0xb
ARM GAS  /tmp/ccR5VwDU.s 			page 28


 1531 00e9 49       		.uleb128 0x49
 1532 00ea 13       		.uleb128 0x13
 1533 00eb 00       		.byte	0
 1534 00ec 00       		.byte	0
 1535 00ed 14       		.uleb128 0x14
 1536 00ee 26       		.uleb128 0x26
 1537 00ef 00       		.byte	0
 1538 00f0 49       		.uleb128 0x49
 1539 00f1 13       		.uleb128 0x13
 1540 00f2 00       		.byte	0
 1541 00f3 00       		.byte	0
 1542 00f4 15       		.uleb128 0x15
 1543 00f5 2E       		.uleb128 0x2e
 1544 00f6 01       		.byte	0x1
 1545 00f7 3F       		.uleb128 0x3f
 1546 00f8 19       		.uleb128 0x19
 1547 00f9 03       		.uleb128 0x3
 1548 00fa 0E       		.uleb128 0xe
 1549 00fb 3A       		.uleb128 0x3a
 1550 00fc 0B       		.uleb128 0xb
 1551 00fd 3B       		.uleb128 0x3b
 1552 00fe 0B       		.uleb128 0xb
 1553 00ff 27       		.uleb128 0x27
 1554 0100 19       		.uleb128 0x19
 1555 0101 11       		.uleb128 0x11
 1556 0102 01       		.uleb128 0x1
 1557 0103 12       		.uleb128 0x12
 1558 0104 06       		.uleb128 0x6
 1559 0105 40       		.uleb128 0x40
 1560 0106 18       		.uleb128 0x18
 1561 0107 9742     		.uleb128 0x2117
 1562 0109 19       		.uleb128 0x19
 1563 010a 01       		.uleb128 0x1
 1564 010b 13       		.uleb128 0x13
 1565 010c 00       		.byte	0
 1566 010d 00       		.byte	0
 1567 010e 16       		.uleb128 0x16
 1568 010f 898201   		.uleb128 0x4109
 1569 0112 01       		.byte	0x1
 1570 0113 11       		.uleb128 0x11
 1571 0114 01       		.uleb128 0x1
 1572 0115 9542     		.uleb128 0x2115
 1573 0117 19       		.uleb128 0x19
 1574 0118 31       		.uleb128 0x31
 1575 0119 13       		.uleb128 0x13
 1576 011a 00       		.byte	0
 1577 011b 00       		.byte	0
 1578 011c 17       		.uleb128 0x17
 1579 011d 8A8201   		.uleb128 0x410a
 1580 0120 00       		.byte	0
 1581 0121 02       		.uleb128 0x2
 1582 0122 18       		.uleb128 0x18
 1583 0123 9142     		.uleb128 0x2111
 1584 0125 18       		.uleb128 0x18
 1585 0126 00       		.byte	0
 1586 0127 00       		.byte	0
 1587 0128 18       		.uleb128 0x18
ARM GAS  /tmp/ccR5VwDU.s 			page 29


 1588 0129 05       		.uleb128 0x5
 1589 012a 00       		.byte	0
 1590 012b 03       		.uleb128 0x3
 1591 012c 0E       		.uleb128 0xe
 1592 012d 3A       		.uleb128 0x3a
 1593 012e 0B       		.uleb128 0xb
 1594 012f 3B       		.uleb128 0x3b
 1595 0130 0B       		.uleb128 0xb
 1596 0131 49       		.uleb128 0x49
 1597 0132 13       		.uleb128 0x13
 1598 0133 02       		.uleb128 0x2
 1599 0134 17       		.uleb128 0x17
 1600 0135 00       		.byte	0
 1601 0136 00       		.byte	0
 1602 0137 19       		.uleb128 0x19
 1603 0138 05       		.uleb128 0x5
 1604 0139 00       		.byte	0
 1605 013a 03       		.uleb128 0x3
 1606 013b 08       		.uleb128 0x8
 1607 013c 3A       		.uleb128 0x3a
 1608 013d 0B       		.uleb128 0xb
 1609 013e 3B       		.uleb128 0x3b
 1610 013f 0B       		.uleb128 0xb
 1611 0140 49       		.uleb128 0x49
 1612 0141 13       		.uleb128 0x13
 1613 0142 02       		.uleb128 0x2
 1614 0143 17       		.uleb128 0x17
 1615 0144 00       		.byte	0
 1616 0145 00       		.byte	0
 1617 0146 1A       		.uleb128 0x1a
 1618 0147 34       		.uleb128 0x34
 1619 0148 00       		.byte	0
 1620 0149 03       		.uleb128 0x3
 1621 014a 08       		.uleb128 0x8
 1622 014b 3A       		.uleb128 0x3a
 1623 014c 0B       		.uleb128 0xb
 1624 014d 3B       		.uleb128 0x3b
 1625 014e 0B       		.uleb128 0xb
 1626 014f 49       		.uleb128 0x49
 1627 0150 13       		.uleb128 0x13
 1628 0151 02       		.uleb128 0x2
 1629 0152 17       		.uleb128 0x17
 1630 0153 00       		.byte	0
 1631 0154 00       		.byte	0
 1632 0155 1B       		.uleb128 0x1b
 1633 0156 2E       		.uleb128 0x2e
 1634 0157 01       		.byte	0x1
 1635 0158 3F       		.uleb128 0x3f
 1636 0159 19       		.uleb128 0x19
 1637 015a 03       		.uleb128 0x3
 1638 015b 0E       		.uleb128 0xe
 1639 015c 3A       		.uleb128 0x3a
 1640 015d 0B       		.uleb128 0xb
 1641 015e 3B       		.uleb128 0x3b
 1642 015f 0B       		.uleb128 0xb
 1643 0160 27       		.uleb128 0x27
 1644 0161 19       		.uleb128 0x19
ARM GAS  /tmp/ccR5VwDU.s 			page 30


 1645 0162 49       		.uleb128 0x49
 1646 0163 13       		.uleb128 0x13
 1647 0164 11       		.uleb128 0x11
 1648 0165 01       		.uleb128 0x1
 1649 0166 12       		.uleb128 0x12
 1650 0167 06       		.uleb128 0x6
 1651 0168 40       		.uleb128 0x40
 1652 0169 18       		.uleb128 0x18
 1653 016a 9742     		.uleb128 0x2117
 1654 016c 19       		.uleb128 0x19
 1655 016d 01       		.uleb128 0x1
 1656 016e 13       		.uleb128 0x13
 1657 016f 00       		.byte	0
 1658 0170 00       		.byte	0
 1659 0171 1C       		.uleb128 0x1c
 1660 0172 898201   		.uleb128 0x4109
 1661 0175 01       		.byte	0x1
 1662 0176 11       		.uleb128 0x11
 1663 0177 01       		.uleb128 0x1
 1664 0178 31       		.uleb128 0x31
 1665 0179 13       		.uleb128 0x13
 1666 017a 01       		.uleb128 0x1
 1667 017b 13       		.uleb128 0x13
 1668 017c 00       		.byte	0
 1669 017d 00       		.byte	0
 1670 017e 1D       		.uleb128 0x1d
 1671 017f 898201   		.uleb128 0x4109
 1672 0182 00       		.byte	0
 1673 0183 11       		.uleb128 0x11
 1674 0184 01       		.uleb128 0x1
 1675 0185 31       		.uleb128 0x31
 1676 0186 13       		.uleb128 0x13
 1677 0187 00       		.byte	0
 1678 0188 00       		.byte	0
 1679 0189 1E       		.uleb128 0x1e
 1680 018a 898201   		.uleb128 0x4109
 1681 018d 01       		.byte	0x1
 1682 018e 11       		.uleb128 0x11
 1683 018f 01       		.uleb128 0x1
 1684 0190 01       		.uleb128 0x1
 1685 0191 13       		.uleb128 0x13
 1686 0192 00       		.byte	0
 1687 0193 00       		.byte	0
 1688 0194 1F       		.uleb128 0x1f
 1689 0195 34       		.uleb128 0x34
 1690 0196 00       		.byte	0
 1691 0197 03       		.uleb128 0x3
 1692 0198 0E       		.uleb128 0xe
 1693 0199 3A       		.uleb128 0x3a
 1694 019a 0B       		.uleb128 0xb
 1695 019b 3B       		.uleb128 0x3b
 1696 019c 0B       		.uleb128 0xb
 1697 019d 49       		.uleb128 0x49
 1698 019e 13       		.uleb128 0x13
 1699 019f 02       		.uleb128 0x2
 1700 01a0 17       		.uleb128 0x17
 1701 01a1 00       		.byte	0
ARM GAS  /tmp/ccR5VwDU.s 			page 31


 1702 01a2 00       		.byte	0
 1703 01a3 20       		.uleb128 0x20
 1704 01a4 898201   		.uleb128 0x4109
 1705 01a7 00       		.byte	0
 1706 01a8 11       		.uleb128 0x11
 1707 01a9 01       		.uleb128 0x1
 1708 01aa 9542     		.uleb128 0x2115
 1709 01ac 19       		.uleb128 0x19
 1710 01ad 31       		.uleb128 0x31
 1711 01ae 13       		.uleb128 0x13
 1712 01af 00       		.byte	0
 1713 01b0 00       		.byte	0
 1714 01b1 21       		.uleb128 0x21
 1715 01b2 34       		.uleb128 0x34
 1716 01b3 00       		.byte	0
 1717 01b4 03       		.uleb128 0x3
 1718 01b5 0E       		.uleb128 0xe
 1719 01b6 3A       		.uleb128 0x3a
 1720 01b7 0B       		.uleb128 0xb
 1721 01b8 3B       		.uleb128 0x3b
 1722 01b9 0B       		.uleb128 0xb
 1723 01ba 49       		.uleb128 0x49
 1724 01bb 13       		.uleb128 0x13
 1725 01bc 02       		.uleb128 0x2
 1726 01bd 18       		.uleb128 0x18
 1727 01be 00       		.byte	0
 1728 01bf 00       		.byte	0
 1729 01c0 22       		.uleb128 0x22
 1730 01c1 2E       		.uleb128 0x2e
 1731 01c2 01       		.byte	0x1
 1732 01c3 3F       		.uleb128 0x3f
 1733 01c4 19       		.uleb128 0x19
 1734 01c5 03       		.uleb128 0x3
 1735 01c6 0E       		.uleb128 0xe
 1736 01c7 3A       		.uleb128 0x3a
 1737 01c8 0B       		.uleb128 0xb
 1738 01c9 3B       		.uleb128 0x3b
 1739 01ca 0B       		.uleb128 0xb
 1740 01cb 27       		.uleb128 0x27
 1741 01cc 19       		.uleb128 0x19
 1742 01cd 3C       		.uleb128 0x3c
 1743 01ce 19       		.uleb128 0x19
 1744 01cf 01       		.uleb128 0x1
 1745 01d0 13       		.uleb128 0x13
 1746 01d1 00       		.byte	0
 1747 01d2 00       		.byte	0
 1748 01d3 23       		.uleb128 0x23
 1749 01d4 2E       		.uleb128 0x2e
 1750 01d5 00       		.byte	0
 1751 01d6 3F       		.uleb128 0x3f
 1752 01d7 19       		.uleb128 0x19
 1753 01d8 03       		.uleb128 0x3
 1754 01d9 0E       		.uleb128 0xe
 1755 01da 3A       		.uleb128 0x3a
 1756 01db 0B       		.uleb128 0xb
 1757 01dc 3B       		.uleb128 0x3b
 1758 01dd 0B       		.uleb128 0xb
ARM GAS  /tmp/ccR5VwDU.s 			page 32


 1759 01de 27       		.uleb128 0x27
 1760 01df 19       		.uleb128 0x19
 1761 01e0 49       		.uleb128 0x49
 1762 01e1 13       		.uleb128 0x13
 1763 01e2 3C       		.uleb128 0x3c
 1764 01e3 19       		.uleb128 0x19
 1765 01e4 00       		.byte	0
 1766 01e5 00       		.byte	0
 1767 01e6 00       		.byte	0
 1768              		.section	.debug_loc,"",%progbits
 1769              	.Ldebug_loc0:
 1770              	.LLST0:
 1771 0000 00000000 		.4byte	.LVL1
 1772 0004 0C000000 		.4byte	.LVL4
 1773 0008 0100     		.2byte	0x1
 1774 000a 50       		.byte	0x50
 1775 000b 0C000000 		.4byte	.LVL4
 1776 000f 13000000 		.4byte	.LVL5-1
 1777 0013 0300     		.2byte	0x3
 1778 0015 70       		.byte	0x70
 1779 0016 70       		.sleb128 -16
 1780 0017 9F       		.byte	0x9f
 1781 0018 13000000 		.4byte	.LVL5-1
 1782 001c 14000000 		.4byte	.LFE8
 1783 0020 0400     		.2byte	0x4
 1784 0022 F3       		.byte	0xf3
 1785 0023 01       		.uleb128 0x1
 1786 0024 50       		.byte	0x50
 1787 0025 9F       		.byte	0x9f
 1788 0026 00000000 		.4byte	0
 1789 002a 00000000 		.4byte	0
 1790              	.LLST1:
 1791 002e 00000000 		.4byte	.LVL1
 1792 0032 13000000 		.4byte	.LVL5-1
 1793 0036 0100     		.2byte	0x1
 1794 0038 51       		.byte	0x51
 1795 0039 13000000 		.4byte	.LVL5-1
 1796 003d 14000000 		.4byte	.LFE8
 1797 0041 0400     		.2byte	0x4
 1798 0043 F3       		.byte	0xf3
 1799 0044 01       		.uleb128 0x1
 1800 0045 51       		.byte	0x51
 1801 0046 9F       		.byte	0x9f
 1802 0047 00000000 		.4byte	0
 1803 004b 00000000 		.4byte	0
 1804              	.LLST2:
 1805 004f 00000000 		.4byte	.LVL1
 1806 0053 04000000 		.4byte	.LVL2
 1807 0057 0100     		.2byte	0x1
 1808 0059 52       		.byte	0x52
 1809 005a 04000000 		.4byte	.LVL2
 1810 005e 13000000 		.4byte	.LVL5-1
 1811 0062 0300     		.2byte	0x3
 1812 0064 72       		.byte	0x72
 1813 0065 08       		.sleb128 8
 1814 0066 9F       		.byte	0x9f
 1815 0067 13000000 		.4byte	.LVL5-1
ARM GAS  /tmp/ccR5VwDU.s 			page 33


 1816 006b 14000000 		.4byte	.LFE8
 1817 006f 0400     		.2byte	0x4
 1818 0071 F3       		.byte	0xf3
 1819 0072 01       		.uleb128 0x1
 1820 0073 52       		.byte	0x52
 1821 0074 9F       		.byte	0x9f
 1822 0075 00000000 		.4byte	0
 1823 0079 00000000 		.4byte	0
 1824              	.LLST3:
 1825 007d 08000000 		.4byte	.LVL3
 1826 0081 13000000 		.4byte	.LVL5-1
 1827 0085 0100     		.2byte	0x1
 1828 0087 51       		.byte	0x51
 1829 0088 13000000 		.4byte	.LVL5-1
 1830 008c 14000000 		.4byte	.LFE8
 1831 0090 0400     		.2byte	0x4
 1832 0092 F3       		.byte	0xf3
 1833 0093 01       		.uleb128 0x1
 1834 0094 51       		.byte	0x51
 1835 0095 9F       		.byte	0x9f
 1836 0096 00000000 		.4byte	0
 1837 009a 00000000 		.4byte	0
 1838              	.LLST4:
 1839 009e 00000000 		.4byte	.LVL6
 1840 00a2 0A000000 		.4byte	.LVL7
 1841 00a6 0100     		.2byte	0x1
 1842 00a8 50       		.byte	0x50
 1843 00a9 0A000000 		.4byte	.LVL7
 1844 00ad 80000000 		.4byte	.LFE9
 1845 00b1 0100     		.2byte	0x1
 1846 00b3 56       		.byte	0x56
 1847 00b4 00000000 		.4byte	0
 1848 00b8 00000000 		.4byte	0
 1849              	.LLST5:
 1850 00bc 00000000 		.4byte	.LVL6
 1851 00c0 0C000000 		.4byte	.LVL8
 1852 00c4 0100     		.2byte	0x1
 1853 00c6 51       		.byte	0x51
 1854 00c7 0C000000 		.4byte	.LVL8
 1855 00cb 14000000 		.4byte	.LVL9
 1856 00cf 0300     		.2byte	0x3
 1857 00d1 71       		.byte	0x71
 1858 00d2 79       		.sleb128 -7
 1859 00d3 9F       		.byte	0x9f
 1860 00d4 14000000 		.4byte	.LVL9
 1861 00d8 80000000 		.4byte	.LFE9
 1862 00dc 0100     		.2byte	0x1
 1863 00de 55       		.byte	0x55
 1864 00df 00000000 		.4byte	0
 1865 00e3 00000000 		.4byte	0
 1866              	.LLST6:
 1867 00e7 18000000 		.4byte	.LVL10
 1868 00eb 44000000 		.4byte	.LVL18
 1869 00ef 0100     		.2byte	0x1
 1870 00f1 54       		.byte	0x54
 1871 00f2 48000000 		.4byte	.LVL19
 1872 00f6 56000000 		.4byte	.LVL20
ARM GAS  /tmp/ccR5VwDU.s 			page 34


 1873 00fa 0100     		.2byte	0x1
 1874 00fc 54       		.byte	0x54
 1875 00fd 62000000 		.4byte	.LVL22
 1876 0101 7A000000 		.4byte	.LVL25
 1877 0105 0100     		.2byte	0x1
 1878 0107 54       		.byte	0x54
 1879 0108 00000000 		.4byte	0
 1880 010c 00000000 		.4byte	0
 1881              	.LLST7:
 1882 0110 1E000000 		.4byte	.LVL12
 1883 0114 26000000 		.4byte	.LVL13
 1884 0118 0100     		.2byte	0x1
 1885 011a 53       		.byte	0x53
 1886 011b 28000000 		.4byte	.LVL14
 1887 011f 2F000000 		.4byte	.LVL15-1
 1888 0123 0100     		.2byte	0x1
 1889 0125 53       		.byte	0x53
 1890 0126 3A000000 		.4byte	.LVL16
 1891 012a 40000000 		.4byte	.LVL17
 1892 012e 0100     		.2byte	0x1
 1893 0130 50       		.byte	0x50
 1894 0131 40000000 		.4byte	.LVL17
 1895 0135 44000000 		.4byte	.LVL18
 1896 0139 0300     		.2byte	0x3
 1897 013b 70       		.byte	0x70
 1898 013c 08       		.sleb128 8
 1899 013d 9F       		.byte	0x9f
 1900 013e 48000000 		.4byte	.LVL19
 1901 0142 5D000000 		.4byte	.LVL21-1
 1902 0146 0100     		.2byte	0x1
 1903 0148 53       		.byte	0x53
 1904 0149 5D000000 		.4byte	.LVL21-1
 1905 014d 62000000 		.4byte	.LVL22
 1906 0151 0300     		.2byte	0x3
 1907 0153 74       		.byte	0x74
 1908 0154 78       		.sleb128 -8
 1909 0155 9F       		.byte	0x9f
 1910 0156 62000000 		.4byte	.LVL22
 1911 015a 78000000 		.4byte	.LVL24
 1912 015e 0100     		.2byte	0x1
 1913 0160 53       		.byte	0x53
 1914 0161 00000000 		.4byte	0
 1915 0165 00000000 		.4byte	0
 1916              	.LLST8:
 1917 0169 6A000000 		.4byte	.LVL23
 1918 016d 78000000 		.4byte	.LVL24
 1919 0171 0100     		.2byte	0x1
 1920 0173 57       		.byte	0x57
 1921 0174 00000000 		.4byte	0
 1922 0178 00000000 		.4byte	0
 1923              	.LLST9:
 1924 017c 00000000 		.4byte	.LVL26
 1925 0180 0C000000 		.4byte	.LVL28
 1926 0184 0100     		.2byte	0x1
 1927 0186 50       		.byte	0x50
 1928 0187 0C000000 		.4byte	.LVL28
 1929 018b 5A000000 		.4byte	.LVL37
ARM GAS  /tmp/ccR5VwDU.s 			page 35


 1930 018f 0100     		.2byte	0x1
 1931 0191 56       		.byte	0x56
 1932 0192 5A000000 		.4byte	.LVL37
 1933 0196 5E000000 		.4byte	.LVL38
 1934 019a 0400     		.2byte	0x4
 1935 019c F3       		.byte	0xf3
 1936 019d 01       		.uleb128 0x1
 1937 019e 50       		.byte	0x50
 1938 019f 9F       		.byte	0x9f
 1939 01a0 5E000000 		.4byte	.LVL38
 1940 01a4 8E000000 		.4byte	.LVL39
 1941 01a8 0100     		.2byte	0x1
 1942 01aa 56       		.byte	0x56
 1943 01ab 8E000000 		.4byte	.LVL39
 1944 01af 92000000 		.4byte	.LFE10
 1945 01b3 0400     		.2byte	0x4
 1946 01b5 F3       		.byte	0xf3
 1947 01b6 01       		.uleb128 0x1
 1948 01b7 50       		.byte	0x50
 1949 01b8 9F       		.byte	0x9f
 1950 01b9 00000000 		.4byte	0
 1951 01bd 00000000 		.4byte	0
 1952              	.LLST10:
 1953 01c1 10000000 		.4byte	.LVL29
 1954 01c5 18000000 		.4byte	.LVL32
 1955 01c9 0100     		.2byte	0x1
 1956 01cb 55       		.byte	0x55
 1957 01cc 18000000 		.4byte	.LVL32
 1958 01d0 30000000 		.4byte	.LVL34
 1959 01d4 0100     		.2byte	0x1
 1960 01d6 53       		.byte	0x53
 1961 01d7 32000000 		.4byte	.LVL35
 1962 01db 5D000000 		.4byte	.LVL38-1
 1963 01df 0100     		.2byte	0x1
 1964 01e1 53       		.byte	0x53
 1965 01e2 5E000000 		.4byte	.LVL38
 1966 01e6 91000000 		.4byte	.LVL40-1
 1967 01ea 0100     		.2byte	0x1
 1968 01ec 53       		.byte	0x53
 1969 01ed 00000000 		.4byte	0
 1970 01f1 00000000 		.4byte	0
 1971              	.LLST11:
 1972 01f5 08000000 		.4byte	.LVL27
 1973 01f9 5A000000 		.4byte	.LVL37
 1974 01fd 0100     		.2byte	0x1
 1975 01ff 54       		.byte	0x54
 1976 0200 5A000000 		.4byte	.LVL37
 1977 0204 5E000000 		.4byte	.LVL38
 1978 0208 0600     		.2byte	0x6
 1979 020a F3       		.byte	0xf3
 1980 020b 01       		.uleb128 0x1
 1981 020c 50       		.byte	0x50
 1982 020d 38       		.byte	0x38
 1983 020e 1C       		.byte	0x1c
 1984 020f 9F       		.byte	0x9f
 1985 0210 5E000000 		.4byte	.LVL38
 1986 0214 8E000000 		.4byte	.LVL39
ARM GAS  /tmp/ccR5VwDU.s 			page 36


 1987 0218 0100     		.2byte	0x1
 1988 021a 54       		.byte	0x54
 1989 021b 8E000000 		.4byte	.LVL39
 1990 021f 92000000 		.4byte	.LFE10
 1991 0223 0600     		.2byte	0x6
 1992 0225 F3       		.byte	0xf3
 1993 0226 01       		.uleb128 0x1
 1994 0227 50       		.byte	0x50
 1995 0228 38       		.byte	0x38
 1996 0229 1C       		.byte	0x1c
 1997 022a 9F       		.byte	0x9f
 1998 022b 00000000 		.4byte	0
 1999 022f 00000000 		.4byte	0
 2000              	.LLST12:
 2001 0233 0C000000 		.4byte	.LVL28
 2002 0237 12000000 		.4byte	.LVL30
 2003 023b 0100     		.2byte	0x1
 2004 023d 50       		.byte	0x50
 2005 023e 12000000 		.4byte	.LVL30
 2006 0242 15000000 		.4byte	.LVL31-1
 2007 0246 0200     		.2byte	0x2
 2008 0248 74       		.byte	0x74
 2009 0249 00       		.sleb128 0
 2010 024a 15000000 		.4byte	.LVL31-1
 2011 024e 44000000 		.4byte	.LVL36
 2012 0252 0300     		.2byte	0x3
 2013 0254 75       		.byte	0x75
 2014 0255 78       		.sleb128 -8
 2015 0256 9F       		.byte	0x9f
 2016 0257 00000000 		.4byte	0
 2017 025b 00000000 		.4byte	0
 2018              	.LLST13:
 2019 025f 00000000 		.4byte	.LVL41
 2020 0263 0A000000 		.4byte	.LVL42
 2021 0267 0100     		.2byte	0x1
 2022 0269 50       		.byte	0x50
 2023 026a 0A000000 		.4byte	.LVL42
 2024 026e 1C000000 		.4byte	.LVL44
 2025 0272 0100     		.2byte	0x1
 2026 0274 54       		.byte	0x54
 2027 0275 1C000000 		.4byte	.LVL44
 2028 0279 34000000 		.4byte	.LVL49
 2029 027d 1300     		.2byte	0x13
 2030 027f F3       		.byte	0xf3
 2031 0280 01       		.uleb128 0x1
 2032 0281 50       		.byte	0x50
 2033 0282 03       		.byte	0x3
 2034 0283 00000000 		.4byte	.LANCHOR0
 2035 0287 F3       		.byte	0xf3
 2036 0288 01       		.uleb128 0x1
 2037 0289 50       		.byte	0x50
 2038 028a 30       		.byte	0x30
 2039 028b 2E       		.byte	0x2e
 2040 028c 28       		.byte	0x28
 2041 028d 0100     		.2byte	0x1
 2042 028f 16       		.byte	0x16
 2043 0290 13       		.byte	0x13
ARM GAS  /tmp/ccR5VwDU.s 			page 37


 2044 0291 9F       		.byte	0x9f
 2045 0292 34000000 		.4byte	.LVL49
 2046 0296 38000000 		.4byte	.LVL50
 2047 029a 0100     		.2byte	0x1
 2048 029c 54       		.byte	0x54
 2049 029d 38000000 		.4byte	.LVL50
 2050 02a1 40000000 		.4byte	.LFE11
 2051 02a5 1300     		.2byte	0x13
 2052 02a7 F3       		.byte	0xf3
 2053 02a8 01       		.uleb128 0x1
 2054 02a9 50       		.byte	0x50
 2055 02aa 03       		.byte	0x3
 2056 02ab 00000000 		.4byte	.LANCHOR0
 2057 02af F3       		.byte	0xf3
 2058 02b0 01       		.uleb128 0x1
 2059 02b1 50       		.byte	0x50
 2060 02b2 30       		.byte	0x30
 2061 02b3 2E       		.byte	0x2e
 2062 02b4 28       		.byte	0x28
 2063 02b5 0100     		.2byte	0x1
 2064 02b7 16       		.byte	0x16
 2065 02b8 13       		.byte	0x13
 2066 02b9 9F       		.byte	0x9f
 2067 02ba 00000000 		.4byte	0
 2068 02be 00000000 		.4byte	0
 2069              	.LLST14:
 2070 02c2 00000000 		.4byte	.LVL41
 2071 02c6 13000000 		.4byte	.LVL43-1
 2072 02ca 0100     		.2byte	0x1
 2073 02cc 51       		.byte	0x51
 2074 02cd 13000000 		.4byte	.LVL43-1
 2075 02d1 40000000 		.4byte	.LFE11
 2076 02d5 0100     		.2byte	0x1
 2077 02d7 55       		.byte	0x55
 2078 02d8 00000000 		.4byte	0
 2079 02dc 00000000 		.4byte	0
 2080              	.LLST15:
 2081 02e0 14000000 		.4byte	.LVL43
 2082 02e4 1C000000 		.4byte	.LVL44
 2083 02e8 0300     		.2byte	0x3
 2084 02ea 74       		.byte	0x74
 2085 02eb 08       		.sleb128 8
 2086 02ec 9F       		.byte	0x9f
 2087 02ed 1C000000 		.4byte	.LVL44
 2088 02f1 24000000 		.4byte	.LVL46
 2089 02f5 1500     		.2byte	0x15
 2090 02f7 F3       		.byte	0xf3
 2091 02f8 01       		.uleb128 0x1
 2092 02f9 50       		.byte	0x50
 2093 02fa 03       		.byte	0x3
 2094 02fb 00000000 		.4byte	.LANCHOR0
 2095 02ff F3       		.byte	0xf3
 2096 0300 01       		.uleb128 0x1
 2097 0301 50       		.byte	0x50
 2098 0302 30       		.byte	0x30
 2099 0303 2E       		.byte	0x2e
 2100 0304 28       		.byte	0x28
ARM GAS  /tmp/ccR5VwDU.s 			page 38


 2101 0305 0100     		.2byte	0x1
 2102 0307 16       		.byte	0x16
 2103 0308 13       		.byte	0x13
 2104 0309 23       		.byte	0x23
 2105 030a 08       		.uleb128 0x8
 2106 030b 9F       		.byte	0x9f
 2107 030c 34000000 		.4byte	.LVL49
 2108 0310 38000000 		.4byte	.LVL50
 2109 0314 0300     		.2byte	0x3
 2110 0316 74       		.byte	0x74
 2111 0317 08       		.sleb128 8
 2112 0318 9F       		.byte	0x9f
 2113 0319 38000000 		.4byte	.LVL50
 2114 031d 40000000 		.4byte	.LFE11
 2115 0321 1500     		.2byte	0x15
 2116 0323 F3       		.byte	0xf3
 2117 0324 01       		.uleb128 0x1
 2118 0325 50       		.byte	0x50
 2119 0326 03       		.byte	0x3
 2120 0327 00000000 		.4byte	.LANCHOR0
 2121 032b F3       		.byte	0xf3
 2122 032c 01       		.uleb128 0x1
 2123 032d 50       		.byte	0x50
 2124 032e 30       		.byte	0x30
 2125 032f 2E       		.byte	0x2e
 2126 0330 28       		.byte	0x28
 2127 0331 0100     		.2byte	0x1
 2128 0333 16       		.byte	0x16
 2129 0334 13       		.byte	0x13
 2130 0335 23       		.byte	0x23
 2131 0336 08       		.uleb128 0x8
 2132 0337 9F       		.byte	0x9f
 2133 0338 00000000 		.4byte	0
 2134 033c 00000000 		.4byte	0
 2135              	.LLST16:
 2136 0340 14000000 		.4byte	.LVL43
 2137 0344 1C000000 		.4byte	.LVL44
 2138 0348 0200     		.2byte	0x2
 2139 034a 30       		.byte	0x30
 2140 034b 9F       		.byte	0x9f
 2141 034c 1C000000 		.4byte	.LVL44
 2142 0350 22000000 		.4byte	.LVL45
 2143 0354 0100     		.2byte	0x1
 2144 0356 54       		.byte	0x54
 2145 0357 22000000 		.4byte	.LVL45
 2146 035b 24000000 		.4byte	.LVL46
 2147 035f 0300     		.2byte	0x3
 2148 0361 74       		.byte	0x74
 2149 0362 7F       		.sleb128 -1
 2150 0363 9F       		.byte	0x9f
 2151 0364 24000000 		.4byte	.LVL46
 2152 0368 28000000 		.4byte	.LVL47
 2153 036c 0100     		.2byte	0x1
 2154 036e 54       		.byte	0x54
 2155 036f 34000000 		.4byte	.LVL49
 2156 0373 40000000 		.4byte	.LFE11
 2157 0377 0200     		.2byte	0x2
ARM GAS  /tmp/ccR5VwDU.s 			page 39


 2158 0379 30       		.byte	0x30
 2159 037a 9F       		.byte	0x9f
 2160 037b 00000000 		.4byte	0
 2161 037f 00000000 		.4byte	0
 2162              	.LLST17:
 2163 0383 14000000 		.4byte	.LVL43
 2164 0387 1C000000 		.4byte	.LVL44
 2165 038b 0200     		.2byte	0x2
 2166 038d 30       		.byte	0x30
 2167 038e 9F       		.byte	0x9f
 2168 038f 1C000000 		.4byte	.LVL44
 2169 0393 28000000 		.4byte	.LVL47
 2170 0397 0100     		.2byte	0x1
 2171 0399 52       		.byte	0x52
 2172 039a 34000000 		.4byte	.LVL49
 2173 039e 40000000 		.4byte	.LFE11
 2174 03a2 0200     		.2byte	0x2
 2175 03a4 30       		.byte	0x30
 2176 03a5 9F       		.byte	0x9f
 2177 03a6 00000000 		.4byte	0
 2178 03aa 00000000 		.4byte	0
 2179              		.section	.debug_aranges,"",%progbits
 2180 0000 3C000000 		.4byte	0x3c
 2181 0004 0200     		.2byte	0x2
 2182 0006 00000000 		.4byte	.Ldebug_info0
 2183 000a 04       		.byte	0x4
 2184 000b 00       		.byte	0
 2185 000c 0000     		.2byte	0
 2186 000e 0000     		.2byte	0
 2187 0010 00000000 		.4byte	.LFB7
 2188 0014 1C000000 		.4byte	.LFE7-.LFB7
 2189 0018 00000000 		.4byte	.LFB8
 2190 001c 14000000 		.4byte	.LFE8-.LFB8
 2191 0020 00000000 		.4byte	.LFB9
 2192 0024 80000000 		.4byte	.LFE9-.LFB9
 2193 0028 00000000 		.4byte	.LFB10
 2194 002c 92000000 		.4byte	.LFE10-.LFB10
 2195 0030 00000000 		.4byte	.LFB11
 2196 0034 40000000 		.4byte	.LFE11-.LFB11
 2197 0038 00000000 		.4byte	0
 2198 003c 00000000 		.4byte	0
 2199              		.section	.debug_ranges,"",%progbits
 2200              	.Ldebug_ranges0:
 2201 0000 00000000 		.4byte	.LFB7
 2202 0004 1C000000 		.4byte	.LFE7
 2203 0008 00000000 		.4byte	.LFB8
 2204 000c 14000000 		.4byte	.LFE8
 2205 0010 00000000 		.4byte	.LFB9
 2206 0014 80000000 		.4byte	.LFE9
 2207 0018 00000000 		.4byte	.LFB10
 2208 001c 92000000 		.4byte	.LFE10
 2209 0020 00000000 		.4byte	.LFB11
 2210 0024 40000000 		.4byte	.LFE11
 2211 0028 00000000 		.4byte	0
 2212 002c 00000000 		.4byte	0
 2213              		.section	.debug_line,"",%progbits
 2214              	.Ldebug_line0:
ARM GAS  /tmp/ccR5VwDU.s 			page 40


 2215 0000 0C020000 		.section	.debug_str,"MS",%progbits,1
 2215      02002001 
 2215      00000201 
 2215      FB0E0D00 
 2215      01010101 
 2216              	.LASF38:
 2217 0000 705F6D73 		.ascii	"p_msg\000"
 2217      6700
 2218              	.LASF2:
 2219 0006 73697A65 		.ascii	"size_t\000"
 2219      5F7400
 2220              	.LASF64:
 2221 000d 7264796D 		.ascii	"rdymsg\000"
 2221      736700
 2222              	.LASF12:
 2223 0014 75696E74 		.ascii	"uint64_t\000"
 2223      36345F74 
 2223      00
 2224              	.LASF54:
 2225 001d 6D656D67 		.ascii	"memgetfunc_t\000"
 2225      65746675 
 2225      6E635F74 
 2225      00
 2226              	.LASF13:
 2227 002a 6C6F6E67 		.ascii	"long long unsigned int\000"
 2227      206C6F6E 
 2227      6720756E 
 2227      7369676E 
 2227      65642069 
 2228              	.LASF65:
 2229 0041 65786974 		.ascii	"exitcode\000"
 2229      636F6465 
 2229      00
 2230              	.LASF58:
 2231 004a 685F6672 		.ascii	"h_free\000"
 2231      656500
 2232              	.LASF71:
 2233 0051 68656170 		.ascii	"heapp\000"
 2233      7000
 2234              	.LASF83:
 2235 0057 63684D74 		.ascii	"chMtxUnlock\000"
 2235      78556E6C 
 2235      6F636B00 
 2236              	.LASF70:
 2237 0063 63684865 		.ascii	"chHeapInit\000"
 2237      6170496E 
 2237      697400
 2238              	.LASF60:
 2239 006e 6E657874 		.ascii	"next\000"
 2239      00
 2240              	.LASF26:
 2241 0073 705F7072 		.ascii	"p_prio\000"
 2241      696F00
 2242              	.LASF11:
 2243 007a 6C6F6E67 		.ascii	"long long int\000"
 2243      206C6F6E 
 2243      6720696E 
ARM GAS  /tmp/ccR5VwDU.s 			page 41


 2243      7400
 2244              	.LASF1:
 2245 0088 7369676E 		.ascii	"signed char\000"
 2245      65642063 
 2245      68617200 
 2246              	.LASF59:
 2247 0094 685F6D74 		.ascii	"h_mtx\000"
 2247      7800
 2248              	.LASF42:
 2249 009a 705F6D70 		.ascii	"p_mpool\000"
 2249      6F6F6C00 
 2250              	.LASF51:
 2251 00a2 6D5F7175 		.ascii	"m_queue\000"
 2251      65756500 
 2252              	.LASF72:
 2253 00aa 63684865 		.ascii	"chHeapFree\000"
 2253      61704672 
 2253      656500
 2254              	.LASF18:
 2255 00b5 74736C69 		.ascii	"tslices_t\000"
 2255      6365735F 
 2255      7400
 2256              	.LASF8:
 2257 00bf 6C6F6E67 		.ascii	"long int\000"
 2257      20696E74 
 2257      00
 2258              	.LASF80:
 2259 00c8 2E2E2F2E 		.ascii	"../../os/kernel/src/chheap.c\000"
 2259      2E2F6F73 
 2259      2F6B6572 
 2259      6E656C2F 
 2259      7372632F 
 2260              	.LASF16:
 2261 00e5 74737461 		.ascii	"tstate_t\000"
 2261      74655F74 
 2261      00
 2262              	.LASF28:
 2263 00ee 705F6E65 		.ascii	"p_newer\000"
 2263      77657200 
 2264              	.LASF45:
 2265 00f6 72656761 		.ascii	"regarm_t\000"
 2265      726D5F74 
 2265      00
 2266              	.LASF62:
 2267 00ff 616C6967 		.ascii	"align\000"
 2267      6E00
 2268              	.LASF0:
 2269 0105 756E7369 		.ascii	"unsigned int\000"
 2269      676E6564 
 2269      20696E74 
 2269      00
 2270              	.LASF10:
 2271 0112 6C6F6E67 		.ascii	"long unsigned int\000"
 2271      20756E73 
 2271      69676E65 
 2271      6420696E 
 2271      7400
ARM GAS  /tmp/ccR5VwDU.s 			page 42


 2272              	.LASF48:
 2273 0124 636F6E74 		.ascii	"context\000"
 2273      65787400 
 2274              	.LASF63:
 2275 012c 73697A65 		.ascii	"size\000"
 2275      00
 2276              	.LASF6:
 2277 0131 73686F72 		.ascii	"short unsigned int\000"
 2277      7420756E 
 2277      7369676E 
 2277      65642069 
 2277      6E7400
 2278              	.LASF20:
 2279 0144 6D73675F 		.ascii	"msg_t\000"
 2279      7400
 2280              	.LASF81:
 2281 014a 2F686F6D 		.ascii	"/home/john/git/ChibiOS-RT/demos/ARMCM4-STM32F303-DI"
 2281      652F6A6F 
 2281      686E2F67 
 2281      69742F43 
 2281      68696269 
 2282 017d 53434F56 		.ascii	"SCOVERY\000"
 2282      45525900 
 2283              	.LASF15:
 2284 0185 746D6F64 		.ascii	"tmode_t\000"
 2284      655F7400 
 2285              	.LASF44:
 2286 018d 54687265 		.ascii	"ThreadsList\000"
 2286      6164734C 
 2286      69737400 
 2287              	.LASF21:
 2288 0199 6576656E 		.ascii	"eventmask_t\000"
 2288      746D6173 
 2288      6B5F7400 
 2289              	.LASF50:
 2290 01a5 4D757465 		.ascii	"Mutex\000"
 2290      7800
 2291              	.LASF46:
 2292 01ab 73746B61 		.ascii	"stkalign_t\000"
 2292      6C69676E 
 2292      5F7400
 2293              	.LASF49:
 2294 01b6 73697A65 		.ascii	"sizetype\000"
 2294      74797065 
 2294      00
 2295              	.LASF78:
 2296 01bf 63684D74 		.ascii	"chMtxLock\000"
 2296      784C6F63 
 2296      6B00
 2297              	.LASF29:
 2298 01c9 705F6F6C 		.ascii	"p_older\000"
 2298      64657200 
 2299              	.LASF43:
 2300 01d1 54687265 		.ascii	"ThreadsQueue\000"
 2300      61647351 
 2300      75657565 
 2300      00
ARM GAS  /tmp/ccR5VwDU.s 			page 43


 2301              	.LASF55:
 2302 01de 4D656D6F 		.ascii	"MemoryHeap\000"
 2302      72794865 
 2302      617000
 2303              	.LASF17:
 2304 01e9 74726566 		.ascii	"trefs_t\000"
 2304      735F7400 
 2305              	.LASF25:
 2306 01f1 705F7072 		.ascii	"p_prev\000"
 2306      657600
 2307              	.LASF19:
 2308 01f8 74707269 		.ascii	"tprio_t\000"
 2308      6F5F7400 
 2309              	.LASF79:
 2310 0200 474E5520 		.ascii	"GNU C 4.8.3 20131129 (release) [ARM/embedded-4_8-br"
 2310      4320342E 
 2310      382E3320 
 2310      32303133 
 2310      31313239 
 2311 0233 616E6368 		.ascii	"anch revision 205641] -mcpu=cortex-m4 -mno-thumb-in"
 2311      20726576 
 2311      6973696F 
 2311      6E203230 
 2311      35363431 
 2312 0266 74657277 		.ascii	"terwork -mthumb -ggdb -O2 -fomit-frame-pointer -fal"
 2312      6F726B20 
 2312      2D6D7468 
 2312      756D6220 
 2312      2D676764 
 2313 0299 69676E2D 		.ascii	"ign-functions=16 -ffunction-sections -fdata-section"
 2313      66756E63 
 2313      74696F6E 
 2313      733D3136 
 2313      202D6666 
 2314 02cc 73202D66 		.ascii	"s -fno-common\000"
 2314      6E6F2D63 
 2314      6F6D6D6F 
 2314      6E00
 2315              	.LASF14:
 2316 02da 5F426F6F 		.ascii	"_Bool\000"
 2316      6C00
 2317              	.LASF7:
 2318 02e0 696E7433 		.ascii	"int32_t\000"
 2318      325F7400 
 2319              	.LASF4:
 2320 02e8 756E7369 		.ascii	"unsigned char\000"
 2320      676E6564 
 2320      20636861 
 2320      7200
 2321              	.LASF57:
 2322 02f6 685F7072 		.ascii	"h_provider\000"
 2322      6F766964 
 2322      657200
 2323              	.LASF40:
 2324 0301 705F6D74 		.ascii	"p_mtxlist\000"
 2324      786C6973 
 2324      7400
ARM GAS  /tmp/ccR5VwDU.s 			page 44


 2325              	.LASF5:
 2326 030b 73686F72 		.ascii	"short int\000"
 2326      7420696E 
 2326      7400
 2327              	.LASF31:
 2328 0315 705F7374 		.ascii	"p_state\000"
 2328      61746500 
 2329              	.LASF34:
 2330 031d 705F7072 		.ascii	"p_preempt\000"
 2330      65656D70 
 2330      7400
 2331              	.LASF82:
 2332 0327 68656170 		.ascii	"heap_header\000"
 2332      5F686561 
 2332      64657200 
 2333              	.LASF67:
 2334 0333 65776D61 		.ascii	"ewmask\000"
 2334      736B00
 2335              	.LASF24:
 2336 033a 705F6E65 		.ascii	"p_next\000"
 2336      787400
 2337              	.LASF32:
 2338 0341 705F666C 		.ascii	"p_flags\000"
 2338      61677300 
 2339              	.LASF23:
 2340 0349 54687265 		.ascii	"Thread\000"
 2340      616400
 2341              	.LASF73:
 2342 0350 63684865 		.ascii	"chHeapAlloc\000"
 2342      6170416C 
 2342      6C6F6300 
 2343              	.LASF39:
 2344 035c 705F6570 		.ascii	"p_epending\000"
 2344      656E6469 
 2344      6E6700
 2345              	.LASF9:
 2346 0367 75696E74 		.ascii	"uint32_t\000"
 2346      33325F74 
 2346      00
 2347              	.LASF61:
 2348 0370 68656170 		.ascii	"heap\000"
 2348      00
 2349              	.LASF76:
 2350 0375 64656661 		.ascii	"default_heap\000"
 2350      756C745F 
 2350      68656170 
 2350      00
 2351              	.LASF68:
 2352 0382 63686172 		.ascii	"char\000"
 2352      00
 2353              	.LASF74:
 2354 0387 63684865 		.ascii	"chHeapStatus\000"
 2354      61705374 
 2354      61747573 
 2354      00
 2355              	.LASF53:
 2356 0394 6D5F6E65 		.ascii	"m_next\000"
ARM GAS  /tmp/ccR5VwDU.s 			page 45


 2356      787400
 2357              	.LASF22:
 2358 039b 73797374 		.ascii	"systime_t\000"
 2358      696D655F 
 2358      7400
 2359              	.LASF41:
 2360 03a5 705F7265 		.ascii	"p_realprio\000"
 2360      616C7072 
 2360      696F00
 2361              	.LASF35:
 2362 03b0 705F7469 		.ascii	"p_time\000"
 2362      6D6500
 2363              	.LASF47:
 2364 03b7 696E7463 		.ascii	"intctx\000"
 2364      747800
 2365              	.LASF37:
 2366 03be 705F6D73 		.ascii	"p_msgqueue\000"
 2366      67717565 
 2366      756500
 2367              	.LASF77:
 2368 03c9 63684D74 		.ascii	"chMtxInit\000"
 2368      78496E69 
 2368      7400
 2369              	.LASF33:
 2370 03d3 705F7265 		.ascii	"p_refs\000"
 2370      667300
 2371              	.LASF3:
 2372 03da 75696E74 		.ascii	"uint8_t\000"
 2372      385F7400 
 2373              	.LASF66:
 2374 03e2 77746F62 		.ascii	"wtobjp\000"
 2374      6A7000
 2375              	.LASF75:
 2376 03e9 73697A65 		.ascii	"sizep\000"
 2376      7000
 2377              	.LASF30:
 2378 03ef 705F6E61 		.ascii	"p_name\000"
 2378      6D6500
 2379              	.LASF69:
 2380 03f6 5F686561 		.ascii	"_heap_init\000"
 2380      705F696E 
 2380      697400
 2381              	.LASF52:
 2382 0401 6D5F6F77 		.ascii	"m_owner\000"
 2382      6E657200 
 2383              	.LASF27:
 2384 0409 705F6374 		.ascii	"p_ctx\000"
 2384      7800
 2385              	.LASF36:
 2386 040f 705F7761 		.ascii	"p_waiting\000"
 2386      6974696E 
 2386      6700
 2387              	.LASF56:
 2388 0419 6D656D6F 		.ascii	"memory_heap\000"
 2388      72795F68 
 2388      65617000 
 2389              		.ident	"GCC: (GNU Tools for ARM Embedded Processors) 4.8.3 20131129 (release) [ARM/embedded-4_8-br
ARM GAS  /tmp/ccR5VwDU.s 			page 46


ARM GAS  /tmp/ccR5VwDU.s 			page 47


DEFINED SYMBOLS
                            *ABS*:0000000000000000 chheap.c
     /tmp/ccR5VwDU.s:19     .text._heap_init:0000000000000000 $t
     /tmp/ccR5VwDU.s:25     .text._heap_init:0000000000000000 _heap_init
     /tmp/ccR5VwDU.s:50     .text._heap_init:0000000000000014 $d
     /tmp/ccR5VwDU.s:56     .text.chHeapInit:0000000000000000 $t
     /tmp/ccR5VwDU.s:62     .text.chHeapInit:0000000000000000 chHeapInit
     /tmp/ccR5VwDU.s:96     .text.chHeapAlloc:0000000000000000 $t
     /tmp/ccR5VwDU.s:102    .text.chHeapAlloc:0000000000000000 chHeapAlloc
     /tmp/ccR5VwDU.s:226    .text.chHeapAlloc:000000000000007c $d
     /tmp/ccR5VwDU.s:231    .text.chHeapFree:0000000000000000 $t
     /tmp/ccR5VwDU.s:237    .text.chHeapFree:0000000000000000 chHeapFree
     /tmp/ccR5VwDU.s:358    .text.chHeapStatus:0000000000000000 $t
     /tmp/ccR5VwDU.s:364    .text.chHeapStatus:0000000000000000 chHeapStatus
     /tmp/ccR5VwDU.s:435    .text.chHeapStatus:000000000000003c $d
     /tmp/ccR5VwDU.s:440    .bss.default_heap:0000000000000000 $d
     /tmp/ccR5VwDU.s:444    .bss.default_heap:0000000000000000 default_heap
                     .debug_frame:0000000000000010 $d
     /tmp/ccR5VwDU.s:55     .text._heap_init:000000000000001c $t

UNDEFINED SYMBOLS
chMtxInit
chCoreAlloc
chMtxLock
chMtxUnlock
