ARM GAS  /tmp/ccStTk3b.s 			page 1


   1              		.syntax unified
   2              		.cpu cortex-m4
   3              		.fpu softvfp
   4              		.eabi_attribute 20, 1
   5              		.eabi_attribute 21, 1
   6              		.eabi_attribute 23, 3
   7              		.eabi_attribute 24, 1
   8              		.eabi_attribute 25, 1
   9              		.eabi_attribute 26, 1
  10              		.eabi_attribute 30, 2
  11              		.eabi_attribute 34, 1
  12              		.eabi_attribute 18, 4
  13              		.thumb
  14              		.file	"usb.c"
  15              		.text
  16              	.Ltext0:
  17              		.cfi_sections	.debug_frame
  18              	.Letext0:
  19              		.file 1 "/usr/arm-none-eabi/include/stdint.h"
  20              		.file 2 "../../os/ports/common/ARMCMx/CMSIS/include/core_cm4.h"
  21              		.section	.debug_info,"",%progbits
  22              	.Ldebug_info0:
  23 0000 91000000 		.4byte	0x91
  24 0004 0400     		.2byte	0x4
  25 0006 00000000 		.4byte	.Ldebug_abbrev0
  26 000a 04       		.byte	0x4
  27 000b 01       		.uleb128 0x1
  28 000c 00000000 		.4byte	.LASF12
  29 0010 01       		.byte	0x1
  30 0011 5E010000 		.4byte	.LASF13
  31 0015 FA000000 		.4byte	.LASF14
  32 0019 00000000 		.4byte	.Ldebug_line0
  33 001d 02       		.uleb128 0x2
  34 001e 04       		.byte	0x4
  35 001f 05       		.byte	0x5
  36 0020 696E7400 		.ascii	"int\000"
  37 0024 03       		.uleb128 0x3
  38 0025 04       		.byte	0x4
  39 0026 07       		.byte	0x7
  40 0027 ED000000 		.4byte	.LASF0
  41 002b 03       		.uleb128 0x3
  42 002c 01       		.byte	0x1
  43 002d 06       		.byte	0x6
  44 002e B2010000 		.4byte	.LASF1
  45 0032 03       		.uleb128 0x3
  46 0033 01       		.byte	0x1
  47 0034 08       		.byte	0x8
  48 0035 75010000 		.4byte	.LASF2
  49 0039 03       		.uleb128 0x3
  50 003a 02       		.byte	0x2
  51 003b 05       		.byte	0x5
  52 003c BE010000 		.4byte	.LASF3
  53 0040 03       		.uleb128 0x3
  54 0041 02       		.byte	0x2
  55 0042 07       		.byte	0x7
  56 0043 DA000000 		.4byte	.LASF4
  57 0047 03       		.uleb128 0x3
ARM GAS  /tmp/ccStTk3b.s 			page 2


  58 0048 08       		.byte	0x8
  59 0049 05       		.byte	0x5
  60 004a 97010000 		.4byte	.LASF5
  61 004e 03       		.uleb128 0x3
  62 004f 08       		.byte	0x8
  63 0050 07       		.byte	0x7
  64 0051 47010000 		.4byte	.LASF6
  65 0055 03       		.uleb128 0x3
  66 0056 04       		.byte	0x4
  67 0057 05       		.byte	0x5
  68 0058 88010000 		.4byte	.LASF7
  69 005c 03       		.uleb128 0x3
  70 005d 04       		.byte	0x4
  71 005e 07       		.byte	0x7
  72 005f D0010000 		.4byte	.LASF8
  73 0063 03       		.uleb128 0x3
  74 0064 04       		.byte	0x4
  75 0065 07       		.byte	0x7
  76 0066 35010000 		.4byte	.LASF9
  77 006a 03       		.uleb128 0x3
  78 006b 01       		.byte	0x1
  79 006c 08       		.byte	0x8
  80 006d 83010000 		.4byte	.LASF10
  81 0071 04       		.uleb128 0x4
  82 0072 C8010000 		.4byte	.LASF15
  83 0076 01       		.byte	0x1
  84 0077 4F       		.byte	0x4f
  85 0078 55000000 		.4byte	0x55
  86 007c 03       		.uleb128 0x3
  87 007d 01       		.byte	0x1
  88 007e 02       		.byte	0x2
  89 007f 91010000 		.4byte	.LASF11
  90 0083 05       		.uleb128 0x5
  91 0084 71000000 		.4byte	0x71
  92 0088 06       		.uleb128 0x6
  93 0089 A5010000 		.4byte	.LASF16
  94 008d 02       		.byte	0x2
  95 008e 9806     		.2byte	0x698
  96 0090 83000000 		.4byte	0x83
  97 0094 00       		.byte	0
  98              		.section	.debug_abbrev,"",%progbits
  99              	.Ldebug_abbrev0:
 100 0000 01       		.uleb128 0x1
 101 0001 11       		.uleb128 0x11
 102 0002 01       		.byte	0x1
 103 0003 25       		.uleb128 0x25
 104 0004 0E       		.uleb128 0xe
 105 0005 13       		.uleb128 0x13
 106 0006 0B       		.uleb128 0xb
 107 0007 03       		.uleb128 0x3
 108 0008 0E       		.uleb128 0xe
 109 0009 1B       		.uleb128 0x1b
 110 000a 0E       		.uleb128 0xe
 111 000b 10       		.uleb128 0x10
 112 000c 17       		.uleb128 0x17
 113 000d 00       		.byte	0
 114 000e 00       		.byte	0
ARM GAS  /tmp/ccStTk3b.s 			page 3


 115 000f 02       		.uleb128 0x2
 116 0010 24       		.uleb128 0x24
 117 0011 00       		.byte	0
 118 0012 0B       		.uleb128 0xb
 119 0013 0B       		.uleb128 0xb
 120 0014 3E       		.uleb128 0x3e
 121 0015 0B       		.uleb128 0xb
 122 0016 03       		.uleb128 0x3
 123 0017 08       		.uleb128 0x8
 124 0018 00       		.byte	0
 125 0019 00       		.byte	0
 126 001a 03       		.uleb128 0x3
 127 001b 24       		.uleb128 0x24
 128 001c 00       		.byte	0
 129 001d 0B       		.uleb128 0xb
 130 001e 0B       		.uleb128 0xb
 131 001f 3E       		.uleb128 0x3e
 132 0020 0B       		.uleb128 0xb
 133 0021 03       		.uleb128 0x3
 134 0022 0E       		.uleb128 0xe
 135 0023 00       		.byte	0
 136 0024 00       		.byte	0
 137 0025 04       		.uleb128 0x4
 138 0026 16       		.uleb128 0x16
 139 0027 00       		.byte	0
 140 0028 03       		.uleb128 0x3
 141 0029 0E       		.uleb128 0xe
 142 002a 3A       		.uleb128 0x3a
 143 002b 0B       		.uleb128 0xb
 144 002c 3B       		.uleb128 0x3b
 145 002d 0B       		.uleb128 0xb
 146 002e 49       		.uleb128 0x49
 147 002f 13       		.uleb128 0x13
 148 0030 00       		.byte	0
 149 0031 00       		.byte	0
 150 0032 05       		.uleb128 0x5
 151 0033 35       		.uleb128 0x35
 152 0034 00       		.byte	0
 153 0035 49       		.uleb128 0x49
 154 0036 13       		.uleb128 0x13
 155 0037 00       		.byte	0
 156 0038 00       		.byte	0
 157 0039 06       		.uleb128 0x6
 158 003a 34       		.uleb128 0x34
 159 003b 00       		.byte	0
 160 003c 03       		.uleb128 0x3
 161 003d 0E       		.uleb128 0xe
 162 003e 3A       		.uleb128 0x3a
 163 003f 0B       		.uleb128 0xb
 164 0040 3B       		.uleb128 0x3b
 165 0041 05       		.uleb128 0x5
 166 0042 49       		.uleb128 0x49
 167 0043 13       		.uleb128 0x13
 168 0044 3F       		.uleb128 0x3f
 169 0045 19       		.uleb128 0x19
 170 0046 3C       		.uleb128 0x3c
 171 0047 19       		.uleb128 0x19
ARM GAS  /tmp/ccStTk3b.s 			page 4


 172 0048 00       		.byte	0
 173 0049 00       		.byte	0
 174 004a 00       		.byte	0
 175              		.section	.debug_aranges,"",%progbits
 176 0000 14000000 		.4byte	0x14
 177 0004 0200     		.2byte	0x2
 178 0006 00000000 		.4byte	.Ldebug_info0
 179 000a 04       		.byte	0x4
 180 000b 00       		.byte	0
 181 000c 0000     		.2byte	0
 182 000e 0000     		.2byte	0
 183 0010 00000000 		.4byte	0
 184 0014 00000000 		.4byte	0
 185              		.section	.debug_line,"",%progbits
 186              	.Ldebug_line0:
 187 0000 79000000 		.section	.debug_str,"MS",%progbits,1
 187      02007300 
 187      00000201 
 187      FB0E0D00 
 187      01010101 
 188              	.LASF12:
 189 0000 474E5520 		.ascii	"GNU C 4.8.3 20131129 (release) [ARM/embedded-4_8-br"
 189      4320342E 
 189      382E3320 
 189      32303133 
 189      31313239 
 190 0033 616E6368 		.ascii	"anch revision 205641] -mcpu=cortex-m4 -mno-thumb-in"
 190      20726576 
 190      6973696F 
 190      6E203230 
 190      35363431 
 191 0066 74657277 		.ascii	"terwork -mthumb -ggdb -O2 -fomit-frame-pointer -fal"
 191      6F726B20 
 191      2D6D7468 
 191      756D6220 
 191      2D676764 
 192 0099 69676E2D 		.ascii	"ign-functions=16 -ffunction-sections -fdata-section"
 192      66756E63 
 192      74696F6E 
 192      733D3136 
 192      202D6666 
 193 00cc 73202D66 		.ascii	"s -fno-common\000"
 193      6E6F2D63 
 193      6F6D6D6F 
 193      6E00
 194              	.LASF4:
 195 00da 73686F72 		.ascii	"short unsigned int\000"
 195      7420756E 
 195      7369676E 
 195      65642069 
 195      6E7400
 196              	.LASF0:
 197 00ed 756E7369 		.ascii	"unsigned int\000"
 197      676E6564 
 197      20696E74 
 197      00
 198              	.LASF14:
ARM GAS  /tmp/ccStTk3b.s 			page 5


 199 00fa 2F686F6D 		.ascii	"/home/john/git/ChibiOS-RT/demos/ARMCM4-STM32F303-DI"
 199      652F6A6F 
 199      686E2F67 
 199      69742F43 
 199      68696269 
 200 012d 53434F56 		.ascii	"SCOVERY\000"
 200      45525900 
 201              	.LASF9:
 202 0135 6C6F6E67 		.ascii	"long unsigned int\000"
 202      20756E73 
 202      69676E65 
 202      6420696E 
 202      7400
 203              	.LASF6:
 204 0147 6C6F6E67 		.ascii	"long long unsigned int\000"
 204      206C6F6E 
 204      6720756E 
 204      7369676E 
 204      65642069 
 205              	.LASF13:
 206 015e 2E2E2F2E 		.ascii	"../../os/hal/src/usb.c\000"
 206      2E2F6F73 
 206      2F68616C 
 206      2F737263 
 206      2F757362 
 207              	.LASF2:
 208 0175 756E7369 		.ascii	"unsigned char\000"
 208      676E6564 
 208      20636861 
 208      7200
 209              	.LASF10:
 210 0183 63686172 		.ascii	"char\000"
 210      00
 211              	.LASF7:
 212 0188 6C6F6E67 		.ascii	"long int\000"
 212      20696E74 
 212      00
 213              	.LASF11:
 214 0191 5F426F6F 		.ascii	"_Bool\000"
 214      6C00
 215              	.LASF5:
 216 0197 6C6F6E67 		.ascii	"long long int\000"
 216      206C6F6E 
 216      6720696E 
 216      7400
 217              	.LASF16:
 218 01a5 49544D5F 		.ascii	"ITM_RxBuffer\000"
 218      52784275 
 218      66666572 
 218      00
 219              	.LASF1:
 220 01b2 7369676E 		.ascii	"signed char\000"
 220      65642063 
 220      68617200 
 221              	.LASF3:
 222 01be 73686F72 		.ascii	"short int\000"
 222      7420696E 
ARM GAS  /tmp/ccStTk3b.s 			page 6


 222      7400
 223              	.LASF15:
 224 01c8 696E7433 		.ascii	"int32_t\000"
 224      325F7400 
 225              	.LASF8:
 226 01d0 73697A65 		.ascii	"sizetype\000"
 226      74797065 
 226      00
 227              		.ident	"GCC: (GNU Tools for ARM Embedded Processors) 4.8.3 20131129 (release) [ARM/embedded-4_8-br
ARM GAS  /tmp/ccStTk3b.s 			page 7


DEFINED SYMBOLS
                            *ABS*:0000000000000000 usb.c

NO UNDEFINED SYMBOLS
