ARM GAS  /tmp/cc3vXwSK.s 			page 1


   1              		.syntax unified
   2              		.cpu cortex-m4
   3              		.fpu softvfp
   4              		.eabi_attribute 20, 1
   5              		.eabi_attribute 21, 1
   6              		.eabi_attribute 23, 3
   7              		.eabi_attribute 24, 1
   8              		.eabi_attribute 25, 1
   9              		.eabi_attribute 26, 1
  10              		.eabi_attribute 30, 2
  11              		.eabi_attribute 34, 1
  12              		.eabi_attribute 18, 4
  13              		.thumb
  14              		.file	"vectors.c"
  15              		.text
  16              	.Ltext0:
  17              		.cfi_sections	.debug_frame
  18              		.section	.text._unhandled_exception,"ax",%progbits
  19              		.align	2
  20              		.p2align 4,,15
  21              		.global	_unhandled_exception
  22              		.thumb
  23              		.thumb_func
  24              		.type	_unhandled_exception, %function
  25              	_unhandled_exception:
  26              	.LFB7:
  27              		.file 1 "../../os/ports/GCC/ARMCMx/STM32F3xx/vectors.c"
  28              		.loc 1 208 0
  29              		.cfi_startproc
  30              		@ Naked Function: prologue and epilogue provided by programmer.
  31              		@ Volatile: function does not return.
  32              		@ args = 0, pretend = 0, frame = 0
  33              		@ frame_needed = 0, uses_anonymous_args = 0
  34              	.L2:
  35 0000 FEE7     		b	.L2
  36              		.cfi_endproc
  37              	.LFE7:
  38              		.size	_unhandled_exception, .-_unhandled_exception
  39              		.weak	NMIVector
  40              		.thumb_set NMIVector,_unhandled_exception
  41              		.weak	HardFaultVector
  42              		.thumb_set HardFaultVector,_unhandled_exception
  43              		.weak	MemManageVector
  44              		.thumb_set MemManageVector,_unhandled_exception
  45              		.weak	BusFaultVector
  46              		.thumb_set BusFaultVector,_unhandled_exception
  47              		.weak	UsageFaultVector
  48              		.thumb_set UsageFaultVector,_unhandled_exception
  49              		.weak	Vector1C
  50              		.thumb_set Vector1C,_unhandled_exception
  51              		.weak	Vector20
  52              		.thumb_set Vector20,_unhandled_exception
  53              		.weak	Vector24
  54              		.thumb_set Vector24,_unhandled_exception
  55              		.weak	Vector28
  56              		.thumb_set Vector28,_unhandled_exception
  57              		.weak	SVCallVector
ARM GAS  /tmp/cc3vXwSK.s 			page 2


  58              		.thumb_set SVCallVector,_unhandled_exception
  59              		.weak	DebugMonitorVector
  60              		.thumb_set DebugMonitorVector,_unhandled_exception
  61              		.weak	Vector34
  62              		.thumb_set Vector34,_unhandled_exception
  63              		.weak	PendSVVector
  64              		.thumb_set PendSVVector,_unhandled_exception
  65              		.weak	SysTickVector
  66              		.thumb_set SysTickVector,_unhandled_exception
  67              		.weak	Vector40
  68              		.thumb_set Vector40,_unhandled_exception
  69              		.weak	Vector44
  70              		.thumb_set Vector44,_unhandled_exception
  71              		.weak	Vector48
  72              		.thumb_set Vector48,_unhandled_exception
  73              		.weak	Vector4C
  74              		.thumb_set Vector4C,_unhandled_exception
  75              		.weak	Vector50
  76              		.thumb_set Vector50,_unhandled_exception
  77              		.weak	Vector54
  78              		.thumb_set Vector54,_unhandled_exception
  79              		.weak	Vector58
  80              		.thumb_set Vector58,_unhandled_exception
  81              		.weak	Vector5C
  82              		.thumb_set Vector5C,_unhandled_exception
  83              		.weak	Vector60
  84              		.thumb_set Vector60,_unhandled_exception
  85              		.weak	Vector64
  86              		.thumb_set Vector64,_unhandled_exception
  87              		.weak	Vector68
  88              		.thumb_set Vector68,_unhandled_exception
  89              		.weak	Vector6C
  90              		.thumb_set Vector6C,_unhandled_exception
  91              		.weak	Vector70
  92              		.thumb_set Vector70,_unhandled_exception
  93              		.weak	Vector74
  94              		.thumb_set Vector74,_unhandled_exception
  95              		.weak	Vector78
  96              		.thumb_set Vector78,_unhandled_exception
  97              		.weak	Vector7C
  98              		.thumb_set Vector7C,_unhandled_exception
  99              		.weak	Vector80
 100              		.thumb_set Vector80,_unhandled_exception
 101              		.weak	Vector84
 102              		.thumb_set Vector84,_unhandled_exception
 103              		.weak	Vector88
 104              		.thumb_set Vector88,_unhandled_exception
 105              		.weak	Vector8C
 106              		.thumb_set Vector8C,_unhandled_exception
 107              		.weak	Vector90
 108              		.thumb_set Vector90,_unhandled_exception
 109              		.weak	Vector94
 110              		.thumb_set Vector94,_unhandled_exception
 111              		.weak	Vector98
 112              		.thumb_set Vector98,_unhandled_exception
 113              		.weak	Vector9C
 114              		.thumb_set Vector9C,_unhandled_exception
ARM GAS  /tmp/cc3vXwSK.s 			page 3


 115              		.weak	VectorA0
 116              		.thumb_set VectorA0,_unhandled_exception
 117              		.weak	VectorA4
 118              		.thumb_set VectorA4,_unhandled_exception
 119              		.weak	VectorA8
 120              		.thumb_set VectorA8,_unhandled_exception
 121              		.weak	VectorAC
 122              		.thumb_set VectorAC,_unhandled_exception
 123              		.weak	VectorB0
 124              		.thumb_set VectorB0,_unhandled_exception
 125              		.weak	VectorB4
 126              		.thumb_set VectorB4,_unhandled_exception
 127              		.weak	VectorB8
 128              		.thumb_set VectorB8,_unhandled_exception
 129              		.weak	VectorBC
 130              		.thumb_set VectorBC,_unhandled_exception
 131              		.weak	VectorC0
 132              		.thumb_set VectorC0,_unhandled_exception
 133              		.weak	VectorC4
 134              		.thumb_set VectorC4,_unhandled_exception
 135              		.weak	VectorC8
 136              		.thumb_set VectorC8,_unhandled_exception
 137              		.weak	VectorCC
 138              		.thumb_set VectorCC,_unhandled_exception
 139              		.weak	VectorD0
 140              		.thumb_set VectorD0,_unhandled_exception
 141              		.weak	VectorD4
 142              		.thumb_set VectorD4,_unhandled_exception
 143              		.weak	VectorD8
 144              		.thumb_set VectorD8,_unhandled_exception
 145              		.weak	VectorDC
 146              		.thumb_set VectorDC,_unhandled_exception
 147              		.weak	VectorE0
 148              		.thumb_set VectorE0,_unhandled_exception
 149              		.weak	VectorE4
 150              		.thumb_set VectorE4,_unhandled_exception
 151              		.weak	VectorE8
 152              		.thumb_set VectorE8,_unhandled_exception
 153              		.weak	VectorEC
 154              		.thumb_set VectorEC,_unhandled_exception
 155              		.weak	VectorF0
 156              		.thumb_set VectorF0,_unhandled_exception
 157              		.weak	VectorF4
 158              		.thumb_set VectorF4,_unhandled_exception
 159              		.weak	VectorF8
 160              		.thumb_set VectorF8,_unhandled_exception
 161              		.weak	VectorFC
 162              		.thumb_set VectorFC,_unhandled_exception
 163              		.weak	Vector100
 164              		.thumb_set Vector100,_unhandled_exception
 165              		.weak	Vector104
 166              		.thumb_set Vector104,_unhandled_exception
 167              		.weak	Vector108
 168              		.thumb_set Vector108,_unhandled_exception
 169              		.weak	Vector10C
 170              		.thumb_set Vector10C,_unhandled_exception
 171              		.weak	Vector110
ARM GAS  /tmp/cc3vXwSK.s 			page 4


 172              		.thumb_set Vector110,_unhandled_exception
 173              		.weak	Vector114
 174              		.thumb_set Vector114,_unhandled_exception
 175              		.weak	Vector118
 176              		.thumb_set Vector118,_unhandled_exception
 177              		.weak	Vector11C
 178              		.thumb_set Vector11C,_unhandled_exception
 179              		.weak	Vector120
 180              		.thumb_set Vector120,_unhandled_exception
 181              		.weak	Vector124
 182              		.thumb_set Vector124,_unhandled_exception
 183              		.weak	Vector128
 184              		.thumb_set Vector128,_unhandled_exception
 185              		.weak	Vector12C
 186              		.thumb_set Vector12C,_unhandled_exception
 187              		.weak	Vector130
 188              		.thumb_set Vector130,_unhandled_exception
 189              		.weak	Vector134
 190              		.thumb_set Vector134,_unhandled_exception
 191              		.weak	Vector138
 192              		.thumb_set Vector138,_unhandled_exception
 193              		.weak	Vector13C
 194              		.thumb_set Vector13C,_unhandled_exception
 195              		.weak	Vector140
 196              		.thumb_set Vector140,_unhandled_exception
 197              		.weak	Vector144
 198              		.thumb_set Vector144,_unhandled_exception
 199              		.weak	Vector148
 200              		.thumb_set Vector148,_unhandled_exception
 201              		.weak	Vector14C
 202              		.thumb_set Vector14C,_unhandled_exception
 203              		.weak	Vector150
 204              		.thumb_set Vector150,_unhandled_exception
 205              		.weak	Vector154
 206              		.thumb_set Vector154,_unhandled_exception
 207              		.weak	Vector158
 208              		.thumb_set Vector158,_unhandled_exception
 209              		.weak	Vector15C
 210              		.thumb_set Vector15C,_unhandled_exception
 211              		.weak	Vector160
 212              		.thumb_set Vector160,_unhandled_exception
 213              		.weak	Vector164
 214              		.thumb_set Vector164,_unhandled_exception
 215              		.weak	Vector168
 216              		.thumb_set Vector168,_unhandled_exception
 217              		.weak	Vector16C
 218              		.thumb_set Vector16C,_unhandled_exception
 219              		.weak	Vector170
 220              		.thumb_set Vector170,_unhandled_exception
 221              		.weak	Vector174
 222              		.thumb_set Vector174,_unhandled_exception
 223              		.weak	Vector178
 224              		.thumb_set Vector178,_unhandled_exception
 225              		.weak	Vector17C
 226              		.thumb_set Vector17C,_unhandled_exception
 227              		.weak	Vector180
 228              		.thumb_set Vector180,_unhandled_exception
ARM GAS  /tmp/cc3vXwSK.s 			page 5


 229              		.weak	Vector184
 230              		.thumb_set Vector184,_unhandled_exception
 231              		.global	_vectors
 232 0002 00BFAFF3 		.section	vectors,"aw",%progbits
 232      0080AFF3 
 232      0080AFF3 
 232      0080
 233              		.align	2
 234              		.type	_vectors, %object
 235              		.size	_vectors, 392
 236              	_vectors:
 237 0000 00000000 		.word	__main_stack_end__
 238 0004 00000000 		.word	ResetHandler
 239 0008 00000000 		.word	NMIVector
 240 000c 00000000 		.word	HardFaultVector
 241 0010 00000000 		.word	MemManageVector
 242 0014 00000000 		.word	BusFaultVector
 243 0018 00000000 		.word	UsageFaultVector
 244 001c 00000000 		.word	Vector1C
 245 0020 00000000 		.word	Vector20
 246 0024 00000000 		.word	Vector24
 247 0028 00000000 		.word	Vector28
 248 002c 00000000 		.word	SVCallVector
 249 0030 00000000 		.word	DebugMonitorVector
 250 0034 00000000 		.word	Vector34
 251 0038 00000000 		.word	PendSVVector
 252 003c 00000000 		.word	SysTickVector
 253 0040 00000000 		.word	Vector40
 254 0044 00000000 		.word	Vector44
 255 0048 00000000 		.word	Vector48
 256 004c 00000000 		.word	Vector4C
 257 0050 00000000 		.word	Vector50
 258 0054 00000000 		.word	Vector54
 259 0058 00000000 		.word	Vector58
 260 005c 00000000 		.word	Vector5C
 261 0060 00000000 		.word	Vector60
 262 0064 00000000 		.word	Vector64
 263 0068 00000000 		.word	Vector68
 264 006c 00000000 		.word	Vector6C
 265 0070 00000000 		.word	Vector70
 266 0074 00000000 		.word	Vector74
 267 0078 00000000 		.word	Vector78
 268 007c 00000000 		.word	Vector7C
 269 0080 00000000 		.word	Vector80
 270 0084 00000000 		.word	Vector84
 271 0088 00000000 		.word	Vector88
 272 008c 00000000 		.word	Vector8C
 273 0090 00000000 		.word	Vector90
 274 0094 00000000 		.word	Vector94
 275 0098 00000000 		.word	Vector98
 276 009c 00000000 		.word	Vector9C
 277 00a0 00000000 		.word	VectorA0
 278 00a4 00000000 		.word	VectorA4
 279 00a8 00000000 		.word	VectorA8
 280 00ac 00000000 		.word	VectorAC
 281 00b0 00000000 		.word	VectorB0
 282 00b4 00000000 		.word	VectorB4
ARM GAS  /tmp/cc3vXwSK.s 			page 6


 283 00b8 00000000 		.word	VectorB8
 284 00bc 00000000 		.word	VectorBC
 285 00c0 00000000 		.word	VectorC0
 286 00c4 00000000 		.word	VectorC4
 287 00c8 00000000 		.word	VectorC8
 288 00cc 00000000 		.word	VectorCC
 289 00d0 00000000 		.word	VectorD0
 290 00d4 00000000 		.word	VectorD4
 291 00d8 00000000 		.word	VectorD8
 292 00dc 00000000 		.word	VectorDC
 293 00e0 00000000 		.word	VectorE0
 294 00e4 00000000 		.word	VectorE4
 295 00e8 00000000 		.word	VectorE8
 296 00ec 00000000 		.word	VectorEC
 297 00f0 00000000 		.word	VectorF0
 298 00f4 00000000 		.word	VectorF4
 299 00f8 00000000 		.word	VectorF8
 300 00fc 00000000 		.word	VectorFC
 301 0100 00000000 		.word	Vector100
 302 0104 00000000 		.word	Vector104
 303 0108 00000000 		.word	Vector108
 304 010c 00000000 		.word	Vector10C
 305 0110 00000000 		.word	Vector110
 306 0114 00000000 		.word	Vector114
 307 0118 00000000 		.word	Vector118
 308 011c 00000000 		.word	Vector11C
 309 0120 00000000 		.word	Vector120
 310 0124 00000000 		.word	Vector124
 311 0128 00000000 		.word	Vector128
 312 012c 00000000 		.word	Vector12C
 313 0130 00000000 		.word	Vector130
 314 0134 00000000 		.word	Vector134
 315 0138 00000000 		.word	Vector138
 316 013c 00000000 		.word	Vector13C
 317 0140 00000000 		.word	Vector140
 318 0144 00000000 		.word	Vector144
 319 0148 00000000 		.word	Vector148
 320 014c 00000000 		.word	Vector14C
 321 0150 00000000 		.word	Vector150
 322 0154 00000000 		.word	Vector154
 323 0158 00000000 		.word	Vector158
 324 015c 00000000 		.word	Vector15C
 325 0160 00000000 		.word	Vector160
 326 0164 00000000 		.word	Vector164
 327 0168 00000000 		.word	Vector168
 328 016c 00000000 		.word	Vector16C
 329 0170 00000000 		.word	Vector170
 330 0174 00000000 		.word	Vector174
 331 0178 00000000 		.word	Vector178
 332 017c 00000000 		.word	Vector17C
 333 0180 00000000 		.word	Vector180
 334 0184 00000000 		.word	Vector184
 335              		.text
 336              	.Letext0:
 337              		.file 2 "/usr/arm-none-eabi/include/stdint.h"
 338              		.section	.debug_info,"",%progbits
 339              	.Ldebug_info0:
ARM GAS  /tmp/cc3vXwSK.s 			page 7


 340 0000 BE010000 		.4byte	0x1be
 341 0004 0400     		.2byte	0x4
 342 0006 00000000 		.4byte	.Ldebug_abbrev0
 343 000a 04       		.byte	0x4
 344 000b 01       		.uleb128 0x1
 345 000c 4D000000 		.4byte	.LASF34
 346 0010 01       		.byte	0x1
 347 0011 16000000 		.4byte	.LASF35
 348 0015 85010000 		.4byte	.LASF36
 349 0019 00000000 		.4byte	.Ldebug_ranges0+0
 350 001d 00000000 		.4byte	0
 351 0021 00000000 		.4byte	.Ldebug_line0
 352 0025 02       		.uleb128 0x2
 353 0026 04       		.byte	0x4
 354 0027 05       		.byte	0x5
 355 0028 696E7400 		.ascii	"int\000"
 356 002c 03       		.uleb128 0x3
 357 002d 04       		.byte	0x4
 358 002e 07       		.byte	0x7
 359 002f CF010000 		.4byte	.LASF0
 360 0033 03       		.uleb128 0x3
 361 0034 01       		.byte	0x1
 362 0035 06       		.byte	0x6
 363 0036 C5020000 		.4byte	.LASF1
 364 003a 03       		.uleb128 0x3
 365 003b 01       		.byte	0x1
 366 003c 08       		.byte	0x8
 367 003d 49010000 		.4byte	.LASF2
 368 0041 03       		.uleb128 0x3
 369 0042 02       		.byte	0x2
 370 0043 05       		.byte	0x5
 371 0044 9C020000 		.4byte	.LASF3
 372 0048 03       		.uleb128 0x3
 373 0049 02       		.byte	0x2
 374 004a 07       		.byte	0x7
 375 004b 69010000 		.4byte	.LASF4
 376 004f 03       		.uleb128 0x3
 377 0050 04       		.byte	0x4
 378 0051 05       		.byte	0x5
 379 0052 BC020000 		.4byte	.LASF5
 380 0056 04       		.uleb128 0x4
 381 0057 B3020000 		.4byte	.LASF12
 382 005b 02       		.byte	0x2
 383 005c 50       		.byte	0x50
 384 005d 61000000 		.4byte	0x61
 385 0061 03       		.uleb128 0x3
 386 0062 04       		.byte	0x4
 387 0063 07       		.byte	0x7
 388 0064 57010000 		.4byte	.LASF6
 389 0068 03       		.uleb128 0x3
 390 0069 08       		.byte	0x8
 391 006a 05       		.byte	0x5
 392 006b 5B020000 		.4byte	.LASF7
 393 006f 03       		.uleb128 0x3
 394 0070 08       		.byte	0x8
 395 0071 07       		.byte	0x7
 396 0072 E7010000 		.4byte	.LASF8
ARM GAS  /tmp/cc3vXwSK.s 			page 8


 397 0076 03       		.uleb128 0x3
 398 0077 01       		.byte	0x1
 399 0078 02       		.byte	0x2
 400 0079 EE020000 		.4byte	.LASF9
 401 007d 03       		.uleb128 0x3
 402 007e 04       		.byte	0x4
 403 007f 07       		.byte	0x7
 404 0080 33020000 		.4byte	.LASF10
 405 0084 03       		.uleb128 0x3
 406 0085 01       		.byte	0x1
 407 0086 08       		.byte	0x8
 408 0087 69020000 		.4byte	.LASF11
 409 008b 04       		.uleb128 0x4
 410 008c 09000000 		.4byte	.LASF13
 411 0090 01       		.byte	0x1
 412 0091 24       		.byte	0x24
 413 0092 96000000 		.4byte	0x96
 414 0096 05       		.uleb128 0x5
 415 0097 04       		.byte	0x4
 416 0098 9C000000 		.4byte	0x9c
 417 009c 06       		.uleb128 0x6
 418 009d 07       		.uleb128 0x7
 419 009e 8801     		.2byte	0x188
 420 00a0 01       		.byte	0x1
 421 00a1 29       		.byte	0x29
 422 00a2 73010000 		.4byte	0x173
 423 00a6 08       		.uleb128 0x8
 424 00a7 30010000 		.4byte	.LASF14
 425 00ab 01       		.byte	0x1
 426 00ac 2A       		.byte	0x2a
 427 00ad 73010000 		.4byte	0x173
 428 00b1 00       		.byte	0
 429 00b2 08       		.uleb128 0x8
 430 00b3 A6020000 		.4byte	.LASF15
 431 00b7 01       		.byte	0x1
 432 00b8 2B       		.byte	0x2b
 433 00b9 8B000000 		.4byte	0x8b
 434 00bd 04       		.byte	0x4
 435 00be 08       		.uleb128 0x8
 436 00bf DC010000 		.4byte	.LASF16
 437 00c3 01       		.byte	0x1
 438 00c4 2C       		.byte	0x2c
 439 00c5 8B000000 		.4byte	0x8b
 440 00c9 08       		.byte	0x8
 441 00ca 08       		.uleb128 0x8
 442 00cb 4A020000 		.4byte	.LASF17
 443 00cf 01       		.byte	0x1
 444 00d0 2D       		.byte	0x2d
 445 00d1 8B000000 		.4byte	0x8b
 446 00d5 0C       		.byte	0xc
 447 00d6 08       		.uleb128 0x8
 448 00d7 6E020000 		.4byte	.LASF18
 449 00db 01       		.byte	0x1
 450 00dc 2E       		.byte	0x2e
 451 00dd 8B000000 		.4byte	0x8b
 452 00e1 10       		.byte	0x10
 453 00e2 08       		.uleb128 0x8
ARM GAS  /tmp/cc3vXwSK.s 			page 9


 454 00e3 FE010000 		.4byte	.LASF19
 455 00e7 01       		.byte	0x1
 456 00e8 2F       		.byte	0x2f
 457 00e9 8B000000 		.4byte	0x8b
 458 00ed 14       		.byte	0x14
 459 00ee 08       		.uleb128 0x8
 460 00ef 17020000 		.4byte	.LASF20
 461 00f3 01       		.byte	0x1
 462 00f4 30       		.byte	0x30
 463 00f5 8B000000 		.4byte	0x8b
 464 00f9 18       		.byte	0x18
 465 00fa 08       		.uleb128 0x8
 466 00fb 7C010000 		.4byte	.LASF21
 467 00ff 01       		.byte	0x1
 468 0100 31       		.byte	0x31
 469 0101 8B000000 		.4byte	0x8b
 470 0105 1C       		.byte	0x1c
 471 0106 08       		.uleb128 0x8
 472 0107 E5020000 		.4byte	.LASF22
 473 010b 01       		.byte	0x1
 474 010c 32       		.byte	0x32
 475 010d 8B000000 		.4byte	0x8b
 476 0111 20       		.byte	0x20
 477 0112 08       		.uleb128 0x8
 478 0113 00000000 		.4byte	.LASF23
 479 0117 01       		.byte	0x1
 480 0118 33       		.byte	0x33
 481 0119 8B000000 		.4byte	0x8b
 482 011d 24       		.byte	0x24
 483 011e 08       		.uleb128 0x8
 484 011f 0E020000 		.4byte	.LASF24
 485 0123 01       		.byte	0x1
 486 0124 34       		.byte	0x34
 487 0125 8B000000 		.4byte	0x8b
 488 0129 28       		.byte	0x28
 489 012a 08       		.uleb128 0x8
 490 012b 3B010000 		.4byte	.LASF25
 491 012f 01       		.byte	0x1
 492 0130 35       		.byte	0x35
 493 0131 8B000000 		.4byte	0x8b
 494 0135 2C       		.byte	0x2c
 495 0136 08       		.uleb128 0x8
 496 0137 D1020000 		.4byte	.LASF26
 497 013b 01       		.byte	0x1
 498 013c 36       		.byte	0x36
 499 013d 8B000000 		.4byte	0x8b
 500 0141 30       		.byte	0x30
 501 0142 08       		.uleb128 0x8
 502 0143 44000000 		.4byte	.LASF27
 503 0147 01       		.byte	0x1
 504 0148 37       		.byte	0x37
 505 0149 8B000000 		.4byte	0x8b
 506 014d 34       		.byte	0x34
 507 014e 08       		.uleb128 0x8
 508 014f 3C020000 		.4byte	.LASF28
 509 0153 01       		.byte	0x1
 510 0154 38       		.byte	0x38
ARM GAS  /tmp/cc3vXwSK.s 			page 10


 511 0155 8B000000 		.4byte	0x8b
 512 0159 38       		.byte	0x38
 513 015a 08       		.uleb128 0x8
 514 015b C0010000 		.4byte	.LASF29
 515 015f 01       		.byte	0x1
 516 0160 39       		.byte	0x39
 517 0161 8B000000 		.4byte	0x8b
 518 0165 3C       		.byte	0x3c
 519 0166 08       		.uleb128 0x8
 520 0167 94020000 		.4byte	.LASF30
 521 016b 01       		.byte	0x1
 522 016c 3A       		.byte	0x3a
 523 016d 79010000 		.4byte	0x179
 524 0171 40       		.byte	0x40
 525 0172 00       		.byte	0
 526 0173 05       		.uleb128 0x5
 527 0174 04       		.byte	0x4
 528 0175 56000000 		.4byte	0x56
 529 0179 09       		.uleb128 0x9
 530 017a 8B000000 		.4byte	0x8b
 531 017e 89010000 		.4byte	0x189
 532 0182 0A       		.uleb128 0xa
 533 0183 7D000000 		.4byte	0x7d
 534 0187 51       		.byte	0x51
 535 0188 00       		.byte	0
 536 0189 04       		.uleb128 0x4
 537 018a 29020000 		.4byte	.LASF31
 538 018e 01       		.byte	0x1
 539 018f 3B       		.byte	0x3b
 540 0190 9D000000 		.4byte	0x9d
 541 0194 0B       		.uleb128 0xb
 542 0195 7F020000 		.4byte	.LASF37
 543 0199 01       		.byte	0x1
 544 019a D0       		.byte	0xd0
 545 019b 00000000 		.4byte	.LFB7
 546 019f 02000000 		.4byte	.LFE7-.LFB7
 547 01a3 01       		.uleb128 0x1
 548 01a4 9C       		.byte	0x9c
 549 01a5 0C       		.uleb128 0xc
 550 01a6 F4020000 		.4byte	.LASF32
 551 01aa 01       		.byte	0x1
 552 01ab 3E       		.byte	0x3e
 553 01ac 56000000 		.4byte	0x56
 554 01b0 0D       		.uleb128 0xd
 555 01b1 27010000 		.4byte	.LASF33
 556 01b5 01       		.byte	0x1
 557 01b6 A8       		.byte	0xa8
 558 01b7 89010000 		.4byte	0x189
 559 01bb 05       		.uleb128 0x5
 560 01bc 03       		.byte	0x3
 561 01bd 00000000 		.4byte	_vectors
 562 01c1 00       		.byte	0
 563              		.section	.debug_abbrev,"",%progbits
 564              	.Ldebug_abbrev0:
 565 0000 01       		.uleb128 0x1
 566 0001 11       		.uleb128 0x11
 567 0002 01       		.byte	0x1
ARM GAS  /tmp/cc3vXwSK.s 			page 11


 568 0003 25       		.uleb128 0x25
 569 0004 0E       		.uleb128 0xe
 570 0005 13       		.uleb128 0x13
 571 0006 0B       		.uleb128 0xb
 572 0007 03       		.uleb128 0x3
 573 0008 0E       		.uleb128 0xe
 574 0009 1B       		.uleb128 0x1b
 575 000a 0E       		.uleb128 0xe
 576 000b 55       		.uleb128 0x55
 577 000c 17       		.uleb128 0x17
 578 000d 11       		.uleb128 0x11
 579 000e 01       		.uleb128 0x1
 580 000f 10       		.uleb128 0x10
 581 0010 17       		.uleb128 0x17
 582 0011 00       		.byte	0
 583 0012 00       		.byte	0
 584 0013 02       		.uleb128 0x2
 585 0014 24       		.uleb128 0x24
 586 0015 00       		.byte	0
 587 0016 0B       		.uleb128 0xb
 588 0017 0B       		.uleb128 0xb
 589 0018 3E       		.uleb128 0x3e
 590 0019 0B       		.uleb128 0xb
 591 001a 03       		.uleb128 0x3
 592 001b 08       		.uleb128 0x8
 593 001c 00       		.byte	0
 594 001d 00       		.byte	0
 595 001e 03       		.uleb128 0x3
 596 001f 24       		.uleb128 0x24
 597 0020 00       		.byte	0
 598 0021 0B       		.uleb128 0xb
 599 0022 0B       		.uleb128 0xb
 600 0023 3E       		.uleb128 0x3e
 601 0024 0B       		.uleb128 0xb
 602 0025 03       		.uleb128 0x3
 603 0026 0E       		.uleb128 0xe
 604 0027 00       		.byte	0
 605 0028 00       		.byte	0
 606 0029 04       		.uleb128 0x4
 607 002a 16       		.uleb128 0x16
 608 002b 00       		.byte	0
 609 002c 03       		.uleb128 0x3
 610 002d 0E       		.uleb128 0xe
 611 002e 3A       		.uleb128 0x3a
 612 002f 0B       		.uleb128 0xb
 613 0030 3B       		.uleb128 0x3b
 614 0031 0B       		.uleb128 0xb
 615 0032 49       		.uleb128 0x49
 616 0033 13       		.uleb128 0x13
 617 0034 00       		.byte	0
 618 0035 00       		.byte	0
 619 0036 05       		.uleb128 0x5
 620 0037 0F       		.uleb128 0xf
 621 0038 00       		.byte	0
 622 0039 0B       		.uleb128 0xb
 623 003a 0B       		.uleb128 0xb
 624 003b 49       		.uleb128 0x49
ARM GAS  /tmp/cc3vXwSK.s 			page 12


 625 003c 13       		.uleb128 0x13
 626 003d 00       		.byte	0
 627 003e 00       		.byte	0
 628 003f 06       		.uleb128 0x6
 629 0040 15       		.uleb128 0x15
 630 0041 00       		.byte	0
 631 0042 27       		.uleb128 0x27
 632 0043 19       		.uleb128 0x19
 633 0044 00       		.byte	0
 634 0045 00       		.byte	0
 635 0046 07       		.uleb128 0x7
 636 0047 13       		.uleb128 0x13
 637 0048 01       		.byte	0x1
 638 0049 0B       		.uleb128 0xb
 639 004a 05       		.uleb128 0x5
 640 004b 3A       		.uleb128 0x3a
 641 004c 0B       		.uleb128 0xb
 642 004d 3B       		.uleb128 0x3b
 643 004e 0B       		.uleb128 0xb
 644 004f 01       		.uleb128 0x1
 645 0050 13       		.uleb128 0x13
 646 0051 00       		.byte	0
 647 0052 00       		.byte	0
 648 0053 08       		.uleb128 0x8
 649 0054 0D       		.uleb128 0xd
 650 0055 00       		.byte	0
 651 0056 03       		.uleb128 0x3
 652 0057 0E       		.uleb128 0xe
 653 0058 3A       		.uleb128 0x3a
 654 0059 0B       		.uleb128 0xb
 655 005a 3B       		.uleb128 0x3b
 656 005b 0B       		.uleb128 0xb
 657 005c 49       		.uleb128 0x49
 658 005d 13       		.uleb128 0x13
 659 005e 38       		.uleb128 0x38
 660 005f 0B       		.uleb128 0xb
 661 0060 00       		.byte	0
 662 0061 00       		.byte	0
 663 0062 09       		.uleb128 0x9
 664 0063 01       		.uleb128 0x1
 665 0064 01       		.byte	0x1
 666 0065 49       		.uleb128 0x49
 667 0066 13       		.uleb128 0x13
 668 0067 01       		.uleb128 0x1
 669 0068 13       		.uleb128 0x13
 670 0069 00       		.byte	0
 671 006a 00       		.byte	0
 672 006b 0A       		.uleb128 0xa
 673 006c 21       		.uleb128 0x21
 674 006d 00       		.byte	0
 675 006e 49       		.uleb128 0x49
 676 006f 13       		.uleb128 0x13
 677 0070 2F       		.uleb128 0x2f
 678 0071 0B       		.uleb128 0xb
 679 0072 00       		.byte	0
 680 0073 00       		.byte	0
 681 0074 0B       		.uleb128 0xb
ARM GAS  /tmp/cc3vXwSK.s 			page 13


 682 0075 2E       		.uleb128 0x2e
 683 0076 00       		.byte	0
 684 0077 3F       		.uleb128 0x3f
 685 0078 19       		.uleb128 0x19
 686 0079 03       		.uleb128 0x3
 687 007a 0E       		.uleb128 0xe
 688 007b 3A       		.uleb128 0x3a
 689 007c 0B       		.uleb128 0xb
 690 007d 3B       		.uleb128 0x3b
 691 007e 0B       		.uleb128 0xb
 692 007f 27       		.uleb128 0x27
 693 0080 19       		.uleb128 0x19
 694 0081 11       		.uleb128 0x11
 695 0082 01       		.uleb128 0x1
 696 0083 12       		.uleb128 0x12
 697 0084 06       		.uleb128 0x6
 698 0085 40       		.uleb128 0x40
 699 0086 18       		.uleb128 0x18
 700 0087 9742     		.uleb128 0x2117
 701 0089 19       		.uleb128 0x19
 702 008a 00       		.byte	0
 703 008b 00       		.byte	0
 704 008c 0C       		.uleb128 0xc
 705 008d 34       		.uleb128 0x34
 706 008e 00       		.byte	0
 707 008f 03       		.uleb128 0x3
 708 0090 0E       		.uleb128 0xe
 709 0091 3A       		.uleb128 0x3a
 710 0092 0B       		.uleb128 0xb
 711 0093 3B       		.uleb128 0x3b
 712 0094 0B       		.uleb128 0xb
 713 0095 49       		.uleb128 0x49
 714 0096 13       		.uleb128 0x13
 715 0097 3F       		.uleb128 0x3f
 716 0098 19       		.uleb128 0x19
 717 0099 3C       		.uleb128 0x3c
 718 009a 19       		.uleb128 0x19
 719 009b 00       		.byte	0
 720 009c 00       		.byte	0
 721 009d 0D       		.uleb128 0xd
 722 009e 34       		.uleb128 0x34
 723 009f 00       		.byte	0
 724 00a0 03       		.uleb128 0x3
 725 00a1 0E       		.uleb128 0xe
 726 00a2 3A       		.uleb128 0x3a
 727 00a3 0B       		.uleb128 0xb
 728 00a4 3B       		.uleb128 0x3b
 729 00a5 0B       		.uleb128 0xb
 730 00a6 49       		.uleb128 0x49
 731 00a7 13       		.uleb128 0x13
 732 00a8 3F       		.uleb128 0x3f
 733 00a9 19       		.uleb128 0x19
 734 00aa 02       		.uleb128 0x2
 735 00ab 18       		.uleb128 0x18
 736 00ac 00       		.byte	0
 737 00ad 00       		.byte	0
 738 00ae 00       		.byte	0
ARM GAS  /tmp/cc3vXwSK.s 			page 14


 739              		.section	.debug_aranges,"",%progbits
 740 0000 1C000000 		.4byte	0x1c
 741 0004 0200     		.2byte	0x2
 742 0006 00000000 		.4byte	.Ldebug_info0
 743 000a 04       		.byte	0x4
 744 000b 00       		.byte	0
 745 000c 0000     		.2byte	0
 746 000e 0000     		.2byte	0
 747 0010 00000000 		.4byte	.LFB7
 748 0014 02000000 		.4byte	.LFE7-.LFB7
 749 0018 00000000 		.4byte	0
 750 001c 00000000 		.4byte	0
 751              		.section	.debug_ranges,"",%progbits
 752              	.Ldebug_ranges0:
 753 0000 00000000 		.4byte	.LFB7
 754 0004 02000000 		.4byte	.LFE7
 755 0008 00000000 		.4byte	0
 756 000c 00000000 		.4byte	0
 757              		.section	.debug_line,"",%progbits
 758              	.Ldebug_line0:
 759 0000 81000000 		.section	.debug_str,"MS",%progbits,1
 759      02006B00 
 759      00000201 
 759      FB0E0D00 
 759      01010101 
 760              	.LASF23:
 761 0000 76656374 		.ascii	"vector24\000"
 761      6F723234 
 761      00
 762              	.LASF13:
 763 0009 6972715F 		.ascii	"irq_vector_t\000"
 763      76656374 
 763      6F725F74 
 763      00
 764              	.LASF35:
 765 0016 2E2E2F2E 		.ascii	"../../os/ports/GCC/ARMCMx/STM32F3xx/vectors.c\000"
 765      2E2F6F73 
 765      2F706F72 
 765      74732F47 
 765      43432F41 
 766              	.LASF27:
 767 0044 76656374 		.ascii	"vector34\000"
 767      6F723334 
 767      00
 768              	.LASF34:
 769 004d 474E5520 		.ascii	"GNU C 4.8.3 20131129 (release) [ARM/embedded-4_8-br"
 769      4320342E 
 769      382E3320 
 769      32303133 
 769      31313239 
 770 0080 616E6368 		.ascii	"anch revision 205641] -mcpu=cortex-m4 -mno-thumb-in"
 770      20726576 
 770      6973696F 
 770      6E203230 
 770      35363431 
 771 00b3 74657277 		.ascii	"terwork -mthumb -ggdb -O2 -fomit-frame-pointer -fal"
 771      6F726B20 
ARM GAS  /tmp/cc3vXwSK.s 			page 15


 771      2D6D7468 
 771      756D6220 
 771      2D676764 
 772 00e6 69676E2D 		.ascii	"ign-functions=16 -ffunction-sections -fdata-section"
 772      66756E63 
 772      74696F6E 
 772      733D3136 
 772      202D6666 
 773 0119 73202D66 		.ascii	"s -fno-common\000"
 773      6E6F2D63 
 773      6F6D6D6F 
 773      6E00
 774              	.LASF33:
 775 0127 5F766563 		.ascii	"_vectors\000"
 775      746F7273 
 775      00
 776              	.LASF14:
 777 0130 696E6974 		.ascii	"init_stack\000"
 777      5F737461 
 777      636B00
 778              	.LASF25:
 779 013b 73766361 		.ascii	"svcall_vector\000"
 779      6C6C5F76 
 779      6563746F 
 779      7200
 780              	.LASF2:
 781 0149 756E7369 		.ascii	"unsigned char\000"
 781      676E6564 
 781      20636861 
 781      7200
 782              	.LASF6:
 783 0157 6C6F6E67 		.ascii	"long unsigned int\000"
 783      20756E73 
 783      69676E65 
 783      6420696E 
 783      7400
 784              	.LASF4:
 785 0169 73686F72 		.ascii	"short unsigned int\000"
 785      7420756E 
 785      7369676E 
 785      65642069 
 785      6E7400
 786              	.LASF21:
 787 017c 76656374 		.ascii	"vector1c\000"
 787      6F723163 
 787      00
 788              	.LASF36:
 789 0185 2F686F6D 		.ascii	"/home/john/git/ChibiOS-RT/demos/ARMCM4-STM32F303-DI"
 789      652F6A6F 
 789      686E2F67 
 789      69742F43 
 789      68696269 
 790 01b8 53434F56 		.ascii	"SCOVERY\000"
 790      45525900 
 791              	.LASF29:
 792 01c0 73797374 		.ascii	"systick_vector\000"
 792      69636B5F 
ARM GAS  /tmp/cc3vXwSK.s 			page 16


 792      76656374 
 792      6F7200
 793              	.LASF0:
 794 01cf 756E7369 		.ascii	"unsigned int\000"
 794      676E6564 
 794      20696E74 
 794      00
 795              	.LASF16:
 796 01dc 6E6D695F 		.ascii	"nmi_vector\000"
 796      76656374 
 796      6F7200
 797              	.LASF8:
 798 01e7 6C6F6E67 		.ascii	"long long unsigned int\000"
 798      206C6F6E 
 798      6720756E 
 798      7369676E 
 798      65642069 
 799              	.LASF19:
 800 01fe 62757366 		.ascii	"busfault_vector\000"
 800      61756C74 
 800      5F766563 
 800      746F7200 
 801              	.LASF24:
 802 020e 76656374 		.ascii	"vector28\000"
 802      6F723238 
 802      00
 803              	.LASF20:
 804 0217 75736167 		.ascii	"usagefault_vector\000"
 804      65666175 
 804      6C745F76 
 804      6563746F 
 804      7200
 805              	.LASF31:
 806 0229 76656374 		.ascii	"vectors_t\000"
 806      6F72735F 
 806      7400
 807              	.LASF10:
 808 0233 73697A65 		.ascii	"sizetype\000"
 808      74797065 
 808      00
 809              	.LASF28:
 810 023c 70656E64 		.ascii	"pendsv_vector\000"
 810      73765F76 
 810      6563746F 
 810      7200
 811              	.LASF17:
 812 024a 68617264 		.ascii	"hardfault_vector\000"
 812      6661756C 
 812      745F7665 
 812      63746F72 
 812      00
 813              	.LASF7:
 814 025b 6C6F6E67 		.ascii	"long long int\000"
 814      206C6F6E 
 814      6720696E 
 814      7400
 815              	.LASF11:
ARM GAS  /tmp/cc3vXwSK.s 			page 17


 816 0269 63686172 		.ascii	"char\000"
 816      00
 817              	.LASF18:
 818 026e 6D656D6D 		.ascii	"memmanage_vector\000"
 818      616E6167 
 818      655F7665 
 818      63746F72 
 818      00
 819              	.LASF37:
 820 027f 5F756E68 		.ascii	"_unhandled_exception\000"
 820      616E646C 
 820      65645F65 
 820      78636570 
 820      74696F6E 
 821              	.LASF30:
 822 0294 76656374 		.ascii	"vectors\000"
 822      6F727300 
 823              	.LASF3:
 824 029c 73686F72 		.ascii	"short int\000"
 824      7420696E 
 824      7400
 825              	.LASF15:
 826 02a6 72657365 		.ascii	"reset_vector\000"
 826      745F7665 
 826      63746F72 
 826      00
 827              	.LASF12:
 828 02b3 75696E74 		.ascii	"uint32_t\000"
 828      33325F74 
 828      00
 829              	.LASF5:
 830 02bc 6C6F6E67 		.ascii	"long int\000"
 830      20696E74 
 830      00
 831              	.LASF1:
 832 02c5 7369676E 		.ascii	"signed char\000"
 832      65642063 
 832      68617200 
 833              	.LASF26:
 834 02d1 64656275 		.ascii	"debugmonitor_vector\000"
 834      676D6F6E 
 834      69746F72 
 834      5F766563 
 834      746F7200 
 835              	.LASF22:
 836 02e5 76656374 		.ascii	"vector20\000"
 836      6F723230 
 836      00
 837              	.LASF9:
 838 02ee 5F426F6F 		.ascii	"_Bool\000"
 838      6C00
 839              	.LASF32:
 840 02f4 5F5F6D61 		.ascii	"__main_stack_end__\000"
 840      696E5F73 
 840      7461636B 
 840      5F656E64 
 840      5F5F00
ARM GAS  /tmp/cc3vXwSK.s 			page 18


 841              		.ident	"GCC: (GNU Tools for ARM Embedded Processors) 4.8.3 20131129 (release) [ARM/embedded-4_8-br
ARM GAS  /tmp/cc3vXwSK.s 			page 19


DEFINED SYMBOLS
                            *ABS*:0000000000000000 vectors.c
     /tmp/cc3vXwSK.s:19     .text._unhandled_exception:0000000000000000 $t
     /tmp/cc3vXwSK.s:25     .text._unhandled_exception:0000000000000000 _unhandled_exception
     /tmp/cc3vXwSK.s:25     .text._unhandled_exception:0000000000000000 NMIVector
     /tmp/cc3vXwSK.s:25     .text._unhandled_exception:0000000000000000 HardFaultVector
     /tmp/cc3vXwSK.s:25     .text._unhandled_exception:0000000000000000 MemManageVector
     /tmp/cc3vXwSK.s:25     .text._unhandled_exception:0000000000000000 BusFaultVector
     /tmp/cc3vXwSK.s:25     .text._unhandled_exception:0000000000000000 UsageFaultVector
     /tmp/cc3vXwSK.s:25     .text._unhandled_exception:0000000000000000 Vector1C
     /tmp/cc3vXwSK.s:25     .text._unhandled_exception:0000000000000000 Vector20
     /tmp/cc3vXwSK.s:25     .text._unhandled_exception:0000000000000000 Vector24
     /tmp/cc3vXwSK.s:25     .text._unhandled_exception:0000000000000000 Vector28
     /tmp/cc3vXwSK.s:25     .text._unhandled_exception:0000000000000000 SVCallVector
     /tmp/cc3vXwSK.s:25     .text._unhandled_exception:0000000000000000 DebugMonitorVector
     /tmp/cc3vXwSK.s:25     .text._unhandled_exception:0000000000000000 Vector34
     /tmp/cc3vXwSK.s:25     .text._unhandled_exception:0000000000000000 PendSVVector
     /tmp/cc3vXwSK.s:25     .text._unhandled_exception:0000000000000000 SysTickVector
     /tmp/cc3vXwSK.s:25     .text._unhandled_exception:0000000000000000 Vector40
     /tmp/cc3vXwSK.s:25     .text._unhandled_exception:0000000000000000 Vector44
     /tmp/cc3vXwSK.s:25     .text._unhandled_exception:0000000000000000 Vector48
     /tmp/cc3vXwSK.s:25     .text._unhandled_exception:0000000000000000 Vector4C
     /tmp/cc3vXwSK.s:25     .text._unhandled_exception:0000000000000000 Vector50
     /tmp/cc3vXwSK.s:25     .text._unhandled_exception:0000000000000000 Vector54
     /tmp/cc3vXwSK.s:25     .text._unhandled_exception:0000000000000000 Vector58
     /tmp/cc3vXwSK.s:25     .text._unhandled_exception:0000000000000000 Vector5C
     /tmp/cc3vXwSK.s:25     .text._unhandled_exception:0000000000000000 Vector60
     /tmp/cc3vXwSK.s:25     .text._unhandled_exception:0000000000000000 Vector64
     /tmp/cc3vXwSK.s:25     .text._unhandled_exception:0000000000000000 Vector68
     /tmp/cc3vXwSK.s:25     .text._unhandled_exception:0000000000000000 Vector6C
     /tmp/cc3vXwSK.s:25     .text._unhandled_exception:0000000000000000 Vector70
     /tmp/cc3vXwSK.s:25     .text._unhandled_exception:0000000000000000 Vector74
     /tmp/cc3vXwSK.s:25     .text._unhandled_exception:0000000000000000 Vector78
     /tmp/cc3vXwSK.s:25     .text._unhandled_exception:0000000000000000 Vector7C
     /tmp/cc3vXwSK.s:25     .text._unhandled_exception:0000000000000000 Vector80
     /tmp/cc3vXwSK.s:25     .text._unhandled_exception:0000000000000000 Vector84
     /tmp/cc3vXwSK.s:25     .text._unhandled_exception:0000000000000000 Vector88
     /tmp/cc3vXwSK.s:25     .text._unhandled_exception:0000000000000000 Vector8C
     /tmp/cc3vXwSK.s:25     .text._unhandled_exception:0000000000000000 Vector90
     /tmp/cc3vXwSK.s:25     .text._unhandled_exception:0000000000000000 Vector94
     /tmp/cc3vXwSK.s:25     .text._unhandled_exception:0000000000000000 Vector98
     /tmp/cc3vXwSK.s:25     .text._unhandled_exception:0000000000000000 Vector9C
     /tmp/cc3vXwSK.s:25     .text._unhandled_exception:0000000000000000 VectorA0
     /tmp/cc3vXwSK.s:25     .text._unhandled_exception:0000000000000000 VectorA4
     /tmp/cc3vXwSK.s:25     .text._unhandled_exception:0000000000000000 VectorA8
     /tmp/cc3vXwSK.s:25     .text._unhandled_exception:0000000000000000 VectorAC
     /tmp/cc3vXwSK.s:25     .text._unhandled_exception:0000000000000000 VectorB0
     /tmp/cc3vXwSK.s:25     .text._unhandled_exception:0000000000000000 VectorB4
     /tmp/cc3vXwSK.s:25     .text._unhandled_exception:0000000000000000 VectorB8
     /tmp/cc3vXwSK.s:25     .text._unhandled_exception:0000000000000000 VectorBC
     /tmp/cc3vXwSK.s:25     .text._unhandled_exception:0000000000000000 VectorC0
     /tmp/cc3vXwSK.s:25     .text._unhandled_exception:0000000000000000 VectorC4
     /tmp/cc3vXwSK.s:25     .text._unhandled_exception:0000000000000000 VectorC8
     /tmp/cc3vXwSK.s:25     .text._unhandled_exception:0000000000000000 VectorCC
     /tmp/cc3vXwSK.s:25     .text._unhandled_exception:0000000000000000 VectorD0
     /tmp/cc3vXwSK.s:25     .text._unhandled_exception:0000000000000000 VectorD4
     /tmp/cc3vXwSK.s:25     .text._unhandled_exception:0000000000000000 VectorD8
ARM GAS  /tmp/cc3vXwSK.s 			page 20


     /tmp/cc3vXwSK.s:25     .text._unhandled_exception:0000000000000000 VectorDC
     /tmp/cc3vXwSK.s:25     .text._unhandled_exception:0000000000000000 VectorE0
     /tmp/cc3vXwSK.s:25     .text._unhandled_exception:0000000000000000 VectorE4
     /tmp/cc3vXwSK.s:25     .text._unhandled_exception:0000000000000000 VectorE8
     /tmp/cc3vXwSK.s:25     .text._unhandled_exception:0000000000000000 VectorEC
     /tmp/cc3vXwSK.s:25     .text._unhandled_exception:0000000000000000 VectorF0
     /tmp/cc3vXwSK.s:25     .text._unhandled_exception:0000000000000000 VectorF4
     /tmp/cc3vXwSK.s:25     .text._unhandled_exception:0000000000000000 VectorF8
     /tmp/cc3vXwSK.s:25     .text._unhandled_exception:0000000000000000 VectorFC
     /tmp/cc3vXwSK.s:25     .text._unhandled_exception:0000000000000000 Vector100
     /tmp/cc3vXwSK.s:25     .text._unhandled_exception:0000000000000000 Vector104
     /tmp/cc3vXwSK.s:25     .text._unhandled_exception:0000000000000000 Vector108
     /tmp/cc3vXwSK.s:25     .text._unhandled_exception:0000000000000000 Vector10C
     /tmp/cc3vXwSK.s:25     .text._unhandled_exception:0000000000000000 Vector110
     /tmp/cc3vXwSK.s:25     .text._unhandled_exception:0000000000000000 Vector114
     /tmp/cc3vXwSK.s:25     .text._unhandled_exception:0000000000000000 Vector118
     /tmp/cc3vXwSK.s:25     .text._unhandled_exception:0000000000000000 Vector11C
     /tmp/cc3vXwSK.s:25     .text._unhandled_exception:0000000000000000 Vector120
     /tmp/cc3vXwSK.s:25     .text._unhandled_exception:0000000000000000 Vector124
     /tmp/cc3vXwSK.s:25     .text._unhandled_exception:0000000000000000 Vector128
     /tmp/cc3vXwSK.s:25     .text._unhandled_exception:0000000000000000 Vector12C
     /tmp/cc3vXwSK.s:25     .text._unhandled_exception:0000000000000000 Vector130
     /tmp/cc3vXwSK.s:25     .text._unhandled_exception:0000000000000000 Vector134
     /tmp/cc3vXwSK.s:25     .text._unhandled_exception:0000000000000000 Vector138
     /tmp/cc3vXwSK.s:25     .text._unhandled_exception:0000000000000000 Vector13C
     /tmp/cc3vXwSK.s:25     .text._unhandled_exception:0000000000000000 Vector140
     /tmp/cc3vXwSK.s:25     .text._unhandled_exception:0000000000000000 Vector144
     /tmp/cc3vXwSK.s:25     .text._unhandled_exception:0000000000000000 Vector148
     /tmp/cc3vXwSK.s:25     .text._unhandled_exception:0000000000000000 Vector14C
     /tmp/cc3vXwSK.s:25     .text._unhandled_exception:0000000000000000 Vector150
     /tmp/cc3vXwSK.s:25     .text._unhandled_exception:0000000000000000 Vector154
     /tmp/cc3vXwSK.s:25     .text._unhandled_exception:0000000000000000 Vector158
     /tmp/cc3vXwSK.s:25     .text._unhandled_exception:0000000000000000 Vector15C
     /tmp/cc3vXwSK.s:25     .text._unhandled_exception:0000000000000000 Vector160
     /tmp/cc3vXwSK.s:25     .text._unhandled_exception:0000000000000000 Vector164
     /tmp/cc3vXwSK.s:25     .text._unhandled_exception:0000000000000000 Vector168
     /tmp/cc3vXwSK.s:25     .text._unhandled_exception:0000000000000000 Vector16C
     /tmp/cc3vXwSK.s:25     .text._unhandled_exception:0000000000000000 Vector170
     /tmp/cc3vXwSK.s:25     .text._unhandled_exception:0000000000000000 Vector174
     /tmp/cc3vXwSK.s:25     .text._unhandled_exception:0000000000000000 Vector178
     /tmp/cc3vXwSK.s:25     .text._unhandled_exception:0000000000000000 Vector17C
     /tmp/cc3vXwSK.s:25     .text._unhandled_exception:0000000000000000 Vector180
     /tmp/cc3vXwSK.s:25     .text._unhandled_exception:0000000000000000 Vector184
     /tmp/cc3vXwSK.s:236    vectors:0000000000000000 _vectors
     /tmp/cc3vXwSK.s:233    vectors:0000000000000000 $d
                     .debug_frame:0000000000000010 $d

UNDEFINED SYMBOLS
__main_stack_end__
ResetHandler
