ARM GAS  /tmp/cc9p0jhf.s 			page 1


   1              		.syntax unified
   2              		.cpu cortex-m4
   3              		.fpu softvfp
   4              		.eabi_attribute 20, 1
   5              		.eabi_attribute 21, 1
   6              		.eabi_attribute 23, 3
   7              		.eabi_attribute 24, 1
   8              		.eabi_attribute 25, 1
   9              		.eabi_attribute 26, 1
  10              		.eabi_attribute 30, 2
  11              		.eabi_attribute 34, 1
  12              		.eabi_attribute 18, 4
  13              		.thumb
  14              		.file	"chdynamic.c"
  15              		.text
  16              	.Ltext0:
  17              		.cfi_sections	.debug_frame
  18              		.section	.text.chThdAddRef,"ax",%progbits
  19              		.align	2
  20              		.p2align 4,,15
  21              		.global	chThdAddRef
  22              		.thumb
  23              		.thumb_func
  24              		.type	chThdAddRef, %function
  25              	chThdAddRef:
  26              	.LFB7:
  27              		.file 1 "../../os/kernel/src/chdynamic.c"
  28              		.loc 1 45 0
  29              		.cfi_startproc
  30              		@ args = 0, pretend = 0, frame = 0
  31              		@ frame_needed = 0, uses_anonymous_args = 0
  32              		@ link register save eliminated.
  33              	.LVL0:
  34              	.LBB2:
  35              		.loc 1 47 0
  36 0000 2023     		movs	r3, #32
  37              	@ 47 "../../os/kernel/src/chdynamic.c" 1
  38 0002 83F31188 		msr     BASEPRI, r3
  39              	@ 0 "" 2
  40              		.thumb
  41              	.LBE2:
  42              		.loc 1 49 0
  43 0006 837F     		ldrb	r3, [r0, #30]	@ zero_extendqisi2
  44 0008 0133     		adds	r3, r3, #1
  45 000a 8377     		strb	r3, [r0, #30]
  46              	.LBB3:
  47              		.loc 1 50 0
  48 000c 0023     		movs	r3, #0
  49              	@ 50 "../../os/kernel/src/chdynamic.c" 1
  50 000e 83F31188 		msr     BASEPRI, r3
  51              	@ 0 "" 2
  52              		.thumb
  53              	.LBE3:
  54              		.loc 1 52 0
  55 0012 7047     		bx	lr
  56              		.cfi_endproc
  57              	.LFE7:
ARM GAS  /tmp/cc9p0jhf.s 			page 2


  58              		.size	chThdAddRef, .-chThdAddRef
  59 0014 AFF30080 		.section	.text.chThdRelease,"ax",%progbits
  59      AFF30080 
  59      AFF30080 
  60              		.align	2
  61              		.p2align 4,,15
  62              		.global	chThdRelease
  63              		.thumb
  64              		.thumb_func
  65              		.type	chThdRelease, %function
  66              	chThdRelease:
  67              	.LFB8:
  68              		.loc 1 67 0
  69              		.cfi_startproc
  70              		@ args = 0, pretend = 0, frame = 0
  71              		@ frame_needed = 0, uses_anonymous_args = 0
  72              		@ link register save eliminated.
  73              	.LVL1:
  74              		.loc 1 67 0
  75 0000 0146     		mov	r1, r0
  76              	.LBB4:
  77              		.loc 1 70 0
  78 0002 2023     		movs	r3, #32
  79              	@ 70 "../../os/kernel/src/chdynamic.c" 1
  80 0004 83F31188 		msr     BASEPRI, r3
  81              	@ 0 "" 2
  82              		.thumb
  83              	.LBE4:
  84              		.loc 1 72 0
  85 0008 827F     		ldrb	r2, [r0, #30]	@ zero_extendqisi2
  86 000a 013A     		subs	r2, r2, #1
  87 000c D2B2     		uxtb	r2, r2
  88 000e 8277     		strb	r2, [r0, #30]
  89              	.LVL2:
  90              	.LBB5:
  91              		.loc 1 73 0
  92 0010 0023     		movs	r3, #0
  93              	@ 73 "../../os/kernel/src/chdynamic.c" 1
  94 0012 83F31188 		msr     BASEPRI, r3
  95              	@ 0 "" 2
  96              		.thumb
  97              	.LBE5:
  98              		.loc 1 78 0
  99 0016 12B9     		cbnz	r2, .L2
 100              		.loc 1 78 0 is_stmt 0 discriminator 1
 101 0018 037F     		ldrb	r3, [r0, #28]	@ zero_extendqisi2
 102 001a 0E2B     		cmp	r3, #14
 103 001c 00D0     		beq	.L7
 104              	.L2:
 105 001e 7047     		bx	lr
 106              	.L7:
 107              		.loc 1 79 0 is_stmt 1
 108 0020 437F     		ldrb	r3, [r0, #29]	@ zero_extendqisi2
 109 0022 03F00303 		and	r3, r3, #3
 110 0026 012B     		cmp	r3, #1
 111 0028 02D0     		beq	.L4
 112 002a 022B     		cmp	r3, #2
ARM GAS  /tmp/cc9p0jhf.s 			page 3


 113 002c 07D0     		beq	.L5
 114 002e 7047     		bx	lr
 115              	.L4:
 116              		.loc 1 83 0
 117 0030 4369     		ldr	r3, [r0, #20]
 118 0032 0269     		ldr	r2, [r0, #16]
 119              	.LVL3:
 120 0034 1A61     		str	r2, [r3, #16]
 121 0036 0269     		ldr	r2, [r0, #16]
 122 0038 5361     		str	r3, [r2, #20]
 123              		.loc 1 85 0
 124 003a FFF7FEBF 		b	chHeapFree
 125              	.LVL4:
 126              	.L5:
 127              		.loc 1 91 0
 128 003e 4369     		ldr	r3, [r0, #20]
 129 0040 0269     		ldr	r2, [r0, #16]
 130              	.LVL5:
 131 0042 1A61     		str	r2, [r3, #16]
 132 0044 0269     		ldr	r2, [r0, #16]
 133              		.loc 1 93 0
 134 0046 406C     		ldr	r0, [r0, #68]
 135              	.LVL6:
 136              		.loc 1 91 0
 137 0048 5361     		str	r3, [r2, #20]
 138              		.loc 1 93 0
 139 004a FFF7FEBF 		b	chPoolFree
 140              	.LVL7:
 141              		.cfi_endproc
 142              	.LFE8:
 143              		.size	chThdRelease, .-chThdRelease
 144 004e 00BF     		.section	.text.chThdCreateFromHeap,"ax",%progbits
 145              		.align	2
 146              		.p2align 4,,15
 147              		.global	chThdCreateFromHeap
 148              		.thumb
 149              		.thumb_func
 150              		.type	chThdCreateFromHeap, %function
 151              	chThdCreateFromHeap:
 152              	.LFB9:
 153              		.loc 1 124 0
 154              		.cfi_startproc
 155              		@ args = 4, pretend = 0, frame = 0
 156              		@ frame_needed = 0, uses_anonymous_args = 0
 157              	.LVL8:
 158 0000 70B5     		push	{r4, r5, r6, lr}
 159              		.cfi_def_cfa_offset 16
 160              		.cfi_offset 4, -16
 161              		.cfi_offset 5, -12
 162              		.cfi_offset 6, -8
 163              		.cfi_offset 14, -4
 164 0002 82B0     		sub	sp, sp, #8
 165              		.cfi_def_cfa_offset 24
 166              		.loc 1 124 0
 167 0004 1646     		mov	r6, r2
 168 0006 1C46     		mov	r4, r3
 169 0008 0D46     		mov	r5, r1
ARM GAS  /tmp/cc9p0jhf.s 			page 4


 170              		.loc 1 128 0
 171 000a FFF7FEFF 		bl	chHeapAlloc
 172              	.LVL9:
 173              		.loc 1 129 0
 174 000e 98B1     		cbz	r0, .L9
 175              	.LBB6:
 176              		.loc 1 141 0
 177 0010 2023     		movs	r3, #32
 178              	@ 141 "../../os/kernel/src/chdynamic.c" 1
 179 0012 83F31188 		msr     BASEPRI, r3
 180              	@ 0 "" 2
 181              		.thumb
 182              	.LBE6:
 183              		.loc 1 142 0
 184 0016 069B     		ldr	r3, [sp, #24]
 185 0018 0093     		str	r3, [sp]
 186 001a 2946     		mov	r1, r5
 187 001c 3246     		mov	r2, r6
 188 001e 2346     		mov	r3, r4
 189 0020 FFF7FEFF 		bl	chThdCreateI
 190              	.LVL10:
 191              		.loc 1 143 0
 192 0024 0123     		movs	r3, #1
 193 0026 4377     		strb	r3, [r0, #29]
 194              		.loc 1 144 0
 195 0028 0021     		movs	r1, #0
 196              		.loc 1 142 0
 197 002a 0446     		mov	r4, r0
 198              	.LVL11:
 199              		.loc 1 144 0
 200 002c FFF7FEFF 		bl	chSchWakeupS
 201              	.LVL12:
 202              	.LBB7:
 203              		.loc 1 145 0
 204 0030 0023     		movs	r3, #0
 205              	@ 145 "../../os/kernel/src/chdynamic.c" 1
 206 0032 83F31188 		msr     BASEPRI, r3
 207              	@ 0 "" 2
 208              		.thumb
 209              	.LBE7:
 210              		.loc 1 146 0
 211 0036 2046     		mov	r0, r4
 212              	.LVL13:
 213              	.L9:
 214              		.loc 1 147 0
 215 0038 02B0     		add	sp, sp, #8
 216              		@ sp needed
 217 003a 70BD     		pop	{r4, r5, r6, pc}
 218              		.cfi_endproc
 219              	.LFE9:
 220              		.size	chThdCreateFromHeap, .-chThdCreateFromHeap
 221 003c AFF30080 		.section	.text.chThdCreateFromMemoryPool,"ax",%progbits
 222              		.align	2
 223              		.p2align 4,,15
 224              		.global	chThdCreateFromMemoryPool
 225              		.thumb
 226              		.thumb_func
ARM GAS  /tmp/cc9p0jhf.s 			page 5


 227              		.type	chThdCreateFromMemoryPool, %function
 228              	chThdCreateFromMemoryPool:
 229              	.LFB10:
 230              		.loc 1 173 0
 231              		.cfi_startproc
 232              		@ args = 0, pretend = 0, frame = 0
 233              		@ frame_needed = 0, uses_anonymous_args = 0
 234              	.LVL14:
 235 0000 F0B5     		push	{r4, r5, r6, r7, lr}
 236              		.cfi_def_cfa_offset 20
 237              		.cfi_offset 4, -20
 238              		.cfi_offset 5, -16
 239              		.cfi_offset 6, -12
 240              		.cfi_offset 7, -8
 241              		.cfi_offset 14, -4
 242 0002 83B0     		sub	sp, sp, #12
 243              		.cfi_def_cfa_offset 32
 244              		.loc 1 173 0
 245 0004 0F46     		mov	r7, r1
 246 0006 1446     		mov	r4, r2
 247 0008 1E46     		mov	r6, r3
 248 000a 0546     		mov	r5, r0
 249              		.loc 1 179 0
 250 000c FFF7FEFF 		bl	chPoolAlloc
 251              	.LVL15:
 252              		.loc 1 180 0
 253 0010 98B1     		cbz	r0, .L12
 254              	.LBB8:
 255              		.loc 1 192 0
 256 0012 2023     		movs	r3, #32
 257              	@ 192 "../../os/kernel/src/chdynamic.c" 1
 258 0014 83F31188 		msr     BASEPRI, r3
 259              	@ 0 "" 2
 260              		.thumb
 261              	.LBE8:
 262              		.loc 1 193 0
 263 0018 6968     		ldr	r1, [r5, #4]
 264 001a 0096     		str	r6, [sp]
 265 001c 3A46     		mov	r2, r7
 266 001e 2346     		mov	r3, r4
 267 0020 FFF7FEFF 		bl	chThdCreateI
 268              	.LVL16:
 269              		.loc 1 194 0
 270 0024 0223     		movs	r3, #2
 271 0026 4377     		strb	r3, [r0, #29]
 272              		.loc 1 195 0
 273 0028 4564     		str	r5, [r0, #68]
 274              		.loc 1 196 0
 275 002a 0021     		movs	r1, #0
 276              		.loc 1 193 0
 277 002c 0446     		mov	r4, r0
 278              	.LVL17:
 279              		.loc 1 196 0
 280 002e FFF7FEFF 		bl	chSchWakeupS
 281              	.LVL18:
 282              	.LBB9:
 283              		.loc 1 197 0
ARM GAS  /tmp/cc9p0jhf.s 			page 6


 284 0032 0023     		movs	r3, #0
 285              	@ 197 "../../os/kernel/src/chdynamic.c" 1
 286 0034 83F31188 		msr     BASEPRI, r3
 287              	@ 0 "" 2
 288              		.thumb
 289              	.LBE9:
 290              		.loc 1 198 0
 291 0038 2046     		mov	r0, r4
 292              	.LVL19:
 293              	.L12:
 294              		.loc 1 199 0
 295 003a 03B0     		add	sp, sp, #12
 296              		@ sp needed
 297 003c F0BD     		pop	{r4, r5, r6, r7, pc}
 298              		.cfi_endproc
 299              	.LFE10:
 300              		.size	chThdCreateFromMemoryPool, .-chThdCreateFromMemoryPool
 301 003e 00BF     		.text
 302              	.Letext0:
 303              		.file 2 "/usr/lib/gcc/arm-none-eabi/4.8.3/include/stddef.h"
 304              		.file 3 "/usr/arm-none-eabi/include/stdint.h"
 305              		.file 4 "../../os/ports/GCC/ARMCMx/chtypes.h"
 306              		.file 5 "../../os/kernel/include/chlists.h"
 307              		.file 6 "../../os/kernel/include/chthreads.h"
 308              		.file 7 "../../os/ports/GCC/ARMCMx/chcore_v7m.h"
 309              		.file 8 "../../os/kernel/include/chmtx.h"
 310              		.file 9 "../../os/kernel/include/chmemcore.h"
 311              		.file 10 "../../os/kernel/include/chheap.h"
 312              		.file 11 "../../os/kernel/include/chmempools.h"
 313              		.file 12 "../../os/kernel/include/chschd.h"
 314              		.section	.debug_info,"",%progbits
 315              	.Ldebug_info0:
 316 0000 5C080000 		.4byte	0x85c
 317 0004 0400     		.2byte	0x4
 318 0006 00000000 		.4byte	.Ldebug_abbrev0
 319 000a 04       		.byte	0x4
 320 000b 01       		.uleb128 0x1
 321 000c 68020000 		.4byte	.LASF88
 322 0010 01       		.byte	0x1
 323 0011 0E000000 		.4byte	.LASF89
 324 0015 45000000 		.4byte	.LASF90
 325 0019 00000000 		.4byte	.Ldebug_ranges0+0
 326 001d 00000000 		.4byte	0
 327 0021 00000000 		.4byte	.Ldebug_line0
 328 0025 02       		.uleb128 0x2
 329 0026 04       		.byte	0x4
 330 0027 05       		.byte	0x5
 331 0028 696E7400 		.ascii	"int\000"
 332 002c 03       		.uleb128 0x3
 333 002d 2E000000 		.4byte	.LASF2
 334 0031 02       		.byte	0x2
 335 0032 D4       		.byte	0xd4
 336 0033 37000000 		.4byte	0x37
 337 0037 04       		.uleb128 0x4
 338 0038 04       		.byte	0x4
 339 0039 07       		.byte	0x7
 340 003a 85010000 		.4byte	.LASF0
ARM GAS  /tmp/cc9p0jhf.s 			page 7


 341 003e 04       		.uleb128 0x4
 342 003f 01       		.byte	0x1
 343 0040 06       		.byte	0x6
 344 0041 D6000000 		.4byte	.LASF1
 345 0045 03       		.uleb128 0x3
 346 0046 44040000 		.4byte	.LASF3
 347 004a 03       		.byte	0x3
 348 004b 2A       		.byte	0x2a
 349 004c 50000000 		.4byte	0x50
 350 0050 04       		.uleb128 0x4
 351 0051 01       		.byte	0x1
 352 0052 08       		.byte	0x8
 353 0053 50030000 		.4byte	.LASF4
 354 0057 04       		.uleb128 0x4
 355 0058 02       		.byte	0x2
 356 0059 05       		.byte	0x5
 357 005a 73030000 		.4byte	.LASF5
 358 005e 04       		.uleb128 0x4
 359 005f 02       		.byte	0x2
 360 0060 07       		.byte	0x7
 361 0061 B1010000 		.4byte	.LASF6
 362 0065 03       		.uleb128 0x3
 363 0066 48030000 		.4byte	.LASF7
 364 006a 03       		.byte	0x3
 365 006b 4F       		.byte	0x4f
 366 006c 70000000 		.4byte	0x70
 367 0070 04       		.uleb128 0x4
 368 0071 04       		.byte	0x4
 369 0072 05       		.byte	0x5
 370 0073 1A010000 		.4byte	.LASF8
 371 0077 03       		.uleb128 0x3
 372 0078 DC030000 		.4byte	.LASF9
 373 007c 03       		.byte	0x3
 374 007d 50       		.byte	0x50
 375 007e 82000000 		.4byte	0x82
 376 0082 04       		.uleb128 0x4
 377 0083 04       		.byte	0x4
 378 0084 07       		.byte	0x7
 379 0085 92010000 		.4byte	.LASF10
 380 0089 04       		.uleb128 0x4
 381 008a 08       		.byte	0x8
 382 008b 05       		.byte	0x5
 383 008c C8000000 		.4byte	.LASF11
 384 0090 03       		.uleb128 0x3
 385 0091 3C000000 		.4byte	.LASF12
 386 0095 03       		.byte	0x3
 387 0096 78       		.byte	0x78
 388 0097 9B000000 		.4byte	0x9b
 389 009b 04       		.uleb128 0x4
 390 009c 08       		.byte	0x8
 391 009d 07       		.byte	0x7
 392 009e 8F000000 		.4byte	.LASF13
 393 00a2 04       		.uleb128 0x4
 394 00a3 01       		.byte	0x1
 395 00a4 02       		.byte	0x2
 396 00a5 42030000 		.4byte	.LASF14
 397 00a9 03       		.uleb128 0x3
ARM GAS  /tmp/cc9p0jhf.s 			page 8


 398 00aa CA010000 		.4byte	.LASF15
 399 00ae 04       		.byte	0x4
 400 00af 25       		.byte	0x25
 401 00b0 45000000 		.4byte	0x45
 402 00b4 03       		.uleb128 0x3
 403 00b5 37010000 		.4byte	.LASF16
 404 00b9 04       		.byte	0x4
 405 00ba 26       		.byte	0x26
 406 00bb 45000000 		.4byte	0x45
 407 00bf 03       		.uleb128 0x3
 408 00c0 4C020000 		.4byte	.LASF17
 409 00c4 04       		.byte	0x4
 410 00c5 27       		.byte	0x27
 411 00c6 45000000 		.4byte	0x45
 412 00ca 03       		.uleb128 0x3
 413 00cb 03010000 		.4byte	.LASF18
 414 00cf 04       		.byte	0x4
 415 00d0 28       		.byte	0x28
 416 00d1 45000000 		.4byte	0x45
 417 00d5 03       		.uleb128 0x3
 418 00d6 60020000 		.4byte	.LASF19
 419 00da 04       		.byte	0x4
 420 00db 29       		.byte	0x29
 421 00dc 77000000 		.4byte	0x77
 422 00e0 03       		.uleb128 0x3
 423 00e1 C4010000 		.4byte	.LASF20
 424 00e5 04       		.byte	0x4
 425 00e6 2A       		.byte	0x2a
 426 00e7 65000000 		.4byte	0x65
 427 00eb 03       		.uleb128 0x3
 428 00ec DE010000 		.4byte	.LASF21
 429 00f0 04       		.byte	0x4
 430 00f1 2C       		.byte	0x2c
 431 00f2 77000000 		.4byte	0x77
 432 00f6 03       		.uleb128 0x3
 433 00f7 F6030000 		.4byte	.LASF22
 434 00fb 04       		.byte	0x4
 435 00fc 2E       		.byte	0x2e
 436 00fd 77000000 		.4byte	0x77
 437 0101 03       		.uleb128 0x3
 438 0102 BE030000 		.4byte	.LASF23
 439 0106 05       		.byte	0x5
 440 0107 23       		.byte	0x23
 441 0108 0C010000 		.4byte	0x10c
 442 010c 05       		.uleb128 0x5
 443 010d BE030000 		.4byte	.LASF23
 444 0111 48       		.byte	0x48
 445 0112 06       		.byte	0x6
 446 0113 57       		.byte	0x57
 447 0114 09020000 		.4byte	0x209
 448 0118 06       		.uleb128 0x6
 449 0119 A2030000 		.4byte	.LASF24
 450 011d 06       		.byte	0x6
 451 011e 58       		.byte	0x58
 452 011f 2A020000 		.4byte	0x22a
 453 0123 00       		.byte	0
 454 0124 06       		.uleb128 0x6
ARM GAS  /tmp/cc9p0jhf.s 			page 9


 455 0125 59020000 		.4byte	.LASF25
 456 0129 06       		.byte	0x6
 457 012a 5A       		.byte	0x5a
 458 012b 2A020000 		.4byte	0x22a
 459 012f 04       		.byte	0x4
 460 0130 06       		.uleb128 0x6
 461 0131 C1000000 		.4byte	.LASF26
 462 0135 06       		.byte	0x6
 463 0136 5C       		.byte	0x5c
 464 0137 D5000000 		.4byte	0xd5
 465 013b 08       		.byte	0x8
 466 013c 06       		.uleb128 0x6
 467 013d 79040000 		.4byte	.LASF27
 468 0141 06       		.byte	0x6
 469 0142 5D       		.byte	0x5d
 470 0143 EF020000 		.4byte	0x2ef
 471 0147 0C       		.byte	0xc
 472 0148 06       		.uleb128 0x6
 473 0149 48010000 		.4byte	.LASF28
 474 014d 06       		.byte	0x6
 475 014e 5F       		.byte	0x5f
 476 014f 2A020000 		.4byte	0x22a
 477 0153 10       		.byte	0x10
 478 0154 06       		.uleb128 0x6
 479 0155 10020000 		.4byte	.LASF29
 480 0159 06       		.byte	0x6
 481 015a 60       		.byte	0x60
 482 015b 2A020000 		.4byte	0x22a
 483 015f 14       		.byte	0x14
 484 0160 06       		.uleb128 0x6
 485 0161 6A040000 		.4byte	.LASF30
 486 0165 06       		.byte	0x6
 487 0166 67       		.byte	0x67
 488 0167 B1040000 		.4byte	0x4b1
 489 016b 18       		.byte	0x18
 490 016c 06       		.uleb128 0x6
 491 016d 7D030000 		.4byte	.LASF31
 492 0171 06       		.byte	0x6
 493 0172 72       		.byte	0x72
 494 0173 B4000000 		.4byte	0xb4
 495 0177 1C       		.byte	0x1c
 496 0178 06       		.uleb128 0x6
 497 0179 A9030000 		.4byte	.LASF32
 498 017d 06       		.byte	0x6
 499 017e 76       		.byte	0x76
 500 017f A9000000 		.4byte	0xa9
 501 0183 1D       		.byte	0x1d
 502 0184 06       		.uleb128 0x6
 503 0185 3D040000 		.4byte	.LASF33
 504 0189 06       		.byte	0x6
 505 018a 7B       		.byte	0x7b
 506 018b BF000000 		.4byte	0xbf
 507 018f 1E       		.byte	0x1e
 508 0190 06       		.uleb128 0x6
 509 0191 85030000 		.4byte	.LASF34
 510 0195 06       		.byte	0x6
 511 0196 81       		.byte	0x81
ARM GAS  /tmp/cc9p0jhf.s 			page 10


 512 0197 CA000000 		.4byte	0xca
 513 019b 1F       		.byte	0x1f
 514 019c 06       		.uleb128 0x6
 515 019d 0B040000 		.4byte	.LASF35
 516 01a1 06       		.byte	0x6
 517 01a2 88       		.byte	0x88
 518 01a3 17030000 		.4byte	0x317
 519 01a7 20       		.byte	0x20
 520 01a8 07       		.uleb128 0x7
 521 01a9 705F7500 		.ascii	"p_u\000"
 522 01ad 06       		.byte	0x6
 523 01ae AD       		.byte	0xad
 524 01af 7C040000 		.4byte	0x47c
 525 01b3 24       		.byte	0x24
 526 01b4 06       		.uleb128 0x6
 527 01b5 7F040000 		.4byte	.LASF36
 528 01b9 06       		.byte	0x6
 529 01ba B2       		.byte	0xb2
 530 01bb 50020000 		.4byte	0x250
 531 01bf 28       		.byte	0x28
 532 01c0 06       		.uleb128 0x6
 533 01c1 19040000 		.4byte	.LASF37
 534 01c5 06       		.byte	0x6
 535 01c6 B8       		.byte	0xb8
 536 01c7 30020000 		.4byte	0x230
 537 01cb 2C       		.byte	0x2c
 538 01cc 06       		.uleb128 0x6
 539 01cd 08000000 		.4byte	.LASF38
 540 01d1 06       		.byte	0x6
 541 01d2 BC       		.byte	0xbc
 542 01d3 E0000000 		.4byte	0xe0
 543 01d7 34       		.byte	0x34
 544 01d8 06       		.uleb128 0x6
 545 01d9 D1030000 		.4byte	.LASF39
 546 01dd 06       		.byte	0x6
 547 01de C2       		.byte	0xc2
 548 01df EB000000 		.4byte	0xeb
 549 01e3 38       		.byte	0x38
 550 01e4 06       		.uleb128 0x6
 551 01e5 69030000 		.4byte	.LASF40
 552 01e9 06       		.byte	0x6
 553 01ea C9       		.byte	0xc9
 554 01eb C3040000 		.4byte	0x4c3
 555 01ef 3C       		.byte	0x3c
 556 01f0 06       		.uleb128 0x6
 557 01f1 00040000 		.4byte	.LASF41
 558 01f5 06       		.byte	0x6
 559 01f6 CD       		.byte	0xcd
 560 01f7 D5000000 		.4byte	0xd5
 561 01fb 40       		.byte	0x40
 562 01fc 06       		.uleb128 0x6
 563 01fd E8000000 		.4byte	.LASF42
 564 0201 06       		.byte	0x6
 565 0202 D3       		.byte	0xd3
 566 0203 66020000 		.4byte	0x266
 567 0207 44       		.byte	0x44
 568 0208 00       		.byte	0
ARM GAS  /tmp/cc9p0jhf.s 			page 11


 569 0209 08       		.uleb128 0x8
 570 020a 08       		.byte	0x8
 571 020b 05       		.byte	0x5
 572 020c 5A       		.byte	0x5a
 573 020d 2A020000 		.4byte	0x22a
 574 0211 06       		.uleb128 0x6
 575 0212 A2030000 		.4byte	.LASF24
 576 0216 05       		.byte	0x5
 577 0217 5B       		.byte	0x5b
 578 0218 2A020000 		.4byte	0x22a
 579 021c 00       		.byte	0
 580 021d 06       		.uleb128 0x6
 581 021e 59020000 		.4byte	.LASF25
 582 0222 05       		.byte	0x5
 583 0223 5D       		.byte	0x5d
 584 0224 2A020000 		.4byte	0x22a
 585 0228 04       		.byte	0x4
 586 0229 00       		.byte	0
 587 022a 09       		.uleb128 0x9
 588 022b 04       		.byte	0x4
 589 022c 01010000 		.4byte	0x101
 590 0230 03       		.uleb128 0x3
 591 0231 18020000 		.4byte	.LASF43
 592 0235 05       		.byte	0x5
 593 0236 5F       		.byte	0x5f
 594 0237 09020000 		.4byte	0x209
 595 023b 08       		.uleb128 0x8
 596 023c 04       		.byte	0x4
 597 023d 05       		.byte	0x5
 598 023e 64       		.byte	0x64
 599 023f 50020000 		.4byte	0x250
 600 0243 06       		.uleb128 0x6
 601 0244 A2030000 		.4byte	.LASF24
 602 0248 05       		.byte	0x5
 603 0249 66       		.byte	0x66
 604 024a 2A020000 		.4byte	0x22a
 605 024e 00       		.byte	0
 606 024f 00       		.byte	0
 607 0250 03       		.uleb128 0x3
 608 0251 D2010000 		.4byte	.LASF44
 609 0255 05       		.byte	0x5
 610 0256 69       		.byte	0x69
 611 0257 3B020000 		.4byte	0x23b
 612 025b 03       		.uleb128 0x3
 613 025c 76010000 		.4byte	.LASF45
 614 0260 07       		.byte	0x7
 615 0261 DE       		.byte	0xde
 616 0262 66020000 		.4byte	0x266
 617 0266 0A       		.uleb128 0xa
 618 0267 04       		.byte	0x4
 619 0268 03       		.uleb128 0x3
 620 0269 FC010000 		.4byte	.LASF46
 621 026d 07       		.byte	0x7
 622 026e E4       		.byte	0xe4
 623 026f 90000000 		.4byte	0x90
 624 0273 0B       		.uleb128 0xb
 625 0274 12040000 		.4byte	.LASF47
ARM GAS  /tmp/cc9p0jhf.s 			page 12


 626 0278 24       		.byte	0x24
 627 0279 07       		.byte	0x7
 628 027a 0501     		.2byte	0x105
 629 027c EF020000 		.4byte	0x2ef
 630 0280 0C       		.uleb128 0xc
 631 0281 723400   		.ascii	"r4\000"
 632 0284 07       		.byte	0x7
 633 0285 1801     		.2byte	0x118
 634 0287 5B020000 		.4byte	0x25b
 635 028b 00       		.byte	0
 636 028c 0C       		.uleb128 0xc
 637 028d 723500   		.ascii	"r5\000"
 638 0290 07       		.byte	0x7
 639 0291 1901     		.2byte	0x119
 640 0293 5B020000 		.4byte	0x25b
 641 0297 04       		.byte	0x4
 642 0298 0C       		.uleb128 0xc
 643 0299 723600   		.ascii	"r6\000"
 644 029c 07       		.byte	0x7
 645 029d 1A01     		.2byte	0x11a
 646 029f 5B020000 		.4byte	0x25b
 647 02a3 08       		.byte	0x8
 648 02a4 0C       		.uleb128 0xc
 649 02a5 723700   		.ascii	"r7\000"
 650 02a8 07       		.byte	0x7
 651 02a9 1B01     		.2byte	0x11b
 652 02ab 5B020000 		.4byte	0x25b
 653 02af 0C       		.byte	0xc
 654 02b0 0C       		.uleb128 0xc
 655 02b1 723800   		.ascii	"r8\000"
 656 02b4 07       		.byte	0x7
 657 02b5 1C01     		.2byte	0x11c
 658 02b7 5B020000 		.4byte	0x25b
 659 02bb 10       		.byte	0x10
 660 02bc 0C       		.uleb128 0xc
 661 02bd 723900   		.ascii	"r9\000"
 662 02c0 07       		.byte	0x7
 663 02c1 1D01     		.2byte	0x11d
 664 02c3 5B020000 		.4byte	0x25b
 665 02c7 14       		.byte	0x14
 666 02c8 0C       		.uleb128 0xc
 667 02c9 72313000 		.ascii	"r10\000"
 668 02cd 07       		.byte	0x7
 669 02ce 1E01     		.2byte	0x11e
 670 02d0 5B020000 		.4byte	0x25b
 671 02d4 18       		.byte	0x18
 672 02d5 0C       		.uleb128 0xc
 673 02d6 72313100 		.ascii	"r11\000"
 674 02da 07       		.byte	0x7
 675 02db 1F01     		.2byte	0x11f
 676 02dd 5B020000 		.4byte	0x25b
 677 02e1 1C       		.byte	0x1c
 678 02e2 0C       		.uleb128 0xc
 679 02e3 6C7200   		.ascii	"lr\000"
 680 02e6 07       		.byte	0x7
 681 02e7 2001     		.2byte	0x120
 682 02e9 5B020000 		.4byte	0x25b
ARM GAS  /tmp/cc9p0jhf.s 			page 13


 683 02ed 20       		.byte	0x20
 684 02ee 00       		.byte	0
 685 02ef 0B       		.uleb128 0xb
 686 02f0 A4010000 		.4byte	.LASF48
 687 02f4 04       		.byte	0x4
 688 02f5 07       		.byte	0x7
 689 02f6 2A01     		.2byte	0x12a
 690 02f8 0A030000 		.4byte	0x30a
 691 02fc 0C       		.uleb128 0xc
 692 02fd 72313300 		.ascii	"r13\000"
 693 0301 07       		.byte	0x7
 694 0302 2B01     		.2byte	0x12b
 695 0304 0A030000 		.4byte	0x30a
 696 0308 00       		.byte	0
 697 0309 00       		.byte	0
 698 030a 09       		.uleb128 0x9
 699 030b 04       		.byte	0x4
 700 030c 73020000 		.4byte	0x273
 701 0310 04       		.uleb128 0x4
 702 0311 04       		.byte	0x4
 703 0312 07       		.byte	0x7
 704 0313 07020000 		.4byte	.LASF49
 705 0317 0D       		.uleb128 0xd
 706 0318 F6000000 		.4byte	0xf6
 707 031c 05       		.uleb128 0x5
 708 031d EA010000 		.4byte	.LASF50
 709 0321 10       		.byte	0x10
 710 0322 08       		.byte	0x8
 711 0323 25       		.byte	0x25
 712 0324 4D030000 		.4byte	0x34d
 713 0328 06       		.uleb128 0x6
 714 0329 F0000000 		.4byte	.LASF51
 715 032d 08       		.byte	0x8
 716 032e 26       		.byte	0x26
 717 032f 30020000 		.4byte	0x230
 718 0333 00       		.byte	0
 719 0334 06       		.uleb128 0x6
 720 0335 71040000 		.4byte	.LASF52
 721 0339 08       		.byte	0x8
 722 033a 28       		.byte	0x28
 723 033b 2A020000 		.4byte	0x22a
 724 033f 08       		.byte	0x8
 725 0340 06       		.uleb128 0x6
 726 0341 EF030000 		.4byte	.LASF53
 727 0345 08       		.byte	0x8
 728 0346 2A       		.byte	0x2a
 729 0347 4D030000 		.4byte	0x34d
 730 034b 0C       		.byte	0xc
 731 034c 00       		.byte	0
 732 034d 09       		.uleb128 0x9
 733 034e 04       		.byte	0x4
 734 034f 1C030000 		.4byte	0x31c
 735 0353 03       		.uleb128 0x3
 736 0354 EA010000 		.4byte	.LASF50
 737 0358 08       		.byte	0x8
 738 0359 2C       		.byte	0x2c
 739 035a 1C030000 		.4byte	0x31c
ARM GAS  /tmp/cc9p0jhf.s 			page 14


 740 035e 03       		.uleb128 0x3
 741 035f 82000000 		.4byte	.LASF54
 742 0363 09       		.byte	0x9
 743 0364 25       		.byte	0x25
 744 0365 69030000 		.4byte	0x369
 745 0369 09       		.uleb128 0x9
 746 036a 04       		.byte	0x4
 747 036b 6F030000 		.4byte	0x36f
 748 036f 0E       		.uleb128 0xe
 749 0370 66020000 		.4byte	0x266
 750 0374 7E030000 		.4byte	0x37e
 751 0378 0F       		.uleb128 0xf
 752 0379 2C000000 		.4byte	0x2c
 753 037d 00       		.byte	0
 754 037e 03       		.uleb128 0x3
 755 037f 39020000 		.4byte	.LASF55
 756 0383 0A       		.byte	0xa
 757 0384 2D       		.byte	0x2d
 758 0385 89030000 		.4byte	0x389
 759 0389 05       		.uleb128 0x5
 760 038a 89040000 		.4byte	.LASF56
 761 038e 20       		.byte	0x20
 762 038f 0A       		.byte	0xa
 763 0390 40       		.byte	0x40
 764 0391 BA030000 		.4byte	0x3ba
 765 0395 06       		.uleb128 0x6
 766 0396 5E030000 		.4byte	.LASF57
 767 039a 0A       		.byte	0xa
 768 039b 41       		.byte	0x41
 769 039c 5E030000 		.4byte	0x35e
 770 03a0 00       		.byte	0
 771 03a1 06       		.uleb128 0x6
 772 03a2 AF000000 		.4byte	.LASF58
 773 03a6 0A       		.byte	0xa
 774 03a7 43       		.byte	0x43
 775 03a8 D9030000 		.4byte	0x3d9
 776 03ac 08       		.byte	0x8
 777 03ad 06       		.uleb128 0x6
 778 03ae E2000000 		.4byte	.LASF59
 779 03b2 0A       		.byte	0xa
 780 03b3 45       		.byte	0x45
 781 03b4 53030000 		.4byte	0x353
 782 03b8 10       		.byte	0x10
 783 03b9 00       		.byte	0
 784 03ba 10       		.uleb128 0x10
 785 03bb 04       		.byte	0x4
 786 03bc 0A       		.byte	0xa
 787 03bd 35       		.byte	0x35
 788 03be D9030000 		.4byte	0x3d9
 789 03c2 11       		.uleb128 0x11
 790 03c3 BC000000 		.4byte	.LASF60
 791 03c7 0A       		.byte	0xa
 792 03c8 36       		.byte	0x36
 793 03c9 FA030000 		.4byte	0x3fa
 794 03cd 11       		.uleb128 0x11
 795 03ce E5030000 		.4byte	.LASF61
 796 03d2 0A       		.byte	0xa
ARM GAS  /tmp/cc9p0jhf.s 			page 15


 797 03d3 37       		.byte	0x37
 798 03d4 00040000 		.4byte	0x400
 799 03d8 00       		.byte	0
 800 03d9 12       		.uleb128 0x12
 801 03da 8F030000 		.4byte	.LASF91
 802 03de 08       		.byte	0x8
 803 03df 0A       		.byte	0xa
 804 03e0 32       		.byte	0x32
 805 03e1 FA030000 		.4byte	0x3fa
 806 03e5 11       		.uleb128 0x11
 807 03e6 7F010000 		.4byte	.LASF62
 808 03ea 0A       		.byte	0xa
 809 03eb 33       		.byte	0x33
 810 03ec 68020000 		.4byte	0x268
 811 03f0 13       		.uleb128 0x13
 812 03f1 6800     		.ascii	"h\000"
 813 03f3 0A       		.byte	0xa
 814 03f4 3A       		.byte	0x3a
 815 03f5 06040000 		.4byte	0x406
 816 03f9 00       		.byte	0
 817 03fa 09       		.uleb128 0x9
 818 03fb 04       		.byte	0x4
 819 03fc D9030000 		.4byte	0x3d9
 820 0400 09       		.uleb128 0x9
 821 0401 04       		.byte	0x4
 822 0402 7E030000 		.4byte	0x37e
 823 0406 08       		.uleb128 0x8
 824 0407 08       		.byte	0x8
 825 0408 0A       		.byte	0xa
 826 0409 34       		.byte	0x34
 827 040a 25040000 		.4byte	0x425
 828 040e 07       		.uleb128 0x7
 829 040f 7500     		.ascii	"u\000"
 830 0411 0A       		.byte	0xa
 831 0412 38       		.byte	0x38
 832 0413 BA030000 		.4byte	0x3ba
 833 0417 00       		.byte	0
 834 0418 06       		.uleb128 0x6
 835 0419 AC010000 		.4byte	.LASF63
 836 041d 0A       		.byte	0xa
 837 041e 39       		.byte	0x39
 838 041f 2C000000 		.4byte	0x2c
 839 0423 04       		.byte	0x4
 840 0424 00       		.byte	0
 841 0425 05       		.uleb128 0x5
 842 0426 31040000 		.4byte	.LASF64
 843 042a 04       		.byte	0x4
 844 042b 0B       		.byte	0xb
 845 042c 25       		.byte	0x25
 846 042d 3E040000 		.4byte	0x43e
 847 0431 06       		.uleb128 0x6
 848 0432 44020000 		.4byte	.LASF65
 849 0436 0B       		.byte	0xb
 850 0437 26       		.byte	0x26
 851 0438 3E040000 		.4byte	0x43e
 852 043c 00       		.byte	0
 853 043d 00       		.byte	0
ARM GAS  /tmp/cc9p0jhf.s 			page 16


 854 043e 09       		.uleb128 0x9
 855 043f 04       		.byte	0x4
 856 0440 25040000 		.4byte	0x425
 857 0444 08       		.uleb128 0x8
 858 0445 0C       		.byte	0xc
 859 0446 0B       		.byte	0xb
 860 0447 2D       		.byte	0x2d
 861 0448 71040000 		.4byte	0x471
 862 044c 06       		.uleb128 0x6
 863 044d 40010000 		.4byte	.LASF66
 864 0451 0B       		.byte	0xb
 865 0452 2E       		.byte	0x2e
 866 0453 3E040000 		.4byte	0x43e
 867 0457 00       		.byte	0
 868 0458 06       		.uleb128 0x6
 869 0459 25020000 		.4byte	.LASF67
 870 045d 0B       		.byte	0xb
 871 045e 2F       		.byte	0x2f
 872 045f 2C000000 		.4byte	0x2c
 873 0463 04       		.byte	0x4
 874 0464 06       		.uleb128 0x6
 875 0465 6A010000 		.4byte	.LASF68
 876 0469 0B       		.byte	0xb
 877 046a 31       		.byte	0x31
 878 046b 5E030000 		.4byte	0x35e
 879 046f 08       		.byte	0x8
 880 0470 00       		.byte	0
 881 0471 03       		.uleb128 0x3
 882 0472 77000000 		.4byte	.LASF69
 883 0476 0B       		.byte	0xb
 884 0477 33       		.byte	0x33
 885 0478 44040000 		.4byte	0x444
 886 047c 10       		.uleb128 0x10
 887 047d 04       		.byte	0x4
 888 047e 06       		.byte	0x6
 889 047f 8F       		.byte	0x8f
 890 0480 B1040000 		.4byte	0x4b1
 891 0484 11       		.uleb128 0x11
 892 0485 35000000 		.4byte	.LASF70
 893 0489 06       		.byte	0x6
 894 048a 96       		.byte	0x96
 895 048b E0000000 		.4byte	0xe0
 896 048f 11       		.uleb128 0x11
 897 0490 A6000000 		.4byte	.LASF71
 898 0494 06       		.byte	0x6
 899 0495 9D       		.byte	0x9d
 900 0496 E0000000 		.4byte	0xe0
 901 049a 11       		.uleb128 0x11
 902 049b 63040000 		.4byte	.LASF72
 903 049f 06       		.byte	0x6
 904 04a0 A4       		.byte	0xa4
 905 04a1 66020000 		.4byte	0x266
 906 04a5 11       		.uleb128 0x11
 907 04a6 9B030000 		.4byte	.LASF73
 908 04aa 06       		.byte	0x6
 909 04ab AB       		.byte	0xab
 910 04ac EB000000 		.4byte	0xeb
ARM GAS  /tmp/cc9p0jhf.s 			page 17


 911 04b0 00       		.byte	0
 912 04b1 09       		.uleb128 0x9
 913 04b2 04       		.byte	0x4
 914 04b3 B7040000 		.4byte	0x4b7
 915 04b7 14       		.uleb128 0x14
 916 04b8 BC040000 		.4byte	0x4bc
 917 04bc 04       		.uleb128 0x4
 918 04bd 01       		.byte	0x1
 919 04be 08       		.byte	0x8
 920 04bf EA030000 		.4byte	.LASF74
 921 04c3 09       		.uleb128 0x9
 922 04c4 04       		.byte	0x4
 923 04c5 53030000 		.4byte	0x353
 924 04c9 03       		.uleb128 0x3
 925 04ca 00000000 		.4byte	.LASF75
 926 04ce 06       		.byte	0x6
 927 04cf DE       		.byte	0xde
 928 04d0 D4040000 		.4byte	0x4d4
 929 04d4 09       		.uleb128 0x9
 930 04d5 04       		.byte	0x4
 931 04d6 DA040000 		.4byte	0x4da
 932 04da 0E       		.uleb128 0xe
 933 04db E0000000 		.4byte	0xe0
 934 04df E9040000 		.4byte	0x4e9
 935 04e3 0F       		.uleb128 0xf
 936 04e4 66020000 		.4byte	0x266
 937 04e8 00       		.byte	0
 938 04e9 15       		.uleb128 0x15
 939 04ea F0010000 		.4byte	.LASF77
 940 04ee 01       		.byte	0x1
 941 04ef 2D       		.byte	0x2d
 942 04f0 2A020000 		.4byte	0x22a
 943 04f4 00000000 		.4byte	.LFB7
 944 04f8 14000000 		.4byte	.LFE7-.LFB7
 945 04fc 01       		.uleb128 0x1
 946 04fd 9C       		.byte	0x9c
 947 04fe 41050000 		.4byte	0x541
 948 0502 16       		.uleb128 0x16
 949 0503 747000   		.ascii	"tp\000"
 950 0506 01       		.byte	0x1
 951 0507 2D       		.byte	0x2d
 952 0508 2A020000 		.4byte	0x22a
 953 050c 01       		.uleb128 0x1
 954 050d 50       		.byte	0x50
 955 050e 17       		.uleb128 0x17
 956 050f 00000000 		.4byte	.LBB2
 957 0513 06000000 		.4byte	.LBE2-.LBB2
 958 0517 29050000 		.4byte	0x529
 959 051b 18       		.uleb128 0x18
 960 051c 746D7000 		.ascii	"tmp\000"
 961 0520 01       		.byte	0x1
 962 0521 2F       		.byte	0x2f
 963 0522 77000000 		.4byte	0x77
 964 0526 01       		.uleb128 0x1
 965 0527 53       		.byte	0x53
 966 0528 00       		.byte	0
 967 0529 19       		.uleb128 0x19
ARM GAS  /tmp/cc9p0jhf.s 			page 18


 968 052a 0C000000 		.4byte	.LBB3
 969 052e 06000000 		.4byte	.LBE3-.LBB3
 970 0532 18       		.uleb128 0x18
 971 0533 746D7000 		.ascii	"tmp\000"
 972 0537 01       		.byte	0x1
 973 0538 32       		.byte	0x32
 974 0539 77000000 		.4byte	0x77
 975 053d 01       		.uleb128 0x1
 976 053e 53       		.byte	0x53
 977 053f 00       		.byte	0
 978 0540 00       		.byte	0
 979 0541 1A       		.uleb128 0x1a
 980 0542 B1030000 		.4byte	.LASF92
 981 0546 01       		.byte	0x1
 982 0547 43       		.byte	0x43
 983 0548 00000000 		.4byte	.LFB8
 984 054c 4E000000 		.4byte	.LFE8-.LFB8
 985 0550 01       		.uleb128 0x1
 986 0551 9C       		.byte	0x9c
 987 0552 C8050000 		.4byte	0x5c8
 988 0556 1B       		.uleb128 0x1b
 989 0557 747000   		.ascii	"tp\000"
 990 055a 01       		.byte	0x1
 991 055b 43       		.byte	0x43
 992 055c 2A020000 		.4byte	0x22a
 993 0560 00000000 		.4byte	.LLST0
 994 0564 1C       		.uleb128 0x1c
 995 0565 54020000 		.4byte	.LASF76
 996 0569 01       		.byte	0x1
 997 056a 44       		.byte	0x44
 998 056b BF000000 		.4byte	0xbf
 999 056f 45000000 		.4byte	.LLST1
 1000 0573 17       		.uleb128 0x17
 1001 0574 02000000 		.4byte	.LBB4
 1002 0578 06000000 		.4byte	.LBE4-.LBB4
 1003 057c 8E050000 		.4byte	0x58e
 1004 0580 18       		.uleb128 0x18
 1005 0581 746D7000 		.ascii	"tmp\000"
 1006 0585 01       		.byte	0x1
 1007 0586 46       		.byte	0x46
 1008 0587 77000000 		.4byte	0x77
 1009 058b 01       		.uleb128 0x1
 1010 058c 53       		.byte	0x53
 1011 058d 00       		.byte	0
 1012 058e 17       		.uleb128 0x17
 1013 058f 10000000 		.4byte	.LBB5
 1014 0593 06000000 		.4byte	.LBE5-.LBB5
 1015 0597 A9050000 		.4byte	0x5a9
 1016 059b 18       		.uleb128 0x18
 1017 059c 746D7000 		.ascii	"tmp\000"
 1018 05a0 01       		.byte	0x1
 1019 05a1 49       		.byte	0x49
 1020 05a2 77000000 		.4byte	0x77
 1021 05a6 01       		.uleb128 0x1
 1022 05a7 53       		.byte	0x53
 1023 05a8 00       		.byte	0
 1024 05a9 1D       		.uleb128 0x1d
ARM GAS  /tmp/cc9p0jhf.s 			page 19


 1025 05aa 3E000000 		.4byte	.LVL4
 1026 05ae CD070000 		.4byte	0x7cd
 1027 05b2 BE050000 		.4byte	0x5be
 1028 05b6 1E       		.uleb128 0x1e
 1029 05b7 01       		.uleb128 0x1
 1030 05b8 50       		.byte	0x50
 1031 05b9 03       		.uleb128 0x3
 1032 05ba F3       		.byte	0xf3
 1033 05bb 01       		.uleb128 0x1
 1034 05bc 50       		.byte	0x50
 1035 05bd 00       		.byte	0
 1036 05be 1F       		.uleb128 0x1f
 1037 05bf 4E000000 		.4byte	.LVL7
 1038 05c3 DE070000 		.4byte	0x7de
 1039 05c7 00       		.byte	0
 1040 05c8 15       		.uleb128 0x15
 1041 05c9 23010000 		.4byte	.LASF78
 1042 05cd 01       		.byte	0x1
 1043 05ce 7B       		.byte	0x7b
 1044 05cf 2A020000 		.4byte	0x22a
 1045 05d3 00000000 		.4byte	.LFB9
 1046 05d7 3C000000 		.4byte	.LFE9-.LFB9
 1047 05db 01       		.uleb128 0x1
 1048 05dc 9C       		.byte	0x9c
 1049 05dd D6060000 		.4byte	0x6d6
 1050 05e1 20       		.uleb128 0x20
 1051 05e2 B6000000 		.4byte	.LASF79
 1052 05e6 01       		.byte	0x1
 1053 05e7 7B       		.byte	0x7b
 1054 05e8 00040000 		.4byte	0x400
 1055 05ec 63000000 		.4byte	.LLST2
 1056 05f0 20       		.uleb128 0x20
 1057 05f1 AC010000 		.4byte	.LASF63
 1058 05f5 01       		.byte	0x1
 1059 05f6 7B       		.byte	0x7b
 1060 05f7 2C000000 		.4byte	0x2c
 1061 05fb 84000000 		.4byte	.LLST3
 1062 05ff 20       		.uleb128 0x20
 1063 0600 34020000 		.4byte	.LASF80
 1064 0604 01       		.byte	0x1
 1065 0605 7C       		.byte	0x7c
 1066 0606 D5000000 		.4byte	0xd5
 1067 060a A2000000 		.4byte	.LLST4
 1068 060e 1B       		.uleb128 0x1b
 1069 060f 706600   		.ascii	"pf\000"
 1070 0612 01       		.byte	0x1
 1071 0613 7C       		.byte	0x7c
 1072 0614 C9040000 		.4byte	0x4c9
 1073 0618 C0000000 		.4byte	.LLST5
 1074 061c 16       		.uleb128 0x16
 1075 061d 61726700 		.ascii	"arg\000"
 1076 0621 01       		.byte	0x1
 1077 0622 7C       		.byte	0x7c
 1078 0623 66020000 		.4byte	0x266
 1079 0627 02       		.uleb128 0x2
 1080 0628 91       		.byte	0x91
 1081 0629 00       		.sleb128 0
ARM GAS  /tmp/cc9p0jhf.s 			page 20


 1082 062a 21       		.uleb128 0x21
 1083 062b 77737000 		.ascii	"wsp\000"
 1084 062f 01       		.byte	0x1
 1085 0630 7D       		.byte	0x7d
 1086 0631 66020000 		.4byte	0x266
 1087 0635 EC000000 		.4byte	.LLST6
 1088 0639 21       		.uleb128 0x21
 1089 063a 747000   		.ascii	"tp\000"
 1090 063d 01       		.byte	0x1
 1091 063e 7E       		.byte	0x7e
 1092 063f 2A020000 		.4byte	0x22a
 1093 0643 FF000000 		.4byte	.LLST7
 1094 0647 17       		.uleb128 0x17
 1095 0648 10000000 		.4byte	.LBB6
 1096 064c 06000000 		.4byte	.LBE6-.LBB6
 1097 0650 62060000 		.4byte	0x662
 1098 0654 18       		.uleb128 0x18
 1099 0655 746D7000 		.ascii	"tmp\000"
 1100 0659 01       		.byte	0x1
 1101 065a 8D       		.byte	0x8d
 1102 065b 77000000 		.4byte	0x77
 1103 065f 01       		.uleb128 0x1
 1104 0660 53       		.byte	0x53
 1105 0661 00       		.byte	0
 1106 0662 17       		.uleb128 0x17
 1107 0663 30000000 		.4byte	.LBB7
 1108 0667 06000000 		.4byte	.LBE7-.LBB7
 1109 066b 7D060000 		.4byte	0x67d
 1110 066f 18       		.uleb128 0x18
 1111 0670 746D7000 		.ascii	"tmp\000"
 1112 0674 01       		.byte	0x1
 1113 0675 91       		.byte	0x91
 1114 0676 77000000 		.4byte	0x77
 1115 067a 01       		.uleb128 0x1
 1116 067b 53       		.byte	0x53
 1117 067c 00       		.byte	0
 1118 067d 22       		.uleb128 0x22
 1119 067e 0E000000 		.4byte	.LVL9
 1120 0682 F4070000 		.4byte	0x7f4
 1121 0686 98060000 		.4byte	0x698
 1122 068a 1E       		.uleb128 0x1e
 1123 068b 01       		.uleb128 0x1
 1124 068c 51       		.byte	0x51
 1125 068d 02       		.uleb128 0x2
 1126 068e 75       		.byte	0x75
 1127 068f 00       		.sleb128 0
 1128 0690 1E       		.uleb128 0x1e
 1129 0691 01       		.uleb128 0x1
 1130 0692 50       		.byte	0x50
 1131 0693 03       		.uleb128 0x3
 1132 0694 F3       		.byte	0xf3
 1133 0695 01       		.uleb128 0x1
 1134 0696 50       		.byte	0x50
 1135 0697 00       		.byte	0
 1136 0698 22       		.uleb128 0x22
 1137 0699 24000000 		.4byte	.LVL10
 1138 069d 0E080000 		.4byte	0x80e
ARM GAS  /tmp/cc9p0jhf.s 			page 21


 1139 06a1 C0060000 		.4byte	0x6c0
 1140 06a5 1E       		.uleb128 0x1e
 1141 06a6 01       		.uleb128 0x1
 1142 06a7 53       		.byte	0x53
 1143 06a8 02       		.uleb128 0x2
 1144 06a9 74       		.byte	0x74
 1145 06aa 00       		.sleb128 0
 1146 06ab 1E       		.uleb128 0x1e
 1147 06ac 01       		.uleb128 0x1
 1148 06ad 52       		.byte	0x52
 1149 06ae 02       		.uleb128 0x2
 1150 06af 76       		.byte	0x76
 1151 06b0 00       		.sleb128 0
 1152 06b1 1E       		.uleb128 0x1e
 1153 06b2 01       		.uleb128 0x1
 1154 06b3 51       		.byte	0x51
 1155 06b4 02       		.uleb128 0x2
 1156 06b5 75       		.byte	0x75
 1157 06b6 00       		.sleb128 0
 1158 06b7 1E       		.uleb128 0x1e
 1159 06b8 02       		.uleb128 0x2
 1160 06b9 7D       		.byte	0x7d
 1161 06ba 00       		.sleb128 0
 1162 06bb 03       		.uleb128 0x3
 1163 06bc 91       		.byte	0x91
 1164 06bd 00       		.sleb128 0
 1165 06be 06       		.byte	0x6
 1166 06bf 00       		.byte	0
 1167 06c0 23       		.uleb128 0x23
 1168 06c1 30000000 		.4byte	.LVL12
 1169 06c5 38080000 		.4byte	0x838
 1170 06c9 1E       		.uleb128 0x1e
 1171 06ca 01       		.uleb128 0x1
 1172 06cb 51       		.byte	0x51
 1173 06cc 01       		.uleb128 0x1
 1174 06cd 30       		.byte	0x30
 1175 06ce 1E       		.uleb128 0x1e
 1176 06cf 01       		.uleb128 0x1
 1177 06d0 50       		.byte	0x50
 1178 06d1 02       		.uleb128 0x2
 1179 06d2 74       		.byte	0x74
 1180 06d3 00       		.sleb128 0
 1181 06d4 00       		.byte	0
 1182 06d5 00       		.byte	0
 1183 06d6 15       		.uleb128 0x15
 1184 06d7 50010000 		.4byte	.LASF81
 1185 06db 01       		.byte	0x1
 1186 06dc AC       		.byte	0xac
 1187 06dd 2A020000 		.4byte	0x22a
 1188 06e1 00000000 		.4byte	.LFB10
 1189 06e5 3E000000 		.4byte	.LFE10-.LFB10
 1190 06e9 01       		.uleb128 0x1
 1191 06ea 9C       		.byte	0x9c
 1192 06eb C7070000 		.4byte	0x7c7
 1193 06ef 1B       		.uleb128 0x1b
 1194 06f0 6D7000   		.ascii	"mp\000"
 1195 06f3 01       		.byte	0x1
ARM GAS  /tmp/cc9p0jhf.s 			page 22


 1196 06f4 AC       		.byte	0xac
 1197 06f5 C7070000 		.4byte	0x7c7
 1198 06f9 1D010000 		.4byte	.LLST8
 1199 06fd 20       		.uleb128 0x20
 1200 06fe 34020000 		.4byte	.LASF80
 1201 0702 01       		.byte	0x1
 1202 0703 AC       		.byte	0xac
 1203 0704 D5000000 		.4byte	0xd5
 1204 0708 3B010000 		.4byte	.LLST9
 1205 070c 1B       		.uleb128 0x1b
 1206 070d 706600   		.ascii	"pf\000"
 1207 0710 01       		.byte	0x1
 1208 0711 AD       		.byte	0xad
 1209 0712 C9040000 		.4byte	0x4c9
 1210 0716 59010000 		.4byte	.LLST10
 1211 071a 1B       		.uleb128 0x1b
 1212 071b 61726700 		.ascii	"arg\000"
 1213 071f 01       		.byte	0x1
 1214 0720 AD       		.byte	0xad
 1215 0721 66020000 		.4byte	0x266
 1216 0725 85010000 		.4byte	.LLST11
 1217 0729 21       		.uleb128 0x21
 1218 072a 77737000 		.ascii	"wsp\000"
 1219 072e 01       		.byte	0x1
 1220 072f AE       		.byte	0xae
 1221 0730 66020000 		.4byte	0x266
 1222 0734 A3010000 		.4byte	.LLST12
 1223 0738 21       		.uleb128 0x21
 1224 0739 747000   		.ascii	"tp\000"
 1225 073c 01       		.byte	0x1
 1226 073d AF       		.byte	0xaf
 1227 073e 2A020000 		.4byte	0x22a
 1228 0742 B6010000 		.4byte	.LLST13
 1229 0746 17       		.uleb128 0x17
 1230 0747 12000000 		.4byte	.LBB8
 1231 074b 06000000 		.4byte	.LBE8-.LBB8
 1232 074f 61070000 		.4byte	0x761
 1233 0753 18       		.uleb128 0x18
 1234 0754 746D7000 		.ascii	"tmp\000"
 1235 0758 01       		.byte	0x1
 1236 0759 C0       		.byte	0xc0
 1237 075a 77000000 		.4byte	0x77
 1238 075e 01       		.uleb128 0x1
 1239 075f 53       		.byte	0x53
 1240 0760 00       		.byte	0
 1241 0761 17       		.uleb128 0x17
 1242 0762 32000000 		.4byte	.LBB9
 1243 0766 06000000 		.4byte	.LBE9-.LBB9
 1244 076a 7C070000 		.4byte	0x77c
 1245 076e 18       		.uleb128 0x18
 1246 076f 746D7000 		.ascii	"tmp\000"
 1247 0773 01       		.byte	0x1
 1248 0774 C5       		.byte	0xc5
 1249 0775 77000000 		.4byte	0x77
 1250 0779 01       		.uleb128 0x1
 1251 077a 53       		.byte	0x53
 1252 077b 00       		.byte	0
ARM GAS  /tmp/cc9p0jhf.s 			page 23


 1253 077c 22       		.uleb128 0x22
 1254 077d 10000000 		.4byte	.LVL15
 1255 0781 4E080000 		.4byte	0x84e
 1256 0785 90070000 		.4byte	0x790
 1257 0789 1E       		.uleb128 0x1e
 1258 078a 01       		.uleb128 0x1
 1259 078b 50       		.byte	0x50
 1260 078c 02       		.uleb128 0x2
 1261 078d 75       		.byte	0x75
 1262 078e 00       		.sleb128 0
 1263 078f 00       		.byte	0
 1264 0790 22       		.uleb128 0x22
 1265 0791 24000000 		.4byte	.LVL16
 1266 0795 0E080000 		.4byte	0x80e
 1267 0799 B1070000 		.4byte	0x7b1
 1268 079d 1E       		.uleb128 0x1e
 1269 079e 01       		.uleb128 0x1
 1270 079f 53       		.byte	0x53
 1271 07a0 02       		.uleb128 0x2
 1272 07a1 74       		.byte	0x74
 1273 07a2 00       		.sleb128 0
 1274 07a3 1E       		.uleb128 0x1e
 1275 07a4 01       		.uleb128 0x1
 1276 07a5 52       		.byte	0x52
 1277 07a6 02       		.uleb128 0x2
 1278 07a7 77       		.byte	0x77
 1279 07a8 00       		.sleb128 0
 1280 07a9 1E       		.uleb128 0x1e
 1281 07aa 02       		.uleb128 0x2
 1282 07ab 7D       		.byte	0x7d
 1283 07ac 00       		.sleb128 0
 1284 07ad 02       		.uleb128 0x2
 1285 07ae 76       		.byte	0x76
 1286 07af 00       		.sleb128 0
 1287 07b0 00       		.byte	0
 1288 07b1 23       		.uleb128 0x23
 1289 07b2 32000000 		.4byte	.LVL18
 1290 07b6 38080000 		.4byte	0x838
 1291 07ba 1E       		.uleb128 0x1e
 1292 07bb 01       		.uleb128 0x1
 1293 07bc 51       		.byte	0x51
 1294 07bd 01       		.uleb128 0x1
 1295 07be 30       		.byte	0x30
 1296 07bf 1E       		.uleb128 0x1e
 1297 07c0 01       		.uleb128 0x1
 1298 07c1 50       		.byte	0x50
 1299 07c2 02       		.uleb128 0x2
 1300 07c3 74       		.byte	0x74
 1301 07c4 00       		.sleb128 0
 1302 07c5 00       		.byte	0
 1303 07c6 00       		.byte	0
 1304 07c7 09       		.uleb128 0x9
 1305 07c8 04       		.byte	0x4
 1306 07c9 71040000 		.4byte	0x471
 1307 07cd 24       		.uleb128 0x24
 1308 07ce F8000000 		.4byte	.LASF82
 1309 07d2 0A       		.byte	0xa
ARM GAS  /tmp/cc9p0jhf.s 			page 24


 1310 07d3 53       		.byte	0x53
 1311 07d4 DE070000 		.4byte	0x7de
 1312 07d8 0F       		.uleb128 0xf
 1313 07d9 66020000 		.4byte	0x266
 1314 07dd 00       		.byte	0
 1315 07de 24       		.uleb128 0x24
 1316 07df 58040000 		.4byte	.LASF83
 1317 07e3 0B       		.byte	0xb
 1318 07e4 7D       		.byte	0x7d
 1319 07e5 F4070000 		.4byte	0x7f4
 1320 07e9 0F       		.uleb128 0xf
 1321 07ea C7070000 		.4byte	0x7c7
 1322 07ee 0F       		.uleb128 0xf
 1323 07ef 66020000 		.4byte	0x266
 1324 07f3 00       		.byte	0
 1325 07f4 25       		.uleb128 0x25
 1326 07f5 C5030000 		.4byte	.LASF84
 1327 07f9 0A       		.byte	0xa
 1328 07fa 52       		.byte	0x52
 1329 07fb 66020000 		.4byte	0x266
 1330 07ff 0E080000 		.4byte	0x80e
 1331 0803 0F       		.uleb128 0xf
 1332 0804 00040000 		.4byte	0x400
 1333 0808 0F       		.uleb128 0xf
 1334 0809 2C000000 		.4byte	0x2c
 1335 080d 00       		.byte	0
 1336 080e 26       		.uleb128 0x26
 1337 080f 0D010000 		.4byte	.LASF85
 1338 0813 06       		.byte	0x6
 1339 0814 6701     		.2byte	0x167
 1340 0816 2A020000 		.4byte	0x22a
 1341 081a 38080000 		.4byte	0x838
 1342 081e 0F       		.uleb128 0xf
 1343 081f 66020000 		.4byte	0x266
 1344 0823 0F       		.uleb128 0xf
 1345 0824 2C000000 		.4byte	0x2c
 1346 0828 0F       		.uleb128 0xf
 1347 0829 D5000000 		.4byte	0xd5
 1348 082d 0F       		.uleb128 0xf
 1349 082e C9040000 		.4byte	0x4c9
 1350 0832 0F       		.uleb128 0xf
 1351 0833 66020000 		.4byte	0x266
 1352 0837 00       		.byte	0
 1353 0838 24       		.uleb128 0x24
 1354 0839 24040000 		.4byte	.LASF86
 1355 083d 0C       		.byte	0xc
 1356 083e 92       		.byte	0x92
 1357 083f 4E080000 		.4byte	0x84e
 1358 0843 0F       		.uleb128 0xf
 1359 0844 2A020000 		.4byte	0x22a
 1360 0848 0F       		.uleb128 0xf
 1361 0849 E0000000 		.4byte	0xe0
 1362 084d 00       		.byte	0
 1363 084e 27       		.uleb128 0x27
 1364 084f 4C040000 		.4byte	.LASF87
 1365 0853 0B       		.byte	0xb
 1366 0854 7B       		.byte	0x7b
ARM GAS  /tmp/cc9p0jhf.s 			page 25


 1367 0855 66020000 		.4byte	0x266
 1368 0859 0F       		.uleb128 0xf
 1369 085a C7070000 		.4byte	0x7c7
 1370 085e 00       		.byte	0
 1371 085f 00       		.byte	0
 1372              		.section	.debug_abbrev,"",%progbits
 1373              	.Ldebug_abbrev0:
 1374 0000 01       		.uleb128 0x1
 1375 0001 11       		.uleb128 0x11
 1376 0002 01       		.byte	0x1
 1377 0003 25       		.uleb128 0x25
 1378 0004 0E       		.uleb128 0xe
 1379 0005 13       		.uleb128 0x13
 1380 0006 0B       		.uleb128 0xb
 1381 0007 03       		.uleb128 0x3
 1382 0008 0E       		.uleb128 0xe
 1383 0009 1B       		.uleb128 0x1b
 1384 000a 0E       		.uleb128 0xe
 1385 000b 55       		.uleb128 0x55
 1386 000c 17       		.uleb128 0x17
 1387 000d 11       		.uleb128 0x11
 1388 000e 01       		.uleb128 0x1
 1389 000f 10       		.uleb128 0x10
 1390 0010 17       		.uleb128 0x17
 1391 0011 00       		.byte	0
 1392 0012 00       		.byte	0
 1393 0013 02       		.uleb128 0x2
 1394 0014 24       		.uleb128 0x24
 1395 0015 00       		.byte	0
 1396 0016 0B       		.uleb128 0xb
 1397 0017 0B       		.uleb128 0xb
 1398 0018 3E       		.uleb128 0x3e
 1399 0019 0B       		.uleb128 0xb
 1400 001a 03       		.uleb128 0x3
 1401 001b 08       		.uleb128 0x8
 1402 001c 00       		.byte	0
 1403 001d 00       		.byte	0
 1404 001e 03       		.uleb128 0x3
 1405 001f 16       		.uleb128 0x16
 1406 0020 00       		.byte	0
 1407 0021 03       		.uleb128 0x3
 1408 0022 0E       		.uleb128 0xe
 1409 0023 3A       		.uleb128 0x3a
 1410 0024 0B       		.uleb128 0xb
 1411 0025 3B       		.uleb128 0x3b
 1412 0026 0B       		.uleb128 0xb
 1413 0027 49       		.uleb128 0x49
 1414 0028 13       		.uleb128 0x13
 1415 0029 00       		.byte	0
 1416 002a 00       		.byte	0
 1417 002b 04       		.uleb128 0x4
 1418 002c 24       		.uleb128 0x24
 1419 002d 00       		.byte	0
 1420 002e 0B       		.uleb128 0xb
 1421 002f 0B       		.uleb128 0xb
 1422 0030 3E       		.uleb128 0x3e
 1423 0031 0B       		.uleb128 0xb
ARM GAS  /tmp/cc9p0jhf.s 			page 26


 1424 0032 03       		.uleb128 0x3
 1425 0033 0E       		.uleb128 0xe
 1426 0034 00       		.byte	0
 1427 0035 00       		.byte	0
 1428 0036 05       		.uleb128 0x5
 1429 0037 13       		.uleb128 0x13
 1430 0038 01       		.byte	0x1
 1431 0039 03       		.uleb128 0x3
 1432 003a 0E       		.uleb128 0xe
 1433 003b 0B       		.uleb128 0xb
 1434 003c 0B       		.uleb128 0xb
 1435 003d 3A       		.uleb128 0x3a
 1436 003e 0B       		.uleb128 0xb
 1437 003f 3B       		.uleb128 0x3b
 1438 0040 0B       		.uleb128 0xb
 1439 0041 01       		.uleb128 0x1
 1440 0042 13       		.uleb128 0x13
 1441 0043 00       		.byte	0
 1442 0044 00       		.byte	0
 1443 0045 06       		.uleb128 0x6
 1444 0046 0D       		.uleb128 0xd
 1445 0047 00       		.byte	0
 1446 0048 03       		.uleb128 0x3
 1447 0049 0E       		.uleb128 0xe
 1448 004a 3A       		.uleb128 0x3a
 1449 004b 0B       		.uleb128 0xb
 1450 004c 3B       		.uleb128 0x3b
 1451 004d 0B       		.uleb128 0xb
 1452 004e 49       		.uleb128 0x49
 1453 004f 13       		.uleb128 0x13
 1454 0050 38       		.uleb128 0x38
 1455 0051 0B       		.uleb128 0xb
 1456 0052 00       		.byte	0
 1457 0053 00       		.byte	0
 1458 0054 07       		.uleb128 0x7
 1459 0055 0D       		.uleb128 0xd
 1460 0056 00       		.byte	0
 1461 0057 03       		.uleb128 0x3
 1462 0058 08       		.uleb128 0x8
 1463 0059 3A       		.uleb128 0x3a
 1464 005a 0B       		.uleb128 0xb
 1465 005b 3B       		.uleb128 0x3b
 1466 005c 0B       		.uleb128 0xb
 1467 005d 49       		.uleb128 0x49
 1468 005e 13       		.uleb128 0x13
 1469 005f 38       		.uleb128 0x38
 1470 0060 0B       		.uleb128 0xb
 1471 0061 00       		.byte	0
 1472 0062 00       		.byte	0
 1473 0063 08       		.uleb128 0x8
 1474 0064 13       		.uleb128 0x13
 1475 0065 01       		.byte	0x1
 1476 0066 0B       		.uleb128 0xb
 1477 0067 0B       		.uleb128 0xb
 1478 0068 3A       		.uleb128 0x3a
 1479 0069 0B       		.uleb128 0xb
 1480 006a 3B       		.uleb128 0x3b
ARM GAS  /tmp/cc9p0jhf.s 			page 27


 1481 006b 0B       		.uleb128 0xb
 1482 006c 01       		.uleb128 0x1
 1483 006d 13       		.uleb128 0x13
 1484 006e 00       		.byte	0
 1485 006f 00       		.byte	0
 1486 0070 09       		.uleb128 0x9
 1487 0071 0F       		.uleb128 0xf
 1488 0072 00       		.byte	0
 1489 0073 0B       		.uleb128 0xb
 1490 0074 0B       		.uleb128 0xb
 1491 0075 49       		.uleb128 0x49
 1492 0076 13       		.uleb128 0x13
 1493 0077 00       		.byte	0
 1494 0078 00       		.byte	0
 1495 0079 0A       		.uleb128 0xa
 1496 007a 0F       		.uleb128 0xf
 1497 007b 00       		.byte	0
 1498 007c 0B       		.uleb128 0xb
 1499 007d 0B       		.uleb128 0xb
 1500 007e 00       		.byte	0
 1501 007f 00       		.byte	0
 1502 0080 0B       		.uleb128 0xb
 1503 0081 13       		.uleb128 0x13
 1504 0082 01       		.byte	0x1
 1505 0083 03       		.uleb128 0x3
 1506 0084 0E       		.uleb128 0xe
 1507 0085 0B       		.uleb128 0xb
 1508 0086 0B       		.uleb128 0xb
 1509 0087 3A       		.uleb128 0x3a
 1510 0088 0B       		.uleb128 0xb
 1511 0089 3B       		.uleb128 0x3b
 1512 008a 05       		.uleb128 0x5
 1513 008b 01       		.uleb128 0x1
 1514 008c 13       		.uleb128 0x13
 1515 008d 00       		.byte	0
 1516 008e 00       		.byte	0
 1517 008f 0C       		.uleb128 0xc
 1518 0090 0D       		.uleb128 0xd
 1519 0091 00       		.byte	0
 1520 0092 03       		.uleb128 0x3
 1521 0093 08       		.uleb128 0x8
 1522 0094 3A       		.uleb128 0x3a
 1523 0095 0B       		.uleb128 0xb
 1524 0096 3B       		.uleb128 0x3b
 1525 0097 05       		.uleb128 0x5
 1526 0098 49       		.uleb128 0x49
 1527 0099 13       		.uleb128 0x13
 1528 009a 38       		.uleb128 0x38
 1529 009b 0B       		.uleb128 0xb
 1530 009c 00       		.byte	0
 1531 009d 00       		.byte	0
 1532 009e 0D       		.uleb128 0xd
 1533 009f 35       		.uleb128 0x35
 1534 00a0 00       		.byte	0
 1535 00a1 49       		.uleb128 0x49
 1536 00a2 13       		.uleb128 0x13
 1537 00a3 00       		.byte	0
ARM GAS  /tmp/cc9p0jhf.s 			page 28


 1538 00a4 00       		.byte	0
 1539 00a5 0E       		.uleb128 0xe
 1540 00a6 15       		.uleb128 0x15
 1541 00a7 01       		.byte	0x1
 1542 00a8 27       		.uleb128 0x27
 1543 00a9 19       		.uleb128 0x19
 1544 00aa 49       		.uleb128 0x49
 1545 00ab 13       		.uleb128 0x13
 1546 00ac 01       		.uleb128 0x1
 1547 00ad 13       		.uleb128 0x13
 1548 00ae 00       		.byte	0
 1549 00af 00       		.byte	0
 1550 00b0 0F       		.uleb128 0xf
 1551 00b1 05       		.uleb128 0x5
 1552 00b2 00       		.byte	0
 1553 00b3 49       		.uleb128 0x49
 1554 00b4 13       		.uleb128 0x13
 1555 00b5 00       		.byte	0
 1556 00b6 00       		.byte	0
 1557 00b7 10       		.uleb128 0x10
 1558 00b8 17       		.uleb128 0x17
 1559 00b9 01       		.byte	0x1
 1560 00ba 0B       		.uleb128 0xb
 1561 00bb 0B       		.uleb128 0xb
 1562 00bc 3A       		.uleb128 0x3a
 1563 00bd 0B       		.uleb128 0xb
 1564 00be 3B       		.uleb128 0x3b
 1565 00bf 0B       		.uleb128 0xb
 1566 00c0 01       		.uleb128 0x1
 1567 00c1 13       		.uleb128 0x13
 1568 00c2 00       		.byte	0
 1569 00c3 00       		.byte	0
 1570 00c4 11       		.uleb128 0x11
 1571 00c5 0D       		.uleb128 0xd
 1572 00c6 00       		.byte	0
 1573 00c7 03       		.uleb128 0x3
 1574 00c8 0E       		.uleb128 0xe
 1575 00c9 3A       		.uleb128 0x3a
 1576 00ca 0B       		.uleb128 0xb
 1577 00cb 3B       		.uleb128 0x3b
 1578 00cc 0B       		.uleb128 0xb
 1579 00cd 49       		.uleb128 0x49
 1580 00ce 13       		.uleb128 0x13
 1581 00cf 00       		.byte	0
 1582 00d0 00       		.byte	0
 1583 00d1 12       		.uleb128 0x12
 1584 00d2 17       		.uleb128 0x17
 1585 00d3 01       		.byte	0x1
 1586 00d4 03       		.uleb128 0x3
 1587 00d5 0E       		.uleb128 0xe
 1588 00d6 0B       		.uleb128 0xb
 1589 00d7 0B       		.uleb128 0xb
 1590 00d8 3A       		.uleb128 0x3a
 1591 00d9 0B       		.uleb128 0xb
 1592 00da 3B       		.uleb128 0x3b
 1593 00db 0B       		.uleb128 0xb
 1594 00dc 01       		.uleb128 0x1
ARM GAS  /tmp/cc9p0jhf.s 			page 29


 1595 00dd 13       		.uleb128 0x13
 1596 00de 00       		.byte	0
 1597 00df 00       		.byte	0
 1598 00e0 13       		.uleb128 0x13
 1599 00e1 0D       		.uleb128 0xd
 1600 00e2 00       		.byte	0
 1601 00e3 03       		.uleb128 0x3
 1602 00e4 08       		.uleb128 0x8
 1603 00e5 3A       		.uleb128 0x3a
 1604 00e6 0B       		.uleb128 0xb
 1605 00e7 3B       		.uleb128 0x3b
 1606 00e8 0B       		.uleb128 0xb
 1607 00e9 49       		.uleb128 0x49
 1608 00ea 13       		.uleb128 0x13
 1609 00eb 00       		.byte	0
 1610 00ec 00       		.byte	0
 1611 00ed 14       		.uleb128 0x14
 1612 00ee 26       		.uleb128 0x26
 1613 00ef 00       		.byte	0
 1614 00f0 49       		.uleb128 0x49
 1615 00f1 13       		.uleb128 0x13
 1616 00f2 00       		.byte	0
 1617 00f3 00       		.byte	0
 1618 00f4 15       		.uleb128 0x15
 1619 00f5 2E       		.uleb128 0x2e
 1620 00f6 01       		.byte	0x1
 1621 00f7 3F       		.uleb128 0x3f
 1622 00f8 19       		.uleb128 0x19
 1623 00f9 03       		.uleb128 0x3
 1624 00fa 0E       		.uleb128 0xe
 1625 00fb 3A       		.uleb128 0x3a
 1626 00fc 0B       		.uleb128 0xb
 1627 00fd 3B       		.uleb128 0x3b
 1628 00fe 0B       		.uleb128 0xb
 1629 00ff 27       		.uleb128 0x27
 1630 0100 19       		.uleb128 0x19
 1631 0101 49       		.uleb128 0x49
 1632 0102 13       		.uleb128 0x13
 1633 0103 11       		.uleb128 0x11
 1634 0104 01       		.uleb128 0x1
 1635 0105 12       		.uleb128 0x12
 1636 0106 06       		.uleb128 0x6
 1637 0107 40       		.uleb128 0x40
 1638 0108 18       		.uleb128 0x18
 1639 0109 9742     		.uleb128 0x2117
 1640 010b 19       		.uleb128 0x19
 1641 010c 01       		.uleb128 0x1
 1642 010d 13       		.uleb128 0x13
 1643 010e 00       		.byte	0
 1644 010f 00       		.byte	0
 1645 0110 16       		.uleb128 0x16
 1646 0111 05       		.uleb128 0x5
 1647 0112 00       		.byte	0
 1648 0113 03       		.uleb128 0x3
 1649 0114 08       		.uleb128 0x8
 1650 0115 3A       		.uleb128 0x3a
 1651 0116 0B       		.uleb128 0xb
ARM GAS  /tmp/cc9p0jhf.s 			page 30


 1652 0117 3B       		.uleb128 0x3b
 1653 0118 0B       		.uleb128 0xb
 1654 0119 49       		.uleb128 0x49
 1655 011a 13       		.uleb128 0x13
 1656 011b 02       		.uleb128 0x2
 1657 011c 18       		.uleb128 0x18
 1658 011d 00       		.byte	0
 1659 011e 00       		.byte	0
 1660 011f 17       		.uleb128 0x17
 1661 0120 0B       		.uleb128 0xb
 1662 0121 01       		.byte	0x1
 1663 0122 11       		.uleb128 0x11
 1664 0123 01       		.uleb128 0x1
 1665 0124 12       		.uleb128 0x12
 1666 0125 06       		.uleb128 0x6
 1667 0126 01       		.uleb128 0x1
 1668 0127 13       		.uleb128 0x13
 1669 0128 00       		.byte	0
 1670 0129 00       		.byte	0
 1671 012a 18       		.uleb128 0x18
 1672 012b 34       		.uleb128 0x34
 1673 012c 00       		.byte	0
 1674 012d 03       		.uleb128 0x3
 1675 012e 08       		.uleb128 0x8
 1676 012f 3A       		.uleb128 0x3a
 1677 0130 0B       		.uleb128 0xb
 1678 0131 3B       		.uleb128 0x3b
 1679 0132 0B       		.uleb128 0xb
 1680 0133 49       		.uleb128 0x49
 1681 0134 13       		.uleb128 0x13
 1682 0135 02       		.uleb128 0x2
 1683 0136 18       		.uleb128 0x18
 1684 0137 00       		.byte	0
 1685 0138 00       		.byte	0
 1686 0139 19       		.uleb128 0x19
 1687 013a 0B       		.uleb128 0xb
 1688 013b 01       		.byte	0x1
 1689 013c 11       		.uleb128 0x11
 1690 013d 01       		.uleb128 0x1
 1691 013e 12       		.uleb128 0x12
 1692 013f 06       		.uleb128 0x6
 1693 0140 00       		.byte	0
 1694 0141 00       		.byte	0
 1695 0142 1A       		.uleb128 0x1a
 1696 0143 2E       		.uleb128 0x2e
 1697 0144 01       		.byte	0x1
 1698 0145 3F       		.uleb128 0x3f
 1699 0146 19       		.uleb128 0x19
 1700 0147 03       		.uleb128 0x3
 1701 0148 0E       		.uleb128 0xe
 1702 0149 3A       		.uleb128 0x3a
 1703 014a 0B       		.uleb128 0xb
 1704 014b 3B       		.uleb128 0x3b
 1705 014c 0B       		.uleb128 0xb
 1706 014d 27       		.uleb128 0x27
 1707 014e 19       		.uleb128 0x19
 1708 014f 11       		.uleb128 0x11
ARM GAS  /tmp/cc9p0jhf.s 			page 31


 1709 0150 01       		.uleb128 0x1
 1710 0151 12       		.uleb128 0x12
 1711 0152 06       		.uleb128 0x6
 1712 0153 40       		.uleb128 0x40
 1713 0154 18       		.uleb128 0x18
 1714 0155 9742     		.uleb128 0x2117
 1715 0157 19       		.uleb128 0x19
 1716 0158 01       		.uleb128 0x1
 1717 0159 13       		.uleb128 0x13
 1718 015a 00       		.byte	0
 1719 015b 00       		.byte	0
 1720 015c 1B       		.uleb128 0x1b
 1721 015d 05       		.uleb128 0x5
 1722 015e 00       		.byte	0
 1723 015f 03       		.uleb128 0x3
 1724 0160 08       		.uleb128 0x8
 1725 0161 3A       		.uleb128 0x3a
 1726 0162 0B       		.uleb128 0xb
 1727 0163 3B       		.uleb128 0x3b
 1728 0164 0B       		.uleb128 0xb
 1729 0165 49       		.uleb128 0x49
 1730 0166 13       		.uleb128 0x13
 1731 0167 02       		.uleb128 0x2
 1732 0168 17       		.uleb128 0x17
 1733 0169 00       		.byte	0
 1734 016a 00       		.byte	0
 1735 016b 1C       		.uleb128 0x1c
 1736 016c 34       		.uleb128 0x34
 1737 016d 00       		.byte	0
 1738 016e 03       		.uleb128 0x3
 1739 016f 0E       		.uleb128 0xe
 1740 0170 3A       		.uleb128 0x3a
 1741 0171 0B       		.uleb128 0xb
 1742 0172 3B       		.uleb128 0x3b
 1743 0173 0B       		.uleb128 0xb
 1744 0174 49       		.uleb128 0x49
 1745 0175 13       		.uleb128 0x13
 1746 0176 02       		.uleb128 0x2
 1747 0177 17       		.uleb128 0x17
 1748 0178 00       		.byte	0
 1749 0179 00       		.byte	0
 1750 017a 1D       		.uleb128 0x1d
 1751 017b 898201   		.uleb128 0x4109
 1752 017e 01       		.byte	0x1
 1753 017f 11       		.uleb128 0x11
 1754 0180 01       		.uleb128 0x1
 1755 0181 9542     		.uleb128 0x2115
 1756 0183 19       		.uleb128 0x19
 1757 0184 31       		.uleb128 0x31
 1758 0185 13       		.uleb128 0x13
 1759 0186 01       		.uleb128 0x1
 1760 0187 13       		.uleb128 0x13
 1761 0188 00       		.byte	0
 1762 0189 00       		.byte	0
 1763 018a 1E       		.uleb128 0x1e
 1764 018b 8A8201   		.uleb128 0x410a
 1765 018e 00       		.byte	0
ARM GAS  /tmp/cc9p0jhf.s 			page 32


 1766 018f 02       		.uleb128 0x2
 1767 0190 18       		.uleb128 0x18
 1768 0191 9142     		.uleb128 0x2111
 1769 0193 18       		.uleb128 0x18
 1770 0194 00       		.byte	0
 1771 0195 00       		.byte	0
 1772 0196 1F       		.uleb128 0x1f
 1773 0197 898201   		.uleb128 0x4109
 1774 019a 00       		.byte	0
 1775 019b 11       		.uleb128 0x11
 1776 019c 01       		.uleb128 0x1
 1777 019d 9542     		.uleb128 0x2115
 1778 019f 19       		.uleb128 0x19
 1779 01a0 31       		.uleb128 0x31
 1780 01a1 13       		.uleb128 0x13
 1781 01a2 00       		.byte	0
 1782 01a3 00       		.byte	0
 1783 01a4 20       		.uleb128 0x20
 1784 01a5 05       		.uleb128 0x5
 1785 01a6 00       		.byte	0
 1786 01a7 03       		.uleb128 0x3
 1787 01a8 0E       		.uleb128 0xe
 1788 01a9 3A       		.uleb128 0x3a
 1789 01aa 0B       		.uleb128 0xb
 1790 01ab 3B       		.uleb128 0x3b
 1791 01ac 0B       		.uleb128 0xb
 1792 01ad 49       		.uleb128 0x49
 1793 01ae 13       		.uleb128 0x13
 1794 01af 02       		.uleb128 0x2
 1795 01b0 17       		.uleb128 0x17
 1796 01b1 00       		.byte	0
 1797 01b2 00       		.byte	0
 1798 01b3 21       		.uleb128 0x21
 1799 01b4 34       		.uleb128 0x34
 1800 01b5 00       		.byte	0
 1801 01b6 03       		.uleb128 0x3
 1802 01b7 08       		.uleb128 0x8
 1803 01b8 3A       		.uleb128 0x3a
 1804 01b9 0B       		.uleb128 0xb
 1805 01ba 3B       		.uleb128 0x3b
 1806 01bb 0B       		.uleb128 0xb
 1807 01bc 49       		.uleb128 0x49
 1808 01bd 13       		.uleb128 0x13
 1809 01be 02       		.uleb128 0x2
 1810 01bf 17       		.uleb128 0x17
 1811 01c0 00       		.byte	0
 1812 01c1 00       		.byte	0
 1813 01c2 22       		.uleb128 0x22
 1814 01c3 898201   		.uleb128 0x4109
 1815 01c6 01       		.byte	0x1
 1816 01c7 11       		.uleb128 0x11
 1817 01c8 01       		.uleb128 0x1
 1818 01c9 31       		.uleb128 0x31
 1819 01ca 13       		.uleb128 0x13
 1820 01cb 01       		.uleb128 0x1
 1821 01cc 13       		.uleb128 0x13
 1822 01cd 00       		.byte	0
ARM GAS  /tmp/cc9p0jhf.s 			page 33


 1823 01ce 00       		.byte	0
 1824 01cf 23       		.uleb128 0x23
 1825 01d0 898201   		.uleb128 0x4109
 1826 01d3 01       		.byte	0x1
 1827 01d4 11       		.uleb128 0x11
 1828 01d5 01       		.uleb128 0x1
 1829 01d6 31       		.uleb128 0x31
 1830 01d7 13       		.uleb128 0x13
 1831 01d8 00       		.byte	0
 1832 01d9 00       		.byte	0
 1833 01da 24       		.uleb128 0x24
 1834 01db 2E       		.uleb128 0x2e
 1835 01dc 01       		.byte	0x1
 1836 01dd 3F       		.uleb128 0x3f
 1837 01de 19       		.uleb128 0x19
 1838 01df 03       		.uleb128 0x3
 1839 01e0 0E       		.uleb128 0xe
 1840 01e1 3A       		.uleb128 0x3a
 1841 01e2 0B       		.uleb128 0xb
 1842 01e3 3B       		.uleb128 0x3b
 1843 01e4 0B       		.uleb128 0xb
 1844 01e5 27       		.uleb128 0x27
 1845 01e6 19       		.uleb128 0x19
 1846 01e7 3C       		.uleb128 0x3c
 1847 01e8 19       		.uleb128 0x19
 1848 01e9 01       		.uleb128 0x1
 1849 01ea 13       		.uleb128 0x13
 1850 01eb 00       		.byte	0
 1851 01ec 00       		.byte	0
 1852 01ed 25       		.uleb128 0x25
 1853 01ee 2E       		.uleb128 0x2e
 1854 01ef 01       		.byte	0x1
 1855 01f0 3F       		.uleb128 0x3f
 1856 01f1 19       		.uleb128 0x19
 1857 01f2 03       		.uleb128 0x3
 1858 01f3 0E       		.uleb128 0xe
 1859 01f4 3A       		.uleb128 0x3a
 1860 01f5 0B       		.uleb128 0xb
 1861 01f6 3B       		.uleb128 0x3b
 1862 01f7 0B       		.uleb128 0xb
 1863 01f8 27       		.uleb128 0x27
 1864 01f9 19       		.uleb128 0x19
 1865 01fa 49       		.uleb128 0x49
 1866 01fb 13       		.uleb128 0x13
 1867 01fc 3C       		.uleb128 0x3c
 1868 01fd 19       		.uleb128 0x19
 1869 01fe 01       		.uleb128 0x1
 1870 01ff 13       		.uleb128 0x13
 1871 0200 00       		.byte	0
 1872 0201 00       		.byte	0
 1873 0202 26       		.uleb128 0x26
 1874 0203 2E       		.uleb128 0x2e
 1875 0204 01       		.byte	0x1
 1876 0205 3F       		.uleb128 0x3f
 1877 0206 19       		.uleb128 0x19
 1878 0207 03       		.uleb128 0x3
 1879 0208 0E       		.uleb128 0xe
ARM GAS  /tmp/cc9p0jhf.s 			page 34


 1880 0209 3A       		.uleb128 0x3a
 1881 020a 0B       		.uleb128 0xb
 1882 020b 3B       		.uleb128 0x3b
 1883 020c 05       		.uleb128 0x5
 1884 020d 27       		.uleb128 0x27
 1885 020e 19       		.uleb128 0x19
 1886 020f 49       		.uleb128 0x49
 1887 0210 13       		.uleb128 0x13
 1888 0211 3C       		.uleb128 0x3c
 1889 0212 19       		.uleb128 0x19
 1890 0213 01       		.uleb128 0x1
 1891 0214 13       		.uleb128 0x13
 1892 0215 00       		.byte	0
 1893 0216 00       		.byte	0
 1894 0217 27       		.uleb128 0x27
 1895 0218 2E       		.uleb128 0x2e
 1896 0219 01       		.byte	0x1
 1897 021a 3F       		.uleb128 0x3f
 1898 021b 19       		.uleb128 0x19
 1899 021c 03       		.uleb128 0x3
 1900 021d 0E       		.uleb128 0xe
 1901 021e 3A       		.uleb128 0x3a
 1902 021f 0B       		.uleb128 0xb
 1903 0220 3B       		.uleb128 0x3b
 1904 0221 0B       		.uleb128 0xb
 1905 0222 27       		.uleb128 0x27
 1906 0223 19       		.uleb128 0x19
 1907 0224 49       		.uleb128 0x49
 1908 0225 13       		.uleb128 0x13
 1909 0226 3C       		.uleb128 0x3c
 1910 0227 19       		.uleb128 0x19
 1911 0228 00       		.byte	0
 1912 0229 00       		.byte	0
 1913 022a 00       		.byte	0
 1914              		.section	.debug_loc,"",%progbits
 1915              	.Ldebug_loc0:
 1916              	.LLST0:
 1917 0000 00000000 		.4byte	.LVL1
 1918 0004 3D000000 		.4byte	.LVL4-1
 1919 0008 0100     		.2byte	0x1
 1920 000a 50       		.byte	0x50
 1921 000b 3D000000 		.4byte	.LVL4-1
 1922 000f 3E000000 		.4byte	.LVL4
 1923 0013 0400     		.2byte	0x4
 1924 0015 F3       		.byte	0xf3
 1925 0016 01       		.uleb128 0x1
 1926 0017 50       		.byte	0x50
 1927 0018 9F       		.byte	0x9f
 1928 0019 3E000000 		.4byte	.LVL4
 1929 001d 48000000 		.4byte	.LVL6
 1930 0021 0100     		.2byte	0x1
 1931 0023 50       		.byte	0x50
 1932 0024 48000000 		.4byte	.LVL6
 1933 0028 4D000000 		.4byte	.LVL7-1
 1934 002c 0100     		.2byte	0x1
 1935 002e 51       		.byte	0x51
 1936 002f 4D000000 		.4byte	.LVL7-1
ARM GAS  /tmp/cc9p0jhf.s 			page 35


 1937 0033 4E000000 		.4byte	.LFE8
 1938 0037 0400     		.2byte	0x4
 1939 0039 F3       		.byte	0xf3
 1940 003a 01       		.uleb128 0x1
 1941 003b 50       		.byte	0x50
 1942 003c 9F       		.byte	0x9f
 1943 003d 00000000 		.4byte	0
 1944 0041 00000000 		.4byte	0
 1945              	.LLST1:
 1946 0045 10000000 		.4byte	.LVL2
 1947 0049 34000000 		.4byte	.LVL3
 1948 004d 0100     		.2byte	0x1
 1949 004f 52       		.byte	0x52
 1950 0050 3E000000 		.4byte	.LVL4
 1951 0054 42000000 		.4byte	.LVL5
 1952 0058 0100     		.2byte	0x1
 1953 005a 52       		.byte	0x52
 1954 005b 00000000 		.4byte	0
 1955 005f 00000000 		.4byte	0
 1956              	.LLST2:
 1957 0063 00000000 		.4byte	.LVL8
 1958 0067 0D000000 		.4byte	.LVL9-1
 1959 006b 0100     		.2byte	0x1
 1960 006d 50       		.byte	0x50
 1961 006e 0D000000 		.4byte	.LVL9-1
 1962 0072 3C000000 		.4byte	.LFE9
 1963 0076 0400     		.2byte	0x4
 1964 0078 F3       		.byte	0xf3
 1965 0079 01       		.uleb128 0x1
 1966 007a 50       		.byte	0x50
 1967 007b 9F       		.byte	0x9f
 1968 007c 00000000 		.4byte	0
 1969 0080 00000000 		.4byte	0
 1970              	.LLST3:
 1971 0084 00000000 		.4byte	.LVL8
 1972 0088 0D000000 		.4byte	.LVL9-1
 1973 008c 0100     		.2byte	0x1
 1974 008e 51       		.byte	0x51
 1975 008f 0D000000 		.4byte	.LVL9-1
 1976 0093 3C000000 		.4byte	.LFE9
 1977 0097 0100     		.2byte	0x1
 1978 0099 55       		.byte	0x55
 1979 009a 00000000 		.4byte	0
 1980 009e 00000000 		.4byte	0
 1981              	.LLST4:
 1982 00a2 00000000 		.4byte	.LVL8
 1983 00a6 0D000000 		.4byte	.LVL9-1
 1984 00aa 0100     		.2byte	0x1
 1985 00ac 52       		.byte	0x52
 1986 00ad 0D000000 		.4byte	.LVL9-1
 1987 00b1 3C000000 		.4byte	.LFE9
 1988 00b5 0100     		.2byte	0x1
 1989 00b7 56       		.byte	0x56
 1990 00b8 00000000 		.4byte	0
 1991 00bc 00000000 		.4byte	0
 1992              	.LLST5:
 1993 00c0 00000000 		.4byte	.LVL8
ARM GAS  /tmp/cc9p0jhf.s 			page 36


 1994 00c4 0D000000 		.4byte	.LVL9-1
 1995 00c8 0100     		.2byte	0x1
 1996 00ca 53       		.byte	0x53
 1997 00cb 0D000000 		.4byte	.LVL9-1
 1998 00cf 2C000000 		.4byte	.LVL11
 1999 00d3 0100     		.2byte	0x1
 2000 00d5 54       		.byte	0x54
 2001 00d6 2C000000 		.4byte	.LVL11
 2002 00da 3C000000 		.4byte	.LFE9
 2003 00de 0400     		.2byte	0x4
 2004 00e0 F3       		.byte	0xf3
 2005 00e1 01       		.uleb128 0x1
 2006 00e2 53       		.byte	0x53
 2007 00e3 9F       		.byte	0x9f
 2008 00e4 00000000 		.4byte	0
 2009 00e8 00000000 		.4byte	0
 2010              	.LLST6:
 2011 00ec 0E000000 		.4byte	.LVL9
 2012 00f0 23000000 		.4byte	.LVL10-1
 2013 00f4 0100     		.2byte	0x1
 2014 00f6 50       		.byte	0x50
 2015 00f7 00000000 		.4byte	0
 2016 00fb 00000000 		.4byte	0
 2017              	.LLST7:
 2018 00ff 2C000000 		.4byte	.LVL11
 2019 0103 2F000000 		.4byte	.LVL12-1
 2020 0107 0100     		.2byte	0x1
 2021 0109 50       		.byte	0x50
 2022 010a 2F000000 		.4byte	.LVL12-1
 2023 010e 38000000 		.4byte	.LVL13
 2024 0112 0100     		.2byte	0x1
 2025 0114 54       		.byte	0x54
 2026 0115 00000000 		.4byte	0
 2027 0119 00000000 		.4byte	0
 2028              	.LLST8:
 2029 011d 00000000 		.4byte	.LVL14
 2030 0121 0F000000 		.4byte	.LVL15-1
 2031 0125 0100     		.2byte	0x1
 2032 0127 50       		.byte	0x50
 2033 0128 0F000000 		.4byte	.LVL15-1
 2034 012c 3E000000 		.4byte	.LFE10
 2035 0130 0100     		.2byte	0x1
 2036 0132 55       		.byte	0x55
 2037 0133 00000000 		.4byte	0
 2038 0137 00000000 		.4byte	0
 2039              	.LLST9:
 2040 013b 00000000 		.4byte	.LVL14
 2041 013f 0F000000 		.4byte	.LVL15-1
 2042 0143 0100     		.2byte	0x1
 2043 0145 51       		.byte	0x51
 2044 0146 0F000000 		.4byte	.LVL15-1
 2045 014a 3E000000 		.4byte	.LFE10
 2046 014e 0100     		.2byte	0x1
 2047 0150 57       		.byte	0x57
 2048 0151 00000000 		.4byte	0
 2049 0155 00000000 		.4byte	0
 2050              	.LLST10:
ARM GAS  /tmp/cc9p0jhf.s 			page 37


 2051 0159 00000000 		.4byte	.LVL14
 2052 015d 0F000000 		.4byte	.LVL15-1
 2053 0161 0100     		.2byte	0x1
 2054 0163 52       		.byte	0x52
 2055 0164 0F000000 		.4byte	.LVL15-1
 2056 0168 2E000000 		.4byte	.LVL17
 2057 016c 0100     		.2byte	0x1
 2058 016e 54       		.byte	0x54
 2059 016f 2E000000 		.4byte	.LVL17
 2060 0173 3E000000 		.4byte	.LFE10
 2061 0177 0400     		.2byte	0x4
 2062 0179 F3       		.byte	0xf3
 2063 017a 01       		.uleb128 0x1
 2064 017b 52       		.byte	0x52
 2065 017c 9F       		.byte	0x9f
 2066 017d 00000000 		.4byte	0
 2067 0181 00000000 		.4byte	0
 2068              	.LLST11:
 2069 0185 00000000 		.4byte	.LVL14
 2070 0189 0F000000 		.4byte	.LVL15-1
 2071 018d 0100     		.2byte	0x1
 2072 018f 53       		.byte	0x53
 2073 0190 0F000000 		.4byte	.LVL15-1
 2074 0194 3E000000 		.4byte	.LFE10
 2075 0198 0100     		.2byte	0x1
 2076 019a 56       		.byte	0x56
 2077 019b 00000000 		.4byte	0
 2078 019f 00000000 		.4byte	0
 2079              	.LLST12:
 2080 01a3 10000000 		.4byte	.LVL15
 2081 01a7 23000000 		.4byte	.LVL16-1
 2082 01ab 0100     		.2byte	0x1
 2083 01ad 50       		.byte	0x50
 2084 01ae 00000000 		.4byte	0
 2085 01b2 00000000 		.4byte	0
 2086              	.LLST13:
 2087 01b6 2E000000 		.4byte	.LVL17
 2088 01ba 31000000 		.4byte	.LVL18-1
 2089 01be 0100     		.2byte	0x1
 2090 01c0 50       		.byte	0x50
 2091 01c1 31000000 		.4byte	.LVL18-1
 2092 01c5 3A000000 		.4byte	.LVL19
 2093 01c9 0100     		.2byte	0x1
 2094 01cb 54       		.byte	0x54
 2095 01cc 00000000 		.4byte	0
 2096 01d0 00000000 		.4byte	0
 2097              		.section	.debug_aranges,"",%progbits
 2098 0000 34000000 		.4byte	0x34
 2099 0004 0200     		.2byte	0x2
 2100 0006 00000000 		.4byte	.Ldebug_info0
 2101 000a 04       		.byte	0x4
 2102 000b 00       		.byte	0
 2103 000c 0000     		.2byte	0
 2104 000e 0000     		.2byte	0
 2105 0010 00000000 		.4byte	.LFB7
 2106 0014 14000000 		.4byte	.LFE7-.LFB7
 2107 0018 00000000 		.4byte	.LFB8
ARM GAS  /tmp/cc9p0jhf.s 			page 38


 2108 001c 4E000000 		.4byte	.LFE8-.LFB8
 2109 0020 00000000 		.4byte	.LFB9
 2110 0024 3C000000 		.4byte	.LFE9-.LFB9
 2111 0028 00000000 		.4byte	.LFB10
 2112 002c 3E000000 		.4byte	.LFE10-.LFB10
 2113 0030 00000000 		.4byte	0
 2114 0034 00000000 		.4byte	0
 2115              		.section	.debug_ranges,"",%progbits
 2116              	.Ldebug_ranges0:
 2117 0000 00000000 		.4byte	.LFB7
 2118 0004 14000000 		.4byte	.LFE7
 2119 0008 00000000 		.4byte	.LFB8
 2120 000c 4E000000 		.4byte	.LFE8
 2121 0010 00000000 		.4byte	.LFB9
 2122 0014 3C000000 		.4byte	.LFE9
 2123 0018 00000000 		.4byte	.LFB10
 2124 001c 3E000000 		.4byte	.LFE10
 2125 0020 00000000 		.4byte	0
 2126 0024 00000000 		.4byte	0
 2127              		.section	.debug_line,"",%progbits
 2128              	.Ldebug_line0:
 2129 0000 B8010000 		.section	.debug_str,"MS",%progbits,1
 2129      02003F01 
 2129      00000201 
 2129      FB0E0D00 
 2129      01010101 
 2130              	.LASF75:
 2131 0000 7466756E 		.ascii	"tfunc_t\000"
 2131      635F7400 
 2132              	.LASF38:
 2133 0008 705F6D73 		.ascii	"p_msg\000"
 2133      6700
 2134              	.LASF89:
 2135 000e 2E2E2F2E 		.ascii	"../../os/kernel/src/chdynamic.c\000"
 2135      2E2F6F73 
 2135      2F6B6572 
 2135      6E656C2F 
 2135      7372632F 
 2136              	.LASF2:
 2137 002e 73697A65 		.ascii	"size_t\000"
 2137      5F7400
 2138              	.LASF70:
 2139 0035 7264796D 		.ascii	"rdymsg\000"
 2139      736700
 2140              	.LASF12:
 2141 003c 75696E74 		.ascii	"uint64_t\000"
 2141      36345F74 
 2141      00
 2142              	.LASF90:
 2143 0045 2F686F6D 		.ascii	"/home/john/git/ChibiOS-RT/demos/ARMCM4-STM32F303C\000"
 2143      652F6A6F 
 2143      686E2F67 
 2143      69742F43 
 2143      68696269 
 2144              	.LASF69:
 2145 0077 4D656D6F 		.ascii	"MemoryPool\000"
 2145      7279506F 
ARM GAS  /tmp/cc9p0jhf.s 			page 39


 2145      6F6C00
 2146              	.LASF54:
 2147 0082 6D656D67 		.ascii	"memgetfunc_t\000"
 2147      65746675 
 2147      6E635F74 
 2147      00
 2148              	.LASF13:
 2149 008f 6C6F6E67 		.ascii	"long long unsigned int\000"
 2149      206C6F6E 
 2149      6720756E 
 2149      7369676E 
 2149      65642069 
 2150              	.LASF71:
 2151 00a6 65786974 		.ascii	"exitcode\000"
 2151      636F6465 
 2151      00
 2152              	.LASF58:
 2153 00af 685F6672 		.ascii	"h_free\000"
 2153      656500
 2154              	.LASF79:
 2155 00b6 68656170 		.ascii	"heapp\000"
 2155      7000
 2156              	.LASF60:
 2157 00bc 6E657874 		.ascii	"next\000"
 2157      00
 2158              	.LASF26:
 2159 00c1 705F7072 		.ascii	"p_prio\000"
 2159      696F00
 2160              	.LASF11:
 2161 00c8 6C6F6E67 		.ascii	"long long int\000"
 2161      206C6F6E 
 2161      6720696E 
 2161      7400
 2162              	.LASF1:
 2163 00d6 7369676E 		.ascii	"signed char\000"
 2163      65642063 
 2163      68617200 
 2164              	.LASF59:
 2165 00e2 685F6D74 		.ascii	"h_mtx\000"
 2165      7800
 2166              	.LASF42:
 2167 00e8 705F6D70 		.ascii	"p_mpool\000"
 2167      6F6F6C00 
 2168              	.LASF51:
 2169 00f0 6D5F7175 		.ascii	"m_queue\000"
 2169      65756500 
 2170              	.LASF82:
 2171 00f8 63684865 		.ascii	"chHeapFree\000"
 2171      61704672 
 2171      656500
 2172              	.LASF18:
 2173 0103 74736C69 		.ascii	"tslices_t\000"
 2173      6365735F 
 2173      7400
 2174              	.LASF85:
 2175 010d 63685468 		.ascii	"chThdCreateI\000"
 2175      64437265 
ARM GAS  /tmp/cc9p0jhf.s 			page 40


 2175      61746549 
 2175      00
 2176              	.LASF8:
 2177 011a 6C6F6E67 		.ascii	"long int\000"
 2177      20696E74 
 2177      00
 2178              	.LASF78:
 2179 0123 63685468 		.ascii	"chThdCreateFromHeap\000"
 2179      64437265 
 2179      61746546 
 2179      726F6D48 
 2179      65617000 
 2180              	.LASF16:
 2181 0137 74737461 		.ascii	"tstate_t\000"
 2181      74655F74 
 2181      00
 2182              	.LASF66:
 2183 0140 6D705F6E 		.ascii	"mp_next\000"
 2183      65787400 
 2184              	.LASF28:
 2185 0148 705F6E65 		.ascii	"p_newer\000"
 2185      77657200 
 2186              	.LASF81:
 2187 0150 63685468 		.ascii	"chThdCreateFromMemoryPool\000"
 2187      64437265 
 2187      61746546 
 2187      726F6D4D 
 2187      656D6F72 
 2188              	.LASF68:
 2189 016a 6D705F70 		.ascii	"mp_provider\000"
 2189      726F7669 
 2189      64657200 
 2190              	.LASF45:
 2191 0176 72656761 		.ascii	"regarm_t\000"
 2191      726D5F74 
 2191      00
 2192              	.LASF62:
 2193 017f 616C6967 		.ascii	"align\000"
 2193      6E00
 2194              	.LASF0:
 2195 0185 756E7369 		.ascii	"unsigned int\000"
 2195      676E6564 
 2195      20696E74 
 2195      00
 2196              	.LASF10:
 2197 0192 6C6F6E67 		.ascii	"long unsigned int\000"
 2197      20756E73 
 2197      69676E65 
 2197      6420696E 
 2197      7400
 2198              	.LASF48:
 2199 01a4 636F6E74 		.ascii	"context\000"
 2199      65787400 
 2200              	.LASF63:
 2201 01ac 73697A65 		.ascii	"size\000"
 2201      00
 2202              	.LASF6:
ARM GAS  /tmp/cc9p0jhf.s 			page 41


 2203 01b1 73686F72 		.ascii	"short unsigned int\000"
 2203      7420756E 
 2203      7369676E 
 2203      65642069 
 2203      6E7400
 2204              	.LASF20:
 2205 01c4 6D73675F 		.ascii	"msg_t\000"
 2205      7400
 2206              	.LASF15:
 2207 01ca 746D6F64 		.ascii	"tmode_t\000"
 2207      655F7400 
 2208              	.LASF44:
 2209 01d2 54687265 		.ascii	"ThreadsList\000"
 2209      6164734C 
 2209      69737400 
 2210              	.LASF21:
 2211 01de 6576656E 		.ascii	"eventmask_t\000"
 2211      746D6173 
 2211      6B5F7400 
 2212              	.LASF50:
 2213 01ea 4D757465 		.ascii	"Mutex\000"
 2213      7800
 2214              	.LASF77:
 2215 01f0 63685468 		.ascii	"chThdAddRef\000"
 2215      64416464 
 2215      52656600 
 2216              	.LASF46:
 2217 01fc 73746B61 		.ascii	"stkalign_t\000"
 2217      6C69676E 
 2217      5F7400
 2218              	.LASF49:
 2219 0207 73697A65 		.ascii	"sizetype\000"
 2219      74797065 
 2219      00
 2220              	.LASF29:
 2221 0210 705F6F6C 		.ascii	"p_older\000"
 2221      64657200 
 2222              	.LASF43:
 2223 0218 54687265 		.ascii	"ThreadsQueue\000"
 2223      61647351 
 2223      75657565 
 2223      00
 2224              	.LASF67:
 2225 0225 6D705F6F 		.ascii	"mp_object_size\000"
 2225      626A6563 
 2225      745F7369 
 2225      7A6500
 2226              	.LASF80:
 2227 0234 7072696F 		.ascii	"prio\000"
 2227      00
 2228              	.LASF55:
 2229 0239 4D656D6F 		.ascii	"MemoryHeap\000"
 2229      72794865 
 2229      617000
 2230              	.LASF65:
 2231 0244 70685F6E 		.ascii	"ph_next\000"
 2231      65787400 
ARM GAS  /tmp/cc9p0jhf.s 			page 42


 2232              	.LASF17:
 2233 024c 74726566 		.ascii	"trefs_t\000"
 2233      735F7400 
 2234              	.LASF76:
 2235 0254 72656673 		.ascii	"refs\000"
 2235      00
 2236              	.LASF25:
 2237 0259 705F7072 		.ascii	"p_prev\000"
 2237      657600
 2238              	.LASF19:
 2239 0260 74707269 		.ascii	"tprio_t\000"
 2239      6F5F7400 
 2240              	.LASF88:
 2241 0268 474E5520 		.ascii	"GNU C 4.8.3 20131129 (release) [ARM/embedded-4_8-br"
 2241      4320342E 
 2241      382E3320 
 2241      32303133 
 2241      31313239 
 2242 029b 616E6368 		.ascii	"anch revision 205641] -mcpu=cortex-m4 -mno-thumb-in"
 2242      20726576 
 2242      6973696F 
 2242      6E203230 
 2242      35363431 
 2243 02ce 74657277 		.ascii	"terwork -mthumb -ggdb -O2 -fomit-frame-pointer -fal"
 2243      6F726B20 
 2243      2D6D7468 
 2243      756D6220 
 2243      2D676764 
 2244 0301 69676E2D 		.ascii	"ign-functions=16 -ffunction-sections -fdata-section"
 2244      66756E63 
 2244      74696F6E 
 2244      733D3136 
 2244      202D6666 
 2245 0334 73202D66 		.ascii	"s -fno-common\000"
 2245      6E6F2D63 
 2245      6F6D6D6F 
 2245      6E00
 2246              	.LASF14:
 2247 0342 5F426F6F 		.ascii	"_Bool\000"
 2247      6C00
 2248              	.LASF7:
 2249 0348 696E7433 		.ascii	"int32_t\000"
 2249      325F7400 
 2250              	.LASF4:
 2251 0350 756E7369 		.ascii	"unsigned char\000"
 2251      676E6564 
 2251      20636861 
 2251      7200
 2252              	.LASF57:
 2253 035e 685F7072 		.ascii	"h_provider\000"
 2253      6F766964 
 2253      657200
 2254              	.LASF40:
 2255 0369 705F6D74 		.ascii	"p_mtxlist\000"
 2255      786C6973 
 2255      7400
 2256              	.LASF5:
ARM GAS  /tmp/cc9p0jhf.s 			page 43


 2257 0373 73686F72 		.ascii	"short int\000"
 2257      7420696E 
 2257      7400
 2258              	.LASF31:
 2259 037d 705F7374 		.ascii	"p_state\000"
 2259      61746500 
 2260              	.LASF34:
 2261 0385 705F7072 		.ascii	"p_preempt\000"
 2261      65656D70 
 2261      7400
 2262              	.LASF91:
 2263 038f 68656170 		.ascii	"heap_header\000"
 2263      5F686561 
 2263      64657200 
 2264              	.LASF73:
 2265 039b 65776D61 		.ascii	"ewmask\000"
 2265      736B00
 2266              	.LASF24:
 2267 03a2 705F6E65 		.ascii	"p_next\000"
 2267      787400
 2268              	.LASF32:
 2269 03a9 705F666C 		.ascii	"p_flags\000"
 2269      61677300 
 2270              	.LASF92:
 2271 03b1 63685468 		.ascii	"chThdRelease\000"
 2271      6452656C 
 2271      65617365 
 2271      00
 2272              	.LASF23:
 2273 03be 54687265 		.ascii	"Thread\000"
 2273      616400
 2274              	.LASF84:
 2275 03c5 63684865 		.ascii	"chHeapAlloc\000"
 2275      6170416C 
 2275      6C6F6300 
 2276              	.LASF39:
 2277 03d1 705F6570 		.ascii	"p_epending\000"
 2277      656E6469 
 2277      6E6700
 2278              	.LASF9:
 2279 03dc 75696E74 		.ascii	"uint32_t\000"
 2279      33325F74 
 2279      00
 2280              	.LASF61:
 2281 03e5 68656170 		.ascii	"heap\000"
 2281      00
 2282              	.LASF74:
 2283 03ea 63686172 		.ascii	"char\000"
 2283      00
 2284              	.LASF53:
 2285 03ef 6D5F6E65 		.ascii	"m_next\000"
 2285      787400
 2286              	.LASF22:
 2287 03f6 73797374 		.ascii	"systime_t\000"
 2287      696D655F 
 2287      7400
 2288              	.LASF41:
ARM GAS  /tmp/cc9p0jhf.s 			page 44


 2289 0400 705F7265 		.ascii	"p_realprio\000"
 2289      616C7072 
 2289      696F00
 2290              	.LASF35:
 2291 040b 705F7469 		.ascii	"p_time\000"
 2291      6D6500
 2292              	.LASF47:
 2293 0412 696E7463 		.ascii	"intctx\000"
 2293      747800
 2294              	.LASF37:
 2295 0419 705F6D73 		.ascii	"p_msgqueue\000"
 2295      67717565 
 2295      756500
 2296              	.LASF86:
 2297 0424 63685363 		.ascii	"chSchWakeupS\000"
 2297      6857616B 
 2297      65757053 
 2297      00
 2298              	.LASF64:
 2299 0431 706F6F6C 		.ascii	"pool_header\000"
 2299      5F686561 
 2299      64657200 
 2300              	.LASF33:
 2301 043d 705F7265 		.ascii	"p_refs\000"
 2301      667300
 2302              	.LASF3:
 2303 0444 75696E74 		.ascii	"uint8_t\000"
 2303      385F7400 
 2304              	.LASF87:
 2305 044c 6368506F 		.ascii	"chPoolAlloc\000"
 2305      6F6C416C 
 2305      6C6F6300 
 2306              	.LASF83:
 2307 0458 6368506F 		.ascii	"chPoolFree\000"
 2307      6F6C4672 
 2307      656500
 2308              	.LASF72:
 2309 0463 77746F62 		.ascii	"wtobjp\000"
 2309      6A7000
 2310              	.LASF30:
 2311 046a 705F6E61 		.ascii	"p_name\000"
 2311      6D6500
 2312              	.LASF52:
 2313 0471 6D5F6F77 		.ascii	"m_owner\000"
 2313      6E657200 
 2314              	.LASF27:
 2315 0479 705F6374 		.ascii	"p_ctx\000"
 2315      7800
 2316              	.LASF36:
 2317 047f 705F7761 		.ascii	"p_waiting\000"
 2317      6974696E 
 2317      6700
 2318              	.LASF56:
 2319 0489 6D656D6F 		.ascii	"memory_heap\000"
 2319      72795F68 
 2319      65617000 
 2320              		.ident	"GCC: (GNU Tools for ARM Embedded Processors) 4.8.3 20131129 (release) [ARM/embedded-4_8-br
ARM GAS  /tmp/cc9p0jhf.s 			page 45


ARM GAS  /tmp/cc9p0jhf.s 			page 46


DEFINED SYMBOLS
                            *ABS*:0000000000000000 chdynamic.c
     /tmp/cc9p0jhf.s:19     .text.chThdAddRef:0000000000000000 $t
     /tmp/cc9p0jhf.s:25     .text.chThdAddRef:0000000000000000 chThdAddRef
     /tmp/cc9p0jhf.s:60     .text.chThdRelease:0000000000000000 $t
     /tmp/cc9p0jhf.s:66     .text.chThdRelease:0000000000000000 chThdRelease
     /tmp/cc9p0jhf.s:145    .text.chThdCreateFromHeap:0000000000000000 $t
     /tmp/cc9p0jhf.s:151    .text.chThdCreateFromHeap:0000000000000000 chThdCreateFromHeap
     /tmp/cc9p0jhf.s:222    .text.chThdCreateFromMemoryPool:0000000000000000 $t
     /tmp/cc9p0jhf.s:228    .text.chThdCreateFromMemoryPool:0000000000000000 chThdCreateFromMemoryPool
                     .debug_frame:0000000000000010 $d

UNDEFINED SYMBOLS
chHeapFree
chPoolFree
chHeapAlloc
chThdCreateI
chSchWakeupS
chPoolAlloc
