ARM GAS  /tmp/ccLqIsz1.s 			page 1


   1              		.syntax unified
   2              		.cpu cortex-m4
   3              		.fpu softvfp
   4              		.eabi_attribute 20, 1
   5              		.eabi_attribute 21, 1
   6              		.eabi_attribute 23, 3
   7              		.eabi_attribute 24, 1
   8              		.eabi_attribute 25, 1
   9              		.eabi_attribute 26, 1
  10              		.eabi_attribute 30, 2
  11              		.eabi_attribute 34, 1
  12              		.eabi_attribute 18, 4
  13              		.thumb
  14              		.file	"hal.c"
  15              		.text
  16              	.Ltext0:
  17              		.cfi_sections	.debug_frame
  18              		.section	.text.halInit,"ax",%progbits
  19              		.align	2
  20              		.p2align 4,,15
  21              		.global	halInit
  22              		.thumb
  23              		.thumb_func
  24              		.type	halInit, %function
  25              	halInit:
  26              	.LFB118:
  27              		.file 1 "../../os/hal/src/hal.c"
  28              		.loc 1 61 0
  29              		.cfi_startproc
  30              		@ args = 0, pretend = 0, frame = 0
  31              		@ frame_needed = 0, uses_anonymous_args = 0
  32 0000 08B5     		push	{r3, lr}
  33              		.cfi_def_cfa_offset 8
  34              		.cfi_offset 3, -8
  35              		.cfi_offset 14, -4
  36              		.loc 1 63 0
  37 0002 FFF7FEFF 		bl	hal_lld_init
  38              	.LVL0:
  39              		.loc 1 69 0
  40 0006 0448     		ldr	r0, .L2
  41 0008 FFF7FEFF 		bl	_pal_lld_init
  42              	.LVL1:
  43              		.loc 1 99 0
  44 000c FFF7FEFF 		bl	sdInit
  45              	.LVL2:
  46              		.loc 1 124 0
  47 0010 BDE80840 		pop	{r3, lr}
  48              		.loc 1 123 0
  49 0014 FFF7FEBF 		b	boardInit
  50              	.LVL3:
  51              	.L3:
  52              		.align	2
  53              	.L2:
  54 0018 00000000 		.word	pal_default_config
  55              		.cfi_endproc
  56              	.LFE118:
  57              		.size	halInit, .-halInit
ARM GAS  /tmp/ccLqIsz1.s 			page 2


  58 001c AFF30080 		.section	.text.halIsCounterWithin,"ax",%progbits
  59              		.align	2
  60              		.p2align 4,,15
  61              		.global	halIsCounterWithin
  62              		.thumb
  63              		.thumb_func
  64              		.type	halIsCounterWithin, %function
  65              	halIsCounterWithin:
  66              	.LFB119:
  67              		.loc 1 170 0
  68              		.cfi_startproc
  69              		@ args = 0, pretend = 0, frame = 0
  70              		@ frame_needed = 0, uses_anonymous_args = 0
  71              		@ link register save eliminated.
  72              	.LVL4:
  73              		.loc 1 171 0
  74 0000 084B     		ldr	r3, .L13
  75              		.loc 1 173 0
  76 0002 8142     		cmp	r1, r0
  77              		.loc 1 171 0
  78 0004 5B68     		ldr	r3, [r3, #4]
  79              	.LVL5:
  80              		.loc 1 173 0
  81 0006 06D9     		bls	.L5
  82              		.loc 1 173 0 is_stmt 0 discriminator 1
  83 0008 8342     		cmp	r3, r0
  84 000a 08D3     		bcc	.L9
  85              	.L11:
  86 000c 8B42     		cmp	r3, r1
  87 000e 2CBF     		ite	cs
  88 0010 0020     		movcs	r0, #0
  89              	.LVL6:
  90 0012 0120     		movcc	r0, #1
  91 0014 7047     		bx	lr
  92              	.LVL7:
  93              	.L5:
  94              		.loc 1 174 0 is_stmt 1
  95 0016 8342     		cmp	r3, r0
  96 0018 F8D3     		bcc	.L11
  97 001a 0120     		movs	r0, #1
  98              	.LVL8:
  99              		.loc 1 175 0
 100 001c 7047     		bx	lr
 101              	.LVL9:
 102              	.L9:
 103 001e 0020     		movs	r0, #0
 104              	.LVL10:
 105 0020 7047     		bx	lr
 106              	.L14:
 107 0022 00BF     		.align	2
 108              	.L13:
 109 0024 001000E0 		.word	-536866816
 110              		.cfi_endproc
 111              	.LFE119:
 112              		.size	halIsCounterWithin, .-halIsCounterWithin
 113 0028 AFF30080 		.section	.text.halPolledDelay,"ax",%progbits
 113      AFF30080 
ARM GAS  /tmp/ccLqIsz1.s 			page 3


 114              		.align	2
 115              		.p2align 4,,15
 116              		.global	halPolledDelay
 117              		.thumb
 118              		.thumb_func
 119              		.type	halPolledDelay, %function
 120              	halPolledDelay:
 121              	.LFB120:
 122              		.loc 1 189 0
 123              		.cfi_startproc
 124              		@ args = 0, pretend = 0, frame = 0
 125              		@ frame_needed = 0, uses_anonymous_args = 0
 126              		@ link register save eliminated.
 127              	.LVL11:
 128              		.loc 1 190 0
 129 0000 0C49     		ldr	r1, .L26
 130 0002 4A68     		ldr	r2, [r1, #4]
 131              	.LVL12:
 132              		.loc 1 191 0
 133 0004 1044     		add	r0, r0, r2
 134              	.LVL13:
 135              	.L21:
 136              	.LBB4:
 137              	.LBB5:
 138              		.loc 1 173 0 discriminator 1
 139 0006 8242     		cmp	r2, r0
 140              		.loc 1 171 0 discriminator 1
 141 0008 4B68     		ldr	r3, [r1, #4]
 142              	.LVL14:
 143              		.loc 1 173 0 discriminator 1
 144 000a 0CD2     		bcs	.L16
 145              		.loc 1 173 0 is_stmt 0
 146 000c 9A42     		cmp	r2, r3
 147 000e 03D9     		bls	.L24
 148 0010 0023     		movs	r3, #0
 149              	.LVL15:
 150              	.LBE5:
 151              	.LBE4:
 152              		.loc 1 192 0 is_stmt 1
 153 0012 002B     		cmp	r3, #0
 154 0014 F7D1     		bne	.L21
 155              	.L25:
 156              		.loc 1 194 0
 157 0016 7047     		bx	lr
 158              	.LVL16:
 159              	.L24:
 160 0018 9842     		cmp	r0, r3
 161 001a 94BF     		ite	ls
 162 001c 0023     		movls	r3, #0
 163              	.LVL17:
 164 001e 0123     		movhi	r3, #1
 165              		.loc 1 192 0
 166 0020 002B     		cmp	r3, #0
 167 0022 F0D1     		bne	.L21
 168 0024 F7E7     		b	.L25
 169              	.LVL18:
 170              	.L16:
ARM GAS  /tmp/ccLqIsz1.s 			page 4


 171              	.LBB7:
 172              	.LBB6:
 173              		.loc 1 174 0
 174 0026 9A42     		cmp	r2, r3
 175 0028 F6D8     		bhi	.L24
 176 002a 0123     		movs	r3, #1
 177              	.LVL19:
 178              	.LBE6:
 179              	.LBE7:
 180              		.loc 1 192 0
 181 002c 002B     		cmp	r3, #0
 182 002e EAD1     		bne	.L21
 183 0030 F1E7     		b	.L25
 184              	.L27:
 185 0032 00BF     		.align	2
 186              	.L26:
 187 0034 001000E0 		.word	-536866816
 188              		.cfi_endproc
 189              	.LFE120:
 190              		.size	halPolledDelay, .-halPolledDelay
 191 0038 AFF30080 		.text
 191      AFF30080 
 192              	.Letext0:
 193              		.file 2 "/usr/arm-none-eabi/include/stdint.h"
 194              		.file 3 "../../os/ports/GCC/ARMCMx/chtypes.h"
 195              		.file 4 "../../os/ports/common/ARMCMx/nvic.h"
 196              		.file 5 "../../os/hal/platforms/STM32F30x/hal_lld.h"
 197              		.file 6 "../../os/hal/platforms/STM32/GPIOv2/pal_lld.h"
 198              		.file 7 "../../os/ports/common/ARMCMx/CMSIS/include/core_cm4.h"
 199              		.file 8 "../../os/hal/include/serial.h"
 200              		.file 9 "../../boards/ST_STM32F303C/board.h"
 201              		.section	.debug_info,"",%progbits
 202              	.Ldebug_info0:
 203 0000 50030000 		.4byte	0x350
 204 0004 0400     		.2byte	0x4
 205 0006 00000000 		.4byte	.Ldebug_abbrev0
 206 000a 04       		.byte	0x4
 207 000b 01       		.uleb128 0x1
 208 000c 73000000 		.4byte	.LASF49
 209 0010 01       		.byte	0x1
 210 0011 31020000 		.4byte	.LASF50
 211 0015 9E020000 		.4byte	.LASF51
 212 0019 18000000 		.4byte	.Ldebug_ranges0+0x18
 213 001d 00000000 		.4byte	0
 214 0021 00000000 		.4byte	.Ldebug_line0
 215 0025 02       		.uleb128 0x2
 216 0026 04       		.byte	0x4
 217 0027 05       		.byte	0x5
 218 0028 696E7400 		.ascii	"int\000"
 219 002c 03       		.uleb128 0x3
 220 002d 04       		.byte	0x4
 221 002e 07       		.byte	0x7
 222 002f 51000000 		.4byte	.LASF0
 223 0033 03       		.uleb128 0x3
 224 0034 01       		.byte	0x1
 225 0035 06       		.byte	0x6
 226 0036 E8020000 		.4byte	.LASF1
ARM GAS  /tmp/ccLqIsz1.s 			page 5


 227 003a 03       		.uleb128 0x3
 228 003b 01       		.byte	0x1
 229 003c 08       		.byte	0x8
 230 003d 6D010000 		.4byte	.LASF2
 231 0041 03       		.uleb128 0x3
 232 0042 02       		.byte	0x2
 233 0043 05       		.byte	0x5
 234 0044 8D020000 		.4byte	.LASF3
 235 0048 03       		.uleb128 0x3
 236 0049 02       		.byte	0x2
 237 004a 07       		.byte	0x7
 238 004b 3E000000 		.4byte	.LASF4
 239 004f 04       		.uleb128 0x4
 240 0050 60020000 		.4byte	.LASF6
 241 0054 02       		.byte	0x2
 242 0055 4F       		.byte	0x4f
 243 0056 5A000000 		.4byte	0x5a
 244 005a 03       		.uleb128 0x3
 245 005b 04       		.byte	0x4
 246 005c 05       		.byte	0x5
 247 005d D9020000 		.4byte	.LASF5
 248 0061 04       		.uleb128 0x4
 249 0062 D0020000 		.4byte	.LASF7
 250 0066 02       		.byte	0x2
 251 0067 50       		.byte	0x50
 252 0068 6C000000 		.4byte	0x6c
 253 006c 03       		.uleb128 0x3
 254 006d 04       		.byte	0x4
 255 006e 07       		.byte	0x7
 256 006f 95010000 		.4byte	.LASF8
 257 0073 03       		.uleb128 0x3
 258 0074 08       		.byte	0x8
 259 0075 05       		.byte	0x5
 260 0076 00000000 		.4byte	.LASF9
 261 007a 03       		.uleb128 0x3
 262 007b 08       		.byte	0x8
 263 007c 07       		.byte	0x7
 264 007d 04030000 		.4byte	.LASF10
 265 0081 04       		.uleb128 0x4
 266 0082 65000000 		.4byte	.LASF11
 267 0086 03       		.byte	0x3
 268 0087 24       		.byte	0x24
 269 0088 8C000000 		.4byte	0x8c
 270 008c 03       		.uleb128 0x3
 271 008d 01       		.byte	0x1
 272 008e 02       		.byte	0x2
 273 008f FE020000 		.4byte	.LASF12
 274 0093 04       		.uleb128 0x4
 275 0094 56010000 		.4byte	.LASF13
 276 0098 04       		.byte	0x4
 277 0099 33       		.byte	0x33
 278 009a 9E000000 		.4byte	0x9e
 279 009e 05       		.uleb128 0x5
 280 009f 61000000 		.4byte	0x61
 281 00a3 03       		.uleb128 0x3
 282 00a4 04       		.byte	0x4
 283 00a5 07       		.byte	0x7
ARM GAS  /tmp/ccLqIsz1.s 			page 6


 284 00a6 68020000 		.4byte	.LASF14
 285 00aa 06       		.uleb128 0x6
 286 00ab 20       		.byte	0x20
 287 00ac 04       		.byte	0x4
 288 00ad FF       		.byte	0xff
 289 00ae 1B010000 		.4byte	0x11b
 290 00b2 07       		.uleb128 0x7
 291 00b3 48020000 		.4byte	.LASF15
 292 00b7 04       		.byte	0x4
 293 00b8 0001     		.2byte	0x100
 294 00ba 93000000 		.4byte	0x93
 295 00be 00       		.byte	0
 296 00bf 07       		.uleb128 0x7
 297 00c0 F9010000 		.4byte	.LASF16
 298 00c4 04       		.byte	0x4
 299 00c5 0101     		.2byte	0x101
 300 00c7 93000000 		.4byte	0x93
 301 00cb 04       		.byte	0x4
 302 00cc 07       		.uleb128 0x7
 303 00cd B9010000 		.4byte	.LASF17
 304 00d1 04       		.byte	0x4
 305 00d2 0201     		.2byte	0x102
 306 00d4 93000000 		.4byte	0x93
 307 00d8 08       		.byte	0x8
 308 00d9 07       		.uleb128 0x7
 309 00da 6C000000 		.4byte	.LASF18
 310 00de 04       		.byte	0x4
 311 00df 0301     		.2byte	0x103
 312 00e1 93000000 		.4byte	0x93
 313 00e5 0C       		.byte	0xc
 314 00e6 07       		.uleb128 0x7
 315 00e7 4D010000 		.4byte	.LASF19
 316 00eb 04       		.byte	0x4
 317 00ec 0401     		.2byte	0x104
 318 00ee 93000000 		.4byte	0x93
 319 00f2 10       		.byte	0x10
 320 00f3 07       		.uleb128 0x7
 321 00f4 F2010000 		.4byte	.LASF20
 322 00f8 04       		.byte	0x4
 323 00f9 0501     		.2byte	0x105
 324 00fb 93000000 		.4byte	0x93
 325 00ff 14       		.byte	0x14
 326 0100 07       		.uleb128 0x7
 327 0101 CD010000 		.4byte	.LASF21
 328 0105 04       		.byte	0x4
 329 0106 0601     		.2byte	0x106
 330 0108 93000000 		.4byte	0x93
 331 010c 18       		.byte	0x18
 332 010d 07       		.uleb128 0x7
 333 010e 81020000 		.4byte	.LASF22
 334 0112 04       		.byte	0x4
 335 0113 0701     		.2byte	0x107
 336 0115 93000000 		.4byte	0x93
 337 0119 1C       		.byte	0x1c
 338 011a 00       		.byte	0
 339 011b 08       		.uleb128 0x8
 340 011c 00020000 		.4byte	.LASF23
ARM GAS  /tmp/ccLqIsz1.s 			page 7


 341 0120 04       		.byte	0x4
 342 0121 0801     		.2byte	0x108
 343 0123 AA000000 		.4byte	0xaa
 344 0127 03       		.uleb128 0x3
 345 0128 01       		.byte	0x1
 346 0129 08       		.byte	0x8
 347 012a 2C020000 		.4byte	.LASF24
 348 012e 05       		.uleb128 0x5
 349 012f 4F000000 		.4byte	0x4f
 350 0133 08       		.uleb128 0x8
 351 0134 21020000 		.4byte	.LASF25
 352 0138 05       		.byte	0x5
 353 0139 4004     		.2byte	0x440
 354 013b 61000000 		.4byte	0x61
 355 013f 06       		.uleb128 0x6
 356 0140 1C       		.byte	0x1c
 357 0141 06       		.byte	0x6
 358 0142 A3       		.byte	0xa3
 359 0143 9C010000 		.4byte	0x19c
 360 0147 09       		.uleb128 0x9
 361 0148 E2020000 		.4byte	.LASF26
 362 014c 06       		.byte	0x6
 363 014d A5       		.byte	0xa5
 364 014e 61000000 		.4byte	0x61
 365 0152 00       		.byte	0
 366 0153 09       		.uleb128 0x9
 367 0154 5E000000 		.4byte	.LASF27
 368 0158 06       		.byte	0x6
 369 0159 A7       		.byte	0xa7
 370 015a 61000000 		.4byte	0x61
 371 015e 04       		.byte	0x4
 372 015f 09       		.uleb128 0x9
 373 0160 71020000 		.4byte	.LASF28
 374 0164 06       		.byte	0x6
 375 0165 A9       		.byte	0xa9
 376 0166 61000000 		.4byte	0x61
 377 016a 08       		.byte	0x8
 378 016b 09       		.uleb128 0x9
 379 016c 08020000 		.4byte	.LASF29
 380 0170 06       		.byte	0x6
 381 0171 AB       		.byte	0xab
 382 0172 61000000 		.4byte	0x61
 383 0176 0C       		.byte	0xc
 384 0177 0A       		.uleb128 0xa
 385 0178 6F647200 		.ascii	"odr\000"
 386 017c 06       		.byte	0x6
 387 017d AD       		.byte	0xad
 388 017e 61000000 		.4byte	0x61
 389 0182 10       		.byte	0x10
 390 0183 09       		.uleb128 0x9
 391 0184 1C020000 		.4byte	.LASF30
 392 0188 06       		.byte	0x6
 393 0189 AF       		.byte	0xaf
 394 018a 61000000 		.4byte	0x61
 395 018e 14       		.byte	0x14
 396 018f 09       		.uleb128 0x9
 397 0190 B4010000 		.4byte	.LASF31
ARM GAS  /tmp/ccLqIsz1.s 			page 8


 398 0194 06       		.byte	0x6
 399 0195 B1       		.byte	0xb1
 400 0196 61000000 		.4byte	0x61
 401 019a 18       		.byte	0x18
 402 019b 00       		.byte	0
 403 019c 04       		.uleb128 0x4
 404 019d 7B010000 		.4byte	.LASF32
 405 01a1 06       		.byte	0x6
 406 01a2 B2       		.byte	0xb2
 407 01a3 3F010000 		.4byte	0x13f
 408 01a7 06       		.uleb128 0x6
 409 01a8 A8       		.byte	0xa8
 410 01a9 06       		.byte	0x6
 411 01aa BB       		.byte	0xbb
 412 01ab F8010000 		.4byte	0x1f8
 413 01af 09       		.uleb128 0x9
 414 01b0 8E010000 		.4byte	.LASF33
 415 01b4 06       		.byte	0x6
 416 01b5 BE       		.byte	0xbe
 417 01b6 9C010000 		.4byte	0x19c
 418 01ba 00       		.byte	0
 419 01bb 09       		.uleb128 0x9
 420 01bc 15020000 		.4byte	.LASF34
 421 01c0 06       		.byte	0x6
 422 01c1 C2       		.byte	0xc2
 423 01c2 9C010000 		.4byte	0x19c
 424 01c6 1C       		.byte	0x1c
 425 01c7 09       		.uleb128 0x9
 426 01c8 97020000 		.4byte	.LASF35
 427 01cc 06       		.byte	0x6
 428 01cd C6       		.byte	0xc6
 429 01ce 9C010000 		.4byte	0x19c
 430 01d2 38       		.byte	0x38
 431 01d3 09       		.uleb128 0x9
 432 01d4 23000000 		.4byte	.LASF36
 433 01d8 06       		.byte	0x6
 434 01d9 CA       		.byte	0xca
 435 01da 9C010000 		.4byte	0x19c
 436 01de 54       		.byte	0x54
 437 01df 09       		.uleb128 0x9
 438 01e0 66010000 		.4byte	.LASF37
 439 01e4 06       		.byte	0x6
 440 01e5 CE       		.byte	0xce
 441 01e6 9C010000 		.4byte	0x19c
 442 01ea 70       		.byte	0x70
 443 01eb 09       		.uleb128 0x9
 444 01ec 0E020000 		.4byte	.LASF38
 445 01f0 06       		.byte	0x6
 446 01f1 D2       		.byte	0xd2
 447 01f2 9C010000 		.4byte	0x19c
 448 01f6 8C       		.byte	0x8c
 449 01f7 00       		.byte	0
 450 01f8 04       		.uleb128 0x4
 451 01f9 D5010000 		.4byte	.LASF39
 452 01fd 06       		.byte	0x6
 453 01fe E0       		.byte	0xe0
 454 01ff A7010000 		.4byte	0x1a7
ARM GAS  /tmp/ccLqIsz1.s 			page 9


 455 0203 0B       		.uleb128 0xb
 456 0204 4D020000 		.4byte	.LASF52
 457 0208 01       		.byte	0x1
 458 0209 AA       		.byte	0xaa
 459 020a 81000000 		.4byte	0x81
 460 020e 01       		.byte	0x1
 461 020f 35020000 		.4byte	0x235
 462 0213 0C       		.uleb128 0xc
 463 0214 38000000 		.4byte	.LASF40
 464 0218 01       		.byte	0x1
 465 0219 AA       		.byte	0xaa
 466 021a 33010000 		.4byte	0x133
 467 021e 0D       		.uleb128 0xd
 468 021f 656E6400 		.ascii	"end\000"
 469 0223 01       		.byte	0x1
 470 0224 AA       		.byte	0xaa
 471 0225 33010000 		.4byte	0x133
 472 0229 0E       		.uleb128 0xe
 473 022a 6E6F7700 		.ascii	"now\000"
 474 022e 01       		.byte	0x1
 475 022f AB       		.byte	0xab
 476 0230 33010000 		.4byte	0x133
 477 0234 00       		.byte	0
 478 0235 0F       		.uleb128 0xf
 479 0236 5E010000 		.4byte	.LASF41
 480 023a 01       		.byte	0x1
 481 023b 3D       		.byte	0x3d
 482 023c 00000000 		.4byte	.LFB118
 483 0240 1C000000 		.4byte	.LFE118-.LFB118
 484 0244 01       		.uleb128 0x1
 485 0245 9C       		.byte	0x9c
 486 0246 6F020000 		.4byte	0x26f
 487 024a 10       		.uleb128 0x10
 488 024b 06000000 		.4byte	.LVL0
 489 024f 23030000 		.4byte	0x323
 490 0253 10       		.uleb128 0x10
 491 0254 0C000000 		.4byte	.LVL1
 492 0258 2B030000 		.4byte	0x32b
 493 025c 10       		.uleb128 0x10
 494 025d 10000000 		.4byte	.LVL2
 495 0261 43030000 		.4byte	0x343
 496 0265 11       		.uleb128 0x11
 497 0266 18000000 		.4byte	.LVL3
 498 026a 4B030000 		.4byte	0x34b
 499 026e 00       		.byte	0
 500 026f 12       		.uleb128 0x12
 501 0270 03020000 		.4byte	0x203
 502 0274 00000000 		.4byte	.LFB119
 503 0278 28000000 		.4byte	.LFE119-.LFB119
 504 027c 01       		.uleb128 0x1
 505 027d 9C       		.byte	0x9c
 506 027e 9A020000 		.4byte	0x29a
 507 0282 13       		.uleb128 0x13
 508 0283 13020000 		.4byte	0x213
 509 0287 00000000 		.4byte	.LLST0
 510 028b 14       		.uleb128 0x14
 511 028c 1E020000 		.4byte	0x21e
ARM GAS  /tmp/ccLqIsz1.s 			page 10


 512 0290 01       		.uleb128 0x1
 513 0291 51       		.byte	0x51
 514 0292 15       		.uleb128 0x15
 515 0293 29020000 		.4byte	0x229
 516 0297 01       		.uleb128 0x1
 517 0298 53       		.byte	0x53
 518 0299 00       		.byte	0
 519 029a 0F       		.uleb128 0xf
 520 029b 0E000000 		.4byte	.LASF42
 521 029f 01       		.byte	0x1
 522 02a0 BD       		.byte	0xbd
 523 02a1 00000000 		.4byte	.LFB120
 524 02a5 38000000 		.4byte	.LFE120-.LFB120
 525 02a9 01       		.uleb128 0x1
 526 02aa 9C       		.byte	0x9c
 527 02ab 06030000 		.4byte	0x306
 528 02af 16       		.uleb128 0x16
 529 02b0 1D000000 		.4byte	.LASF53
 530 02b4 01       		.byte	0x1
 531 02b5 BD       		.byte	0xbd
 532 02b6 33010000 		.4byte	0x133
 533 02ba 53000000 		.4byte	.LLST1
 534 02be 17       		.uleb128 0x17
 535 02bf 38000000 		.4byte	.LASF40
 536 02c3 01       		.byte	0x1
 537 02c4 BE       		.byte	0xbe
 538 02c5 33010000 		.4byte	0x133
 539 02c9 01       		.uleb128 0x1
 540 02ca 52       		.byte	0x52
 541 02cb 17       		.uleb128 0x17
 542 02cc 79020000 		.4byte	.LASF43
 543 02d0 01       		.byte	0x1
 544 02d1 BF       		.byte	0xbf
 545 02d2 33010000 		.4byte	0x133
 546 02d6 01       		.uleb128 0x1
 547 02d7 50       		.byte	0x50
 548 02d8 18       		.uleb128 0x18
 549 02d9 03020000 		.4byte	0x203
 550 02dd 06000000 		.4byte	.LBB4
 551 02e1 00000000 		.4byte	.Ldebug_ranges0+0
 552 02e5 01       		.byte	0x1
 553 02e6 C0       		.byte	0xc0
 554 02e7 14       		.uleb128 0x14
 555 02e8 1E020000 		.4byte	0x21e
 556 02ec 01       		.uleb128 0x1
 557 02ed 50       		.byte	0x50
 558 02ee 14       		.uleb128 0x14
 559 02ef 13020000 		.4byte	0x213
 560 02f3 01       		.uleb128 0x1
 561 02f4 52       		.byte	0x52
 562 02f5 19       		.uleb128 0x19
 563 02f6 00000000 		.4byte	.Ldebug_ranges0+0
 564 02fa 1A       		.uleb128 0x1a
 565 02fb 29020000 		.4byte	0x229
 566 02ff 74000000 		.4byte	.LLST2
 567 0303 00       		.byte	0
 568 0304 00       		.byte	0
ARM GAS  /tmp/ccLqIsz1.s 			page 11


 569 0305 00       		.byte	0
 570 0306 1B       		.uleb128 0x1b
 571 0307 C0010000 		.4byte	.LASF44
 572 030b 07       		.byte	0x7
 573 030c 9806     		.2byte	0x698
 574 030e 2E010000 		.4byte	0x12e
 575 0312 1B       		.uleb128 0x1b
 576 0313 DF010000 		.4byte	.LASF45
 577 0317 06       		.byte	0x6
 578 0318 BC01     		.2byte	0x1bc
 579 031a 1E030000 		.4byte	0x31e
 580 031e 1C       		.uleb128 0x1c
 581 031f F8010000 		.4byte	0x1f8
 582 0323 1D       		.uleb128 0x1d
 583 0324 A7010000 		.4byte	.LASF46
 584 0328 05       		.byte	0x5
 585 0329 6904     		.2byte	0x469
 586 032b 1E       		.uleb128 0x1e
 587 032c 2A000000 		.4byte	.LASF54
 588 0330 06       		.byte	0x6
 589 0331 C101     		.2byte	0x1c1
 590 0333 3D030000 		.4byte	0x33d
 591 0337 1F       		.uleb128 0x1f
 592 0338 3D030000 		.4byte	0x33d
 593 033c 00       		.byte	0
 594 033d 20       		.uleb128 0x20
 595 033e 04       		.byte	0x4
 596 033f 1E030000 		.4byte	0x31e
 597 0343 1D       		.uleb128 0x1d
 598 0344 86020000 		.4byte	.LASF47
 599 0348 08       		.byte	0x8
 600 0349 2E01     		.2byte	0x12e
 601 034b 1D       		.uleb128 0x1d
 602 034c F4020000 		.4byte	.LASF48
 603 0350 09       		.byte	0x9
 604 0351 7503     		.2byte	0x375
 605 0353 00       		.byte	0
 606              		.section	.debug_abbrev,"",%progbits
 607              	.Ldebug_abbrev0:
 608 0000 01       		.uleb128 0x1
 609 0001 11       		.uleb128 0x11
 610 0002 01       		.byte	0x1
 611 0003 25       		.uleb128 0x25
 612 0004 0E       		.uleb128 0xe
 613 0005 13       		.uleb128 0x13
 614 0006 0B       		.uleb128 0xb
 615 0007 03       		.uleb128 0x3
 616 0008 0E       		.uleb128 0xe
 617 0009 1B       		.uleb128 0x1b
 618 000a 0E       		.uleb128 0xe
 619 000b 55       		.uleb128 0x55
 620 000c 17       		.uleb128 0x17
 621 000d 11       		.uleb128 0x11
 622 000e 01       		.uleb128 0x1
 623 000f 10       		.uleb128 0x10
 624 0010 17       		.uleb128 0x17
 625 0011 00       		.byte	0
ARM GAS  /tmp/ccLqIsz1.s 			page 12


 626 0012 00       		.byte	0
 627 0013 02       		.uleb128 0x2
 628 0014 24       		.uleb128 0x24
 629 0015 00       		.byte	0
 630 0016 0B       		.uleb128 0xb
 631 0017 0B       		.uleb128 0xb
 632 0018 3E       		.uleb128 0x3e
 633 0019 0B       		.uleb128 0xb
 634 001a 03       		.uleb128 0x3
 635 001b 08       		.uleb128 0x8
 636 001c 00       		.byte	0
 637 001d 00       		.byte	0
 638 001e 03       		.uleb128 0x3
 639 001f 24       		.uleb128 0x24
 640 0020 00       		.byte	0
 641 0021 0B       		.uleb128 0xb
 642 0022 0B       		.uleb128 0xb
 643 0023 3E       		.uleb128 0x3e
 644 0024 0B       		.uleb128 0xb
 645 0025 03       		.uleb128 0x3
 646 0026 0E       		.uleb128 0xe
 647 0027 00       		.byte	0
 648 0028 00       		.byte	0
 649 0029 04       		.uleb128 0x4
 650 002a 16       		.uleb128 0x16
 651 002b 00       		.byte	0
 652 002c 03       		.uleb128 0x3
 653 002d 0E       		.uleb128 0xe
 654 002e 3A       		.uleb128 0x3a
 655 002f 0B       		.uleb128 0xb
 656 0030 3B       		.uleb128 0x3b
 657 0031 0B       		.uleb128 0xb
 658 0032 49       		.uleb128 0x49
 659 0033 13       		.uleb128 0x13
 660 0034 00       		.byte	0
 661 0035 00       		.byte	0
 662 0036 05       		.uleb128 0x5
 663 0037 35       		.uleb128 0x35
 664 0038 00       		.byte	0
 665 0039 49       		.uleb128 0x49
 666 003a 13       		.uleb128 0x13
 667 003b 00       		.byte	0
 668 003c 00       		.byte	0
 669 003d 06       		.uleb128 0x6
 670 003e 13       		.uleb128 0x13
 671 003f 01       		.byte	0x1
 672 0040 0B       		.uleb128 0xb
 673 0041 0B       		.uleb128 0xb
 674 0042 3A       		.uleb128 0x3a
 675 0043 0B       		.uleb128 0xb
 676 0044 3B       		.uleb128 0x3b
 677 0045 0B       		.uleb128 0xb
 678 0046 01       		.uleb128 0x1
 679 0047 13       		.uleb128 0x13
 680 0048 00       		.byte	0
 681 0049 00       		.byte	0
 682 004a 07       		.uleb128 0x7
ARM GAS  /tmp/ccLqIsz1.s 			page 13


 683 004b 0D       		.uleb128 0xd
 684 004c 00       		.byte	0
 685 004d 03       		.uleb128 0x3
 686 004e 0E       		.uleb128 0xe
 687 004f 3A       		.uleb128 0x3a
 688 0050 0B       		.uleb128 0xb
 689 0051 3B       		.uleb128 0x3b
 690 0052 05       		.uleb128 0x5
 691 0053 49       		.uleb128 0x49
 692 0054 13       		.uleb128 0x13
 693 0055 38       		.uleb128 0x38
 694 0056 0B       		.uleb128 0xb
 695 0057 00       		.byte	0
 696 0058 00       		.byte	0
 697 0059 08       		.uleb128 0x8
 698 005a 16       		.uleb128 0x16
 699 005b 00       		.byte	0
 700 005c 03       		.uleb128 0x3
 701 005d 0E       		.uleb128 0xe
 702 005e 3A       		.uleb128 0x3a
 703 005f 0B       		.uleb128 0xb
 704 0060 3B       		.uleb128 0x3b
 705 0061 05       		.uleb128 0x5
 706 0062 49       		.uleb128 0x49
 707 0063 13       		.uleb128 0x13
 708 0064 00       		.byte	0
 709 0065 00       		.byte	0
 710 0066 09       		.uleb128 0x9
 711 0067 0D       		.uleb128 0xd
 712 0068 00       		.byte	0
 713 0069 03       		.uleb128 0x3
 714 006a 0E       		.uleb128 0xe
 715 006b 3A       		.uleb128 0x3a
 716 006c 0B       		.uleb128 0xb
 717 006d 3B       		.uleb128 0x3b
 718 006e 0B       		.uleb128 0xb
 719 006f 49       		.uleb128 0x49
 720 0070 13       		.uleb128 0x13
 721 0071 38       		.uleb128 0x38
 722 0072 0B       		.uleb128 0xb
 723 0073 00       		.byte	0
 724 0074 00       		.byte	0
 725 0075 0A       		.uleb128 0xa
 726 0076 0D       		.uleb128 0xd
 727 0077 00       		.byte	0
 728 0078 03       		.uleb128 0x3
 729 0079 08       		.uleb128 0x8
 730 007a 3A       		.uleb128 0x3a
 731 007b 0B       		.uleb128 0xb
 732 007c 3B       		.uleb128 0x3b
 733 007d 0B       		.uleb128 0xb
 734 007e 49       		.uleb128 0x49
 735 007f 13       		.uleb128 0x13
 736 0080 38       		.uleb128 0x38
 737 0081 0B       		.uleb128 0xb
 738 0082 00       		.byte	0
 739 0083 00       		.byte	0
ARM GAS  /tmp/ccLqIsz1.s 			page 14


 740 0084 0B       		.uleb128 0xb
 741 0085 2E       		.uleb128 0x2e
 742 0086 01       		.byte	0x1
 743 0087 3F       		.uleb128 0x3f
 744 0088 19       		.uleb128 0x19
 745 0089 03       		.uleb128 0x3
 746 008a 0E       		.uleb128 0xe
 747 008b 3A       		.uleb128 0x3a
 748 008c 0B       		.uleb128 0xb
 749 008d 3B       		.uleb128 0x3b
 750 008e 0B       		.uleb128 0xb
 751 008f 27       		.uleb128 0x27
 752 0090 19       		.uleb128 0x19
 753 0091 49       		.uleb128 0x49
 754 0092 13       		.uleb128 0x13
 755 0093 20       		.uleb128 0x20
 756 0094 0B       		.uleb128 0xb
 757 0095 01       		.uleb128 0x1
 758 0096 13       		.uleb128 0x13
 759 0097 00       		.byte	0
 760 0098 00       		.byte	0
 761 0099 0C       		.uleb128 0xc
 762 009a 05       		.uleb128 0x5
 763 009b 00       		.byte	0
 764 009c 03       		.uleb128 0x3
 765 009d 0E       		.uleb128 0xe
 766 009e 3A       		.uleb128 0x3a
 767 009f 0B       		.uleb128 0xb
 768 00a0 3B       		.uleb128 0x3b
 769 00a1 0B       		.uleb128 0xb
 770 00a2 49       		.uleb128 0x49
 771 00a3 13       		.uleb128 0x13
 772 00a4 00       		.byte	0
 773 00a5 00       		.byte	0
 774 00a6 0D       		.uleb128 0xd
 775 00a7 05       		.uleb128 0x5
 776 00a8 00       		.byte	0
 777 00a9 03       		.uleb128 0x3
 778 00aa 08       		.uleb128 0x8
 779 00ab 3A       		.uleb128 0x3a
 780 00ac 0B       		.uleb128 0xb
 781 00ad 3B       		.uleb128 0x3b
 782 00ae 0B       		.uleb128 0xb
 783 00af 49       		.uleb128 0x49
 784 00b0 13       		.uleb128 0x13
 785 00b1 00       		.byte	0
 786 00b2 00       		.byte	0
 787 00b3 0E       		.uleb128 0xe
 788 00b4 34       		.uleb128 0x34
 789 00b5 00       		.byte	0
 790 00b6 03       		.uleb128 0x3
 791 00b7 08       		.uleb128 0x8
 792 00b8 3A       		.uleb128 0x3a
 793 00b9 0B       		.uleb128 0xb
 794 00ba 3B       		.uleb128 0x3b
 795 00bb 0B       		.uleb128 0xb
 796 00bc 49       		.uleb128 0x49
ARM GAS  /tmp/ccLqIsz1.s 			page 15


 797 00bd 13       		.uleb128 0x13
 798 00be 00       		.byte	0
 799 00bf 00       		.byte	0
 800 00c0 0F       		.uleb128 0xf
 801 00c1 2E       		.uleb128 0x2e
 802 00c2 01       		.byte	0x1
 803 00c3 3F       		.uleb128 0x3f
 804 00c4 19       		.uleb128 0x19
 805 00c5 03       		.uleb128 0x3
 806 00c6 0E       		.uleb128 0xe
 807 00c7 3A       		.uleb128 0x3a
 808 00c8 0B       		.uleb128 0xb
 809 00c9 3B       		.uleb128 0x3b
 810 00ca 0B       		.uleb128 0xb
 811 00cb 27       		.uleb128 0x27
 812 00cc 19       		.uleb128 0x19
 813 00cd 11       		.uleb128 0x11
 814 00ce 01       		.uleb128 0x1
 815 00cf 12       		.uleb128 0x12
 816 00d0 06       		.uleb128 0x6
 817 00d1 40       		.uleb128 0x40
 818 00d2 18       		.uleb128 0x18
 819 00d3 9742     		.uleb128 0x2117
 820 00d5 19       		.uleb128 0x19
 821 00d6 01       		.uleb128 0x1
 822 00d7 13       		.uleb128 0x13
 823 00d8 00       		.byte	0
 824 00d9 00       		.byte	0
 825 00da 10       		.uleb128 0x10
 826 00db 898201   		.uleb128 0x4109
 827 00de 00       		.byte	0
 828 00df 11       		.uleb128 0x11
 829 00e0 01       		.uleb128 0x1
 830 00e1 31       		.uleb128 0x31
 831 00e2 13       		.uleb128 0x13
 832 00e3 00       		.byte	0
 833 00e4 00       		.byte	0
 834 00e5 11       		.uleb128 0x11
 835 00e6 898201   		.uleb128 0x4109
 836 00e9 00       		.byte	0
 837 00ea 11       		.uleb128 0x11
 838 00eb 01       		.uleb128 0x1
 839 00ec 9542     		.uleb128 0x2115
 840 00ee 19       		.uleb128 0x19
 841 00ef 31       		.uleb128 0x31
 842 00f0 13       		.uleb128 0x13
 843 00f1 00       		.byte	0
 844 00f2 00       		.byte	0
 845 00f3 12       		.uleb128 0x12
 846 00f4 2E       		.uleb128 0x2e
 847 00f5 01       		.byte	0x1
 848 00f6 31       		.uleb128 0x31
 849 00f7 13       		.uleb128 0x13
 850 00f8 11       		.uleb128 0x11
 851 00f9 01       		.uleb128 0x1
 852 00fa 12       		.uleb128 0x12
 853 00fb 06       		.uleb128 0x6
ARM GAS  /tmp/ccLqIsz1.s 			page 16


 854 00fc 40       		.uleb128 0x40
 855 00fd 18       		.uleb128 0x18
 856 00fe 9742     		.uleb128 0x2117
 857 0100 19       		.uleb128 0x19
 858 0101 01       		.uleb128 0x1
 859 0102 13       		.uleb128 0x13
 860 0103 00       		.byte	0
 861 0104 00       		.byte	0
 862 0105 13       		.uleb128 0x13
 863 0106 05       		.uleb128 0x5
 864 0107 00       		.byte	0
 865 0108 31       		.uleb128 0x31
 866 0109 13       		.uleb128 0x13
 867 010a 02       		.uleb128 0x2
 868 010b 17       		.uleb128 0x17
 869 010c 00       		.byte	0
 870 010d 00       		.byte	0
 871 010e 14       		.uleb128 0x14
 872 010f 05       		.uleb128 0x5
 873 0110 00       		.byte	0
 874 0111 31       		.uleb128 0x31
 875 0112 13       		.uleb128 0x13
 876 0113 02       		.uleb128 0x2
 877 0114 18       		.uleb128 0x18
 878 0115 00       		.byte	0
 879 0116 00       		.byte	0
 880 0117 15       		.uleb128 0x15
 881 0118 34       		.uleb128 0x34
 882 0119 00       		.byte	0
 883 011a 31       		.uleb128 0x31
 884 011b 13       		.uleb128 0x13
 885 011c 02       		.uleb128 0x2
 886 011d 18       		.uleb128 0x18
 887 011e 00       		.byte	0
 888 011f 00       		.byte	0
 889 0120 16       		.uleb128 0x16
 890 0121 05       		.uleb128 0x5
 891 0122 00       		.byte	0
 892 0123 03       		.uleb128 0x3
 893 0124 0E       		.uleb128 0xe
 894 0125 3A       		.uleb128 0x3a
 895 0126 0B       		.uleb128 0xb
 896 0127 3B       		.uleb128 0x3b
 897 0128 0B       		.uleb128 0xb
 898 0129 49       		.uleb128 0x49
 899 012a 13       		.uleb128 0x13
 900 012b 02       		.uleb128 0x2
 901 012c 17       		.uleb128 0x17
 902 012d 00       		.byte	0
 903 012e 00       		.byte	0
 904 012f 17       		.uleb128 0x17
 905 0130 34       		.uleb128 0x34
 906 0131 00       		.byte	0
 907 0132 03       		.uleb128 0x3
 908 0133 0E       		.uleb128 0xe
 909 0134 3A       		.uleb128 0x3a
 910 0135 0B       		.uleb128 0xb
ARM GAS  /tmp/ccLqIsz1.s 			page 17


 911 0136 3B       		.uleb128 0x3b
 912 0137 0B       		.uleb128 0xb
 913 0138 49       		.uleb128 0x49
 914 0139 13       		.uleb128 0x13
 915 013a 02       		.uleb128 0x2
 916 013b 18       		.uleb128 0x18
 917 013c 00       		.byte	0
 918 013d 00       		.byte	0
 919 013e 18       		.uleb128 0x18
 920 013f 1D       		.uleb128 0x1d
 921 0140 01       		.byte	0x1
 922 0141 31       		.uleb128 0x31
 923 0142 13       		.uleb128 0x13
 924 0143 52       		.uleb128 0x52
 925 0144 01       		.uleb128 0x1
 926 0145 55       		.uleb128 0x55
 927 0146 17       		.uleb128 0x17
 928 0147 58       		.uleb128 0x58
 929 0148 0B       		.uleb128 0xb
 930 0149 59       		.uleb128 0x59
 931 014a 0B       		.uleb128 0xb
 932 014b 00       		.byte	0
 933 014c 00       		.byte	0
 934 014d 19       		.uleb128 0x19
 935 014e 0B       		.uleb128 0xb
 936 014f 01       		.byte	0x1
 937 0150 55       		.uleb128 0x55
 938 0151 17       		.uleb128 0x17
 939 0152 00       		.byte	0
 940 0153 00       		.byte	0
 941 0154 1A       		.uleb128 0x1a
 942 0155 34       		.uleb128 0x34
 943 0156 00       		.byte	0
 944 0157 31       		.uleb128 0x31
 945 0158 13       		.uleb128 0x13
 946 0159 02       		.uleb128 0x2
 947 015a 17       		.uleb128 0x17
 948 015b 00       		.byte	0
 949 015c 00       		.byte	0
 950 015d 1B       		.uleb128 0x1b
 951 015e 34       		.uleb128 0x34
 952 015f 00       		.byte	0
 953 0160 03       		.uleb128 0x3
 954 0161 0E       		.uleb128 0xe
 955 0162 3A       		.uleb128 0x3a
 956 0163 0B       		.uleb128 0xb
 957 0164 3B       		.uleb128 0x3b
 958 0165 05       		.uleb128 0x5
 959 0166 49       		.uleb128 0x49
 960 0167 13       		.uleb128 0x13
 961 0168 3F       		.uleb128 0x3f
 962 0169 19       		.uleb128 0x19
 963 016a 3C       		.uleb128 0x3c
 964 016b 19       		.uleb128 0x19
 965 016c 00       		.byte	0
 966 016d 00       		.byte	0
 967 016e 1C       		.uleb128 0x1c
ARM GAS  /tmp/ccLqIsz1.s 			page 18


 968 016f 26       		.uleb128 0x26
 969 0170 00       		.byte	0
 970 0171 49       		.uleb128 0x49
 971 0172 13       		.uleb128 0x13
 972 0173 00       		.byte	0
 973 0174 00       		.byte	0
 974 0175 1D       		.uleb128 0x1d
 975 0176 2E       		.uleb128 0x2e
 976 0177 00       		.byte	0
 977 0178 3F       		.uleb128 0x3f
 978 0179 19       		.uleb128 0x19
 979 017a 03       		.uleb128 0x3
 980 017b 0E       		.uleb128 0xe
 981 017c 3A       		.uleb128 0x3a
 982 017d 0B       		.uleb128 0xb
 983 017e 3B       		.uleb128 0x3b
 984 017f 05       		.uleb128 0x5
 985 0180 27       		.uleb128 0x27
 986 0181 19       		.uleb128 0x19
 987 0182 3C       		.uleb128 0x3c
 988 0183 19       		.uleb128 0x19
 989 0184 00       		.byte	0
 990 0185 00       		.byte	0
 991 0186 1E       		.uleb128 0x1e
 992 0187 2E       		.uleb128 0x2e
 993 0188 01       		.byte	0x1
 994 0189 3F       		.uleb128 0x3f
 995 018a 19       		.uleb128 0x19
 996 018b 03       		.uleb128 0x3
 997 018c 0E       		.uleb128 0xe
 998 018d 3A       		.uleb128 0x3a
 999 018e 0B       		.uleb128 0xb
 1000 018f 3B       		.uleb128 0x3b
 1001 0190 05       		.uleb128 0x5
 1002 0191 27       		.uleb128 0x27
 1003 0192 19       		.uleb128 0x19
 1004 0193 3C       		.uleb128 0x3c
 1005 0194 19       		.uleb128 0x19
 1006 0195 01       		.uleb128 0x1
 1007 0196 13       		.uleb128 0x13
 1008 0197 00       		.byte	0
 1009 0198 00       		.byte	0
 1010 0199 1F       		.uleb128 0x1f
 1011 019a 05       		.uleb128 0x5
 1012 019b 00       		.byte	0
 1013 019c 49       		.uleb128 0x49
 1014 019d 13       		.uleb128 0x13
 1015 019e 00       		.byte	0
 1016 019f 00       		.byte	0
 1017 01a0 20       		.uleb128 0x20
 1018 01a1 0F       		.uleb128 0xf
 1019 01a2 00       		.byte	0
 1020 01a3 0B       		.uleb128 0xb
 1021 01a4 0B       		.uleb128 0xb
 1022 01a5 49       		.uleb128 0x49
 1023 01a6 13       		.uleb128 0x13
 1024 01a7 00       		.byte	0
ARM GAS  /tmp/ccLqIsz1.s 			page 19


 1025 01a8 00       		.byte	0
 1026 01a9 00       		.byte	0
 1027              		.section	.debug_loc,"",%progbits
 1028              	.Ldebug_loc0:
 1029              	.LLST0:
 1030 0000 00000000 		.4byte	.LVL4
 1031 0004 12000000 		.4byte	.LVL6
 1032 0008 0100     		.2byte	0x1
 1033 000a 50       		.byte	0x50
 1034 000b 12000000 		.4byte	.LVL6
 1035 000f 16000000 		.4byte	.LVL7
 1036 0013 0400     		.2byte	0x4
 1037 0015 F3       		.byte	0xf3
 1038 0016 01       		.uleb128 0x1
 1039 0017 50       		.byte	0x50
 1040 0018 9F       		.byte	0x9f
 1041 0019 16000000 		.4byte	.LVL7
 1042 001d 1C000000 		.4byte	.LVL8
 1043 0021 0100     		.2byte	0x1
 1044 0023 50       		.byte	0x50
 1045 0024 1C000000 		.4byte	.LVL8
 1046 0028 1E000000 		.4byte	.LVL9
 1047 002c 0400     		.2byte	0x4
 1048 002e F3       		.byte	0xf3
 1049 002f 01       		.uleb128 0x1
 1050 0030 50       		.byte	0x50
 1051 0031 9F       		.byte	0x9f
 1052 0032 1E000000 		.4byte	.LVL9
 1053 0036 20000000 		.4byte	.LVL10
 1054 003a 0100     		.2byte	0x1
 1055 003c 50       		.byte	0x50
 1056 003d 20000000 		.4byte	.LVL10
 1057 0041 28000000 		.4byte	.LFE119
 1058 0045 0400     		.2byte	0x4
 1059 0047 F3       		.byte	0xf3
 1060 0048 01       		.uleb128 0x1
 1061 0049 50       		.byte	0x50
 1062 004a 9F       		.byte	0x9f
 1063 004b 00000000 		.4byte	0
 1064 004f 00000000 		.4byte	0
 1065              	.LLST1:
 1066 0053 00000000 		.4byte	.LVL11
 1067 0057 06000000 		.4byte	.LVL13
 1068 005b 0100     		.2byte	0x1
 1069 005d 50       		.byte	0x50
 1070 005e 06000000 		.4byte	.LVL13
 1071 0062 38000000 		.4byte	.LFE120
 1072 0066 0400     		.2byte	0x4
 1073 0068 F3       		.byte	0xf3
 1074 0069 01       		.uleb128 0x1
 1075 006a 50       		.byte	0x50
 1076 006b 9F       		.byte	0x9f
 1077 006c 00000000 		.4byte	0
 1078 0070 00000000 		.4byte	0
 1079              	.LLST2:
 1080 0074 0A000000 		.4byte	.LVL14
 1081 0078 12000000 		.4byte	.LVL15
ARM GAS  /tmp/ccLqIsz1.s 			page 20


 1082 007c 0100     		.2byte	0x1
 1083 007e 53       		.byte	0x53
 1084 007f 18000000 		.4byte	.LVL16
 1085 0083 1E000000 		.4byte	.LVL17
 1086 0087 0100     		.2byte	0x1
 1087 0089 53       		.byte	0x53
 1088 008a 26000000 		.4byte	.LVL18
 1089 008e 2C000000 		.4byte	.LVL19
 1090 0092 0100     		.2byte	0x1
 1091 0094 53       		.byte	0x53
 1092 0095 00000000 		.4byte	0
 1093 0099 00000000 		.4byte	0
 1094              		.section	.debug_aranges,"",%progbits
 1095 0000 2C000000 		.4byte	0x2c
 1096 0004 0200     		.2byte	0x2
 1097 0006 00000000 		.4byte	.Ldebug_info0
 1098 000a 04       		.byte	0x4
 1099 000b 00       		.byte	0
 1100 000c 0000     		.2byte	0
 1101 000e 0000     		.2byte	0
 1102 0010 00000000 		.4byte	.LFB118
 1103 0014 1C000000 		.4byte	.LFE118-.LFB118
 1104 0018 00000000 		.4byte	.LFB119
 1105 001c 28000000 		.4byte	.LFE119-.LFB119
 1106 0020 00000000 		.4byte	.LFB120
 1107 0024 38000000 		.4byte	.LFE120-.LFB120
 1108 0028 00000000 		.4byte	0
 1109 002c 00000000 		.4byte	0
 1110              		.section	.debug_ranges,"",%progbits
 1111              	.Ldebug_ranges0:
 1112 0000 06000000 		.4byte	.LBB4
 1113 0004 12000000 		.4byte	.LBE4
 1114 0008 26000000 		.4byte	.LBB7
 1115 000c 2C000000 		.4byte	.LBE7
 1116 0010 00000000 		.4byte	0
 1117 0014 00000000 		.4byte	0
 1118 0018 00000000 		.4byte	.LFB118
 1119 001c 1C000000 		.4byte	.LFE118
 1120 0020 00000000 		.4byte	.LFB119
 1121 0024 28000000 		.4byte	.LFE119
 1122 0028 00000000 		.4byte	.LFB120
 1123 002c 38000000 		.4byte	.LFE120
 1124 0030 00000000 		.4byte	0
 1125 0034 00000000 		.4byte	0
 1126              		.section	.debug_line,"",%progbits
 1127              	.Ldebug_line0:
 1128 0000 ED010000 		.section	.debug_str,"MS",%progbits,1
 1128      02008101 
 1128      00000201 
 1128      FB0E0D00 
 1128      01010101 
 1129              	.LASF9:
 1130 0000 6C6F6E67 		.ascii	"long long int\000"
 1130      206C6F6E 
 1130      6720696E 
 1130      7400
 1131              	.LASF42:
ARM GAS  /tmp/ccLqIsz1.s 			page 21


 1132 000e 68616C50 		.ascii	"halPolledDelay\000"
 1132      6F6C6C65 
 1132      6444656C 
 1132      617900
 1133              	.LASF53:
 1134 001d 7469636B 		.ascii	"ticks\000"
 1134      7300
 1135              	.LASF36:
 1136 0023 50444461 		.ascii	"PDData\000"
 1136      746100
 1137              	.LASF54:
 1138 002a 5F70616C 		.ascii	"_pal_lld_init\000"
 1138      5F6C6C64 
 1138      5F696E69 
 1138      7400
 1139              	.LASF40:
 1140 0038 73746172 		.ascii	"start\000"
 1140      7400
 1141              	.LASF4:
 1142 003e 73686F72 		.ascii	"short unsigned int\000"
 1142      7420756E 
 1142      7369676E 
 1142      65642069 
 1142      6E7400
 1143              	.LASF0:
 1144 0051 756E7369 		.ascii	"unsigned int\000"
 1144      676E6564 
 1144      20696E74 
 1144      00
 1145              	.LASF27:
 1146 005e 6F747970 		.ascii	"otyper\000"
 1146      657200
 1147              	.LASF11:
 1148 0065 626F6F6C 		.ascii	"bool_t\000"
 1148      5F7400
 1149              	.LASF18:
 1150 006c 45584343 		.ascii	"EXCCNT\000"
 1150      4E5400
 1151              	.LASF49:
 1152 0073 474E5520 		.ascii	"GNU C 4.8.3 20131129 (release) [ARM/embedded-4_8-br"
 1152      4320342E 
 1152      382E3320 
 1152      32303133 
 1152      31313239 
 1153 00a6 616E6368 		.ascii	"anch revision 205641] -mcpu=cortex-m4 -mno-thumb-in"
 1153      20726576 
 1153      6973696F 
 1153      6E203230 
 1153      35363431 
 1154 00d9 74657277 		.ascii	"terwork -mthumb -ggdb -O2 -fomit-frame-pointer -fal"
 1154      6F726B20 
 1154      2D6D7468 
 1154      756D6220 
 1154      2D676764 
 1155 010c 69676E2D 		.ascii	"ign-functions=16 -ffunction-sections -fdata-section"
 1155      66756E63 
 1155      74696F6E 
ARM GAS  /tmp/ccLqIsz1.s 			page 22


 1155      733D3136 
 1155      202D6666 
 1156 013f 73202D66 		.ascii	"s -fno-common\000"
 1156      6E6F2D63 
 1156      6F6D6D6F 
 1156      6E00
 1157              	.LASF19:
 1158 014d 534C4545 		.ascii	"SLEEPCNT\000"
 1158      50434E54 
 1158      00
 1159              	.LASF13:
 1160 0156 494F5245 		.ascii	"IOREG32\000"
 1160      47333200 
 1161              	.LASF41:
 1162 015e 68616C49 		.ascii	"halInit\000"
 1162      6E697400 
 1163              	.LASF37:
 1164 0166 50454461 		.ascii	"PEData\000"
 1164      746100
 1165              	.LASF2:
 1166 016d 756E7369 		.ascii	"unsigned char\000"
 1166      676E6564 
 1166      20636861 
 1166      7200
 1167              	.LASF32:
 1168 017b 73746D33 		.ascii	"stm32_gpio_setup_t\000"
 1168      325F6770 
 1168      696F5F73 
 1168      65747570 
 1168      5F7400
 1169              	.LASF33:
 1170 018e 50414461 		.ascii	"PAData\000"
 1170      746100
 1171              	.LASF8:
 1172 0195 6C6F6E67 		.ascii	"long unsigned int\000"
 1172      20756E73 
 1172      69676E65 
 1172      6420696E 
 1172      7400
 1173              	.LASF46:
 1174 01a7 68616C5F 		.ascii	"hal_lld_init\000"
 1174      6C6C645F 
 1174      696E6974 
 1174      00
 1175              	.LASF31:
 1176 01b4 61667268 		.ascii	"afrh\000"
 1176      00
 1177              	.LASF17:
 1178 01b9 43504943 		.ascii	"CPICNT\000"
 1178      4E5400
 1179              	.LASF44:
 1180 01c0 49544D5F 		.ascii	"ITM_RxBuffer\000"
 1180      52784275 
 1180      66666572 
 1180      00
 1181              	.LASF21:
 1182 01cd 464F4C44 		.ascii	"FOLDCNT\000"
ARM GAS  /tmp/ccLqIsz1.s 			page 23


 1182      434E5400 
 1183              	.LASF39:
 1184 01d5 50414C43 		.ascii	"PALConfig\000"
 1184      6F6E6669 
 1184      6700
 1185              	.LASF45:
 1186 01df 70616C5F 		.ascii	"pal_default_config\000"
 1186      64656661 
 1186      756C745F 
 1186      636F6E66 
 1186      696700
 1187              	.LASF20:
 1188 01f2 4C535543 		.ascii	"LSUCNT\000"
 1188      4E5400
 1189              	.LASF16:
 1190 01f9 43594343 		.ascii	"CYCCNT\000"
 1190      4E5400
 1191              	.LASF23:
 1192 0200 434D785F 		.ascii	"CMx_DWT\000"
 1192      44575400 
 1193              	.LASF29:
 1194 0208 70757064 		.ascii	"pupdr\000"
 1194      7200
 1195              	.LASF38:
 1196 020e 50464461 		.ascii	"PFData\000"
 1196      746100
 1197              	.LASF34:
 1198 0215 50424461 		.ascii	"PBData\000"
 1198      746100
 1199              	.LASF30:
 1200 021c 6166726C 		.ascii	"afrl\000"
 1200      00
 1201              	.LASF25:
 1202 0221 68616C72 		.ascii	"halrtcnt_t\000"
 1202      74636E74 
 1202      5F7400
 1203              	.LASF24:
 1204 022c 63686172 		.ascii	"char\000"
 1204      00
 1205              	.LASF50:
 1206 0231 2E2E2F2E 		.ascii	"../../os/hal/src/hal.c\000"
 1206      2E2F6F73 
 1206      2F68616C 
 1206      2F737263 
 1206      2F68616C 
 1207              	.LASF15:
 1208 0248 4354524C 		.ascii	"CTRL\000"
 1208      00
 1209              	.LASF52:
 1210 024d 68616C49 		.ascii	"halIsCounterWithin\000"
 1210      73436F75 
 1210      6E746572 
 1210      57697468 
 1210      696E00
 1211              	.LASF6:
 1212 0260 696E7433 		.ascii	"int32_t\000"
 1212      325F7400 
ARM GAS  /tmp/ccLqIsz1.s 			page 24


 1213              	.LASF14:
 1214 0268 73697A65 		.ascii	"sizetype\000"
 1214      74797065 
 1214      00
 1215              	.LASF28:
 1216 0271 6F737065 		.ascii	"ospeedr\000"
 1216      65647200 
 1217              	.LASF43:
 1218 0279 74696D65 		.ascii	"timeout\000"
 1218      6F757400 
 1219              	.LASF22:
 1220 0281 50435352 		.ascii	"PCSR\000"
 1220      00
 1221              	.LASF47:
 1222 0286 7364496E 		.ascii	"sdInit\000"
 1222      697400
 1223              	.LASF3:
 1224 028d 73686F72 		.ascii	"short int\000"
 1224      7420696E 
 1224      7400
 1225              	.LASF35:
 1226 0297 50434461 		.ascii	"PCData\000"
 1226      746100
 1227              	.LASF51:
 1228 029e 2F686F6D 		.ascii	"/home/john/git/ChibiOS-RT/demos/ARMCM4-STM32F303C\000"
 1228      652F6A6F 
 1228      686E2F67 
 1228      69742F43 
 1228      68696269 
 1229              	.LASF7:
 1230 02d0 75696E74 		.ascii	"uint32_t\000"
 1230      33325F74 
 1230      00
 1231              	.LASF5:
 1232 02d9 6C6F6E67 		.ascii	"long int\000"
 1232      20696E74 
 1232      00
 1233              	.LASF26:
 1234 02e2 6D6F6465 		.ascii	"moder\000"
 1234      7200
 1235              	.LASF1:
 1236 02e8 7369676E 		.ascii	"signed char\000"
 1236      65642063 
 1236      68617200 
 1237              	.LASF48:
 1238 02f4 626F6172 		.ascii	"boardInit\000"
 1238      64496E69 
 1238      7400
 1239              	.LASF12:
 1240 02fe 5F426F6F 		.ascii	"_Bool\000"
 1240      6C00
 1241              	.LASF10:
 1242 0304 6C6F6E67 		.ascii	"long long unsigned int\000"
 1242      206C6F6E 
 1242      6720756E 
 1242      7369676E 
 1242      65642069 
ARM GAS  /tmp/ccLqIsz1.s 			page 25


 1243              		.ident	"GCC: (GNU Tools for ARM Embedded Processors) 4.8.3 20131129 (release) [ARM/embedded-4_8-br
ARM GAS  /tmp/ccLqIsz1.s 			page 26


DEFINED SYMBOLS
                            *ABS*:0000000000000000 hal.c
     /tmp/ccLqIsz1.s:19     .text.halInit:0000000000000000 $t
     /tmp/ccLqIsz1.s:25     .text.halInit:0000000000000000 halInit
     /tmp/ccLqIsz1.s:54     .text.halInit:0000000000000018 $d
     /tmp/ccLqIsz1.s:59     .text.halIsCounterWithin:0000000000000000 $t
     /tmp/ccLqIsz1.s:65     .text.halIsCounterWithin:0000000000000000 halIsCounterWithin
     /tmp/ccLqIsz1.s:109    .text.halIsCounterWithin:0000000000000024 $d
     /tmp/ccLqIsz1.s:114    .text.halPolledDelay:0000000000000000 $t
     /tmp/ccLqIsz1.s:120    .text.halPolledDelay:0000000000000000 halPolledDelay
     /tmp/ccLqIsz1.s:187    .text.halPolledDelay:0000000000000034 $d
                     .debug_frame:0000000000000010 $d
     /tmp/ccLqIsz1.s:58     .text.halInit:000000000000001c $t
     /tmp/ccLqIsz1.s:113    .text.halIsCounterWithin:0000000000000028 $t
     /tmp/ccLqIsz1.s:191    .text.halPolledDelay:0000000000000038 $t

UNDEFINED SYMBOLS
hal_lld_init
_pal_lld_init
sdInit
boardInit
pal_default_config
