ARM GAS  /tmp/ccYinShk.s 			page 1


   1              		.syntax unified
   2              		.cpu cortex-m4
   3              		.fpu softvfp
   4              		.eabi_attribute 20, 1
   5              		.eabi_attribute 21, 1
   6              		.eabi_attribute 23, 3
   7              		.eabi_attribute 24, 1
   8              		.eabi_attribute 25, 1
   9              		.eabi_attribute 26, 1
  10              		.eabi_attribute 30, 2
  11              		.eabi_attribute 34, 1
  12              		.eabi_attribute 18, 4
  13              		.thumb
  14              		.file	"pal_lld.c"
  15              		.text
  16              	.Ltext0:
  17              		.cfi_sections	.debug_frame
  18              		.section	.text._pal_lld_init,"ax",%progbits
  19              		.align	2
  20              		.p2align 4,,15
  21              		.global	_pal_lld_init
  22              		.thumb
  23              		.thumb_func
  24              		.type	_pal_lld_init, %function
  25              	_pal_lld_init:
  26              	.LFB119:
  27              		.file 1 "../../os/hal/platforms/STM32/GPIOv2/pal_lld.c"
  28              		.loc 1 113 0
  29              		.cfi_startproc
  30              		@ args = 0, pretend = 0, frame = 0
  31              		@ frame_needed = 0, uses_anonymous_args = 0
  32              		@ link register save eliminated.
  33              	.LVL0:
  34 0000 F0B4     		push	{r4, r5, r6, r7}
  35              		.cfi_def_cfa_offset 16
  36              		.cfi_offset 4, -16
  37              		.cfi_offset 5, -12
  38              		.cfi_offset 6, -8
  39              		.cfi_offset 7, -4
  40              		.loc 1 124 0
  41 0002 364E     		ldr	r6, .L2
  42              	.LBB14:
  43              	.LBB15:
  44              		.loc 1 88 0
  45 0004 364D     		ldr	r5, .L2+4
  46              	.LBE15:
  47              	.LBE14:
  48              		.loc 1 124 0
  49 0006 7769     		ldr	r7, [r6, #20]
  50              	.LBB17:
  51              	.LBB18:
  52              		.loc 1 88 0
  53 0008 364C     		ldr	r4, .L2+8
  54              	.LBE18:
  55              	.LBE17:
  56              	.LBB20:
  57              	.LBB21:
ARM GAS  /tmp/ccYinShk.s 			page 2


  58 000a 3749     		ldr	r1, .L2+12
  59              	.LBE21:
  60              	.LBE20:
  61              	.LBB23:
  62              	.LBB24:
  63 000c 374A     		ldr	r2, .L2+16
  64              	.LBE24:
  65              	.LBE23:
  66              	.LBB26:
  67              	.LBB27:
  68 000e 384B     		ldr	r3, .L2+20
  69              	.LBE27:
  70              	.LBE26:
  71              		.loc 1 124 0
  72 0010 47F4FC07 		orr	r7, r7, #8257536
  73 0014 7761     		str	r7, [r6, #20]
  74              	.LVL1:
  75              	.LBB29:
  76              	.LBB30:
  77              		.loc 1 88 0
  78 0016 4FF09046 		mov	r6, #1207959552
  79 001a 4768     		ldr	r7, [r0, #4]
  80 001c 7760     		str	r7, [r6, #4]
  81              		.loc 1 89 0
  82 001e 8768     		ldr	r7, [r0, #8]
  83 0020 B760     		str	r7, [r6, #8]
  84              		.loc 1 90 0
  85 0022 C768     		ldr	r7, [r0, #12]
  86 0024 F760     		str	r7, [r6, #12]
  87              		.loc 1 91 0
  88 0026 0769     		ldr	r7, [r0, #16]
  89 0028 7761     		str	r7, [r6, #20]
  90              		.loc 1 92 0
  91 002a 4769     		ldr	r7, [r0, #20]
  92 002c 3762     		str	r7, [r6, #32]
  93              		.loc 1 93 0
  94 002e 8769     		ldr	r7, [r0, #24]
  95 0030 7762     		str	r7, [r6, #36]
  96              		.loc 1 94 0
  97 0032 0768     		ldr	r7, [r0]
  98 0034 3760     		str	r7, [r6]
  99              	.LVL2:
 100              	.LBE30:
 101              	.LBE29:
 102              	.LBB31:
 103              	.LBB16:
 104              		.loc 1 88 0
 105 0036 066A     		ldr	r6, [r0, #32]
 106 0038 6E60     		str	r6, [r5, #4]
 107              		.loc 1 89 0
 108 003a 466A     		ldr	r6, [r0, #36]
 109 003c AE60     		str	r6, [r5, #8]
 110              		.loc 1 90 0
 111 003e 866A     		ldr	r6, [r0, #40]
 112 0040 EE60     		str	r6, [r5, #12]
 113              		.loc 1 91 0
 114 0042 C66A     		ldr	r6, [r0, #44]
ARM GAS  /tmp/ccYinShk.s 			page 3


 115 0044 6E61     		str	r6, [r5, #20]
 116              		.loc 1 92 0
 117 0046 066B     		ldr	r6, [r0, #48]
 118 0048 2E62     		str	r6, [r5, #32]
 119              		.loc 1 93 0
 120 004a 466B     		ldr	r6, [r0, #52]
 121 004c 6E62     		str	r6, [r5, #36]
 122              		.loc 1 94 0
 123 004e C669     		ldr	r6, [r0, #28]
 124 0050 2E60     		str	r6, [r5]
 125              	.LVL3:
 126              	.LBE16:
 127              	.LBE31:
 128              	.LBB32:
 129              	.LBB19:
 130              		.loc 1 88 0
 131 0052 C56B     		ldr	r5, [r0, #60]
 132 0054 6560     		str	r5, [r4, #4]
 133              		.loc 1 89 0
 134 0056 056C     		ldr	r5, [r0, #64]
 135 0058 A560     		str	r5, [r4, #8]
 136              		.loc 1 90 0
 137 005a 456C     		ldr	r5, [r0, #68]
 138 005c E560     		str	r5, [r4, #12]
 139              		.loc 1 91 0
 140 005e 856C     		ldr	r5, [r0, #72]
 141 0060 6561     		str	r5, [r4, #20]
 142              		.loc 1 92 0
 143 0062 C56C     		ldr	r5, [r0, #76]
 144 0064 2562     		str	r5, [r4, #32]
 145              		.loc 1 93 0
 146 0066 056D     		ldr	r5, [r0, #80]
 147 0068 6562     		str	r5, [r4, #36]
 148              		.loc 1 94 0
 149 006a 856B     		ldr	r5, [r0, #56]
 150 006c 2560     		str	r5, [r4]
 151              	.LVL4:
 152              	.LBE19:
 153              	.LBE32:
 154              	.LBB33:
 155              	.LBB22:
 156              		.loc 1 88 0
 157 006e 846D     		ldr	r4, [r0, #88]
 158 0070 4C60     		str	r4, [r1, #4]
 159              		.loc 1 89 0
 160 0072 C46D     		ldr	r4, [r0, #92]
 161 0074 8C60     		str	r4, [r1, #8]
 162              		.loc 1 90 0
 163 0076 046E     		ldr	r4, [r0, #96]
 164 0078 CC60     		str	r4, [r1, #12]
 165              		.loc 1 91 0
 166 007a 446E     		ldr	r4, [r0, #100]
 167 007c 4C61     		str	r4, [r1, #20]
 168              		.loc 1 92 0
 169 007e 846E     		ldr	r4, [r0, #104]
 170 0080 0C62     		str	r4, [r1, #32]
 171              		.loc 1 93 0
ARM GAS  /tmp/ccYinShk.s 			page 4


 172 0082 C46E     		ldr	r4, [r0, #108]
 173 0084 4C62     		str	r4, [r1, #36]
 174              		.loc 1 94 0
 175 0086 446D     		ldr	r4, [r0, #84]
 176 0088 0C60     		str	r4, [r1]
 177              	.LVL5:
 178              	.LBE22:
 179              	.LBE33:
 180              	.LBB34:
 181              	.LBB25:
 182              		.loc 1 88 0
 183 008a 416F     		ldr	r1, [r0, #116]
 184 008c 5160     		str	r1, [r2, #4]
 185              		.loc 1 89 0
 186 008e 816F     		ldr	r1, [r0, #120]
 187 0090 9160     		str	r1, [r2, #8]
 188              		.loc 1 90 0
 189 0092 C16F     		ldr	r1, [r0, #124]
 190 0094 D160     		str	r1, [r2, #12]
 191              		.loc 1 91 0
 192 0096 D0F88010 		ldr	r1, [r0, #128]
 193 009a 5161     		str	r1, [r2, #20]
 194              		.loc 1 92 0
 195 009c D0F88410 		ldr	r1, [r0, #132]
 196 00a0 1162     		str	r1, [r2, #32]
 197              		.loc 1 93 0
 198 00a2 D0F88810 		ldr	r1, [r0, #136]
 199 00a6 5162     		str	r1, [r2, #36]
 200              		.loc 1 94 0
 201 00a8 016F     		ldr	r1, [r0, #112]
 202 00aa 1160     		str	r1, [r2]
 203              	.LVL6:
 204              	.LBE25:
 205              	.LBE34:
 206              	.LBB35:
 207              	.LBB28:
 208              		.loc 1 88 0
 209 00ac D0F89020 		ldr	r2, [r0, #144]
 210 00b0 5A60     		str	r2, [r3, #4]
 211              		.loc 1 89 0
 212 00b2 D0F89420 		ldr	r2, [r0, #148]
 213 00b6 9A60     		str	r2, [r3, #8]
 214              		.loc 1 90 0
 215 00b8 D0F89820 		ldr	r2, [r0, #152]
 216 00bc DA60     		str	r2, [r3, #12]
 217              		.loc 1 91 0
 218 00be D0F89C20 		ldr	r2, [r0, #156]
 219 00c2 5A61     		str	r2, [r3, #20]
 220              		.loc 1 92 0
 221 00c4 D0F8A020 		ldr	r2, [r0, #160]
 222 00c8 1A62     		str	r2, [r3, #32]
 223              		.loc 1 93 0
 224 00ca D0F8A420 		ldr	r2, [r0, #164]
 225 00ce 5A62     		str	r2, [r3, #36]
 226              		.loc 1 94 0
 227 00d0 D0F88C20 		ldr	r2, [r0, #140]
 228 00d4 1A60     		str	r2, [r3]
ARM GAS  /tmp/ccYinShk.s 			page 5


 229              	.LBE28:
 230              	.LBE35:
 231              		.loc 1 160 0
 232 00d6 F0BC     		pop	{r4, r5, r6, r7}
 233 00d8 7047     		bx	lr
 234              	.L3:
 235 00da 00BF     		.align	2
 236              	.L2:
 237 00dc 00100240 		.word	1073876992
 238 00e0 00040048 		.word	1207960576
 239 00e4 00080048 		.word	1207961600
 240 00e8 000C0048 		.word	1207962624
 241 00ec 00100048 		.word	1207963648
 242 00f0 00140048 		.word	1207964672
 243              		.cfi_endproc
 244              	.LFE119:
 245              		.size	_pal_lld_init, .-_pal_lld_init
 246 00f4 AFF30080 		.section	.text._pal_lld_setgroupmode,"ax",%progbits
 246      AFF30080 
 246      AFF30080 
 247              		.align	2
 248              		.p2align 4,,15
 249              		.global	_pal_lld_setgroupmode
 250              		.thumb
 251              		.thumb_func
 252              		.type	_pal_lld_setgroupmode, %function
 253              	_pal_lld_setgroupmode:
 254              	.LFB120:
 255              		.loc 1 178 0
 256              		.cfi_startproc
 257              		@ args = 0, pretend = 0, frame = 0
 258              		@ frame_needed = 0, uses_anonymous_args = 0
 259              		@ link register save eliminated.
 260              	.LVL7:
 261 0000 2DE9F00F 		push	{r4, r5, r6, r7, r8, r9, r10, fp}
 262              		.cfi_def_cfa_offset 32
 263              		.cfi_offset 4, -32
 264              		.cfi_offset 5, -28
 265              		.cfi_offset 6, -24
 266              		.cfi_offset 7, -20
 267              		.cfi_offset 8, -16
 268              		.cfi_offset 9, -12
 269              		.cfi_offset 10, -8
 270              		.cfi_offset 11, -4
 271              		.loc 1 185 0
 272 0004 0023     		movs	r3, #0
 273              		.loc 1 180 0
 274 0006 02F00307 		and	r7, r2, #3
 275              	.LVL8:
 276              		.loc 1 181 0
 277 000a C2F38006 		ubfx	r6, r2, #2, #1
 278              	.LVL9:
 279              		.loc 1 182 0
 280 000e C2F3C105 		ubfx	r5, r2, #3, #2
 281              	.LVL10:
 282              		.loc 1 183 0
 283 0012 C2F34114 		ubfx	r4, r2, #5, #2
ARM GAS  /tmp/ccYinShk.s 			page 6


 284              	.LVL11:
 285              	.LBB36:
 286              		.loc 1 191 0
 287 0016 4FF00F09 		mov	r9, #15
 288              	.LBE36:
 289              		.loc 1 184 0
 290 001a C2F3C312 		ubfx	r2, r2, #7, #4
 291              	.LVL12:
 292              	.LBB37:
 293              		.loc 1 196 0
 294 001e 4FF0010A 		mov	r10, #1
 295 0022 38E0     		b	.L9
 296              	.LVL13:
 297              	.L14:
 298              		.loc 1 193 0
 299 0024 D0F820B0 		ldr	fp, [r0, #32]
 300 0028 2BEA0C0C 		bic	ip, fp, ip
 301              	.LVL14:
 302 002c 4CEA0808 		orr	r8, ip, r8
 303              	.LVL15:
 304 0030 C0F82080 		str	r8, [r0, #32]
 305              	.L7:
 306              	.LVL16:
 307              		.loc 1 197 0
 308 0034 D0F804C0 		ldr	ip, [r0, #4]
 309              		.loc 1 196 0
 310 0038 0AFA03F8 		lsl	r8, r10, r3
 311              		.loc 1 197 0
 312 003c 2CEA080C 		bic	ip, ip, r8
 313 0040 4CEA060C 		orr	ip, ip, r6
 314 0044 C0F804C0 		str	ip, [r0, #4]
 315              	.LVL17:
 316              		.loc 1 198 0
 317 0048 4FF0030B 		mov	fp, #3
 318 004c 4FEA430C 		lsl	ip, r3, #1
 319              		.loc 1 199 0
 320 0050 D0F80880 		ldr	r8, [r0, #8]
 321              		.loc 1 198 0
 322 0054 0BFA0CFC 		lsl	ip, fp, ip
 323              	.LVL18:
 324              		.loc 1 199 0
 325 0058 6FEA0C0C 		mvn	ip, ip
 326              	.LVL19:
 327 005c 0CEA0808 		and	r8, ip, r8
 328 0060 48EA0508 		orr	r8, r8, r5
 329 0064 C0F80880 		str	r8, [r0, #8]
 330              		.loc 1 200 0
 331 0068 D0F80C80 		ldr	r8, [r0, #12]
 332 006c 0CEA0808 		and	r8, ip, r8
 333 0070 48EA0408 		orr	r8, r8, r4
 334 0074 C0F80C80 		str	r8, [r0, #12]
 335              		.loc 1 201 0
 336 0078 D0F80080 		ldr	r8, [r0]
 337 007c 0CEA080C 		and	ip, ip, r8
 338              	.LVL20:
 339 0080 4CEA070C 		orr	ip, ip, r7
 340 0084 C0F800C0 		str	ip, [r0]
ARM GAS  /tmp/ccYinShk.s 			page 7


 341              	.LVL21:
 342              	.L5:
 343              	.LBE37:
 344              		.loc 1 204 0
 345 0088 4908     		lsrs	r1, r1, #1
 346              	.LVL22:
 347 008a 1AD0     		beq	.L4
 348              		.loc 1 206 0
 349 008c 7600     		lsls	r6, r6, #1
 350              	.LVL23:
 351              		.loc 1 207 0
 352 008e AD00     		lsls	r5, r5, #2
 353              	.LVL24:
 354              		.loc 1 208 0
 355 0090 A400     		lsls	r4, r4, #2
 356              	.LVL25:
 357              		.loc 1 209 0
 358 0092 BF00     		lsls	r7, r7, #2
 359              	.LVL26:
 360              		.loc 1 210 0
 361 0094 0133     		adds	r3, r3, #1
 362              	.LVL27:
 363              	.L9:
 364              	.LBB38:
 365              		.loc 1 190 0
 366 0096 03F0070C 		and	ip, r3, #7
 367 009a 4FEA8C0C 		lsl	ip, ip, #2
 368              	.LBE38:
 369              		.loc 1 187 0
 370 009e 11F0010F 		tst	r1, #1
 371              	.LBB39:
 372              		.loc 1 190 0
 373 00a2 02FA0CF8 		lsl	r8, r2, ip
 374              	.LVL28:
 375              		.loc 1 191 0
 376 00a6 09FA0CFC 		lsl	ip, r9, ip
 377              	.LVL29:
 378              	.LBE39:
 379              		.loc 1 187 0
 380 00aa EDD0     		beq	.L5
 381              	.LBB40:
 382              		.loc 1 192 0
 383 00ac 072B     		cmp	r3, #7
 384 00ae B9D9     		bls	.L14
 385              		.loc 1 195 0
 386 00b0 D0F824B0 		ldr	fp, [r0, #36]
 387 00b4 2BEA0C0C 		bic	ip, fp, ip
 388              	.LVL30:
 389 00b8 4CEA0808 		orr	r8, ip, r8
 390              	.LVL31:
 391 00bc C0F82480 		str	r8, [r0, #36]
 392 00c0 B8E7     		b	.L7
 393              	.L4:
 394              	.LBE40:
 395              		.loc 1 212 0
 396 00c2 BDE8F00F 		pop	{r4, r5, r6, r7, r8, r9, r10, fp}
 397              	.LVL32:
ARM GAS  /tmp/ccYinShk.s 			page 8


 398 00c6 7047     		bx	lr
 399              		.cfi_endproc
 400              	.LFE120:
 401              		.size	_pal_lld_setgroupmode, .-_pal_lld_setgroupmode
 402 00c8 AFF30080 		.text
 402      AFF30080 
 403              	.Letext0:
 404              		.file 2 "/usr/arm-none-eabi/include/stdint.h"
 405              		.file 3 "../../os/hal/platforms/STM32F30x/stm32f30x.h"
 406              		.file 4 "../../os/hal/platforms/STM32/GPIOv2/pal_lld.h"
 407              		.file 5 "../../os/ports/common/ARMCMx/CMSIS/include/core_cm4.h"
 408              		.section	.debug_info,"",%progbits
 409              	.Ldebug_info0:
 410 0000 3F050000 		.4byte	0x53f
 411 0004 0400     		.2byte	0x4
 412 0006 00000000 		.4byte	.Ldebug_abbrev0
 413 000a 04       		.byte	0x4
 414 000b 01       		.uleb128 0x1
 415 000c 0B020000 		.4byte	.LASF62
 416 0010 01       		.byte	0x1
 417 0011 3F030000 		.4byte	.LASF63
 418 0015 33000000 		.4byte	.LASF64
 419 0019 A8000000 		.4byte	.Ldebug_ranges0+0xa8
 420 001d 00000000 		.4byte	0
 421 0021 00000000 		.4byte	.Ldebug_line0
 422 0025 02       		.uleb128 0x2
 423 0026 04       		.byte	0x4
 424 0027 05       		.byte	0x5
 425 0028 696E7400 		.ascii	"int\000"
 426 002c 03       		.uleb128 0x3
 427 002d 04       		.byte	0x4
 428 002e 07       		.byte	0x7
 429 002f 28030000 		.4byte	.LASF0
 430 0033 03       		.uleb128 0x3
 431 0034 01       		.byte	0x1
 432 0035 06       		.byte	0x6
 433 0036 73010000 		.4byte	.LASF1
 434 003a 03       		.uleb128 0x3
 435 003b 01       		.byte	0x1
 436 003c 08       		.byte	0x8
 437 003d 5D010000 		.4byte	.LASF2
 438 0041 03       		.uleb128 0x3
 439 0042 02       		.byte	0x2
 440 0043 05       		.byte	0x5
 441 0044 8D000000 		.4byte	.LASF3
 442 0048 04       		.uleb128 0x4
 443 0049 D4010000 		.4byte	.LASF5
 444 004d 02       		.byte	0x2
 445 004e 36       		.byte	0x36
 446 004f 53000000 		.4byte	0x53
 447 0053 03       		.uleb128 0x3
 448 0054 02       		.byte	0x2
 449 0055 07       		.byte	0x7
 450 0056 BC010000 		.4byte	.LASF4
 451 005a 04       		.uleb128 0x4
 452 005b DD010000 		.4byte	.LASF6
 453 005f 02       		.byte	0x2
ARM GAS  /tmp/ccYinShk.s 			page 9


 454 0060 4F       		.byte	0x4f
 455 0061 65000000 		.4byte	0x65
 456 0065 03       		.uleb128 0x3
 457 0066 04       		.byte	0x4
 458 0067 05       		.byte	0x5
 459 0068 13010000 		.4byte	.LASF7
 460 006c 04       		.uleb128 0x4
 461 006d 96010000 		.4byte	.LASF8
 462 0071 02       		.byte	0x2
 463 0072 50       		.byte	0x50
 464 0073 77000000 		.4byte	0x77
 465 0077 03       		.uleb128 0x3
 466 0078 04       		.byte	0x4
 467 0079 07       		.byte	0x7
 468 007a E5020000 		.4byte	.LASF9
 469 007e 03       		.uleb128 0x3
 470 007f 08       		.byte	0x8
 471 0080 05       		.byte	0x5
 472 0081 F7000000 		.4byte	.LASF10
 473 0085 03       		.uleb128 0x3
 474 0086 08       		.byte	0x8
 475 0087 07       		.byte	0x7
 476 0088 7F010000 		.4byte	.LASF11
 477 008c 03       		.uleb128 0x3
 478 008d 01       		.byte	0x1
 479 008e 02       		.byte	0x2
 480 008f EF010000 		.4byte	.LASF12
 481 0093 05       		.uleb128 0x5
 482 0094 6C000000 		.4byte	0x6c
 483 0098 03       		.uleb128 0x3
 484 0099 04       		.byte	0x4
 485 009a 07       		.byte	0x7
 486 009b A0000000 		.4byte	.LASF13
 487 009f 03       		.uleb128 0x3
 488 00a0 01       		.byte	0x1
 489 00a1 08       		.byte	0x8
 490 00a2 CF010000 		.4byte	.LASF14
 491 00a6 05       		.uleb128 0x5
 492 00a7 5A000000 		.4byte	0x5a
 493 00ab 06       		.uleb128 0x6
 494 00ac 34       		.byte	0x34
 495 00ad 03       		.byte	0x3
 496 00ae 8502     		.2byte	0x285
 497 00b0 5D010000 		.4byte	0x15d
 498 00b4 07       		.uleb128 0x7
 499 00b5 435200   		.ascii	"CR\000"
 500 00b8 03       		.byte	0x3
 501 00b9 8702     		.2byte	0x287
 502 00bb 93000000 		.4byte	0x93
 503 00bf 00       		.byte	0
 504 00c0 08       		.uleb128 0x8
 505 00c1 35030000 		.4byte	.LASF15
 506 00c5 03       		.byte	0x3
 507 00c6 8802     		.2byte	0x288
 508 00c8 93000000 		.4byte	0x93
 509 00cc 04       		.byte	0x4
 510 00cd 07       		.uleb128 0x7
ARM GAS  /tmp/ccYinShk.s 			page 10


 511 00ce 43495200 		.ascii	"CIR\000"
 512 00d2 03       		.byte	0x3
 513 00d3 8902     		.2byte	0x289
 514 00d5 93000000 		.4byte	0x93
 515 00d9 08       		.byte	0x8
 516 00da 08       		.uleb128 0x8
 517 00db 3C010000 		.4byte	.LASF16
 518 00df 03       		.byte	0x3
 519 00e0 8A02     		.2byte	0x28a
 520 00e2 93000000 		.4byte	0x93
 521 00e6 0C       		.byte	0xc
 522 00e7 08       		.uleb128 0x8
 523 00e8 2A000000 		.4byte	.LASF17
 524 00ec 03       		.byte	0x3
 525 00ed 8B02     		.2byte	0x28b
 526 00ef 93000000 		.4byte	0x93
 527 00f3 10       		.byte	0x10
 528 00f4 08       		.uleb128 0x8
 529 00f5 2F010000 		.4byte	.LASF18
 530 00f9 03       		.byte	0x3
 531 00fa 8C02     		.2byte	0x28c
 532 00fc 93000000 		.4byte	0x93
 533 0100 14       		.byte	0x14
 534 0101 08       		.uleb128 0x8
 535 0102 6B010000 		.4byte	.LASF19
 536 0106 03       		.byte	0x3
 537 0107 8D02     		.2byte	0x28d
 538 0109 93000000 		.4byte	0x93
 539 010d 18       		.byte	0x18
 540 010e 08       		.uleb128 0x8
 541 010f CB000000 		.4byte	.LASF20
 542 0113 03       		.byte	0x3
 543 0114 8E02     		.2byte	0x28e
 544 0116 93000000 		.4byte	0x93
 545 011a 1C       		.byte	0x1c
 546 011b 08       		.uleb128 0x8
 547 011c A9000000 		.4byte	.LASF21
 548 0120 03       		.byte	0x3
 549 0121 8F02     		.2byte	0x28f
 550 0123 93000000 		.4byte	0x93
 551 0127 20       		.byte	0x20
 552 0128 07       		.uleb128 0x7
 553 0129 43535200 		.ascii	"CSR\000"
 554 012d 03       		.byte	0x3
 555 012e 9002     		.2byte	0x290
 556 0130 93000000 		.4byte	0x93
 557 0134 24       		.byte	0x24
 558 0135 08       		.uleb128 0x8
 559 0136 EF000000 		.4byte	.LASF22
 560 013a 03       		.byte	0x3
 561 013b 9102     		.2byte	0x291
 562 013d 93000000 		.4byte	0x93
 563 0141 28       		.byte	0x28
 564 0142 08       		.uleb128 0x8
 565 0143 A6010000 		.4byte	.LASF23
 566 0147 03       		.byte	0x3
 567 0148 9202     		.2byte	0x292
ARM GAS  /tmp/ccYinShk.s 			page 11


 568 014a 93000000 		.4byte	0x93
 569 014e 2C       		.byte	0x2c
 570 014f 08       		.uleb128 0x8
 571 0150 AC010000 		.4byte	.LASF24
 572 0154 03       		.byte	0x3
 573 0155 9302     		.2byte	0x293
 574 0157 93000000 		.4byte	0x93
 575 015b 30       		.byte	0x30
 576 015c 00       		.byte	0
 577 015d 09       		.uleb128 0x9
 578 015e 23010000 		.4byte	.LASF25
 579 0162 03       		.byte	0x3
 580 0163 9402     		.2byte	0x294
 581 0165 AB000000 		.4byte	0xab
 582 0169 0A       		.uleb128 0xa
 583 016a 04       		.byte	0x4
 584 016b 04       		.byte	0x4
 585 016c 96       		.byte	0x96
 586 016d 8A010000 		.4byte	0x18a
 587 0171 0B       		.uleb128 0xb
 588 0172 73657400 		.ascii	"set\000"
 589 0176 04       		.byte	0x4
 590 0177 97       		.byte	0x97
 591 0178 48000000 		.4byte	0x48
 592 017c 00       		.byte	0
 593 017d 0C       		.uleb128 0xc
 594 017e 45010000 		.4byte	.LASF26
 595 0182 04       		.byte	0x4
 596 0183 98       		.byte	0x98
 597 0184 48000000 		.4byte	0x48
 598 0188 02       		.byte	0x2
 599 0189 00       		.byte	0
 600 018a 0D       		.uleb128 0xd
 601 018b 04       		.byte	0x4
 602 018c 04       		.byte	0x4
 603 018d 94       		.byte	0x94
 604 018e A5010000 		.4byte	0x1a5
 605 0192 0E       		.uleb128 0xe
 606 0193 5700     		.ascii	"W\000"
 607 0195 04       		.byte	0x4
 608 0196 95       		.byte	0x95
 609 0197 6C000000 		.4byte	0x6c
 610 019b 0E       		.uleb128 0xe
 611 019c 4800     		.ascii	"H\000"
 612 019e 04       		.byte	0x4
 613 019f 99       		.byte	0x99
 614 01a0 69010000 		.4byte	0x169
 615 01a4 00       		.byte	0
 616 01a5 0A       		.uleb128 0xa
 617 01a6 28       		.byte	0x28
 618 01a7 04       		.byte	0x4
 619 01a8 8C       		.byte	0x8c
 620 01a9 26020000 		.4byte	0x226
 621 01ad 0C       		.uleb128 0xc
 622 01ae 36010000 		.4byte	.LASF27
 623 01b2 04       		.byte	0x4
 624 01b3 8E       		.byte	0x8e
ARM GAS  /tmp/ccYinShk.s 			page 12


 625 01b4 93000000 		.4byte	0x93
 626 01b8 00       		.byte	0
 627 01b9 0C       		.uleb128 0xc
 628 01ba E0000000 		.4byte	.LASF28
 629 01be 04       		.byte	0x4
 630 01bf 8F       		.byte	0x8f
 631 01c0 93000000 		.4byte	0x93
 632 01c4 04       		.byte	0x4
 633 01c5 0C       		.uleb128 0xc
 634 01c6 E7000000 		.4byte	.LASF29
 635 01ca 04       		.byte	0x4
 636 01cb 90       		.byte	0x90
 637 01cc 93000000 		.4byte	0x93
 638 01d0 08       		.byte	0x8
 639 01d1 0C       		.uleb128 0xc
 640 01d2 05010000 		.4byte	.LASF30
 641 01d6 04       		.byte	0x4
 642 01d7 91       		.byte	0x91
 643 01d8 93000000 		.4byte	0x93
 644 01dc 0C       		.byte	0xc
 645 01dd 0B       		.uleb128 0xb
 646 01de 49445200 		.ascii	"IDR\000"
 647 01e2 04       		.byte	0x4
 648 01e3 92       		.byte	0x92
 649 01e4 93000000 		.4byte	0x93
 650 01e8 10       		.byte	0x10
 651 01e9 0B       		.uleb128 0xb
 652 01ea 4F445200 		.ascii	"ODR\000"
 653 01ee 04       		.byte	0x4
 654 01ef 93       		.byte	0x93
 655 01f0 93000000 		.4byte	0x93
 656 01f4 14       		.byte	0x14
 657 01f5 0C       		.uleb128 0xc
 658 01f6 6D030000 		.4byte	.LASF31
 659 01fa 04       		.byte	0x4
 660 01fb 9A       		.byte	0x9a
 661 01fc 26020000 		.4byte	0x226
 662 0200 18       		.byte	0x18
 663 0201 0C       		.uleb128 0xc
 664 0202 3A030000 		.4byte	.LASF32
 665 0206 04       		.byte	0x4
 666 0207 9B       		.byte	0x9b
 667 0208 93000000 		.4byte	0x93
 668 020c 1C       		.byte	0x1c
 669 020d 0C       		.uleb128 0xc
 670 020e B7010000 		.4byte	.LASF33
 671 0212 04       		.byte	0x4
 672 0213 9C       		.byte	0x9c
 673 0214 93000000 		.4byte	0x93
 674 0218 20       		.byte	0x20
 675 0219 0C       		.uleb128 0xc
 676 021a B2010000 		.4byte	.LASF34
 677 021e 04       		.byte	0x4
 678 021f 9D       		.byte	0x9d
 679 0220 93000000 		.4byte	0x93
 680 0224 24       		.byte	0x24
 681 0225 00       		.byte	0
ARM GAS  /tmp/ccYinShk.s 			page 13


 682 0226 05       		.uleb128 0x5
 683 0227 8A010000 		.4byte	0x18a
 684 022b 04       		.uleb128 0x4
 685 022c 00000000 		.4byte	.LASF35
 686 0230 04       		.byte	0x4
 687 0231 9E       		.byte	0x9e
 688 0232 A5010000 		.4byte	0x1a5
 689 0236 0A       		.uleb128 0xa
 690 0237 1C       		.byte	0x1c
 691 0238 04       		.byte	0x4
 692 0239 A3       		.byte	0xa3
 693 023a 93020000 		.4byte	0x293
 694 023e 0C       		.uleb128 0xc
 695 023f 0C030000 		.4byte	.LASF36
 696 0243 04       		.byte	0x4
 697 0244 A5       		.byte	0xa5
 698 0245 6C000000 		.4byte	0x6c
 699 0249 00       		.byte	0
 700 024a 0C       		.uleb128 0xc
 701 024b 9F010000 		.4byte	.LASF37
 702 024f 04       		.byte	0x4
 703 0250 A7       		.byte	0xa7
 704 0251 6C000000 		.4byte	0x6c
 705 0255 04       		.byte	0x4
 706 0256 0C       		.uleb128 0xc
 707 0257 0B010000 		.4byte	.LASF38
 708 025b 04       		.byte	0x4
 709 025c A9       		.byte	0xa9
 710 025d 6C000000 		.4byte	0x6c
 711 0261 08       		.byte	0x8
 712 0262 0C       		.uleb128 0xc
 713 0263 FC020000 		.4byte	.LASF39
 714 0267 04       		.byte	0x4
 715 0268 AB       		.byte	0xab
 716 0269 6C000000 		.4byte	0x6c
 717 026d 0C       		.byte	0xc
 718 026e 0B       		.uleb128 0xb
 719 026f 6F647200 		.ascii	"odr\000"
 720 0273 04       		.byte	0x4
 721 0274 AD       		.byte	0xad
 722 0275 6C000000 		.4byte	0x6c
 723 0279 10       		.byte	0x10
 724 027a 0C       		.uleb128 0xc
 725 027b 07030000 		.4byte	.LASF40
 726 027f 04       		.byte	0x4
 727 0280 AF       		.byte	0xaf
 728 0281 6C000000 		.4byte	0x6c
 729 0285 14       		.byte	0x14
 730 0286 0C       		.uleb128 0xc
 731 0287 02030000 		.4byte	.LASF41
 732 028b 04       		.byte	0x4
 733 028c B1       		.byte	0xb1
 734 028d 6C000000 		.4byte	0x6c
 735 0291 18       		.byte	0x18
 736 0292 00       		.byte	0
 737 0293 04       		.uleb128 0x4
 738 0294 65000000 		.4byte	.LASF42
ARM GAS  /tmp/ccYinShk.s 			page 14


 739 0298 04       		.byte	0x4
 740 0299 B2       		.byte	0xb2
 741 029a 36020000 		.4byte	0x236
 742 029e 0A       		.uleb128 0xa
 743 029f A8       		.byte	0xa8
 744 02a0 04       		.byte	0x4
 745 02a1 BB       		.byte	0xbb
 746 02a2 EF020000 		.4byte	0x2ef
 747 02a6 0C       		.uleb128 0xc
 748 02a7 4B010000 		.4byte	.LASF43
 749 02ab 04       		.byte	0x4
 750 02ac BE       		.byte	0xbe
 751 02ad 93020000 		.4byte	0x293
 752 02b1 00       		.byte	0
 753 02b2 0C       		.uleb128 0xc
 754 02b3 B4000000 		.4byte	.LASF44
 755 02b7 04       		.byte	0x4
 756 02b8 C2       		.byte	0xc2
 757 02b9 93020000 		.4byte	0x293
 758 02bd 1C       		.byte	0x1c
 759 02be 0C       		.uleb128 0xc
 760 02bf 0D000000 		.4byte	.LASF45
 761 02c3 04       		.byte	0x4
 762 02c4 C6       		.byte	0xc6
 763 02c5 93020000 		.4byte	0x293
 764 02c9 38       		.byte	0x38
 765 02ca 0C       		.uleb128 0xc
 766 02cb 1C010000 		.4byte	.LASF46
 767 02cf 04       		.byte	0x4
 768 02d0 CA       		.byte	0xca
 769 02d1 93020000 		.4byte	0x293
 770 02d5 54       		.byte	0x54
 771 02d6 0C       		.uleb128 0xc
 772 02d7 FF010000 		.4byte	.LASF47
 773 02db 04       		.byte	0x4
 774 02dc CE       		.byte	0xce
 775 02dd 93020000 		.4byte	0x293
 776 02e1 70       		.byte	0x70
 777 02e2 0C       		.uleb128 0xc
 778 02e3 78000000 		.4byte	.LASF48
 779 02e7 04       		.byte	0x4
 780 02e8 D2       		.byte	0xd2
 781 02e9 93020000 		.4byte	0x293
 782 02ed 8C       		.byte	0x8c
 783 02ee 00       		.byte	0
 784 02ef 04       		.uleb128 0x4
 785 02f0 E5010000 		.4byte	.LASF49
 786 02f4 04       		.byte	0x4
 787 02f5 E0       		.byte	0xe0
 788 02f6 9E020000 		.4byte	0x29e
 789 02fa 04       		.uleb128 0x4
 790 02fb D3000000 		.4byte	.LASF50
 791 02ff 04       		.byte	0x4
 792 0300 F0       		.byte	0xf0
 793 0301 6C000000 		.4byte	0x6c
 794 0305 04       		.uleb128 0x4
 795 0306 C2000000 		.4byte	.LASF51
ARM GAS  /tmp/ccYinShk.s 			page 15


 796 030a 04       		.byte	0x4
 797 030b F5       		.byte	0xf5
 798 030c 6C000000 		.4byte	0x6c
 799 0310 04       		.uleb128 0x4
 800 0311 52010000 		.4byte	.LASF52
 801 0315 04       		.byte	0x4
 802 0316 FD       		.byte	0xfd
 803 0317 1B030000 		.4byte	0x31b
 804 031b 0F       		.uleb128 0xf
 805 031c 04       		.byte	0x4
 806 031d 2B020000 		.4byte	0x22b
 807 0321 10       		.uleb128 0x10
 808 0322 97000000 		.4byte	.LASF65
 809 0326 01       		.byte	0x1
 810 0327 56       		.byte	0x56
 811 0328 01       		.byte	0x1
 812 0329 44030000 		.4byte	0x344
 813 032d 11       		.uleb128 0x11
 814 032e AE000000 		.4byte	.LASF53
 815 0332 01       		.byte	0x1
 816 0333 56       		.byte	0x56
 817 0334 1B030000 		.4byte	0x31b
 818 0338 11       		.uleb128 0x11
 819 0339 BB000000 		.4byte	.LASF54
 820 033d 01       		.byte	0x1
 821 033e 56       		.byte	0x56
 822 033f 44030000 		.4byte	0x344
 823 0343 00       		.byte	0
 824 0344 0F       		.uleb128 0xf
 825 0345 04       		.byte	0x4
 826 0346 4A030000 		.4byte	0x34a
 827 034a 12       		.uleb128 0x12
 828 034b 93020000 		.4byte	0x293
 829 034f 13       		.uleb128 0x13
 830 0350 7F000000 		.4byte	.LASF55
 831 0354 01       		.byte	0x1
 832 0355 71       		.byte	0x71
 833 0356 00000000 		.4byte	.LFB119
 834 035a F4000000 		.4byte	.LFE119-.LFB119
 835 035e 01       		.uleb128 0x1
 836 035f 9C       		.byte	0x9c
 837 0360 53040000 		.4byte	0x453
 838 0364 14       		.uleb128 0x14
 839 0365 BB000000 		.4byte	.LASF54
 840 0369 01       		.byte	0x1
 841 036a 71       		.byte	0x71
 842 036b 53040000 		.4byte	0x453
 843 036f 01       		.uleb128 0x1
 844 0370 50       		.byte	0x50
 845 0371 15       		.uleb128 0x15
 846 0372 21030000 		.4byte	0x321
 847 0376 04000000 		.4byte	.LBB14
 848 037a 00000000 		.4byte	.Ldebug_ranges0+0
 849 037e 01       		.byte	0x1
 850 037f 89       		.byte	0x89
 851 0380 97030000 		.4byte	0x397
 852 0384 16       		.uleb128 0x16
ARM GAS  /tmp/ccYinShk.s 			page 16


 853 0385 38030000 		.4byte	0x338
 854 0389 03       		.uleb128 0x3
 855 038a 70       		.byte	0x70
 856 038b 1C       		.sleb128 28
 857 038c 9F       		.byte	0x9f
 858 038d 17       		.uleb128 0x17
 859 038e 2D030000 		.4byte	0x32d
 860 0392 00040048 		.4byte	0x48000400
 861 0396 00       		.byte	0
 862 0397 15       		.uleb128 0x15
 863 0398 21030000 		.4byte	0x321
 864 039c 08000000 		.4byte	.LBB17
 865 03a0 18000000 		.4byte	.Ldebug_ranges0+0x18
 866 03a4 01       		.byte	0x1
 867 03a5 8C       		.byte	0x8c
 868 03a6 BD030000 		.4byte	0x3bd
 869 03aa 16       		.uleb128 0x16
 870 03ab 38030000 		.4byte	0x338
 871 03af 03       		.uleb128 0x3
 872 03b0 70       		.byte	0x70
 873 03b1 38       		.sleb128 56
 874 03b2 9F       		.byte	0x9f
 875 03b3 17       		.uleb128 0x17
 876 03b4 2D030000 		.4byte	0x32d
 877 03b8 00080048 		.4byte	0x48000800
 878 03bc 00       		.byte	0
 879 03bd 15       		.uleb128 0x15
 880 03be 21030000 		.4byte	0x321
 881 03c2 0A000000 		.4byte	.LBB20
 882 03c6 30000000 		.4byte	.Ldebug_ranges0+0x30
 883 03ca 01       		.byte	0x1
 884 03cb 8F       		.byte	0x8f
 885 03cc E4030000 		.4byte	0x3e4
 886 03d0 16       		.uleb128 0x16
 887 03d1 38030000 		.4byte	0x338
 888 03d5 04       		.uleb128 0x4
 889 03d6 70       		.byte	0x70
 890 03d7 D400     		.sleb128 84
 891 03d9 9F       		.byte	0x9f
 892 03da 17       		.uleb128 0x17
 893 03db 2D030000 		.4byte	0x32d
 894 03df 000C0048 		.4byte	0x48000c00
 895 03e3 00       		.byte	0
 896 03e4 15       		.uleb128 0x15
 897 03e5 21030000 		.4byte	0x321
 898 03e9 0C000000 		.4byte	.LBB23
 899 03ed 48000000 		.4byte	.Ldebug_ranges0+0x48
 900 03f1 01       		.byte	0x1
 901 03f2 92       		.byte	0x92
 902 03f3 0B040000 		.4byte	0x40b
 903 03f7 16       		.uleb128 0x16
 904 03f8 38030000 		.4byte	0x338
 905 03fc 04       		.uleb128 0x4
 906 03fd 70       		.byte	0x70
 907 03fe F000     		.sleb128 112
 908 0400 9F       		.byte	0x9f
 909 0401 17       		.uleb128 0x17
ARM GAS  /tmp/ccYinShk.s 			page 17


 910 0402 2D030000 		.4byte	0x32d
 911 0406 00100048 		.4byte	0x48001000
 912 040a 00       		.byte	0
 913 040b 15       		.uleb128 0x15
 914 040c 21030000 		.4byte	0x321
 915 0410 0E000000 		.4byte	.LBB26
 916 0414 60000000 		.4byte	.Ldebug_ranges0+0x60
 917 0418 01       		.byte	0x1
 918 0419 95       		.byte	0x95
 919 041a 32040000 		.4byte	0x432
 920 041e 16       		.uleb128 0x16
 921 041f 38030000 		.4byte	0x338
 922 0423 04       		.uleb128 0x4
 923 0424 70       		.byte	0x70
 924 0425 8C01     		.sleb128 140
 925 0427 9F       		.byte	0x9f
 926 0428 17       		.uleb128 0x17
 927 0429 2D030000 		.4byte	0x32d
 928 042d 00140048 		.4byte	0x48001400
 929 0431 00       		.byte	0
 930 0432 18       		.uleb128 0x18
 931 0433 21030000 		.4byte	0x321
 932 0437 16000000 		.4byte	.LBB29
 933 043b 20000000 		.4byte	.LBE29-.LBB29
 934 043f 01       		.byte	0x1
 935 0440 86       		.byte	0x86
 936 0441 16       		.uleb128 0x16
 937 0442 38030000 		.4byte	0x338
 938 0446 01       		.uleb128 0x1
 939 0447 50       		.byte	0x50
 940 0448 17       		.uleb128 0x17
 941 0449 2D030000 		.4byte	0x32d
 942 044d 00000048 		.4byte	0x48000000
 943 0451 00       		.byte	0
 944 0452 00       		.byte	0
 945 0453 0F       		.uleb128 0xf
 946 0454 04       		.byte	0x4
 947 0455 59040000 		.4byte	0x459
 948 0459 12       		.uleb128 0x12
 949 045a EF020000 		.4byte	0x2ef
 950 045e 13       		.uleb128 0x13
 951 045f 14000000 		.4byte	.LASF56
 952 0463 01       		.byte	0x1
 953 0464 B0       		.byte	0xb0
 954 0465 00000000 		.4byte	.LFB120
 955 0469 C8000000 		.4byte	.LFE120-.LFB120
 956 046d 01       		.uleb128 0x1
 957 046e 9C       		.byte	0x9c
 958 046f 36050000 		.4byte	0x536
 959 0473 14       		.uleb128 0x14
 960 0474 FA010000 		.4byte	.LASF57
 961 0478 01       		.byte	0x1
 962 0479 B0       		.byte	0xb0
 963 047a 10030000 		.4byte	0x310
 964 047e 01       		.uleb128 0x1
 965 047f 50       		.byte	0x50
 966 0480 19       		.uleb128 0x19
ARM GAS  /tmp/ccYinShk.s 			page 18


 967 0481 F7020000 		.4byte	.LASF58
 968 0485 01       		.byte	0x1
 969 0486 B1       		.byte	0xb1
 970 0487 FA020000 		.4byte	0x2fa
 971 048b 00000000 		.4byte	.LLST0
 972 048f 19       		.uleb128 0x19
 973 0490 F5010000 		.4byte	.LASF59
 974 0494 01       		.byte	0x1
 975 0495 B2       		.byte	0xb2
 976 0496 05030000 		.4byte	0x305
 977 049a 2D000000 		.4byte	.LLST1
 978 049e 1A       		.uleb128 0x1a
 979 049f 0C030000 		.4byte	.LASF36
 980 04a3 01       		.byte	0x1
 981 04a4 B4       		.byte	0xb4
 982 04a5 6C000000 		.4byte	0x6c
 983 04a9 4E000000 		.4byte	.LLST2
 984 04ad 1A       		.uleb128 0x1a
 985 04ae 9F010000 		.4byte	.LASF37
 986 04b2 01       		.byte	0x1
 987 04b3 B5       		.byte	0xb5
 988 04b4 6C000000 		.4byte	0x6c
 989 04b8 61000000 		.4byte	.LLST3
 990 04bc 1A       		.uleb128 0x1a
 991 04bd 0B010000 		.4byte	.LASF38
 992 04c1 01       		.byte	0x1
 993 04c2 B6       		.byte	0xb6
 994 04c3 6C000000 		.4byte	0x6c
 995 04c7 74000000 		.4byte	.LLST4
 996 04cb 1A       		.uleb128 0x1a
 997 04cc FC020000 		.4byte	.LASF39
 998 04d0 01       		.byte	0x1
 999 04d1 B7       		.byte	0xb7
 1000 04d2 6C000000 		.4byte	0x6c
 1001 04d6 87000000 		.4byte	.LLST5
 1002 04da 1B       		.uleb128 0x1b
 1003 04db 06020000 		.4byte	.LASF60
 1004 04df 01       		.byte	0x1
 1005 04e0 B8       		.byte	0xb8
 1006 04e1 6C000000 		.4byte	0x6c
 1007 04e5 01       		.uleb128 0x1
 1008 04e6 52       		.byte	0x52
 1009 04e7 1C       		.uleb128 0x1c
 1010 04e8 62697400 		.ascii	"bit\000"
 1011 04ec 01       		.byte	0x1
 1012 04ed B9       		.byte	0xb9
 1013 04ee 6C000000 		.4byte	0x6c
 1014 04f2 9A000000 		.4byte	.LLST6
 1015 04f6 1D       		.uleb128 0x1d
 1016 04f7 78000000 		.4byte	.Ldebug_ranges0+0x78
 1017 04fb 1A       		.uleb128 0x1a
 1018 04fc 1F030000 		.4byte	.LASF61
 1019 0500 01       		.byte	0x1
 1020 0501 BC       		.byte	0xbc
 1021 0502 6C000000 		.4byte	0x6c
 1022 0506 B9000000 		.4byte	.LLST7
 1023 050a 1C       		.uleb128 0x1c
ARM GAS  /tmp/ccYinShk.s 			page 19


 1024 050b 6D3100   		.ascii	"m1\000"
 1025 050e 01       		.byte	0x1
 1026 050f BC       		.byte	0xbc
 1027 0510 6C000000 		.4byte	0x6c
 1028 0514 FF000000 		.4byte	.LLST8
 1029 0518 1C       		.uleb128 0x1c
 1030 0519 6D3200   		.ascii	"m2\000"
 1031 051c 01       		.byte	0x1
 1032 051d BC       		.byte	0xbc
 1033 051e 6C000000 		.4byte	0x6c
 1034 0522 16010000 		.4byte	.LLST9
 1035 0526 1C       		.uleb128 0x1c
 1036 0527 6D3400   		.ascii	"m4\000"
 1037 052a 01       		.byte	0x1
 1038 052b BC       		.byte	0xbc
 1039 052c 6C000000 		.4byte	0x6c
 1040 0530 59010000 		.4byte	.LLST10
 1041 0534 00       		.byte	0
 1042 0535 00       		.byte	0
 1043 0536 1E       		.uleb128 0x1e
 1044 0537 12030000 		.4byte	.LASF66
 1045 053b 05       		.byte	0x5
 1046 053c 9806     		.2byte	0x698
 1047 053e A6000000 		.4byte	0xa6
 1048 0542 00       		.byte	0
 1049              		.section	.debug_abbrev,"",%progbits
 1050              	.Ldebug_abbrev0:
 1051 0000 01       		.uleb128 0x1
 1052 0001 11       		.uleb128 0x11
 1053 0002 01       		.byte	0x1
 1054 0003 25       		.uleb128 0x25
 1055 0004 0E       		.uleb128 0xe
 1056 0005 13       		.uleb128 0x13
 1057 0006 0B       		.uleb128 0xb
 1058 0007 03       		.uleb128 0x3
 1059 0008 0E       		.uleb128 0xe
 1060 0009 1B       		.uleb128 0x1b
 1061 000a 0E       		.uleb128 0xe
 1062 000b 55       		.uleb128 0x55
 1063 000c 17       		.uleb128 0x17
 1064 000d 11       		.uleb128 0x11
 1065 000e 01       		.uleb128 0x1
 1066 000f 10       		.uleb128 0x10
 1067 0010 17       		.uleb128 0x17
 1068 0011 00       		.byte	0
 1069 0012 00       		.byte	0
 1070 0013 02       		.uleb128 0x2
 1071 0014 24       		.uleb128 0x24
 1072 0015 00       		.byte	0
 1073 0016 0B       		.uleb128 0xb
 1074 0017 0B       		.uleb128 0xb
 1075 0018 3E       		.uleb128 0x3e
 1076 0019 0B       		.uleb128 0xb
 1077 001a 03       		.uleb128 0x3
 1078 001b 08       		.uleb128 0x8
 1079 001c 00       		.byte	0
 1080 001d 00       		.byte	0
ARM GAS  /tmp/ccYinShk.s 			page 20


 1081 001e 03       		.uleb128 0x3
 1082 001f 24       		.uleb128 0x24
 1083 0020 00       		.byte	0
 1084 0021 0B       		.uleb128 0xb
 1085 0022 0B       		.uleb128 0xb
 1086 0023 3E       		.uleb128 0x3e
 1087 0024 0B       		.uleb128 0xb
 1088 0025 03       		.uleb128 0x3
 1089 0026 0E       		.uleb128 0xe
 1090 0027 00       		.byte	0
 1091 0028 00       		.byte	0
 1092 0029 04       		.uleb128 0x4
 1093 002a 16       		.uleb128 0x16
 1094 002b 00       		.byte	0
 1095 002c 03       		.uleb128 0x3
 1096 002d 0E       		.uleb128 0xe
 1097 002e 3A       		.uleb128 0x3a
 1098 002f 0B       		.uleb128 0xb
 1099 0030 3B       		.uleb128 0x3b
 1100 0031 0B       		.uleb128 0xb
 1101 0032 49       		.uleb128 0x49
 1102 0033 13       		.uleb128 0x13
 1103 0034 00       		.byte	0
 1104 0035 00       		.byte	0
 1105 0036 05       		.uleb128 0x5
 1106 0037 35       		.uleb128 0x35
 1107 0038 00       		.byte	0
 1108 0039 49       		.uleb128 0x49
 1109 003a 13       		.uleb128 0x13
 1110 003b 00       		.byte	0
 1111 003c 00       		.byte	0
 1112 003d 06       		.uleb128 0x6
 1113 003e 13       		.uleb128 0x13
 1114 003f 01       		.byte	0x1
 1115 0040 0B       		.uleb128 0xb
 1116 0041 0B       		.uleb128 0xb
 1117 0042 3A       		.uleb128 0x3a
 1118 0043 0B       		.uleb128 0xb
 1119 0044 3B       		.uleb128 0x3b
 1120 0045 05       		.uleb128 0x5
 1121 0046 01       		.uleb128 0x1
 1122 0047 13       		.uleb128 0x13
 1123 0048 00       		.byte	0
 1124 0049 00       		.byte	0
 1125 004a 07       		.uleb128 0x7
 1126 004b 0D       		.uleb128 0xd
 1127 004c 00       		.byte	0
 1128 004d 03       		.uleb128 0x3
 1129 004e 08       		.uleb128 0x8
 1130 004f 3A       		.uleb128 0x3a
 1131 0050 0B       		.uleb128 0xb
 1132 0051 3B       		.uleb128 0x3b
 1133 0052 05       		.uleb128 0x5
 1134 0053 49       		.uleb128 0x49
 1135 0054 13       		.uleb128 0x13
 1136 0055 38       		.uleb128 0x38
 1137 0056 0B       		.uleb128 0xb
ARM GAS  /tmp/ccYinShk.s 			page 21


 1138 0057 00       		.byte	0
 1139 0058 00       		.byte	0
 1140 0059 08       		.uleb128 0x8
 1141 005a 0D       		.uleb128 0xd
 1142 005b 00       		.byte	0
 1143 005c 03       		.uleb128 0x3
 1144 005d 0E       		.uleb128 0xe
 1145 005e 3A       		.uleb128 0x3a
 1146 005f 0B       		.uleb128 0xb
 1147 0060 3B       		.uleb128 0x3b
 1148 0061 05       		.uleb128 0x5
 1149 0062 49       		.uleb128 0x49
 1150 0063 13       		.uleb128 0x13
 1151 0064 38       		.uleb128 0x38
 1152 0065 0B       		.uleb128 0xb
 1153 0066 00       		.byte	0
 1154 0067 00       		.byte	0
 1155 0068 09       		.uleb128 0x9
 1156 0069 16       		.uleb128 0x16
 1157 006a 00       		.byte	0
 1158 006b 03       		.uleb128 0x3
 1159 006c 0E       		.uleb128 0xe
 1160 006d 3A       		.uleb128 0x3a
 1161 006e 0B       		.uleb128 0xb
 1162 006f 3B       		.uleb128 0x3b
 1163 0070 05       		.uleb128 0x5
 1164 0071 49       		.uleb128 0x49
 1165 0072 13       		.uleb128 0x13
 1166 0073 00       		.byte	0
 1167 0074 00       		.byte	0
 1168 0075 0A       		.uleb128 0xa
 1169 0076 13       		.uleb128 0x13
 1170 0077 01       		.byte	0x1
 1171 0078 0B       		.uleb128 0xb
 1172 0079 0B       		.uleb128 0xb
 1173 007a 3A       		.uleb128 0x3a
 1174 007b 0B       		.uleb128 0xb
 1175 007c 3B       		.uleb128 0x3b
 1176 007d 0B       		.uleb128 0xb
 1177 007e 01       		.uleb128 0x1
 1178 007f 13       		.uleb128 0x13
 1179 0080 00       		.byte	0
 1180 0081 00       		.byte	0
 1181 0082 0B       		.uleb128 0xb
 1182 0083 0D       		.uleb128 0xd
 1183 0084 00       		.byte	0
 1184 0085 03       		.uleb128 0x3
 1185 0086 08       		.uleb128 0x8
 1186 0087 3A       		.uleb128 0x3a
 1187 0088 0B       		.uleb128 0xb
 1188 0089 3B       		.uleb128 0x3b
 1189 008a 0B       		.uleb128 0xb
 1190 008b 49       		.uleb128 0x49
 1191 008c 13       		.uleb128 0x13
 1192 008d 38       		.uleb128 0x38
 1193 008e 0B       		.uleb128 0xb
 1194 008f 00       		.byte	0
ARM GAS  /tmp/ccYinShk.s 			page 22


 1195 0090 00       		.byte	0
 1196 0091 0C       		.uleb128 0xc
 1197 0092 0D       		.uleb128 0xd
 1198 0093 00       		.byte	0
 1199 0094 03       		.uleb128 0x3
 1200 0095 0E       		.uleb128 0xe
 1201 0096 3A       		.uleb128 0x3a
 1202 0097 0B       		.uleb128 0xb
 1203 0098 3B       		.uleb128 0x3b
 1204 0099 0B       		.uleb128 0xb
 1205 009a 49       		.uleb128 0x49
 1206 009b 13       		.uleb128 0x13
 1207 009c 38       		.uleb128 0x38
 1208 009d 0B       		.uleb128 0xb
 1209 009e 00       		.byte	0
 1210 009f 00       		.byte	0
 1211 00a0 0D       		.uleb128 0xd
 1212 00a1 17       		.uleb128 0x17
 1213 00a2 01       		.byte	0x1
 1214 00a3 0B       		.uleb128 0xb
 1215 00a4 0B       		.uleb128 0xb
 1216 00a5 3A       		.uleb128 0x3a
 1217 00a6 0B       		.uleb128 0xb
 1218 00a7 3B       		.uleb128 0x3b
 1219 00a8 0B       		.uleb128 0xb
 1220 00a9 01       		.uleb128 0x1
 1221 00aa 13       		.uleb128 0x13
 1222 00ab 00       		.byte	0
 1223 00ac 00       		.byte	0
 1224 00ad 0E       		.uleb128 0xe
 1225 00ae 0D       		.uleb128 0xd
 1226 00af 00       		.byte	0
 1227 00b0 03       		.uleb128 0x3
 1228 00b1 08       		.uleb128 0x8
 1229 00b2 3A       		.uleb128 0x3a
 1230 00b3 0B       		.uleb128 0xb
 1231 00b4 3B       		.uleb128 0x3b
 1232 00b5 0B       		.uleb128 0xb
 1233 00b6 49       		.uleb128 0x49
 1234 00b7 13       		.uleb128 0x13
 1235 00b8 00       		.byte	0
 1236 00b9 00       		.byte	0
 1237 00ba 0F       		.uleb128 0xf
 1238 00bb 0F       		.uleb128 0xf
 1239 00bc 00       		.byte	0
 1240 00bd 0B       		.uleb128 0xb
 1241 00be 0B       		.uleb128 0xb
 1242 00bf 49       		.uleb128 0x49
 1243 00c0 13       		.uleb128 0x13
 1244 00c1 00       		.byte	0
 1245 00c2 00       		.byte	0
 1246 00c3 10       		.uleb128 0x10
 1247 00c4 2E       		.uleb128 0x2e
 1248 00c5 01       		.byte	0x1
 1249 00c6 03       		.uleb128 0x3
 1250 00c7 0E       		.uleb128 0xe
 1251 00c8 3A       		.uleb128 0x3a
ARM GAS  /tmp/ccYinShk.s 			page 23


 1252 00c9 0B       		.uleb128 0xb
 1253 00ca 3B       		.uleb128 0x3b
 1254 00cb 0B       		.uleb128 0xb
 1255 00cc 27       		.uleb128 0x27
 1256 00cd 19       		.uleb128 0x19
 1257 00ce 20       		.uleb128 0x20
 1258 00cf 0B       		.uleb128 0xb
 1259 00d0 01       		.uleb128 0x1
 1260 00d1 13       		.uleb128 0x13
 1261 00d2 00       		.byte	0
 1262 00d3 00       		.byte	0
 1263 00d4 11       		.uleb128 0x11
 1264 00d5 05       		.uleb128 0x5
 1265 00d6 00       		.byte	0
 1266 00d7 03       		.uleb128 0x3
 1267 00d8 0E       		.uleb128 0xe
 1268 00d9 3A       		.uleb128 0x3a
 1269 00da 0B       		.uleb128 0xb
 1270 00db 3B       		.uleb128 0x3b
 1271 00dc 0B       		.uleb128 0xb
 1272 00dd 49       		.uleb128 0x49
 1273 00de 13       		.uleb128 0x13
 1274 00df 00       		.byte	0
 1275 00e0 00       		.byte	0
 1276 00e1 12       		.uleb128 0x12
 1277 00e2 26       		.uleb128 0x26
 1278 00e3 00       		.byte	0
 1279 00e4 49       		.uleb128 0x49
 1280 00e5 13       		.uleb128 0x13
 1281 00e6 00       		.byte	0
 1282 00e7 00       		.byte	0
 1283 00e8 13       		.uleb128 0x13
 1284 00e9 2E       		.uleb128 0x2e
 1285 00ea 01       		.byte	0x1
 1286 00eb 3F       		.uleb128 0x3f
 1287 00ec 19       		.uleb128 0x19
 1288 00ed 03       		.uleb128 0x3
 1289 00ee 0E       		.uleb128 0xe
 1290 00ef 3A       		.uleb128 0x3a
 1291 00f0 0B       		.uleb128 0xb
 1292 00f1 3B       		.uleb128 0x3b
 1293 00f2 0B       		.uleb128 0xb
 1294 00f3 27       		.uleb128 0x27
 1295 00f4 19       		.uleb128 0x19
 1296 00f5 11       		.uleb128 0x11
 1297 00f6 01       		.uleb128 0x1
 1298 00f7 12       		.uleb128 0x12
 1299 00f8 06       		.uleb128 0x6
 1300 00f9 40       		.uleb128 0x40
 1301 00fa 18       		.uleb128 0x18
 1302 00fb 9742     		.uleb128 0x2117
 1303 00fd 19       		.uleb128 0x19
 1304 00fe 01       		.uleb128 0x1
 1305 00ff 13       		.uleb128 0x13
 1306 0100 00       		.byte	0
 1307 0101 00       		.byte	0
 1308 0102 14       		.uleb128 0x14
ARM GAS  /tmp/ccYinShk.s 			page 24


 1309 0103 05       		.uleb128 0x5
 1310 0104 00       		.byte	0
 1311 0105 03       		.uleb128 0x3
 1312 0106 0E       		.uleb128 0xe
 1313 0107 3A       		.uleb128 0x3a
 1314 0108 0B       		.uleb128 0xb
 1315 0109 3B       		.uleb128 0x3b
 1316 010a 0B       		.uleb128 0xb
 1317 010b 49       		.uleb128 0x49
 1318 010c 13       		.uleb128 0x13
 1319 010d 02       		.uleb128 0x2
 1320 010e 18       		.uleb128 0x18
 1321 010f 00       		.byte	0
 1322 0110 00       		.byte	0
 1323 0111 15       		.uleb128 0x15
 1324 0112 1D       		.uleb128 0x1d
 1325 0113 01       		.byte	0x1
 1326 0114 31       		.uleb128 0x31
 1327 0115 13       		.uleb128 0x13
 1328 0116 52       		.uleb128 0x52
 1329 0117 01       		.uleb128 0x1
 1330 0118 55       		.uleb128 0x55
 1331 0119 17       		.uleb128 0x17
 1332 011a 58       		.uleb128 0x58
 1333 011b 0B       		.uleb128 0xb
 1334 011c 59       		.uleb128 0x59
 1335 011d 0B       		.uleb128 0xb
 1336 011e 01       		.uleb128 0x1
 1337 011f 13       		.uleb128 0x13
 1338 0120 00       		.byte	0
 1339 0121 00       		.byte	0
 1340 0122 16       		.uleb128 0x16
 1341 0123 05       		.uleb128 0x5
 1342 0124 00       		.byte	0
 1343 0125 31       		.uleb128 0x31
 1344 0126 13       		.uleb128 0x13
 1345 0127 02       		.uleb128 0x2
 1346 0128 18       		.uleb128 0x18
 1347 0129 00       		.byte	0
 1348 012a 00       		.byte	0
 1349 012b 17       		.uleb128 0x17
 1350 012c 05       		.uleb128 0x5
 1351 012d 00       		.byte	0
 1352 012e 31       		.uleb128 0x31
 1353 012f 13       		.uleb128 0x13
 1354 0130 1C       		.uleb128 0x1c
 1355 0131 06       		.uleb128 0x6
 1356 0132 00       		.byte	0
 1357 0133 00       		.byte	0
 1358 0134 18       		.uleb128 0x18
 1359 0135 1D       		.uleb128 0x1d
 1360 0136 01       		.byte	0x1
 1361 0137 31       		.uleb128 0x31
 1362 0138 13       		.uleb128 0x13
 1363 0139 11       		.uleb128 0x11
 1364 013a 01       		.uleb128 0x1
 1365 013b 12       		.uleb128 0x12
ARM GAS  /tmp/ccYinShk.s 			page 25


 1366 013c 06       		.uleb128 0x6
 1367 013d 58       		.uleb128 0x58
 1368 013e 0B       		.uleb128 0xb
 1369 013f 59       		.uleb128 0x59
 1370 0140 0B       		.uleb128 0xb
 1371 0141 00       		.byte	0
 1372 0142 00       		.byte	0
 1373 0143 19       		.uleb128 0x19
 1374 0144 05       		.uleb128 0x5
 1375 0145 00       		.byte	0
 1376 0146 03       		.uleb128 0x3
 1377 0147 0E       		.uleb128 0xe
 1378 0148 3A       		.uleb128 0x3a
 1379 0149 0B       		.uleb128 0xb
 1380 014a 3B       		.uleb128 0x3b
 1381 014b 0B       		.uleb128 0xb
 1382 014c 49       		.uleb128 0x49
 1383 014d 13       		.uleb128 0x13
 1384 014e 02       		.uleb128 0x2
 1385 014f 17       		.uleb128 0x17
 1386 0150 00       		.byte	0
 1387 0151 00       		.byte	0
 1388 0152 1A       		.uleb128 0x1a
 1389 0153 34       		.uleb128 0x34
 1390 0154 00       		.byte	0
 1391 0155 03       		.uleb128 0x3
 1392 0156 0E       		.uleb128 0xe
 1393 0157 3A       		.uleb128 0x3a
 1394 0158 0B       		.uleb128 0xb
 1395 0159 3B       		.uleb128 0x3b
 1396 015a 0B       		.uleb128 0xb
 1397 015b 49       		.uleb128 0x49
 1398 015c 13       		.uleb128 0x13
 1399 015d 02       		.uleb128 0x2
 1400 015e 17       		.uleb128 0x17
 1401 015f 00       		.byte	0
 1402 0160 00       		.byte	0
 1403 0161 1B       		.uleb128 0x1b
 1404 0162 34       		.uleb128 0x34
 1405 0163 00       		.byte	0
 1406 0164 03       		.uleb128 0x3
 1407 0165 0E       		.uleb128 0xe
 1408 0166 3A       		.uleb128 0x3a
 1409 0167 0B       		.uleb128 0xb
 1410 0168 3B       		.uleb128 0x3b
 1411 0169 0B       		.uleb128 0xb
 1412 016a 49       		.uleb128 0x49
 1413 016b 13       		.uleb128 0x13
 1414 016c 02       		.uleb128 0x2
 1415 016d 18       		.uleb128 0x18
 1416 016e 00       		.byte	0
 1417 016f 00       		.byte	0
 1418 0170 1C       		.uleb128 0x1c
 1419 0171 34       		.uleb128 0x34
 1420 0172 00       		.byte	0
 1421 0173 03       		.uleb128 0x3
 1422 0174 08       		.uleb128 0x8
ARM GAS  /tmp/ccYinShk.s 			page 26


 1423 0175 3A       		.uleb128 0x3a
 1424 0176 0B       		.uleb128 0xb
 1425 0177 3B       		.uleb128 0x3b
 1426 0178 0B       		.uleb128 0xb
 1427 0179 49       		.uleb128 0x49
 1428 017a 13       		.uleb128 0x13
 1429 017b 02       		.uleb128 0x2
 1430 017c 17       		.uleb128 0x17
 1431 017d 00       		.byte	0
 1432 017e 00       		.byte	0
 1433 017f 1D       		.uleb128 0x1d
 1434 0180 0B       		.uleb128 0xb
 1435 0181 01       		.byte	0x1
 1436 0182 55       		.uleb128 0x55
 1437 0183 17       		.uleb128 0x17
 1438 0184 00       		.byte	0
 1439 0185 00       		.byte	0
 1440 0186 1E       		.uleb128 0x1e
 1441 0187 34       		.uleb128 0x34
 1442 0188 00       		.byte	0
 1443 0189 03       		.uleb128 0x3
 1444 018a 0E       		.uleb128 0xe
 1445 018b 3A       		.uleb128 0x3a
 1446 018c 0B       		.uleb128 0xb
 1447 018d 3B       		.uleb128 0x3b
 1448 018e 05       		.uleb128 0x5
 1449 018f 49       		.uleb128 0x49
 1450 0190 13       		.uleb128 0x13
 1451 0191 3F       		.uleb128 0x3f
 1452 0192 19       		.uleb128 0x19
 1453 0193 3C       		.uleb128 0x3c
 1454 0194 19       		.uleb128 0x19
 1455 0195 00       		.byte	0
 1456 0196 00       		.byte	0
 1457 0197 00       		.byte	0
 1458              		.section	.debug_loc,"",%progbits
 1459              	.Ldebug_loc0:
 1460              	.LLST0:
 1461 0000 00000000 		.4byte	.LVL7
 1462 0004 88000000 		.4byte	.LVL21
 1463 0008 0100     		.2byte	0x1
 1464 000a 51       		.byte	0x51
 1465 000b 88000000 		.4byte	.LVL21
 1466 000f 8A000000 		.4byte	.LVL22
 1467 0013 0500     		.2byte	0x5
 1468 0015 71       		.byte	0x71
 1469 0016 00       		.sleb128 0
 1470 0017 31       		.byte	0x31
 1471 0018 25       		.byte	0x25
 1472 0019 9F       		.byte	0x9f
 1473 001a 8A000000 		.4byte	.LVL22
 1474 001e C8000000 		.4byte	.LFE120
 1475 0022 0100     		.2byte	0x1
 1476 0024 51       		.byte	0x51
 1477 0025 00000000 		.4byte	0
 1478 0029 00000000 		.4byte	0
 1479              	.LLST1:
ARM GAS  /tmp/ccYinShk.s 			page 27


 1480 002d 00000000 		.4byte	.LVL7
 1481 0031 1E000000 		.4byte	.LVL12
 1482 0035 0100     		.2byte	0x1
 1483 0037 52       		.byte	0x52
 1484 0038 1E000000 		.4byte	.LVL12
 1485 003c C8000000 		.4byte	.LFE120
 1486 0040 0400     		.2byte	0x4
 1487 0042 F3       		.byte	0xf3
 1488 0043 01       		.uleb128 0x1
 1489 0044 52       		.byte	0x52
 1490 0045 9F       		.byte	0x9f
 1491 0046 00000000 		.4byte	0
 1492 004a 00000000 		.4byte	0
 1493              	.LLST2:
 1494 004e 0A000000 		.4byte	.LVL8
 1495 0052 C6000000 		.4byte	.LVL32
 1496 0056 0100     		.2byte	0x1
 1497 0058 57       		.byte	0x57
 1498 0059 00000000 		.4byte	0
 1499 005d 00000000 		.4byte	0
 1500              	.LLST3:
 1501 0061 0E000000 		.4byte	.LVL9
 1502 0065 C6000000 		.4byte	.LVL32
 1503 0069 0100     		.2byte	0x1
 1504 006b 56       		.byte	0x56
 1505 006c 00000000 		.4byte	0
 1506 0070 00000000 		.4byte	0
 1507              	.LLST4:
 1508 0074 12000000 		.4byte	.LVL10
 1509 0078 C6000000 		.4byte	.LVL32
 1510 007c 0100     		.2byte	0x1
 1511 007e 55       		.byte	0x55
 1512 007f 00000000 		.4byte	0
 1513 0083 00000000 		.4byte	0
 1514              	.LLST5:
 1515 0087 16000000 		.4byte	.LVL11
 1516 008b C6000000 		.4byte	.LVL32
 1517 008f 0100     		.2byte	0x1
 1518 0091 54       		.byte	0x54
 1519 0092 00000000 		.4byte	0
 1520 0096 00000000 		.4byte	0
 1521              	.LLST6:
 1522 009a 1E000000 		.4byte	.LVL12
 1523 009e 24000000 		.4byte	.LVL13
 1524 00a2 0200     		.2byte	0x2
 1525 00a4 30       		.byte	0x30
 1526 00a5 9F       		.byte	0x9f
 1527 00a6 24000000 		.4byte	.LVL13
 1528 00aa C8000000 		.4byte	.LFE120
 1529 00ae 0100     		.2byte	0x1
 1530 00b0 53       		.byte	0x53
 1531 00b1 00000000 		.4byte	0
 1532 00b5 00000000 		.4byte	0
 1533              	.LLST7:
 1534 00b9 24000000 		.4byte	.LVL13
 1535 00bd 30000000 		.4byte	.LVL15
 1536 00c1 0100     		.2byte	0x1
ARM GAS  /tmp/ccYinShk.s 			page 28


 1537 00c3 58       		.byte	0x58
 1538 00c4 30000000 		.4byte	.LVL15
 1539 00c8 96000000 		.4byte	.LVL27
 1540 00cc 0A00     		.2byte	0xa
 1541 00ce 72       		.byte	0x72
 1542 00cf 00       		.sleb128 0
 1543 00d0 73       		.byte	0x73
 1544 00d1 00       		.sleb128 0
 1545 00d2 37       		.byte	0x37
 1546 00d3 1A       		.byte	0x1a
 1547 00d4 32       		.byte	0x32
 1548 00d5 24       		.byte	0x24
 1549 00d6 24       		.byte	0x24
 1550 00d7 9F       		.byte	0x9f
 1551 00d8 A6000000 		.4byte	.LVL28
 1552 00dc BC000000 		.4byte	.LVL31
 1553 00e0 0100     		.2byte	0x1
 1554 00e2 58       		.byte	0x58
 1555 00e3 BC000000 		.4byte	.LVL31
 1556 00e7 C8000000 		.4byte	.LFE120
 1557 00eb 0A00     		.2byte	0xa
 1558 00ed 72       		.byte	0x72
 1559 00ee 00       		.sleb128 0
 1560 00ef 73       		.byte	0x73
 1561 00f0 00       		.sleb128 0
 1562 00f1 37       		.byte	0x37
 1563 00f2 1A       		.byte	0x1a
 1564 00f3 32       		.byte	0x32
 1565 00f4 24       		.byte	0x24
 1566 00f5 24       		.byte	0x24
 1567 00f6 9F       		.byte	0x9f
 1568 00f7 00000000 		.4byte	0
 1569 00fb 00000000 		.4byte	0
 1570              	.LLST8:
 1571 00ff 34000000 		.4byte	.LVL16
 1572 0103 88000000 		.4byte	.LVL21
 1573 0107 0500     		.2byte	0x5
 1574 0109 31       		.byte	0x31
 1575 010a 73       		.byte	0x73
 1576 010b 00       		.sleb128 0
 1577 010c 24       		.byte	0x24
 1578 010d 9F       		.byte	0x9f
 1579 010e 00000000 		.4byte	0
 1580 0112 00000000 		.4byte	0
 1581              	.LLST9:
 1582 0116 48000000 		.4byte	.LVL17
 1583 011a 58000000 		.4byte	.LVL18
 1584 011e 0700     		.2byte	0x7
 1585 0120 33       		.byte	0x33
 1586 0121 73       		.byte	0x73
 1587 0122 00       		.sleb128 0
 1588 0123 31       		.byte	0x31
 1589 0124 24       		.byte	0x24
 1590 0125 24       		.byte	0x24
 1591 0126 9F       		.byte	0x9f
 1592 0127 58000000 		.4byte	.LVL18
 1593 012b 5C000000 		.4byte	.LVL19
ARM GAS  /tmp/ccYinShk.s 			page 29


 1594 012f 0100     		.2byte	0x1
 1595 0131 5C       		.byte	0x5c
 1596 0132 5C000000 		.4byte	.LVL19
 1597 0136 80000000 		.4byte	.LVL20
 1598 013a 0400     		.2byte	0x4
 1599 013c 7C       		.byte	0x7c
 1600 013d 00       		.sleb128 0
 1601 013e 20       		.byte	0x20
 1602 013f 9F       		.byte	0x9f
 1603 0140 80000000 		.4byte	.LVL20
 1604 0144 88000000 		.4byte	.LVL21
 1605 0148 0700     		.2byte	0x7
 1606 014a 33       		.byte	0x33
 1607 014b 73       		.byte	0x73
 1608 014c 00       		.sleb128 0
 1609 014d 31       		.byte	0x31
 1610 014e 24       		.byte	0x24
 1611 014f 24       		.byte	0x24
 1612 0150 9F       		.byte	0x9f
 1613 0151 00000000 		.4byte	0
 1614 0155 00000000 		.4byte	0
 1615              	.LLST10:
 1616 0159 24000000 		.4byte	.LVL13
 1617 015d 2C000000 		.4byte	.LVL14
 1618 0161 0100     		.2byte	0x1
 1619 0163 5C       		.byte	0x5c
 1620 0164 2C000000 		.4byte	.LVL14
 1621 0168 96000000 		.4byte	.LVL27
 1622 016c 0A00     		.2byte	0xa
 1623 016e 79       		.byte	0x79
 1624 016f 00       		.sleb128 0
 1625 0170 73       		.byte	0x73
 1626 0171 00       		.sleb128 0
 1627 0172 37       		.byte	0x37
 1628 0173 1A       		.byte	0x1a
 1629 0174 32       		.byte	0x32
 1630 0175 24       		.byte	0x24
 1631 0176 24       		.byte	0x24
 1632 0177 9F       		.byte	0x9f
 1633 0178 AA000000 		.4byte	.LVL29
 1634 017c B8000000 		.4byte	.LVL30
 1635 0180 0100     		.2byte	0x1
 1636 0182 5C       		.byte	0x5c
 1637 0183 B8000000 		.4byte	.LVL30
 1638 0187 C6000000 		.4byte	.LVL32
 1639 018b 0A00     		.2byte	0xa
 1640 018d 79       		.byte	0x79
 1641 018e 00       		.sleb128 0
 1642 018f 73       		.byte	0x73
 1643 0190 00       		.sleb128 0
 1644 0191 37       		.byte	0x37
 1645 0192 1A       		.byte	0x1a
 1646 0193 32       		.byte	0x32
 1647 0194 24       		.byte	0x24
 1648 0195 24       		.byte	0x24
 1649 0196 9F       		.byte	0x9f
 1650 0197 C6000000 		.4byte	.LVL32
ARM GAS  /tmp/ccYinShk.s 			page 30


 1651 019b C8000000 		.4byte	.LFE120
 1652 019f 0900     		.2byte	0x9
 1653 01a1 3F       		.byte	0x3f
 1654 01a2 73       		.byte	0x73
 1655 01a3 00       		.sleb128 0
 1656 01a4 37       		.byte	0x37
 1657 01a5 1A       		.byte	0x1a
 1658 01a6 32       		.byte	0x32
 1659 01a7 24       		.byte	0x24
 1660 01a8 24       		.byte	0x24
 1661 01a9 9F       		.byte	0x9f
 1662 01aa 00000000 		.4byte	0
 1663 01ae 00000000 		.4byte	0
 1664              		.section	.debug_aranges,"",%progbits
 1665 0000 24000000 		.4byte	0x24
 1666 0004 0200     		.2byte	0x2
 1667 0006 00000000 		.4byte	.Ldebug_info0
 1668 000a 04       		.byte	0x4
 1669 000b 00       		.byte	0
 1670 000c 0000     		.2byte	0
 1671 000e 0000     		.2byte	0
 1672 0010 00000000 		.4byte	.LFB119
 1673 0014 F4000000 		.4byte	.LFE119-.LFB119
 1674 0018 00000000 		.4byte	.LFB120
 1675 001c C8000000 		.4byte	.LFE120-.LFB120
 1676 0020 00000000 		.4byte	0
 1677 0024 00000000 		.4byte	0
 1678              		.section	.debug_ranges,"",%progbits
 1679              	.Ldebug_ranges0:
 1680 0000 04000000 		.4byte	.LBB14
 1681 0004 06000000 		.4byte	.LBE14
 1682 0008 36000000 		.4byte	.LBB31
 1683 000c 52000000 		.4byte	.LBE31
 1684 0010 00000000 		.4byte	0
 1685 0014 00000000 		.4byte	0
 1686 0018 08000000 		.4byte	.LBB17
 1687 001c 0A000000 		.4byte	.LBE17
 1688 0020 52000000 		.4byte	.LBB32
 1689 0024 6E000000 		.4byte	.LBE32
 1690 0028 00000000 		.4byte	0
 1691 002c 00000000 		.4byte	0
 1692 0030 0A000000 		.4byte	.LBB20
 1693 0034 0C000000 		.4byte	.LBE20
 1694 0038 6E000000 		.4byte	.LBB33
 1695 003c 8A000000 		.4byte	.LBE33
 1696 0040 00000000 		.4byte	0
 1697 0044 00000000 		.4byte	0
 1698 0048 0C000000 		.4byte	.LBB23
 1699 004c 0E000000 		.4byte	.LBE23
 1700 0050 8A000000 		.4byte	.LBB34
 1701 0054 AC000000 		.4byte	.LBE34
 1702 0058 00000000 		.4byte	0
 1703 005c 00000000 		.4byte	0
 1704 0060 0E000000 		.4byte	.LBB26
 1705 0064 10000000 		.4byte	.LBE26
 1706 0068 AC000000 		.4byte	.LBB35
 1707 006c D6000000 		.4byte	.LBE35
ARM GAS  /tmp/ccYinShk.s 			page 31


 1708 0070 00000000 		.4byte	0
 1709 0074 00000000 		.4byte	0
 1710 0078 16000000 		.4byte	.LBB36
 1711 007c 1A000000 		.4byte	.LBE36
 1712 0080 1E000000 		.4byte	.LBB37
 1713 0084 88000000 		.4byte	.LBE37
 1714 0088 96000000 		.4byte	.LBB38
 1715 008c 9E000000 		.4byte	.LBE38
 1716 0090 A2000000 		.4byte	.LBB39
 1717 0094 AA000000 		.4byte	.LBE39
 1718 0098 AC000000 		.4byte	.LBB40
 1719 009c C2000000 		.4byte	.LBE40
 1720 00a0 00000000 		.4byte	0
 1721 00a4 00000000 		.4byte	0
 1722 00a8 00000000 		.4byte	.LFB119
 1723 00ac F4000000 		.4byte	.LFE119
 1724 00b0 00000000 		.4byte	.LFB120
 1725 00b4 C8000000 		.4byte	.LFE120
 1726 00b8 00000000 		.4byte	0
 1727 00bc 00000000 		.4byte	0
 1728              		.section	.debug_line,"",%progbits
 1729              	.Ldebug_line0:
 1730 0000 78010000 		.section	.debug_str,"MS",%progbits,1
 1730      0200E100 
 1730      00000201 
 1730      FB0E0D00 
 1730      01010101 
 1731              	.LASF35:
 1732 0000 4750494F 		.ascii	"GPIO_TypeDef\000"
 1732      5F547970 
 1732      65446566 
 1732      00
 1733              	.LASF45:
 1734 000d 50434461 		.ascii	"PCData\000"
 1734      746100
 1735              	.LASF56:
 1736 0014 5F70616C 		.ascii	"_pal_lld_setgroupmode\000"
 1736      5F6C6C64 
 1736      5F736574 
 1736      67726F75 
 1736      706D6F64 
 1737              	.LASF17:
 1738 002a 41504231 		.ascii	"APB1RSTR\000"
 1738      52535452 
 1738      00
 1739              	.LASF64:
 1740 0033 2F686F6D 		.ascii	"/home/john/git/ChibiOS-RT/demos/ARMCM4-STM32F303C\000"
 1740      652F6A6F 
 1740      686E2F67 
 1740      69742F43 
 1740      68696269 
 1741              	.LASF42:
 1742 0065 73746D33 		.ascii	"stm32_gpio_setup_t\000"
 1742      325F6770 
 1742      696F5F73 
 1742      65747570 
 1742      5F7400
ARM GAS  /tmp/ccYinShk.s 			page 32


 1743              	.LASF48:
 1744 0078 50464461 		.ascii	"PFData\000"
 1744      746100
 1745              	.LASF55:
 1746 007f 5F70616C 		.ascii	"_pal_lld_init\000"
 1746      5F6C6C64 
 1746      5F696E69 
 1746      7400
 1747              	.LASF3:
 1748 008d 73686F72 		.ascii	"short int\000"
 1748      7420696E 
 1748      7400
 1749              	.LASF65:
 1750 0097 696E6974 		.ascii	"initgpio\000"
 1750      6770696F 
 1750      00
 1751              	.LASF13:
 1752 00a0 73697A65 		.ascii	"sizetype\000"
 1752      74797065 
 1752      00
 1753              	.LASF21:
 1754 00a9 42444352 		.ascii	"BDCR\000"
 1754      00
 1755              	.LASF53:
 1756 00ae 6770696F 		.ascii	"gpiop\000"
 1756      7000
 1757              	.LASF44:
 1758 00b4 50424461 		.ascii	"PBData\000"
 1758      746100
 1759              	.LASF54:
 1760 00bb 636F6E66 		.ascii	"config\000"
 1760      696700
 1761              	.LASF51:
 1762 00c2 696F6D6F 		.ascii	"iomode_t\000"
 1762      64655F74 
 1762      00
 1763              	.LASF20:
 1764 00cb 41504231 		.ascii	"APB1ENR\000"
 1764      454E5200 
 1765              	.LASF50:
 1766 00d3 696F706F 		.ascii	"ioportmask_t\000"
 1766      72746D61 
 1766      736B5F74 
 1766      00
 1767              	.LASF28:
 1768 00e0 4F545950 		.ascii	"OTYPER\000"
 1768      455200
 1769              	.LASF29:
 1770 00e7 4F535045 		.ascii	"OSPEEDR\000"
 1770      45445200 
 1771              	.LASF22:
 1772 00ef 41484252 		.ascii	"AHBRSTR\000"
 1772      53545200 
 1773              	.LASF10:
 1774 00f7 6C6F6E67 		.ascii	"long long int\000"
 1774      206C6F6E 
 1774      6720696E 
ARM GAS  /tmp/ccYinShk.s 			page 33


 1774      7400
 1775              	.LASF30:
 1776 0105 50555044 		.ascii	"PUPDR\000"
 1776      5200
 1777              	.LASF38:
 1778 010b 6F737065 		.ascii	"ospeedr\000"
 1778      65647200 
 1779              	.LASF7:
 1780 0113 6C6F6E67 		.ascii	"long int\000"
 1780      20696E74 
 1780      00
 1781              	.LASF46:
 1782 011c 50444461 		.ascii	"PDData\000"
 1782      746100
 1783              	.LASF25:
 1784 0123 5243435F 		.ascii	"RCC_TypeDef\000"
 1784      54797065 
 1784      44656600 
 1785              	.LASF18:
 1786 012f 41484245 		.ascii	"AHBENR\000"
 1786      4E5200
 1787              	.LASF27:
 1788 0136 4D4F4445 		.ascii	"MODER\000"
 1788      5200
 1789              	.LASF16:
 1790 013c 41504232 		.ascii	"APB2RSTR\000"
 1790      52535452 
 1790      00
 1791              	.LASF26:
 1792 0145 636C6561 		.ascii	"clear\000"
 1792      7200
 1793              	.LASF43:
 1794 014b 50414461 		.ascii	"PAData\000"
 1794      746100
 1795              	.LASF52:
 1796 0152 696F706F 		.ascii	"ioportid_t\000"
 1796      72746964 
 1796      5F7400
 1797              	.LASF2:
 1798 015d 756E7369 		.ascii	"unsigned char\000"
 1798      676E6564 
 1798      20636861 
 1798      7200
 1799              	.LASF19:
 1800 016b 41504232 		.ascii	"APB2ENR\000"
 1800      454E5200 
 1801              	.LASF1:
 1802 0173 7369676E 		.ascii	"signed char\000"
 1802      65642063 
 1802      68617200 
 1803              	.LASF11:
 1804 017f 6C6F6E67 		.ascii	"long long unsigned int\000"
 1804      206C6F6E 
 1804      6720756E 
 1804      7369676E 
 1804      65642069 
 1805              	.LASF8:
ARM GAS  /tmp/ccYinShk.s 			page 34


 1806 0196 75696E74 		.ascii	"uint32_t\000"
 1806      33325F74 
 1806      00
 1807              	.LASF37:
 1808 019f 6F747970 		.ascii	"otyper\000"
 1808      657200
 1809              	.LASF23:
 1810 01a6 43464752 		.ascii	"CFGR2\000"
 1810      3200
 1811              	.LASF24:
 1812 01ac 43464752 		.ascii	"CFGR3\000"
 1812      3300
 1813              	.LASF34:
 1814 01b2 41465248 		.ascii	"AFRH\000"
 1814      00
 1815              	.LASF33:
 1816 01b7 4146524C 		.ascii	"AFRL\000"
 1816      00
 1817              	.LASF4:
 1818 01bc 73686F72 		.ascii	"short unsigned int\000"
 1818      7420756E 
 1818      7369676E 
 1818      65642069 
 1818      6E7400
 1819              	.LASF14:
 1820 01cf 63686172 		.ascii	"char\000"
 1820      00
 1821              	.LASF5:
 1822 01d4 75696E74 		.ascii	"uint16_t\000"
 1822      31365F74 
 1822      00
 1823              	.LASF6:
 1824 01dd 696E7433 		.ascii	"int32_t\000"
 1824      325F7400 
 1825              	.LASF49:
 1826 01e5 50414C43 		.ascii	"PALConfig\000"
 1826      6F6E6669 
 1826      6700
 1827              	.LASF12:
 1828 01ef 5F426F6F 		.ascii	"_Bool\000"
 1828      6C00
 1829              	.LASF59:
 1830 01f5 6D6F6465 		.ascii	"mode\000"
 1830      00
 1831              	.LASF57:
 1832 01fa 706F7274 		.ascii	"port\000"
 1832      00
 1833              	.LASF47:
 1834 01ff 50454461 		.ascii	"PEData\000"
 1834      746100
 1835              	.LASF60:
 1836 0206 616C7472 		.ascii	"altr\000"
 1836      00
 1837              	.LASF62:
 1838 020b 474E5520 		.ascii	"GNU C 4.8.3 20131129 (release) [ARM/embedded-4_8-br"
 1838      4320342E 
 1838      382E3320 
ARM GAS  /tmp/ccYinShk.s 			page 35


 1838      32303133 
 1838      31313239 
 1839 023e 616E6368 		.ascii	"anch revision 205641] -mcpu=cortex-m4 -mno-thumb-in"
 1839      20726576 
 1839      6973696F 
 1839      6E203230 
 1839      35363431 
 1840 0271 74657277 		.ascii	"terwork -mthumb -ggdb -O2 -fomit-frame-pointer -fal"
 1840      6F726B20 
 1840      2D6D7468 
 1840      756D6220 
 1840      2D676764 
 1841 02a4 69676E2D 		.ascii	"ign-functions=16 -ffunction-sections -fdata-section"
 1841      66756E63 
 1841      74696F6E 
 1841      733D3136 
 1841      202D6666 
 1842 02d7 73202D66 		.ascii	"s -fno-common\000"
 1842      6E6F2D63 
 1842      6F6D6D6F 
 1842      6E00
 1843              	.LASF9:
 1844 02e5 6C6F6E67 		.ascii	"long unsigned int\000"
 1844      20756E73 
 1844      69676E65 
 1844      6420696E 
 1844      7400
 1845              	.LASF58:
 1846 02f7 6D61736B 		.ascii	"mask\000"
 1846      00
 1847              	.LASF39:
 1848 02fc 70757064 		.ascii	"pupdr\000"
 1848      7200
 1849              	.LASF41:
 1850 0302 61667268 		.ascii	"afrh\000"
 1850      00
 1851              	.LASF40:
 1852 0307 6166726C 		.ascii	"afrl\000"
 1852      00
 1853              	.LASF36:
 1854 030c 6D6F6465 		.ascii	"moder\000"
 1854      7200
 1855              	.LASF66:
 1856 0312 49544D5F 		.ascii	"ITM_RxBuffer\000"
 1856      52784275 
 1856      66666572 
 1856      00
 1857              	.LASF61:
 1858 031f 616C7472 		.ascii	"altrmask\000"
 1858      6D61736B 
 1858      00
 1859              	.LASF0:
 1860 0328 756E7369 		.ascii	"unsigned int\000"
 1860      676E6564 
 1860      20696E74 
 1860      00
 1861              	.LASF15:
ARM GAS  /tmp/ccYinShk.s 			page 36


 1862 0335 43464752 		.ascii	"CFGR\000"
 1862      00
 1863              	.LASF32:
 1864 033a 4C434B52 		.ascii	"LCKR\000"
 1864      00
 1865              	.LASF63:
 1866 033f 2E2E2F2E 		.ascii	"../../os/hal/platforms/STM32/GPIOv2/pal_lld.c\000"
 1866      2E2F6F73 
 1866      2F68616C 
 1866      2F706C61 
 1866      74666F72 
 1867              	.LASF31:
 1868 036d 42535252 		.ascii	"BSRR\000"
 1868      00
 1869              		.ident	"GCC: (GNU Tools for ARM Embedded Processors) 4.8.3 20131129 (release) [ARM/embedded-4_8-br
ARM GAS  /tmp/ccYinShk.s 			page 37


DEFINED SYMBOLS
                            *ABS*:0000000000000000 pal_lld.c
     /tmp/ccYinShk.s:19     .text._pal_lld_init:0000000000000000 $t
     /tmp/ccYinShk.s:25     .text._pal_lld_init:0000000000000000 _pal_lld_init
     /tmp/ccYinShk.s:237    .text._pal_lld_init:00000000000000dc $d
     /tmp/ccYinShk.s:247    .text._pal_lld_setgroupmode:0000000000000000 $t
     /tmp/ccYinShk.s:253    .text._pal_lld_setgroupmode:0000000000000000 _pal_lld_setgroupmode
                     .debug_frame:0000000000000010 $d
     /tmp/ccYinShk.s:246    .text._pal_lld_init:00000000000000f4 $t

NO UNDEFINED SYMBOLS
